Determining if the environ exist failed with the following output:
Change Dir: /home/wp2018/user/andythebreaker/andy/sound/cmake-3.18.0-rc2/CMakeFiles/CMakeTmp

Run Build Command(s):/usr/bin/make cmTC_5274a/fast && make  -f CMakeFiles/cmTC_5274a.dir/build.make CMakeFiles/cmTC_5274a.dir/build
make[1]: Entering directory '/home/wp2018/user/andythebreaker/andy/sound/cmake-3.18.0-rc2/CMakeFiles/CMakeTmp'
Building C object CMakeFiles/cmTC_5274a.dir/CheckSymbolExists.c.o
/usr/bin/gcc   -std=gnu11 -o CMakeFiles/cmTC_5274a.dir/CheckSymbolExists.c.o -c /home/wp2018/user/andythebreaker/andy/sound/cmake-3.18.0-rc2/CMakeFiles/CMakeTmp/CheckSymbolExists.c
/home/wp2018/user/andythebreaker/andy/sound/cmake-3.18.0-rc2/CMakeFiles/CMakeTmp/CheckSymbolExists.c: In function ‘main’:
/home/wp2018/user/andythebreaker/andy/sound/cmake-3.18.0-rc2/CMakeFiles/CMakeTmp/CheckSymbolExists.c:8:19: error: ‘environ’ undeclared (first use in this function)
   return ((int*)(&environ))[argc];
                   ^~~~~~~
/home/wp2018/user/andythebreaker/andy/sound/cmake-3.18.0-rc2/CMakeFiles/CMakeTmp/CheckSymbolExists.c:8:19: note: each undeclared identifier is reported only once for each function it appears in
CMakeFiles/cmTC_5274a.dir/build.make:85: recipe for target 'CMakeFiles/cmTC_5274a.dir/CheckSymbolExists.c.o' failed
make[1]: *** [CMakeFiles/cmTC_5274a.dir/CheckSymbolExists.c.o] Error 1
make[1]: Leaving directory '/home/wp2018/user/andythebreaker/andy/sound/cmake-3.18.0-rc2/CMakeFiles/CMakeTmp'
Makefile:141: recipe for target 'cmTC_5274a/fast' failed
make: *** [cmTC_5274a/fast] Error 2


File /home/wp2018/user/andythebreaker/andy/sound/cmake-3.18.0-rc2/CMakeFiles/CMakeTmp/CheckSymbolExists.c:
/* */
#include <stdlib.h>

int main(int argc, char** argv)
{
  (void)argv;
#ifndef environ
  return ((int*)(&environ))[argc];
#else
  (void)argc;
  return 0;
#endif
}
Performing C SOURCE FILE Test CMAKE_HAVE_LIBC_PTHREAD failed with the following output:
Change Dir: /home/wp2018/user/andythebreaker/andy/sound/cmake-3.18.0-rc2/CMakeFiles/CMakeTmp

Run Build Command(s):/usr/bin/make cmTC_df15a/fast && make  -f CMakeFiles/cmTC_df15a.dir/build.make CMakeFiles/cmTC_df15a.dir/build
make[1]: Entering directory '/home/wp2018/user/andythebreaker/andy/sound/cmake-3.18.0-rc2/CMakeFiles/CMakeTmp'
Building C object CMakeFiles/cmTC_df15a.dir/src.c.o
/usr/bin/gcc   -DCMAKE_HAVE_LIBC_PTHREAD -std=gnu11 -o CMakeFiles/cmTC_df15a.dir/src.c.o -c /home/wp2018/user/andythebreaker/andy/sound/cmake-3.18.0-rc2/CMakeFiles/CMakeTmp/src.c
Linking C executable cmTC_df15a
/home/wp2018/user/andythebreaker/andy/sound/cmake-3.18.0-rc2/Bootstrap.cmk/cmake -E cmake_link_script CMakeFiles/cmTC_df15a.dir/link.txt --verbose=1
/usr/bin/gcc  -DCMAKE_HAVE_LIBC_PTHREAD CMakeFiles/cmTC_df15a.dir/src.c.o -o cmTC_df15a 
CMakeFiles/cmTC_df15a.dir/src.c.o: In function `main':
src.c:(.text+0x3e): undefined reference to `pthread_create'
src.c:(.text+0x4a): undefined reference to `pthread_detach'
src.c:(.text+0x56): undefined reference to `pthread_cancel'
src.c:(.text+0x67): undefined reference to `pthread_join'
src.c:(.text+0x7b): undefined reference to `pthread_atfork'
collect2: error: ld returned 1 exit status
CMakeFiles/cmTC_df15a.dir/build.make:106: recipe for target 'cmTC_df15a' failed
make[1]: *** [cmTC_df15a] Error 1
make[1]: Leaving directory '/home/wp2018/user/andythebreaker/andy/sound/cmake-3.18.0-rc2/CMakeFiles/CMakeTmp'
Makefile:141: recipe for target 'cmTC_df15a/fast' failed
make: *** [cmTC_df15a/fast] Error 2


Source file was:
#include <pthread.h>

void* test_func(void* data)
{
  return data;
}

int main(void)
{
  pthread_t thread;
  pthread_create(&thread, NULL, test_func, NULL);
  pthread_detach(thread);
  pthread_cancel(thread);
  pthread_join(thread, NULL);
  pthread_atfork(NULL, NULL, NULL);
  pthread_exit(NULL);

  return 0;
}

Determining if the function pthread_create exists in the pthreads failed with the following output:
Change Dir: /home/wp2018/user/andythebreaker/andy/sound/cmake-3.18.0-rc2/CMakeFiles/CMakeTmp

Run Build Command(s):/usr/bin/make cmTC_45127/fast && make  -f CMakeFiles/cmTC_45127.dir/build.make CMakeFiles/cmTC_45127.dir/build
make[1]: Entering directory '/home/wp2018/user/andythebreaker/andy/sound/cmake-3.18.0-rc2/CMakeFiles/CMakeTmp'
Building C object CMakeFiles/cmTC_45127.dir/CheckFunctionExists.c.o
/usr/bin/gcc   -DCHECK_FUNCTION_EXISTS=pthread_create -std=gnu11 -o CMakeFiles/cmTC_45127.dir/CheckFunctionExists.c.o -c /home/wp2018/user/andythebreaker/andy/sound/cmake-3.18.0-rc2/Modules/CheckFunctionExists.c
Linking C executable cmTC_45127
/home/wp2018/user/andythebreaker/andy/sound/cmake-3.18.0-rc2/Bootstrap.cmk/cmake -E cmake_link_script CMakeFiles/cmTC_45127.dir/link.txt --verbose=1
/usr/bin/gcc  -DCHECK_FUNCTION_EXISTS=pthread_create CMakeFiles/cmTC_45127.dir/CheckFunctionExists.c.o -o cmTC_45127  -lpthreads 
/usr/bin/ld: cannot find -lpthreads
collect2: error: ld returned 1 exit status
CMakeFiles/cmTC_45127.dir/build.make:106: recipe for target 'cmTC_45127' failed
make[1]: *** [cmTC_45127] Error 1
make[1]: Leaving directory '/home/wp2018/user/andythebreaker/andy/sound/cmake-3.18.0-rc2/CMakeFiles/CMakeTmp'
Makefile:141: recipe for target 'cmTC_45127/fast' failed
make: *** [cmTC_45127/fast] Error 2



Checking whether CXX compiler has environ in stdlib.h failed to compile with the following output:
Change Dir: /home/wp2018/user/andythebreaker/andy/sound/cmake-3.18.0-rc2/Source/kwsys/CMakeFiles/CMakeTmp

Run Build Command(s):/usr/bin/make cmTC_0e230/fast && make  -f CMakeFiles/cmTC_0e230.dir/build.make CMakeFiles/cmTC_0e230.dir/build
make[1]: Entering directory '/home/wp2018/user/andythebreaker/andy/sound/cmake-3.18.0-rc2/Source/kwsys/CMakeFiles/CMakeTmp'
Building CXX object CMakeFiles/cmTC_0e230.dir/kwsysPlatformTestsCXX.cxx.o
/usr/bin/g++ -DTEST_KWSYS_CXX_HAS_ENVIRON_IN_STDLIB_H  -std=gnu++1z -o CMakeFiles/cmTC_0e230.dir/kwsysPlatformTestsCXX.cxx.o -c /home/wp2018/user/andythebreaker/andy/sound/cmake-3.18.0-rc2/Source/kwsys/kwsysPlatformTestsCXX.cxx
/home/wp2018/user/andythebreaker/andy/sound/cmake-3.18.0-rc2/Source/kwsys/kwsysPlatformTestsCXX.cxx: In function ‘int main()’:
/home/wp2018/user/andythebreaker/andy/sound/cmake-3.18.0-rc2/Source/kwsys/kwsysPlatformTestsCXX.cxx:53:13: error: ‘environ’ was not declared in this scope
   char* e = environ[0];
             ^~~~~~~
/home/wp2018/user/andythebreaker/andy/sound/cmake-3.18.0-rc2/Source/kwsys/kwsysPlatformTestsCXX.cxx:53:13: note: suggested alternative: ‘union’
   char* e = environ[0];
             ^~~~~~~
             union
CMakeFiles/cmTC_0e230.dir/build.make:85: recipe for target 'CMakeFiles/cmTC_0e230.dir/kwsysPlatformTestsCXX.cxx.o' failed
make[1]: *** [CMakeFiles/cmTC_0e230.dir/kwsysPlatformTestsCXX.cxx.o] Error 1
make[1]: Leaving directory '/home/wp2018/user/andythebreaker/andy/sound/cmake-3.18.0-rc2/Source/kwsys/CMakeFiles/CMakeTmp'
Makefile:141: recipe for target 'cmTC_0e230/fast' failed
make: *** [cmTC_0e230/fast] Error 2



Checking whether CXX compiler struct stat has st_mtimespec member failed to compile with the following output:
Change Dir: /home/wp2018/user/andythebreaker/andy/sound/cmake-3.18.0-rc2/Source/kwsys/CMakeFiles/CMakeTmp

Run Build Command(s):/usr/bin/make cmTC_bb0ab/fast && make  -f CMakeFiles/cmTC_bb0ab.dir/build.make CMakeFiles/cmTC_bb0ab.dir/build
make[1]: Entering directory '/home/wp2018/user/andythebreaker/andy/sound/cmake-3.18.0-rc2/Source/kwsys/CMakeFiles/CMakeTmp'
Building CXX object CMakeFiles/cmTC_bb0ab.dir/kwsysPlatformTestsCXX.cxx.o
/usr/bin/g++ -DTEST_KWSYS_CXX_STAT_HAS_ST_MTIMESPEC  -std=gnu++1z -o CMakeFiles/cmTC_bb0ab.dir/kwsysPlatformTestsCXX.cxx.o -c /home/wp2018/user/andythebreaker/andy/sound/cmake-3.18.0-rc2/Source/kwsys/kwsysPlatformTestsCXX.cxx
/home/wp2018/user/andythebreaker/andy/sound/cmake-3.18.0-rc2/Source/kwsys/kwsysPlatformTestsCXX.cxx: In function ‘int main()’:
/home/wp2018/user/andythebreaker/andy/sound/cmake-3.18.0-rc2/Source/kwsys/kwsysPlatformTestsCXX.cxx:26:15: error: ‘struct stat’ has no member named ‘st_mtimespec’; did you mean ‘st_mtim’?
   (void)stat1.st_mtimespec.tv_sec;
               ^~~~~~~~~~~~
               st_mtim
/home/wp2018/user/andythebreaker/andy/sound/cmake-3.18.0-rc2/Source/kwsys/kwsysPlatformTestsCXX.cxx:27:15: error: ‘struct stat’ has no member named ‘st_mtimespec’; did you mean ‘st_mtim’?
   (void)stat1.st_mtimespec.tv_nsec;
               ^~~~~~~~~~~~
               st_mtim
CMakeFiles/cmTC_bb0ab.dir/build.make:85: recipe for target 'CMakeFiles/cmTC_bb0ab.dir/kwsysPlatformTestsCXX.cxx.o' failed
make[1]: *** [CMakeFiles/cmTC_bb0ab.dir/kwsysPlatformTestsCXX.cxx.o] Error 1
make[1]: Leaving directory '/home/wp2018/user/andythebreaker/andy/sound/cmake-3.18.0-rc2/Source/kwsys/CMakeFiles/CMakeTmp'
Makefile:141: recipe for target 'cmTC_bb0ab/fast' failed
make: *** [cmTC_bb0ab/fast] Error 2



Determining if the function connect exists in the socket;dl failed with the following output:
Change Dir: /home/wp2018/user/andythebreaker/andy/sound/cmake-3.18.0-rc2/CMakeFiles/CMakeTmp

Run Build Command(s):/usr/bin/make cmTC_29934/fast && make  -f CMakeFiles/cmTC_29934.dir/build.make CMakeFiles/cmTC_29934.dir/build
make[1]: Entering directory '/home/wp2018/user/andythebreaker/andy/sound/cmake-3.18.0-rc2/CMakeFiles/CMakeTmp'
Building C object CMakeFiles/cmTC_29934.dir/CheckFunctionExists.c.o
/usr/bin/gcc   -w -DCHECK_FUNCTION_EXISTS=connect -std=gnu11 -o CMakeFiles/cmTC_29934.dir/CheckFunctionExists.c.o -c /home/wp2018/user/andythebreaker/andy/sound/cmake-3.18.0-rc2/Modules/CheckFunctionExists.c
Linking C executable cmTC_29934
/home/wp2018/user/andythebreaker/andy/sound/cmake-3.18.0-rc2/Bootstrap.cmk/cmake -E cmake_link_script CMakeFiles/cmTC_29934.dir/link.txt --verbose=1
/usr/bin/gcc   -w -DCHECK_FUNCTION_EXISTS=connect CMakeFiles/cmTC_29934.dir/CheckFunctionExists.c.o -o cmTC_29934  -lsocket -ldl 
/usr/bin/ld: cannot find -lsocket
collect2: error: ld returned 1 exit status
CMakeFiles/cmTC_29934.dir/build.make:106: recipe for target 'cmTC_29934' failed
make[1]: *** [cmTC_29934] Error 1
make[1]: Leaving directory '/home/wp2018/user/andythebreaker/andy/sound/cmake-3.18.0-rc2/CMakeFiles/CMakeTmp'
Makefile:141: recipe for target 'cmTC_29934/fast' failed
make: *** [cmTC_29934/fast] Error 2



Determining if the function recv exists in the network;dl failed with the following output:
Change Dir: /home/wp2018/user/andythebreaker/andy/sound/cmake-3.18.0-rc2/CMakeFiles/CMakeTmp

Run Build Command(s):/usr/bin/make cmTC_99660/fast && make  -f CMakeFiles/cmTC_99660.dir/build.make CMakeFiles/cmTC_99660.dir/build
make[1]: Entering directory '/home/wp2018/user/andythebreaker/andy/sound/cmake-3.18.0-rc2/CMakeFiles/CMakeTmp'
Building C object CMakeFiles/cmTC_99660.dir/CheckFunctionExists.c.o
/usr/bin/gcc   -w -DCHECK_FUNCTION_EXISTS=recv -std=gnu11 -o CMakeFiles/cmTC_99660.dir/CheckFunctionExists.c.o -c /home/wp2018/user/andythebreaker/andy/sound/cmake-3.18.0-rc2/Modules/CheckFunctionExists.c
Linking C executable cmTC_99660
/home/wp2018/user/andythebreaker/andy/sound/cmake-3.18.0-rc2/Bootstrap.cmk/cmake -E cmake_link_script CMakeFiles/cmTC_99660.dir/link.txt --verbose=1
/usr/bin/gcc   -w -DCHECK_FUNCTION_EXISTS=recv CMakeFiles/cmTC_99660.dir/CheckFunctionExists.c.o -o cmTC_99660  -lnetwork -ldl 
/usr/bin/ld: cannot find -lnetwork
collect2: error: ld returned 1 exit status
CMakeFiles/cmTC_99660.dir/build.make:106: recipe for target 'cmTC_99660' failed
make[1]: *** [cmTC_99660] Error 1
make[1]: Leaving directory '/home/wp2018/user/andythebreaker/andy/sound/cmake-3.18.0-rc2/CMakeFiles/CMakeTmp'
Makefile:141: recipe for target 'cmTC_99660/fast' failed
make: *** [cmTC_99660/fast] Error 2



Determining if the RAND_status exist failed with the following output:
Change Dir: /home/wp2018/user/andythebreaker/andy/sound/cmake-3.18.0-rc2/CMakeFiles/CMakeTmp

Run Build Command(s):/usr/bin/make cmTC_3fceb/fast && make  -f CMakeFiles/cmTC_3fceb.dir/build.make CMakeFiles/cmTC_3fceb.dir/build
make[1]: Entering directory '/home/wp2018/user/andythebreaker/andy/sound/cmake-3.18.0-rc2/CMakeFiles/CMakeTmp'
Building C object CMakeFiles/cmTC_3fceb.dir/CheckSymbolExists.c.o
/usr/bin/gcc   -w  -std=gnu11 -o CMakeFiles/cmTC_3fceb.dir/CheckSymbolExists.c.o -c /home/wp2018/user/andythebreaker/andy/sound/cmake-3.18.0-rc2/CMakeFiles/CMakeTmp/CheckSymbolExists.c
/home/wp2018/user/andythebreaker/andy/sound/cmake-3.18.0-rc2/CMakeFiles/CMakeTmp/CheckSymbolExists.c: In function ‘main’:
/home/wp2018/user/andythebreaker/andy/sound/cmake-3.18.0-rc2/CMakeFiles/CMakeTmp/CheckSymbolExists.c:7:19: error: ‘RAND_status’ undeclared (first use in this function)
   return ((int*)(&RAND_status))[argc];
                   ^~~~~~~~~~~
/home/wp2018/user/andythebreaker/andy/sound/cmake-3.18.0-rc2/CMakeFiles/CMakeTmp/CheckSymbolExists.c:7:19: note: each undeclared identifier is reported only once for each function it appears in
CMakeFiles/cmTC_3fceb.dir/build.make:85: recipe for target 'CMakeFiles/cmTC_3fceb.dir/CheckSymbolExists.c.o' failed
make[1]: *** [CMakeFiles/cmTC_3fceb.dir/CheckSymbolExists.c.o] Error 1
make[1]: Leaving directory '/home/wp2018/user/andythebreaker/andy/sound/cmake-3.18.0-rc2/CMakeFiles/CMakeTmp'
Makefile:141: recipe for target 'cmTC_3fceb/fast' failed
make: *** [cmTC_3fceb/fast] Error 2


File /home/wp2018/user/andythebreaker/andy/sound/cmake-3.18.0-rc2/CMakeFiles/CMakeTmp/CheckSymbolExists.c:
/* */

int main(int argc, char** argv)
{
  (void)argv;
#ifndef RAND_status
  return ((int*)(&RAND_status))[argc];
#else
  (void)argc;
  return 0;
#endif
}
Determining if the RAND_screen exist failed with the following output:
Change Dir: /home/wp2018/user/andythebreaker/andy/sound/cmake-3.18.0-rc2/CMakeFiles/CMakeTmp

Run Build Command(s):/usr/bin/make cmTC_a6593/fast && make  -f CMakeFiles/cmTC_a6593.dir/build.make CMakeFiles/cmTC_a6593.dir/build
make[1]: Entering directory '/home/wp2018/user/andythebreaker/andy/sound/cmake-3.18.0-rc2/CMakeFiles/CMakeTmp'
Building C object CMakeFiles/cmTC_a6593.dir/CheckSymbolExists.c.o
/usr/bin/gcc   -w  -std=gnu11 -o CMakeFiles/cmTC_a6593.dir/CheckSymbolExists.c.o -c /home/wp2018/user/andythebreaker/andy/sound/cmake-3.18.0-rc2/CMakeFiles/CMakeTmp/CheckSymbolExists.c
/home/wp2018/user/andythebreaker/andy/sound/cmake-3.18.0-rc2/CMakeFiles/CMakeTmp/CheckSymbolExists.c: In function ‘main’:
/home/wp2018/user/andythebreaker/andy/sound/cmake-3.18.0-rc2/CMakeFiles/CMakeTmp/CheckSymbolExists.c:7:19: error: ‘RAND_screen’ undeclared (first use in this function)
   return ((int*)(&RAND_screen))[argc];
                   ^~~~~~~~~~~
/home/wp2018/user/andythebreaker/andy/sound/cmake-3.18.0-rc2/CMakeFiles/CMakeTmp/CheckSymbolExists.c:7:19: note: each undeclared identifier is reported only once for each function it appears in
CMakeFiles/cmTC_a6593.dir/build.make:85: recipe for target 'CMakeFiles/cmTC_a6593.dir/CheckSymbolExists.c.o' failed
make[1]: *** [CMakeFiles/cmTC_a6593.dir/CheckSymbolExists.c.o] Error 1
make[1]: Leaving directory '/home/wp2018/user/andythebreaker/andy/sound/cmake-3.18.0-rc2/CMakeFiles/CMakeTmp'
Makefile:141: recipe for target 'cmTC_a6593/fast' failed
make: *** [cmTC_a6593/fast] Error 2


File /home/wp2018/user/andythebreaker/andy/sound/cmake-3.18.0-rc2/CMakeFiles/CMakeTmp/CheckSymbolExists.c:
/* */

int main(int argc, char** argv)
{
  (void)argv;
#ifndef RAND_screen
  return ((int*)(&RAND_screen))[argc];
#else
  (void)argc;
  return 0;
#endif
}
Determining if the RAND_egd exist failed with the following output:
Change Dir: /home/wp2018/user/andythebreaker/andy/sound/cmake-3.18.0-rc2/CMakeFiles/CMakeTmp

Run Build Command(s):/usr/bin/make cmTC_3fdb0/fast && make  -f CMakeFiles/cmTC_3fdb0.dir/build.make CMakeFiles/cmTC_3fdb0.dir/build
make[1]: Entering directory '/home/wp2018/user/andythebreaker/andy/sound/cmake-3.18.0-rc2/CMakeFiles/CMakeTmp'
Building C object CMakeFiles/cmTC_3fdb0.dir/CheckSymbolExists.c.o
/usr/bin/gcc   -w  -std=gnu11 -o CMakeFiles/cmTC_3fdb0.dir/CheckSymbolExists.c.o -c /home/wp2018/user/andythebreaker/andy/sound/cmake-3.18.0-rc2/CMakeFiles/CMakeTmp/CheckSymbolExists.c
/home/wp2018/user/andythebreaker/andy/sound/cmake-3.18.0-rc2/CMakeFiles/CMakeTmp/CheckSymbolExists.c: In function ‘main’:
/home/wp2018/user/andythebreaker/andy/sound/cmake-3.18.0-rc2/CMakeFiles/CMakeTmp/CheckSymbolExists.c:7:19: error: ‘RAND_egd’ undeclared (first use in this function)
   return ((int*)(&RAND_egd))[argc];
                   ^~~~~~~~
/home/wp2018/user/andythebreaker/andy/sound/cmake-3.18.0-rc2/CMakeFiles/CMakeTmp/CheckSymbolExists.c:7:19: note: each undeclared identifier is reported only once for each function it appears in
CMakeFiles/cmTC_3fdb0.dir/build.make:85: recipe for target 'CMakeFiles/cmTC_3fdb0.dir/CheckSymbolExists.c.o' failed
make[1]: *** [CMakeFiles/cmTC_3fdb0.dir/CheckSymbolExists.c.o] Error 1
make[1]: Leaving directory '/home/wp2018/user/andythebreaker/andy/sound/cmake-3.18.0-rc2/CMakeFiles/CMakeTmp'
Makefile:141: recipe for target 'cmTC_3fdb0/fast' failed
make: *** [cmTC_3fdb0/fast] Error 2


File /home/wp2018/user/andythebreaker/andy/sound/cmake-3.18.0-rc2/CMakeFiles/CMakeTmp/CheckSymbolExists.c:
/* */

int main(int argc, char** argv)
{
  (void)argv;
#ifndef RAND_egd
  return ((int*)(&RAND_egd))[argc];
#else
  (void)argc;
  return 0;
#endif
}
Determining if the function idn2_lookup_ul exists in the idn2;dl;/usr/lib/x86_64-linux-gnu/libssl.so;/usr/lib/x86_64-linux-gnu/libcrypto.so;cmnghttp2 failed with the following output:
Change Dir: /home/wp2018/user/andythebreaker/andy/sound/cmake-3.18.0-rc2/CMakeFiles/CMakeTmp

Run Build Command(s):/usr/bin/make cmTC_ecdb2/fast && make  -f CMakeFiles/cmTC_ecdb2.dir/build.make CMakeFiles/cmTC_ecdb2.dir/build
make[1]: Entering directory '/home/wp2018/user/andythebreaker/andy/sound/cmake-3.18.0-rc2/CMakeFiles/CMakeTmp'
Building C object CMakeFiles/cmTC_ecdb2.dir/CheckFunctionExists.c.o
/usr/bin/gcc   -w -DCHECK_FUNCTION_EXISTS=idn2_lookup_ul -std=gnu11 -o CMakeFiles/cmTC_ecdb2.dir/CheckFunctionExists.c.o -c /home/wp2018/user/andythebreaker/andy/sound/cmake-3.18.0-rc2/Modules/CheckFunctionExists.c
Linking C executable cmTC_ecdb2
/home/wp2018/user/andythebreaker/andy/sound/cmake-3.18.0-rc2/Bootstrap.cmk/cmake -E cmake_link_script CMakeFiles/cmTC_ecdb2.dir/link.txt --verbose=1
/usr/bin/gcc   -w -DCHECK_FUNCTION_EXISTS=idn2_lookup_ul CMakeFiles/cmTC_ecdb2.dir/CheckFunctionExists.c.o -o cmTC_ecdb2  -lidn2 -ldl /usr/lib/x86_64-linux-gnu/libssl.so /usr/lib/x86_64-linux-gnu/libcrypto.so -lcmnghttp2 
/usr/bin/ld: cannot find -lidn2
/usr/bin/ld: cannot find -lcmnghttp2
collect2: error: ld returned 1 exit status
CMakeFiles/cmTC_ecdb2.dir/build.make:108: recipe for target 'cmTC_ecdb2' failed
make[1]: *** [cmTC_ecdb2] Error 1
make[1]: Leaving directory '/home/wp2018/user/andythebreaker/andy/sound/cmake-3.18.0-rc2/CMakeFiles/CMakeTmp'
Makefile:141: recipe for target 'cmTC_ecdb2/fast' failed
make: *** [cmTC_ecdb2/fast] Error 2



Determining if the function dlopen exists in the dl;/usr/lib/x86_64-linux-gnu/libssl.so;/usr/lib/x86_64-linux-gnu/libcrypto.so;cmnghttp2 failed with the following output:
Change Dir: /home/wp2018/user/andythebreaker/andy/sound/cmake-3.18.0-rc2/CMakeFiles/CMakeTmp

Run Build Command(s):/usr/bin/make cmTC_d24f6/fast && make  -f CMakeFiles/cmTC_d24f6.dir/build.make CMakeFiles/cmTC_d24f6.dir/build
make[1]: Entering directory '/home/wp2018/user/andythebreaker/andy/sound/cmake-3.18.0-rc2/CMakeFiles/CMakeTmp'
Building C object CMakeFiles/cmTC_d24f6.dir/CheckFunctionExists.c.o
/usr/bin/gcc   -w -DCHECK_FUNCTION_EXISTS=dlopen -std=gnu11 -o CMakeFiles/cmTC_d24f6.dir/CheckFunctionExists.c.o -c /home/wp2018/user/andythebreaker/andy/sound/cmake-3.18.0-rc2/Modules/CheckFunctionExists.c
Linking C executable cmTC_d24f6
/home/wp2018/user/andythebreaker/andy/sound/cmake-3.18.0-rc2/Bootstrap.cmk/cmake -E cmake_link_script CMakeFiles/cmTC_d24f6.dir/link.txt --verbose=1
/usr/bin/gcc   -w -DCHECK_FUNCTION_EXISTS=dlopen CMakeFiles/cmTC_d24f6.dir/CheckFunctionExists.c.o -o cmTC_d24f6  -ldl /usr/lib/x86_64-linux-gnu/libssl.so /usr/lib/x86_64-linux-gnu/libcrypto.so -lcmnghttp2 
/usr/bin/ld: cannot find -lcmnghttp2
collect2: error: ld returned 1 exit status
CMakeFiles/cmTC_d24f6.dir/build.make:108: recipe for target 'cmTC_d24f6' failed
make[1]: *** [cmTC_d24f6] Error 1
make[1]: Leaving directory '/home/wp2018/user/andythebreaker/andy/sound/cmake-3.18.0-rc2/CMakeFiles/CMakeTmp'
Makefile:141: recipe for target 'cmTC_d24f6/fast' failed
make: *** [cmTC_d24f6/fast] Error 2



Determining if files stdio.h;inttypes.h;sys/filio.h exist failed with the following output:
Change Dir: /home/wp2018/user/andythebreaker/andy/sound/cmake-3.18.0-rc2/CMakeFiles/CMakeTmp

Run Build Command(s):/usr/bin/make cmTC_837c9/fast && make  -f CMakeFiles/cmTC_837c9.dir/build.make CMakeFiles/cmTC_837c9.dir/build
make[1]: Entering directory '/home/wp2018/user/andythebreaker/andy/sound/cmake-3.18.0-rc2/CMakeFiles/CMakeTmp'
Building C object CMakeFiles/cmTC_837c9.dir/HAVE_SYS_FILIO_H.c.o
/usr/bin/gcc   -w  -std=gnu11 -o CMakeFiles/cmTC_837c9.dir/HAVE_SYS_FILIO_H.c.o -c /home/wp2018/user/andythebreaker/andy/sound/cmake-3.18.0-rc2/CMakeFiles/CheckIncludeFiles/HAVE_SYS_FILIO_H.c
/home/wp2018/user/andythebreaker/andy/sound/cmake-3.18.0-rc2/CMakeFiles/CheckIncludeFiles/HAVE_SYS_FILIO_H.c:4:10: fatal error: sys/filio.h: No such file or directory
 #include <sys/filio.h>
          ^~~~~~~~~~~~~
compilation terminated.
CMakeFiles/cmTC_837c9.dir/build.make:85: recipe for target 'CMakeFiles/cmTC_837c9.dir/HAVE_SYS_FILIO_H.c.o' failed
make[1]: *** [CMakeFiles/cmTC_837c9.dir/HAVE_SYS_FILIO_H.c.o] Error 1
make[1]: Leaving directory '/home/wp2018/user/andythebreaker/andy/sound/cmake-3.18.0-rc2/CMakeFiles/CMakeTmp'
Makefile:141: recipe for target 'cmTC_837c9/fast' failed
make: *** [cmTC_837c9/fast] Error 2


Source:
/* */
#include <stdio.h>
#include <inttypes.h>
#include <sys/filio.h>


int main(void){return 0;}

Determining if files stdio.h;inttypes.h;sys/ioctl.h;sys/param.h;sys/poll.h;sys/resource.h;sys/select.h;sys/socket.h;sys/sockio.h exist failed with the following output:
Change Dir: /home/wp2018/user/andythebreaker/andy/sound/cmake-3.18.0-rc2/CMakeFiles/CMakeTmp

Run Build Command(s):/usr/bin/make cmTC_a17de/fast && make  -f CMakeFiles/cmTC_a17de.dir/build.make CMakeFiles/cmTC_a17de.dir/build
make[1]: Entering directory '/home/wp2018/user/andythebreaker/andy/sound/cmake-3.18.0-rc2/CMakeFiles/CMakeTmp'
Building C object CMakeFiles/cmTC_a17de.dir/HAVE_SYS_SOCKIO_H.c.o
/usr/bin/gcc   -w  -std=gnu11 -o CMakeFiles/cmTC_a17de.dir/HAVE_SYS_SOCKIO_H.c.o -c /home/wp2018/user/andythebreaker/andy/sound/cmake-3.18.0-rc2/CMakeFiles/CheckIncludeFiles/HAVE_SYS_SOCKIO_H.c
/home/wp2018/user/andythebreaker/andy/sound/cmake-3.18.0-rc2/CMakeFiles/CheckIncludeFiles/HAVE_SYS_SOCKIO_H.c:10:10: fatal error: sys/sockio.h: No such file or directory
 #include <sys/sockio.h>
          ^~~~~~~~~~~~~~
compilation terminated.
CMakeFiles/cmTC_a17de.dir/build.make:85: recipe for target 'CMakeFiles/cmTC_a17de.dir/HAVE_SYS_SOCKIO_H.c.o' failed
make[1]: *** [CMakeFiles/cmTC_a17de.dir/HAVE_SYS_SOCKIO_H.c.o] Error 1
make[1]: Leaving directory '/home/wp2018/user/andythebreaker/andy/sound/cmake-3.18.0-rc2/CMakeFiles/CMakeTmp'
Makefile:141: recipe for target 'cmTC_a17de/fast' failed
make: *** [cmTC_a17de/fast] Error 2


Source:
/* */
#include <stdio.h>
#include <inttypes.h>
#include <sys/ioctl.h>
#include <sys/param.h>
#include <sys/poll.h>
#include <sys/resource.h>
#include <sys/select.h>
#include <sys/socket.h>
#include <sys/sockio.h>


int main(void){return 0;}

Determining if files stdio.h;inttypes.h;sys/ioctl.h;sys/param.h;sys/poll.h;sys/resource.h;sys/select.h;sys/socket.h;sys/stat.h;sys/time.h;sys/types.h;sys/uio.h;sys/un.h;sys/utime.h exist failed with the following output:
Change Dir: /home/wp2018/user/andythebreaker/andy/sound/cmake-3.18.0-rc2/CMakeFiles/CMakeTmp

Run Build Command(s):/usr/bin/make cmTC_2edbb/fast && make  -f CMakeFiles/cmTC_2edbb.dir/build.make CMakeFiles/cmTC_2edbb.dir/build
make[1]: Entering directory '/home/wp2018/user/andythebreaker/andy/sound/cmake-3.18.0-rc2/CMakeFiles/CMakeTmp'
Building C object CMakeFiles/cmTC_2edbb.dir/HAVE_SYS_UTIME_H.c.o
/usr/bin/gcc   -w  -std=gnu11 -o CMakeFiles/cmTC_2edbb.dir/HAVE_SYS_UTIME_H.c.o -c /home/wp2018/user/andythebreaker/andy/sound/cmake-3.18.0-rc2/CMakeFiles/CheckIncludeFiles/HAVE_SYS_UTIME_H.c
/home/wp2018/user/andythebreaker/andy/sound/cmake-3.18.0-rc2/CMakeFiles/CheckIncludeFiles/HAVE_SYS_UTIME_H.c:15:10: fatal error: sys/utime.h: No such file or directory
 #include <sys/utime.h>
          ^~~~~~~~~~~~~
compilation terminated.
CMakeFiles/cmTC_2edbb.dir/build.make:85: recipe for target 'CMakeFiles/cmTC_2edbb.dir/HAVE_SYS_UTIME_H.c.o' failed
make[1]: *** [CMakeFiles/cmTC_2edbb.dir/HAVE_SYS_UTIME_H.c.o] Error 1
make[1]: Leaving directory '/home/wp2018/user/andythebreaker/andy/sound/cmake-3.18.0-rc2/CMakeFiles/CMakeTmp'
Makefile:141: recipe for target 'cmTC_2edbb/fast' failed
make: *** [cmTC_2edbb/fast] Error 2


Source:
/* */
#include <stdio.h>
#include <inttypes.h>
#include <sys/ioctl.h>
#include <sys/param.h>
#include <sys/poll.h>
#include <sys/resource.h>
#include <sys/select.h>
#include <sys/socket.h>
#include <sys/stat.h>
#include <sys/time.h>
#include <sys/types.h>
#include <sys/uio.h>
#include <sys/un.h>
#include <sys/utime.h>


int main(void){return 0;}

Determining if files stdio.h;inttypes.h;sys/ioctl.h;sys/param.h;sys/poll.h;sys/resource.h;sys/select.h;sys/socket.h;sys/stat.h;sys/time.h;sys/types.h;sys/uio.h;sys/un.h;sys/xattr.h;alloca.h;arpa/inet.h;arpa/tftp.h;assert.h;crypto.h exist failed with the following output:
Change Dir: /home/wp2018/user/andythebreaker/andy/sound/cmake-3.18.0-rc2/CMakeFiles/CMakeTmp

Run Build Command(s):/usr/bin/make cmTC_3b8e7/fast && make  -f CMakeFiles/cmTC_3b8e7.dir/build.make CMakeFiles/cmTC_3b8e7.dir/build
make[1]: Entering directory '/home/wp2018/user/andythebreaker/andy/sound/cmake-3.18.0-rc2/CMakeFiles/CMakeTmp'
Building C object CMakeFiles/cmTC_3b8e7.dir/HAVE_CRYPTO_H.c.o
/usr/bin/gcc   -w  -std=gnu11 -o CMakeFiles/cmTC_3b8e7.dir/HAVE_CRYPTO_H.c.o -c /home/wp2018/user/andythebreaker/andy/sound/cmake-3.18.0-rc2/CMakeFiles/CheckIncludeFiles/HAVE_CRYPTO_H.c
/home/wp2018/user/andythebreaker/andy/sound/cmake-3.18.0-rc2/CMakeFiles/CheckIncludeFiles/HAVE_CRYPTO_H.c:20:10: fatal error: crypto.h: No such file or directory
 #include <crypto.h>
          ^~~~~~~~~~
compilation terminated.
CMakeFiles/cmTC_3b8e7.dir/build.make:85: recipe for target 'CMakeFiles/cmTC_3b8e7.dir/HAVE_CRYPTO_H.c.o' failed
make[1]: *** [CMakeFiles/cmTC_3b8e7.dir/HAVE_CRYPTO_H.c.o] Error 1
make[1]: Leaving directory '/home/wp2018/user/andythebreaker/andy/sound/cmake-3.18.0-rc2/CMakeFiles/CMakeTmp'
Makefile:141: recipe for target 'cmTC_3b8e7/fast' failed
make: *** [cmTC_3b8e7/fast] Error 2


Source:
/* */
#include <stdio.h>
#include <inttypes.h>
#include <sys/ioctl.h>
#include <sys/param.h>
#include <sys/poll.h>
#include <sys/resource.h>
#include <sys/select.h>
#include <sys/socket.h>
#include <sys/stat.h>
#include <sys/time.h>
#include <sys/types.h>
#include <sys/uio.h>
#include <sys/un.h>
#include <sys/xattr.h>
#include <alloca.h>
#include <arpa/inet.h>
#include <arpa/tftp.h>
#include <assert.h>
#include <crypto.h>


int main(void){return 0;}

Determining if files stdio.h;inttypes.h;sys/ioctl.h;sys/param.h;sys/poll.h;sys/resource.h;sys/select.h;sys/socket.h;sys/stat.h;sys/time.h;sys/types.h;sys/uio.h;sys/un.h;sys/xattr.h;alloca.h;arpa/inet.h;arpa/tftp.h;assert.h;des.h exist failed with the following output:
Change Dir: /home/wp2018/user/andythebreaker/andy/sound/cmake-3.18.0-rc2/CMakeFiles/CMakeTmp

Run Build Command(s):/usr/bin/make cmTC_7815f/fast && make  -f CMakeFiles/cmTC_7815f.dir/build.make CMakeFiles/cmTC_7815f.dir/build
make[1]: Entering directory '/home/wp2018/user/andythebreaker/andy/sound/cmake-3.18.0-rc2/CMakeFiles/CMakeTmp'
Building C object CMakeFiles/cmTC_7815f.dir/HAVE_DES_H.c.o
/usr/bin/gcc   -w  -std=gnu11 -o CMakeFiles/cmTC_7815f.dir/HAVE_DES_H.c.o -c /home/wp2018/user/andythebreaker/andy/sound/cmake-3.18.0-rc2/CMakeFiles/CheckIncludeFiles/HAVE_DES_H.c
/home/wp2018/user/andythebreaker/andy/sound/cmake-3.18.0-rc2/CMakeFiles/CheckIncludeFiles/HAVE_DES_H.c:20:10: fatal error: des.h: No such file or directory
 #include <des.h>
          ^~~~~~~
compilation terminated.
CMakeFiles/cmTC_7815f.dir/build.make:85: recipe for target 'CMakeFiles/cmTC_7815f.dir/HAVE_DES_H.c.o' failed
make[1]: *** [CMakeFiles/cmTC_7815f.dir/HAVE_DES_H.c.o] Error 1
make[1]: Leaving directory '/home/wp2018/user/andythebreaker/andy/sound/cmake-3.18.0-rc2/CMakeFiles/CMakeTmp'
Makefile:141: recipe for target 'cmTC_7815f/fast' failed
make: *** [cmTC_7815f/fast] Error 2


Source:
/* */
#include <stdio.h>
#include <inttypes.h>
#include <sys/ioctl.h>
#include <sys/param.h>
#include <sys/poll.h>
#include <sys/resource.h>
#include <sys/select.h>
#include <sys/socket.h>
#include <sys/stat.h>
#include <sys/time.h>
#include <sys/types.h>
#include <sys/uio.h>
#include <sys/un.h>
#include <sys/xattr.h>
#include <alloca.h>
#include <arpa/inet.h>
#include <arpa/tftp.h>
#include <assert.h>
#include <des.h>


int main(void){return 0;}

Determining if files stdio.h;inttypes.h;sys/ioctl.h;sys/param.h;sys/poll.h;sys/resource.h;sys/select.h;sys/socket.h;sys/stat.h;sys/time.h;sys/types.h;sys/uio.h;sys/un.h;sys/xattr.h;alloca.h;arpa/inet.h;arpa/tftp.h;assert.h;err.h;errno.h;fcntl.h;idn2.h exist failed with the following output:
Change Dir: /home/wp2018/user/andythebreaker/andy/sound/cmake-3.18.0-rc2/CMakeFiles/CMakeTmp

Run Build Command(s):/usr/bin/make cmTC_056c1/fast && make  -f CMakeFiles/cmTC_056c1.dir/build.make CMakeFiles/cmTC_056c1.dir/build
make[1]: Entering directory '/home/wp2018/user/andythebreaker/andy/sound/cmake-3.18.0-rc2/CMakeFiles/CMakeTmp'
Building C object CMakeFiles/cmTC_056c1.dir/HAVE_IDN2_H.c.o
/usr/bin/gcc   -w  -std=gnu11 -o CMakeFiles/cmTC_056c1.dir/HAVE_IDN2_H.c.o -c /home/wp2018/user/andythebreaker/andy/sound/cmake-3.18.0-rc2/CMakeFiles/CheckIncludeFiles/HAVE_IDN2_H.c
/home/wp2018/user/andythebreaker/andy/sound/cmake-3.18.0-rc2/CMakeFiles/CheckIncludeFiles/HAVE_IDN2_H.c:23:10: fatal error: idn2.h: No such file or directory
 #include <idn2.h>
          ^~~~~~~~
compilation terminated.
CMakeFiles/cmTC_056c1.dir/build.make:85: recipe for target 'CMakeFiles/cmTC_056c1.dir/HAVE_IDN2_H.c.o' failed
make[1]: *** [CMakeFiles/cmTC_056c1.dir/HAVE_IDN2_H.c.o] Error 1
make[1]: Leaving directory '/home/wp2018/user/andythebreaker/andy/sound/cmake-3.18.0-rc2/CMakeFiles/CMakeTmp'
Makefile:141: recipe for target 'cmTC_056c1/fast' failed
make: *** [cmTC_056c1/fast] Error 2


Source:
/* */
#include <stdio.h>
#include <inttypes.h>
#include <sys/ioctl.h>
#include <sys/param.h>
#include <sys/poll.h>
#include <sys/resource.h>
#include <sys/select.h>
#include <sys/socket.h>
#include <sys/stat.h>
#include <sys/time.h>
#include <sys/types.h>
#include <sys/uio.h>
#include <sys/un.h>
#include <sys/xattr.h>
#include <alloca.h>
#include <arpa/inet.h>
#include <arpa/tftp.h>
#include <assert.h>
#include <err.h>
#include <errno.h>
#include <fcntl.h>
#include <idn2.h>


int main(void){return 0;}

Determining if files stdio.h;inttypes.h;sys/ioctl.h;sys/param.h;sys/poll.h;sys/resource.h;sys/select.h;sys/socket.h;sys/stat.h;sys/time.h;sys/types.h;sys/uio.h;sys/un.h;sys/xattr.h;alloca.h;arpa/inet.h;arpa/tftp.h;assert.h;err.h;errno.h;fcntl.h;ifaddrs.h;io.h exist failed with the following output:
Change Dir: /home/wp2018/user/andythebreaker/andy/sound/cmake-3.18.0-rc2/CMakeFiles/CMakeTmp

Run Build Command(s):/usr/bin/make cmTC_63017/fast && make  -f CMakeFiles/cmTC_63017.dir/build.make CMakeFiles/cmTC_63017.dir/build
make[1]: Entering directory '/home/wp2018/user/andythebreaker/andy/sound/cmake-3.18.0-rc2/CMakeFiles/CMakeTmp'
Building C object CMakeFiles/cmTC_63017.dir/HAVE_IO_H.c.o
/usr/bin/gcc   -w  -std=gnu11 -o CMakeFiles/cmTC_63017.dir/HAVE_IO_H.c.o -c /home/wp2018/user/andythebreaker/andy/sound/cmake-3.18.0-rc2/CMakeFiles/CheckIncludeFiles/HAVE_IO_H.c
/home/wp2018/user/andythebreaker/andy/sound/cmake-3.18.0-rc2/CMakeFiles/CheckIncludeFiles/HAVE_IO_H.c:24:10: fatal error: io.h: No such file or directory
 #include <io.h>
          ^~~~~~
compilation terminated.
CMakeFiles/cmTC_63017.dir/build.make:85: recipe for target 'CMakeFiles/cmTC_63017.dir/HAVE_IO_H.c.o' failed
make[1]: *** [CMakeFiles/cmTC_63017.dir/HAVE_IO_H.c.o] Error 1
make[1]: Leaving directory '/home/wp2018/user/andythebreaker/andy/sound/cmake-3.18.0-rc2/CMakeFiles/CMakeTmp'
Makefile:141: recipe for target 'cmTC_63017/fast' failed
make: *** [cmTC_63017/fast] Error 2


Source:
/* */
#include <stdio.h>
#include <inttypes.h>
#include <sys/ioctl.h>
#include <sys/param.h>
#include <sys/poll.h>
#include <sys/resource.h>
#include <sys/select.h>
#include <sys/socket.h>
#include <sys/stat.h>
#include <sys/time.h>
#include <sys/types.h>
#include <sys/uio.h>
#include <sys/un.h>
#include <sys/xattr.h>
#include <alloca.h>
#include <arpa/inet.h>
#include <arpa/tftp.h>
#include <assert.h>
#include <err.h>
#include <errno.h>
#include <fcntl.h>
#include <ifaddrs.h>
#include <io.h>


int main(void){return 0;}

Determining if files stdio.h;inttypes.h;sys/ioctl.h;sys/param.h;sys/poll.h;sys/resource.h;sys/select.h;sys/socket.h;sys/stat.h;sys/time.h;sys/types.h;sys/uio.h;sys/un.h;sys/xattr.h;alloca.h;arpa/inet.h;arpa/tftp.h;assert.h;err.h;errno.h;fcntl.h;ifaddrs.h;krb.h exist failed with the following output:
Change Dir: /home/wp2018/user/andythebreaker/andy/sound/cmake-3.18.0-rc2/CMakeFiles/CMakeTmp

Run Build Command(s):/usr/bin/make cmTC_69dca/fast && make  -f CMakeFiles/cmTC_69dca.dir/build.make CMakeFiles/cmTC_69dca.dir/build
make[1]: Entering directory '/home/wp2018/user/andythebreaker/andy/sound/cmake-3.18.0-rc2/CMakeFiles/CMakeTmp'
Building C object CMakeFiles/cmTC_69dca.dir/HAVE_KRB_H.c.o
/usr/bin/gcc   -w  -std=gnu11 -o CMakeFiles/cmTC_69dca.dir/HAVE_KRB_H.c.o -c /home/wp2018/user/andythebreaker/andy/sound/cmake-3.18.0-rc2/CMakeFiles/CheckIncludeFiles/HAVE_KRB_H.c
/home/wp2018/user/andythebreaker/andy/sound/cmake-3.18.0-rc2/CMakeFiles/CheckIncludeFiles/HAVE_KRB_H.c:24:10: fatal error: krb.h: No such file or directory
 #include <krb.h>
          ^~~~~~~
compilation terminated.
CMakeFiles/cmTC_69dca.dir/build.make:85: recipe for target 'CMakeFiles/cmTC_69dca.dir/HAVE_KRB_H.c.o' failed
make[1]: *** [CMakeFiles/cmTC_69dca.dir/HAVE_KRB_H.c.o] Error 1
make[1]: Leaving directory '/home/wp2018/user/andythebreaker/andy/sound/cmake-3.18.0-rc2/CMakeFiles/CMakeTmp'
Makefile:141: recipe for target 'cmTC_69dca/fast' failed
make: *** [cmTC_69dca/fast] Error 2


Source:
/* */
#include <stdio.h>
#include <inttypes.h>
#include <sys/ioctl.h>
#include <sys/param.h>
#include <sys/poll.h>
#include <sys/resource.h>
#include <sys/select.h>
#include <sys/socket.h>
#include <sys/stat.h>
#include <sys/time.h>
#include <sys/types.h>
#include <sys/uio.h>
#include <sys/un.h>
#include <sys/xattr.h>
#include <alloca.h>
#include <arpa/inet.h>
#include <arpa/tftp.h>
#include <assert.h>
#include <err.h>
#include <errno.h>
#include <fcntl.h>
#include <ifaddrs.h>
#include <krb.h>


int main(void){return 0;}

Determining if files stdio.h;inttypes.h;sys/ioctl.h;sys/param.h;sys/poll.h;sys/resource.h;sys/select.h;sys/socket.h;sys/stat.h;sys/time.h;sys/types.h;sys/uio.h;sys/un.h;sys/xattr.h;alloca.h;arpa/inet.h;arpa/tftp.h;assert.h;err.h;errno.h;fcntl.h;ifaddrs.h;libgen.h;locale.h;net/if.h;netdb.h;netinet/in.h;netinet/tcp.h;pem.h exist failed with the following output:
Change Dir: /home/wp2018/user/andythebreaker/andy/sound/cmake-3.18.0-rc2/CMakeFiles/CMakeTmp

Run Build Command(s):/usr/bin/make cmTC_951c9/fast && make  -f CMakeFiles/cmTC_951c9.dir/build.make CMakeFiles/cmTC_951c9.dir/build
make[1]: Entering directory '/home/wp2018/user/andythebreaker/andy/sound/cmake-3.18.0-rc2/CMakeFiles/CMakeTmp'
Building C object CMakeFiles/cmTC_951c9.dir/HAVE_PEM_H.c.o
/usr/bin/gcc   -w  -std=gnu11 -o CMakeFiles/cmTC_951c9.dir/HAVE_PEM_H.c.o -c /home/wp2018/user/andythebreaker/andy/sound/cmake-3.18.0-rc2/CMakeFiles/CheckIncludeFiles/HAVE_PEM_H.c
/home/wp2018/user/andythebreaker/andy/sound/cmake-3.18.0-rc2/CMakeFiles/CheckIncludeFiles/HAVE_PEM_H.c:30:10: fatal error: pem.h: No such file or directory
 #include <pem.h>
          ^~~~~~~
compilation terminated.
CMakeFiles/cmTC_951c9.dir/build.make:85: recipe for target 'CMakeFiles/cmTC_951c9.dir/HAVE_PEM_H.c.o' failed
make[1]: *** [CMakeFiles/cmTC_951c9.dir/HAVE_PEM_H.c.o] Error 1
make[1]: Leaving directory '/home/wp2018/user/andythebreaker/andy/sound/cmake-3.18.0-rc2/CMakeFiles/CMakeTmp'
Makefile:141: recipe for target 'cmTC_951c9/fast' failed
make: *** [cmTC_951c9/fast] Error 2


Source:
/* */
#include <stdio.h>
#include <inttypes.h>
#include <sys/ioctl.h>
#include <sys/param.h>
#include <sys/poll.h>
#include <sys/resource.h>
#include <sys/select.h>
#include <sys/socket.h>
#include <sys/stat.h>
#include <sys/time.h>
#include <sys/types.h>
#include <sys/uio.h>
#include <sys/un.h>
#include <sys/xattr.h>
#include <alloca.h>
#include <arpa/inet.h>
#include <arpa/tftp.h>
#include <assert.h>
#include <err.h>
#include <errno.h>
#include <fcntl.h>
#include <ifaddrs.h>
#include <libgen.h>
#include <locale.h>
#include <net/if.h>
#include <netdb.h>
#include <netinet/in.h>
#include <netinet/tcp.h>
#include <pem.h>


int main(void){return 0;}

Determining if files stdio.h;inttypes.h;sys/ioctl.h;sys/param.h;sys/poll.h;sys/resource.h;sys/select.h;sys/socket.h;sys/stat.h;sys/time.h;sys/types.h;sys/uio.h;sys/un.h;sys/xattr.h;alloca.h;arpa/inet.h;arpa/tftp.h;assert.h;err.h;errno.h;fcntl.h;ifaddrs.h;libgen.h;locale.h;net/if.h;netdb.h;netinet/in.h;netinet/tcp.h;poll.h;pwd.h;rsa.h exist failed with the following output:
Change Dir: /home/wp2018/user/andythebreaker/andy/sound/cmake-3.18.0-rc2/CMakeFiles/CMakeTmp

Run Build Command(s):/usr/bin/make cmTC_7ba86/fast && make  -f CMakeFiles/cmTC_7ba86.dir/build.make CMakeFiles/cmTC_7ba86.dir/build
make[1]: Entering directory '/home/wp2018/user/andythebreaker/andy/sound/cmake-3.18.0-rc2/CMakeFiles/CMakeTmp'
Building C object CMakeFiles/cmTC_7ba86.dir/HAVE_RSA_H.c.o
/usr/bin/gcc   -w  -std=gnu11 -o CMakeFiles/cmTC_7ba86.dir/HAVE_RSA_H.c.o -c /home/wp2018/user/andythebreaker/andy/sound/cmake-3.18.0-rc2/CMakeFiles/CheckIncludeFiles/HAVE_RSA_H.c
/home/wp2018/user/andythebreaker/andy/sound/cmake-3.18.0-rc2/CMakeFiles/CheckIncludeFiles/HAVE_RSA_H.c:32:10: fatal error: rsa.h: No such file or directory
 #include <rsa.h>
          ^~~~~~~
compilation terminated.
CMakeFiles/cmTC_7ba86.dir/build.make:85: recipe for target 'CMakeFiles/cmTC_7ba86.dir/HAVE_RSA_H.c.o' failed
make[1]: *** [CMakeFiles/cmTC_7ba86.dir/HAVE_RSA_H.c.o] Error 1
make[1]: Leaving directory '/home/wp2018/user/andythebreaker/andy/sound/cmake-3.18.0-rc2/CMakeFiles/CMakeTmp'
Makefile:141: recipe for target 'cmTC_7ba86/fast' failed
make: *** [cmTC_7ba86/fast] Error 2


Source:
/* */
#include <stdio.h>
#include <inttypes.h>
#include <sys/ioctl.h>
#include <sys/param.h>
#include <sys/poll.h>
#include <sys/resource.h>
#include <sys/select.h>
#include <sys/socket.h>
#include <sys/stat.h>
#include <sys/time.h>
#include <sys/types.h>
#include <sys/uio.h>
#include <sys/un.h>
#include <sys/xattr.h>
#include <alloca.h>
#include <arpa/inet.h>
#include <arpa/tftp.h>
#include <assert.h>
#include <err.h>
#include <errno.h>
#include <fcntl.h>
#include <ifaddrs.h>
#include <libgen.h>
#include <locale.h>
#include <net/if.h>
#include <netdb.h>
#include <netinet/in.h>
#include <netinet/tcp.h>
#include <poll.h>
#include <pwd.h>
#include <rsa.h>


int main(void){return 0;}

Determining if files stdio.h;inttypes.h;sys/ioctl.h;sys/param.h;sys/poll.h;sys/resource.h;sys/select.h;sys/socket.h;sys/stat.h;sys/time.h;sys/types.h;sys/uio.h;sys/un.h;sys/xattr.h;alloca.h;arpa/inet.h;arpa/tftp.h;assert.h;err.h;errno.h;fcntl.h;ifaddrs.h;libgen.h;locale.h;net/if.h;netdb.h;netinet/in.h;netinet/tcp.h;poll.h;pwd.h;setjmp.h;sgtty.h;signal.h;ssl.h exist failed with the following output:
Change Dir: /home/wp2018/user/andythebreaker/andy/sound/cmake-3.18.0-rc2/CMakeFiles/CMakeTmp

Run Build Command(s):/usr/bin/make cmTC_64c38/fast && make  -f CMakeFiles/cmTC_64c38.dir/build.make CMakeFiles/cmTC_64c38.dir/build
make[1]: Entering directory '/home/wp2018/user/andythebreaker/andy/sound/cmake-3.18.0-rc2/CMakeFiles/CMakeTmp'
Building C object CMakeFiles/cmTC_64c38.dir/HAVE_SSL_H.c.o
/usr/bin/gcc   -w  -std=gnu11 -o CMakeFiles/cmTC_64c38.dir/HAVE_SSL_H.c.o -c /home/wp2018/user/andythebreaker/andy/sound/cmake-3.18.0-rc2/CMakeFiles/CheckIncludeFiles/HAVE_SSL_H.c
/home/wp2018/user/andythebreaker/andy/sound/cmake-3.18.0-rc2/CMakeFiles/CheckIncludeFiles/HAVE_SSL_H.c:35:10: fatal error: ssl.h: No such file or directory
 #include <ssl.h>
          ^~~~~~~
compilation terminated.
CMakeFiles/cmTC_64c38.dir/build.make:85: recipe for target 'CMakeFiles/cmTC_64c38.dir/HAVE_SSL_H.c.o' failed
make[1]: *** [CMakeFiles/cmTC_64c38.dir/HAVE_SSL_H.c.o] Error 1
make[1]: Leaving directory '/home/wp2018/user/andythebreaker/andy/sound/cmake-3.18.0-rc2/CMakeFiles/CMakeTmp'
Makefile:141: recipe for target 'cmTC_64c38/fast' failed
make: *** [cmTC_64c38/fast] Error 2


Source:
/* */
#include <stdio.h>
#include <inttypes.h>
#include <sys/ioctl.h>
#include <sys/param.h>
#include <sys/poll.h>
#include <sys/resource.h>
#include <sys/select.h>
#include <sys/socket.h>
#include <sys/stat.h>
#include <sys/time.h>
#include <sys/types.h>
#include <sys/uio.h>
#include <sys/un.h>
#include <sys/xattr.h>
#include <alloca.h>
#include <arpa/inet.h>
#include <arpa/tftp.h>
#include <assert.h>
#include <err.h>
#include <errno.h>
#include <fcntl.h>
#include <ifaddrs.h>
#include <libgen.h>
#include <locale.h>
#include <net/if.h>
#include <netdb.h>
#include <netinet/in.h>
#include <netinet/tcp.h>
#include <poll.h>
#include <pwd.h>
#include <setjmp.h>
#include <sgtty.h>
#include <signal.h>
#include <ssl.h>


int main(void){return 0;}

Determining if files stdio.h;inttypes.h;sys/ioctl.h;sys/param.h;sys/poll.h;sys/resource.h;sys/select.h;sys/socket.h;sys/stat.h;sys/time.h;sys/types.h;sys/uio.h;sys/un.h;sys/xattr.h;alloca.h;arpa/inet.h;arpa/tftp.h;assert.h;err.h;errno.h;fcntl.h;ifaddrs.h;libgen.h;locale.h;net/if.h;netdb.h;netinet/in.h;netinet/tcp.h;poll.h;pwd.h;setjmp.h;sgtty.h;signal.h;stdbool.h;stdint.h;stdio.h;stdlib.h;string.h;strings.h;stropts.h;termio.h;termios.h;time.h;unistd.h;utime.h;x509.h exist failed with the following output:
Change Dir: /home/wp2018/user/andythebreaker/andy/sound/cmake-3.18.0-rc2/CMakeFiles/CMakeTmp

Run Build Command(s):/usr/bin/make cmTC_a6414/fast && make  -f CMakeFiles/cmTC_a6414.dir/build.make CMakeFiles/cmTC_a6414.dir/build
make[1]: Entering directory '/home/wp2018/user/andythebreaker/andy/sound/cmake-3.18.0-rc2/CMakeFiles/CMakeTmp'
Building C object CMakeFiles/cmTC_a6414.dir/HAVE_X509_H.c.o
/usr/bin/gcc   -w  -std=gnu11 -o CMakeFiles/cmTC_a6414.dir/HAVE_X509_H.c.o -c /home/wp2018/user/andythebreaker/andy/sound/cmake-3.18.0-rc2/CMakeFiles/CheckIncludeFiles/HAVE_X509_H.c
/home/wp2018/user/andythebreaker/andy/sound/cmake-3.18.0-rc2/CMakeFiles/CheckIncludeFiles/HAVE_X509_H.c:47:10: fatal error: x509.h: No such file or directory
 #include <x509.h>
          ^~~~~~~~
compilation terminated.
CMakeFiles/cmTC_a6414.dir/build.make:85: recipe for target 'CMakeFiles/cmTC_a6414.dir/HAVE_X509_H.c.o' failed
make[1]: *** [CMakeFiles/cmTC_a6414.dir/HAVE_X509_H.c.o] Error 1
make[1]: Leaving directory '/home/wp2018/user/andythebreaker/andy/sound/cmake-3.18.0-rc2/CMakeFiles/CMakeTmp'
Makefile:141: recipe for target 'cmTC_a6414/fast' failed
make: *** [cmTC_a6414/fast] Error 2


Source:
/* */
#include <stdio.h>
#include <inttypes.h>
#include <sys/ioctl.h>
#include <sys/param.h>
#include <sys/poll.h>
#include <sys/resource.h>
#include <sys/select.h>
#include <sys/socket.h>
#include <sys/stat.h>
#include <sys/time.h>
#include <sys/types.h>
#include <sys/uio.h>
#include <sys/un.h>
#include <sys/xattr.h>
#include <alloca.h>
#include <arpa/inet.h>
#include <arpa/tftp.h>
#include <assert.h>
#include <err.h>
#include <errno.h>
#include <fcntl.h>
#include <ifaddrs.h>
#include <libgen.h>
#include <locale.h>
#include <net/if.h>
#include <netdb.h>
#include <netinet/in.h>
#include <netinet/tcp.h>
#include <poll.h>
#include <pwd.h>
#include <setjmp.h>
#include <sgtty.h>
#include <signal.h>
#include <stdbool.h>
#include <stdint.h>
#include <stdio.h>
#include <stdlib.h>
#include <string.h>
#include <strings.h>
#include <stropts.h>
#include <termio.h>
#include <termios.h>
#include <time.h>
#include <unistd.h>
#include <utime.h>
#include <x509.h>


int main(void){return 0;}

Determining if files stdio.h;inttypes.h;sys/ioctl.h;sys/param.h;sys/poll.h;sys/resource.h;sys/select.h;sys/socket.h;sys/stat.h;sys/time.h;sys/types.h;sys/uio.h;sys/un.h;sys/xattr.h;alloca.h;arpa/inet.h;arpa/tftp.h;assert.h;err.h;errno.h;fcntl.h;ifaddrs.h;libgen.h;locale.h;net/if.h;netdb.h;netinet/in.h;netinet/tcp.h;poll.h;pwd.h;setjmp.h;sgtty.h;signal.h;stdbool.h;stdint.h;stdio.h;stdlib.h;string.h;strings.h;stropts.h;termio.h;termios.h;time.h;unistd.h;utime.h;process.h exist failed with the following output:
Change Dir: /home/wp2018/user/andythebreaker/andy/sound/cmake-3.18.0-rc2/CMakeFiles/CMakeTmp

Run Build Command(s):/usr/bin/make cmTC_f476e/fast && make  -f CMakeFiles/cmTC_f476e.dir/build.make CMakeFiles/cmTC_f476e.dir/build
make[1]: Entering directory '/home/wp2018/user/andythebreaker/andy/sound/cmake-3.18.0-rc2/CMakeFiles/CMakeTmp'
Building C object CMakeFiles/cmTC_f476e.dir/HAVE_PROCESS_H.c.o
/usr/bin/gcc   -w  -std=gnu11 -o CMakeFiles/cmTC_f476e.dir/HAVE_PROCESS_H.c.o -c /home/wp2018/user/andythebreaker/andy/sound/cmake-3.18.0-rc2/CMakeFiles/CheckIncludeFiles/HAVE_PROCESS_H.c
/home/wp2018/user/andythebreaker/andy/sound/cmake-3.18.0-rc2/CMakeFiles/CheckIncludeFiles/HAVE_PROCESS_H.c:47:10: fatal error: process.h: No such file or directory
 #include <process.h>
          ^~~~~~~~~~~
compilation terminated.
CMakeFiles/cmTC_f476e.dir/build.make:85: recipe for target 'CMakeFiles/cmTC_f476e.dir/HAVE_PROCESS_H.c.o' failed
make[1]: *** [CMakeFiles/cmTC_f476e.dir/HAVE_PROCESS_H.c.o] Error 1
make[1]: Leaving directory '/home/wp2018/user/andythebreaker/andy/sound/cmake-3.18.0-rc2/CMakeFiles/CMakeTmp'
Makefile:141: recipe for target 'cmTC_f476e/fast' failed
make: *** [cmTC_f476e/fast] Error 2


Source:
/* */
#include <stdio.h>
#include <inttypes.h>
#include <sys/ioctl.h>
#include <sys/param.h>
#include <sys/poll.h>
#include <sys/resource.h>
#include <sys/select.h>
#include <sys/socket.h>
#include <sys/stat.h>
#include <sys/time.h>
#include <sys/types.h>
#include <sys/uio.h>
#include <sys/un.h>
#include <sys/xattr.h>
#include <alloca.h>
#include <arpa/inet.h>
#include <arpa/tftp.h>
#include <assert.h>
#include <err.h>
#include <errno.h>
#include <fcntl.h>
#include <ifaddrs.h>
#include <libgen.h>
#include <locale.h>
#include <net/if.h>
#include <netdb.h>
#include <netinet/in.h>
#include <netinet/tcp.h>
#include <poll.h>
#include <pwd.h>
#include <setjmp.h>
#include <sgtty.h>
#include <signal.h>
#include <stdbool.h>
#include <stdint.h>
#include <stdio.h>
#include <stdlib.h>
#include <string.h>
#include <strings.h>
#include <stropts.h>
#include <termio.h>
#include <termios.h>
#include <time.h>
#include <unistd.h>
#include <utime.h>
#include <process.h>


int main(void){return 0;}

Determining if files stdio.h;inttypes.h;sys/ioctl.h;sys/param.h;sys/poll.h;sys/resource.h;sys/select.h;sys/socket.h;sys/stat.h;sys/time.h;sys/types.h;sys/uio.h;sys/un.h;sys/xattr.h;alloca.h;arpa/inet.h;arpa/tftp.h;assert.h;err.h;errno.h;fcntl.h;ifaddrs.h;libgen.h;locale.h;net/if.h;netdb.h;netinet/in.h;netinet/tcp.h;poll.h;pwd.h;setjmp.h;sgtty.h;signal.h;stdbool.h;stdint.h;stdio.h;stdlib.h;string.h;strings.h;stropts.h;termio.h;termios.h;time.h;unistd.h;utime.h;stddef.h;dlfcn.h;malloc.h;memory.h;netinet/if_ether.h;stdint.h;sockio.h exist failed with the following output:
Change Dir: /home/wp2018/user/andythebreaker/andy/sound/cmake-3.18.0-rc2/CMakeFiles/CMakeTmp

Run Build Command(s):/usr/bin/make cmTC_415a9/fast && make  -f CMakeFiles/cmTC_415a9.dir/build.make CMakeFiles/cmTC_415a9.dir/build
make[1]: Entering directory '/home/wp2018/user/andythebreaker/andy/sound/cmake-3.18.0-rc2/CMakeFiles/CMakeTmp'
Building C object CMakeFiles/cmTC_415a9.dir/HAVE_SOCKIO_H.c.o
/usr/bin/gcc   -w  -std=gnu11 -o CMakeFiles/cmTC_415a9.dir/HAVE_SOCKIO_H.c.o -c /home/wp2018/user/andythebreaker/andy/sound/cmake-3.18.0-rc2/CMakeFiles/CheckIncludeFiles/HAVE_SOCKIO_H.c
/home/wp2018/user/andythebreaker/andy/sound/cmake-3.18.0-rc2/CMakeFiles/CheckIncludeFiles/HAVE_SOCKIO_H.c:53:10: fatal error: sockio.h: No such file or directory
 #include <sockio.h>
          ^~~~~~~~~~
compilation terminated.
CMakeFiles/cmTC_415a9.dir/build.make:85: recipe for target 'CMakeFiles/cmTC_415a9.dir/HAVE_SOCKIO_H.c.o' failed
make[1]: *** [CMakeFiles/cmTC_415a9.dir/HAVE_SOCKIO_H.c.o] Error 1
make[1]: Leaving directory '/home/wp2018/user/andythebreaker/andy/sound/cmake-3.18.0-rc2/CMakeFiles/CMakeTmp'
Makefile:141: recipe for target 'cmTC_415a9/fast' failed
make: *** [cmTC_415a9/fast] Error 2


Source:
/* */
#include <stdio.h>
#include <inttypes.h>
#include <sys/ioctl.h>
#include <sys/param.h>
#include <sys/poll.h>
#include <sys/resource.h>
#include <sys/select.h>
#include <sys/socket.h>
#include <sys/stat.h>
#include <sys/time.h>
#include <sys/types.h>
#include <sys/uio.h>
#include <sys/un.h>
#include <sys/xattr.h>
#include <alloca.h>
#include <arpa/inet.h>
#include <arpa/tftp.h>
#include <assert.h>
#include <err.h>
#include <errno.h>
#include <fcntl.h>
#include <ifaddrs.h>
#include <libgen.h>
#include <locale.h>
#include <net/if.h>
#include <netdb.h>
#include <netinet/in.h>
#include <netinet/tcp.h>
#include <poll.h>
#include <pwd.h>
#include <setjmp.h>
#include <sgtty.h>
#include <signal.h>
#include <stdbool.h>
#include <stdint.h>
#include <stdio.h>
#include <stdlib.h>
#include <string.h>
#include <strings.h>
#include <stropts.h>
#include <termio.h>
#include <termios.h>
#include <time.h>
#include <unistd.h>
#include <utime.h>
#include <stddef.h>
#include <dlfcn.h>
#include <malloc.h>
#include <memory.h>
#include <netinet/if_ether.h>
#include <stdint.h>
#include <sockio.h>


int main(void){return 0;}

Determining if the stricmp exist failed with the following output:
Change Dir: /home/wp2018/user/andythebreaker/andy/sound/cmake-3.18.0-rc2/CMakeFiles/CMakeTmp

Run Build Command(s):/usr/bin/make cmTC_e8340/fast && make  -f CMakeFiles/cmTC_e8340.dir/build.make CMakeFiles/cmTC_e8340.dir/build
make[1]: Entering directory '/home/wp2018/user/andythebreaker/andy/sound/cmake-3.18.0-rc2/CMakeFiles/CMakeTmp'
Building C object CMakeFiles/cmTC_e8340.dir/CheckSymbolExists.c.o
/usr/bin/gcc   -w  -std=gnu11 -o CMakeFiles/cmTC_e8340.dir/CheckSymbolExists.c.o -c /home/wp2018/user/andythebreaker/andy/sound/cmake-3.18.0-rc2/CMakeFiles/CMakeTmp/CheckSymbolExists.c
/home/wp2018/user/andythebreaker/andy/sound/cmake-3.18.0-rc2/CMakeFiles/CMakeTmp/CheckSymbolExists.c: In function ‘main’:
/home/wp2018/user/andythebreaker/andy/sound/cmake-3.18.0-rc2/CMakeFiles/CMakeTmp/CheckSymbolExists.c:59:19: error: ‘stricmp’ undeclared (first use in this function); did you mean ‘strncmp’?
   return ((int*)(&stricmp))[argc];
                   ^~~~~~~
                   strncmp
/home/wp2018/user/andythebreaker/andy/sound/cmake-3.18.0-rc2/CMakeFiles/CMakeTmp/CheckSymbolExists.c:59:19: note: each undeclared identifier is reported only once for each function it appears in
CMakeFiles/cmTC_e8340.dir/build.make:85: recipe for target 'CMakeFiles/cmTC_e8340.dir/CheckSymbolExists.c.o' failed
make[1]: *** [CMakeFiles/cmTC_e8340.dir/CheckSymbolExists.c.o] Error 1
make[1]: Leaving directory '/home/wp2018/user/andythebreaker/andy/sound/cmake-3.18.0-rc2/CMakeFiles/CMakeTmp'
Makefile:141: recipe for target 'cmTC_e8340/fast' failed
make: *** [cmTC_e8340/fast] Error 2


File /home/wp2018/user/andythebreaker/andy/sound/cmake-3.18.0-rc2/CMakeFiles/CMakeTmp/CheckSymbolExists.c:
/* */
#include <stdio.h>
#include <inttypes.h>
#include <sys/ioctl.h>
#include <sys/param.h>
#include <sys/poll.h>
#include <sys/resource.h>
#include <sys/select.h>
#include <sys/socket.h>
#include <sys/stat.h>
#include <sys/time.h>
#include <sys/types.h>
#include <sys/uio.h>
#include <sys/un.h>
#include <sys/xattr.h>
#include <alloca.h>
#include <arpa/inet.h>
#include <arpa/tftp.h>
#include <assert.h>
#include <err.h>
#include <errno.h>
#include <fcntl.h>
#include <ifaddrs.h>
#include <libgen.h>
#include <locale.h>
#include <net/if.h>
#include <netdb.h>
#include <netinet/in.h>
#include <netinet/tcp.h>
#include <poll.h>
#include <pwd.h>
#include <setjmp.h>
#include <sgtty.h>
#include <signal.h>
#include <stdbool.h>
#include <stdint.h>
#include <stdio.h>
#include <stdlib.h>
#include <string.h>
#include <strings.h>
#include <stropts.h>
#include <termio.h>
#include <termios.h>
#include <time.h>
#include <unistd.h>
#include <utime.h>
#include <stddef.h>
#include <dlfcn.h>
#include <malloc.h>
#include <memory.h>
#include <netinet/if_ether.h>
#include <stdint.h>
#include <sys/utsname.h>

int main(int argc, char** argv)
{
  (void)argv;
#ifndef stricmp
  return ((int*)(&stricmp))[argc];
#else
  (void)argc;
  return 0;
#endif
}
Determining if the strcmpi exist failed with the following output:
Change Dir: /home/wp2018/user/andythebreaker/andy/sound/cmake-3.18.0-rc2/CMakeFiles/CMakeTmp

Run Build Command(s):/usr/bin/make cmTC_fae38/fast && make  -f CMakeFiles/cmTC_fae38.dir/build.make CMakeFiles/cmTC_fae38.dir/build
make[1]: Entering directory '/home/wp2018/user/andythebreaker/andy/sound/cmake-3.18.0-rc2/CMakeFiles/CMakeTmp'
Building C object CMakeFiles/cmTC_fae38.dir/CheckSymbolExists.c.o
/usr/bin/gcc   -w  -std=gnu11 -o CMakeFiles/cmTC_fae38.dir/CheckSymbolExists.c.o -c /home/wp2018/user/andythebreaker/andy/sound/cmake-3.18.0-rc2/CMakeFiles/CMakeTmp/CheckSymbolExists.c
/home/wp2018/user/andythebreaker/andy/sound/cmake-3.18.0-rc2/CMakeFiles/CMakeTmp/CheckSymbolExists.c: In function ‘main’:
/home/wp2018/user/andythebreaker/andy/sound/cmake-3.18.0-rc2/CMakeFiles/CMakeTmp/CheckSymbolExists.c:59:19: error: ‘strcmpi’ undeclared (first use in this function); did you mean ‘strcmp’?
   return ((int*)(&strcmpi))[argc];
                   ^~~~~~~
                   strcmp
/home/wp2018/user/andythebreaker/andy/sound/cmake-3.18.0-rc2/CMakeFiles/CMakeTmp/CheckSymbolExists.c:59:19: note: each undeclared identifier is reported only once for each function it appears in
CMakeFiles/cmTC_fae38.dir/build.make:85: recipe for target 'CMakeFiles/cmTC_fae38.dir/CheckSymbolExists.c.o' failed
make[1]: *** [CMakeFiles/cmTC_fae38.dir/CheckSymbolExists.c.o] Error 1
make[1]: Leaving directory '/home/wp2018/user/andythebreaker/andy/sound/cmake-3.18.0-rc2/CMakeFiles/CMakeTmp'
Makefile:141: recipe for target 'cmTC_fae38/fast' failed
make: *** [cmTC_fae38/fast] Error 2


File /home/wp2018/user/andythebreaker/andy/sound/cmake-3.18.0-rc2/CMakeFiles/CMakeTmp/CheckSymbolExists.c:
/* */
#include <stdio.h>
#include <inttypes.h>
#include <sys/ioctl.h>
#include <sys/param.h>
#include <sys/poll.h>
#include <sys/resource.h>
#include <sys/select.h>
#include <sys/socket.h>
#include <sys/stat.h>
#include <sys/time.h>
#include <sys/types.h>
#include <sys/uio.h>
#include <sys/un.h>
#include <sys/xattr.h>
#include <alloca.h>
#include <arpa/inet.h>
#include <arpa/tftp.h>
#include <assert.h>
#include <err.h>
#include <errno.h>
#include <fcntl.h>
#include <ifaddrs.h>
#include <libgen.h>
#include <locale.h>
#include <net/if.h>
#include <netdb.h>
#include <netinet/in.h>
#include <netinet/tcp.h>
#include <poll.h>
#include <pwd.h>
#include <setjmp.h>
#include <sgtty.h>
#include <signal.h>
#include <stdbool.h>
#include <stdint.h>
#include <stdio.h>
#include <stdlib.h>
#include <string.h>
#include <strings.h>
#include <stropts.h>
#include <termio.h>
#include <termios.h>
#include <time.h>
#include <unistd.h>
#include <utime.h>
#include <stddef.h>
#include <dlfcn.h>
#include <malloc.h>
#include <memory.h>
#include <netinet/if_ether.h>
#include <stdint.h>
#include <sys/utsname.h>

int main(int argc, char** argv)
{
  (void)argv;
#ifndef strcmpi
  return ((int*)(&strcmpi))[argc];
#else
  (void)argc;
  return 0;
#endif
}
Determining if the strncmpi exist failed with the following output:
Change Dir: /home/wp2018/user/andythebreaker/andy/sound/cmake-3.18.0-rc2/CMakeFiles/CMakeTmp

Run Build Command(s):/usr/bin/make cmTC_cc5fc/fast && make  -f CMakeFiles/cmTC_cc5fc.dir/build.make CMakeFiles/cmTC_cc5fc.dir/build
make[1]: Entering directory '/home/wp2018/user/andythebreaker/andy/sound/cmake-3.18.0-rc2/CMakeFiles/CMakeTmp'
Building C object CMakeFiles/cmTC_cc5fc.dir/CheckSymbolExists.c.o
/usr/bin/gcc   -w  -std=gnu11 -o CMakeFiles/cmTC_cc5fc.dir/CheckSymbolExists.c.o -c /home/wp2018/user/andythebreaker/andy/sound/cmake-3.18.0-rc2/CMakeFiles/CMakeTmp/CheckSymbolExists.c
/home/wp2018/user/andythebreaker/andy/sound/cmake-3.18.0-rc2/CMakeFiles/CMakeTmp/CheckSymbolExists.c: In function ‘main’:
/home/wp2018/user/andythebreaker/andy/sound/cmake-3.18.0-rc2/CMakeFiles/CMakeTmp/CheckSymbolExists.c:59:19: error: ‘strncmpi’ undeclared (first use in this function); did you mean ‘strncmp’?
   return ((int*)(&strncmpi))[argc];
                   ^~~~~~~~
                   strncmp
/home/wp2018/user/andythebreaker/andy/sound/cmake-3.18.0-rc2/CMakeFiles/CMakeTmp/CheckSymbolExists.c:59:19: note: each undeclared identifier is reported only once for each function it appears in
CMakeFiles/cmTC_cc5fc.dir/build.make:85: recipe for target 'CMakeFiles/cmTC_cc5fc.dir/CheckSymbolExists.c.o' failed
make[1]: *** [CMakeFiles/cmTC_cc5fc.dir/CheckSymbolExists.c.o] Error 1
make[1]: Leaving directory '/home/wp2018/user/andythebreaker/andy/sound/cmake-3.18.0-rc2/CMakeFiles/CMakeTmp'
Makefile:141: recipe for target 'cmTC_cc5fc/fast' failed
make: *** [cmTC_cc5fc/fast] Error 2


File /home/wp2018/user/andythebreaker/andy/sound/cmake-3.18.0-rc2/CMakeFiles/CMakeTmp/CheckSymbolExists.c:
/* */
#include <stdio.h>
#include <inttypes.h>
#include <sys/ioctl.h>
#include <sys/param.h>
#include <sys/poll.h>
#include <sys/resource.h>
#include <sys/select.h>
#include <sys/socket.h>
#include <sys/stat.h>
#include <sys/time.h>
#include <sys/types.h>
#include <sys/uio.h>
#include <sys/un.h>
#include <sys/xattr.h>
#include <alloca.h>
#include <arpa/inet.h>
#include <arpa/tftp.h>
#include <assert.h>
#include <err.h>
#include <errno.h>
#include <fcntl.h>
#include <ifaddrs.h>
#include <libgen.h>
#include <locale.h>
#include <net/if.h>
#include <netdb.h>
#include <netinet/in.h>
#include <netinet/tcp.h>
#include <poll.h>
#include <pwd.h>
#include <setjmp.h>
#include <sgtty.h>
#include <signal.h>
#include <stdbool.h>
#include <stdint.h>
#include <stdio.h>
#include <stdlib.h>
#include <string.h>
#include <strings.h>
#include <stropts.h>
#include <termio.h>
#include <termios.h>
#include <time.h>
#include <unistd.h>
#include <utime.h>
#include <stddef.h>
#include <dlfcn.h>
#include <malloc.h>
#include <memory.h>
#include <netinet/if_ether.h>
#include <stdint.h>
#include <sys/utsname.h>

int main(int argc, char** argv)
{
  (void)argv;
#ifndef strncmpi
  return ((int*)(&strncmpi))[argc];
#else
  (void)argc;
  return 0;
#endif
}
Determining if the inet_ntoa_r exist failed with the following output:
Change Dir: /home/wp2018/user/andythebreaker/andy/sound/cmake-3.18.0-rc2/CMakeFiles/CMakeTmp

Run Build Command(s):/usr/bin/make cmTC_c8105/fast && make  -f CMakeFiles/cmTC_c8105.dir/build.make CMakeFiles/cmTC_c8105.dir/build
make[1]: Entering directory '/home/wp2018/user/andythebreaker/andy/sound/cmake-3.18.0-rc2/CMakeFiles/CMakeTmp'
Building C object CMakeFiles/cmTC_c8105.dir/CheckSymbolExists.c.o
/usr/bin/gcc   -w  -std=gnu11 -o CMakeFiles/cmTC_c8105.dir/CheckSymbolExists.c.o -c /home/wp2018/user/andythebreaker/andy/sound/cmake-3.18.0-rc2/CMakeFiles/CMakeTmp/CheckSymbolExists.c
/home/wp2018/user/andythebreaker/andy/sound/cmake-3.18.0-rc2/CMakeFiles/CMakeTmp/CheckSymbolExists.c: In function ‘main’:
/home/wp2018/user/andythebreaker/andy/sound/cmake-3.18.0-rc2/CMakeFiles/CMakeTmp/CheckSymbolExists.c:59:19: error: ‘inet_ntoa_r’ undeclared (first use in this function); did you mean ‘inet_ntoa’?
   return ((int*)(&inet_ntoa_r))[argc];
                   ^~~~~~~~~~~
                   inet_ntoa
/home/wp2018/user/andythebreaker/andy/sound/cmake-3.18.0-rc2/CMakeFiles/CMakeTmp/CheckSymbolExists.c:59:19: note: each undeclared identifier is reported only once for each function it appears in
CMakeFiles/cmTC_c8105.dir/build.make:85: recipe for target 'CMakeFiles/cmTC_c8105.dir/CheckSymbolExists.c.o' failed
make[1]: *** [CMakeFiles/cmTC_c8105.dir/CheckSymbolExists.c.o] Error 1
make[1]: Leaving directory '/home/wp2018/user/andythebreaker/andy/sound/cmake-3.18.0-rc2/CMakeFiles/CMakeTmp'
Makefile:141: recipe for target 'cmTC_c8105/fast' failed
make: *** [cmTC_c8105/fast] Error 2


File /home/wp2018/user/andythebreaker/andy/sound/cmake-3.18.0-rc2/CMakeFiles/CMakeTmp/CheckSymbolExists.c:
/* */
#include <stdio.h>
#include <inttypes.h>
#include <sys/ioctl.h>
#include <sys/param.h>
#include <sys/poll.h>
#include <sys/resource.h>
#include <sys/select.h>
#include <sys/socket.h>
#include <sys/stat.h>
#include <sys/time.h>
#include <sys/types.h>
#include <sys/uio.h>
#include <sys/un.h>
#include <sys/xattr.h>
#include <alloca.h>
#include <arpa/inet.h>
#include <arpa/tftp.h>
#include <assert.h>
#include <err.h>
#include <errno.h>
#include <fcntl.h>
#include <ifaddrs.h>
#include <libgen.h>
#include <locale.h>
#include <net/if.h>
#include <netdb.h>
#include <netinet/in.h>
#include <netinet/tcp.h>
#include <poll.h>
#include <pwd.h>
#include <setjmp.h>
#include <sgtty.h>
#include <signal.h>
#include <stdbool.h>
#include <stdint.h>
#include <stdio.h>
#include <stdlib.h>
#include <string.h>
#include <strings.h>
#include <stropts.h>
#include <termio.h>
#include <termios.h>
#include <time.h>
#include <unistd.h>
#include <utime.h>
#include <stddef.h>
#include <dlfcn.h>
#include <malloc.h>
#include <memory.h>
#include <netinet/if_ether.h>
#include <stdint.h>
#include <sys/utsname.h>

int main(int argc, char** argv)
{
  (void)argv;
#ifndef inet_ntoa_r
  return ((int*)(&inet_ntoa_r))[argc];
#else
  (void)argc;
  return 0;
#endif
}
Determining if the closesocket exist failed with the following output:
Change Dir: /home/wp2018/user/andythebreaker/andy/sound/cmake-3.18.0-rc2/CMakeFiles/CMakeTmp

Run Build Command(s):/usr/bin/make cmTC_62cdf/fast && make  -f CMakeFiles/cmTC_62cdf.dir/build.make CMakeFiles/cmTC_62cdf.dir/build
make[1]: Entering directory '/home/wp2018/user/andythebreaker/andy/sound/cmake-3.18.0-rc2/CMakeFiles/CMakeTmp'
Building C object CMakeFiles/cmTC_62cdf.dir/CheckSymbolExists.c.o
/usr/bin/gcc   -w  -std=gnu11 -o CMakeFiles/cmTC_62cdf.dir/CheckSymbolExists.c.o -c /home/wp2018/user/andythebreaker/andy/sound/cmake-3.18.0-rc2/CMakeFiles/CMakeTmp/CheckSymbolExists.c
/home/wp2018/user/andythebreaker/andy/sound/cmake-3.18.0-rc2/CMakeFiles/CMakeTmp/CheckSymbolExists.c: In function ‘main’:
/home/wp2018/user/andythebreaker/andy/sound/cmake-3.18.0-rc2/CMakeFiles/CMakeTmp/CheckSymbolExists.c:59:19: error: ‘closesocket’ undeclared (first use in this function); did you mean ‘socket’?
   return ((int*)(&closesocket))[argc];
                   ^~~~~~~~~~~
                   socket
/home/wp2018/user/andythebreaker/andy/sound/cmake-3.18.0-rc2/CMakeFiles/CMakeTmp/CheckSymbolExists.c:59:19: note: each undeclared identifier is reported only once for each function it appears in
CMakeFiles/cmTC_62cdf.dir/build.make:85: recipe for target 'CMakeFiles/cmTC_62cdf.dir/CheckSymbolExists.c.o' failed
make[1]: *** [CMakeFiles/cmTC_62cdf.dir/CheckSymbolExists.c.o] Error 1
make[1]: Leaving directory '/home/wp2018/user/andythebreaker/andy/sound/cmake-3.18.0-rc2/CMakeFiles/CMakeTmp'
Makefile:141: recipe for target 'cmTC_62cdf/fast' failed
make: *** [cmTC_62cdf/fast] Error 2


File /home/wp2018/user/andythebreaker/andy/sound/cmake-3.18.0-rc2/CMakeFiles/CMakeTmp/CheckSymbolExists.c:
/* */
#include <stdio.h>
#include <inttypes.h>
#include <sys/ioctl.h>
#include <sys/param.h>
#include <sys/poll.h>
#include <sys/resource.h>
#include <sys/select.h>
#include <sys/socket.h>
#include <sys/stat.h>
#include <sys/time.h>
#include <sys/types.h>
#include <sys/uio.h>
#include <sys/un.h>
#include <sys/xattr.h>
#include <alloca.h>
#include <arpa/inet.h>
#include <arpa/tftp.h>
#include <assert.h>
#include <err.h>
#include <errno.h>
#include <fcntl.h>
#include <ifaddrs.h>
#include <libgen.h>
#include <locale.h>
#include <net/if.h>
#include <netdb.h>
#include <netinet/in.h>
#include <netinet/tcp.h>
#include <poll.h>
#include <pwd.h>
#include <setjmp.h>
#include <sgtty.h>
#include <signal.h>
#include <stdbool.h>
#include <stdint.h>
#include <stdio.h>
#include <stdlib.h>
#include <string.h>
#include <strings.h>
#include <stropts.h>
#include <termio.h>
#include <termios.h>
#include <time.h>
#include <unistd.h>
#include <utime.h>
#include <stddef.h>
#include <dlfcn.h>
#include <malloc.h>
#include <memory.h>
#include <netinet/if_ether.h>
#include <stdint.h>
#include <sys/utsname.h>

int main(int argc, char** argv)
{
  (void)argv;
#ifndef closesocket
  return ((int*)(&closesocket))[argc];
#else
  (void)argc;
  return 0;
#endif
}
Determining if the getpass_r exist failed with the following output:
Change Dir: /home/wp2018/user/andythebreaker/andy/sound/cmake-3.18.0-rc2/CMakeFiles/CMakeTmp

Run Build Command(s):/usr/bin/make cmTC_90e11/fast && make  -f CMakeFiles/cmTC_90e11.dir/build.make CMakeFiles/cmTC_90e11.dir/build
make[1]: Entering directory '/home/wp2018/user/andythebreaker/andy/sound/cmake-3.18.0-rc2/CMakeFiles/CMakeTmp'
Building C object CMakeFiles/cmTC_90e11.dir/CheckSymbolExists.c.o
/usr/bin/gcc   -w  -std=gnu11 -o CMakeFiles/cmTC_90e11.dir/CheckSymbolExists.c.o -c /home/wp2018/user/andythebreaker/andy/sound/cmake-3.18.0-rc2/CMakeFiles/CMakeTmp/CheckSymbolExists.c
/home/wp2018/user/andythebreaker/andy/sound/cmake-3.18.0-rc2/CMakeFiles/CMakeTmp/CheckSymbolExists.c: In function ‘main’:
/home/wp2018/user/andythebreaker/andy/sound/cmake-3.18.0-rc2/CMakeFiles/CMakeTmp/CheckSymbolExists.c:59:19: error: ‘getpass_r’ undeclared (first use in this function); did you mean ‘getpass’?
   return ((int*)(&getpass_r))[argc];
                   ^~~~~~~~~
                   getpass
/home/wp2018/user/andythebreaker/andy/sound/cmake-3.18.0-rc2/CMakeFiles/CMakeTmp/CheckSymbolExists.c:59:19: note: each undeclared identifier is reported only once for each function it appears in
CMakeFiles/cmTC_90e11.dir/build.make:85: recipe for target 'CMakeFiles/cmTC_90e11.dir/CheckSymbolExists.c.o' failed
make[1]: *** [CMakeFiles/cmTC_90e11.dir/CheckSymbolExists.c.o] Error 1
make[1]: Leaving directory '/home/wp2018/user/andythebreaker/andy/sound/cmake-3.18.0-rc2/CMakeFiles/CMakeTmp'
Makefile:141: recipe for target 'cmTC_90e11/fast' failed
make: *** [cmTC_90e11/fast] Error 2


File /home/wp2018/user/andythebreaker/andy/sound/cmake-3.18.0-rc2/CMakeFiles/CMakeTmp/CheckSymbolExists.c:
/* */
#include <stdio.h>
#include <inttypes.h>
#include <sys/ioctl.h>
#include <sys/param.h>
#include <sys/poll.h>
#include <sys/resource.h>
#include <sys/select.h>
#include <sys/socket.h>
#include <sys/stat.h>
#include <sys/time.h>
#include <sys/types.h>
#include <sys/uio.h>
#include <sys/un.h>
#include <sys/xattr.h>
#include <alloca.h>
#include <arpa/inet.h>
#include <arpa/tftp.h>
#include <assert.h>
#include <err.h>
#include <errno.h>
#include <fcntl.h>
#include <ifaddrs.h>
#include <libgen.h>
#include <locale.h>
#include <net/if.h>
#include <netdb.h>
#include <netinet/in.h>
#include <netinet/tcp.h>
#include <poll.h>
#include <pwd.h>
#include <setjmp.h>
#include <sgtty.h>
#include <signal.h>
#include <stdbool.h>
#include <stdint.h>
#include <stdio.h>
#include <stdlib.h>
#include <string.h>
#include <strings.h>
#include <stropts.h>
#include <termio.h>
#include <termios.h>
#include <time.h>
#include <unistd.h>
#include <utime.h>
#include <stddef.h>
#include <dlfcn.h>
#include <malloc.h>
#include <memory.h>
#include <netinet/if_ether.h>
#include <stdint.h>
#include <sys/utsname.h>

int main(int argc, char** argv)
{
  (void)argv;
#ifndef getpass_r
  return ((int*)(&getpass_r))[argc];
#else
  (void)argc;
  return 0;
#endif
}
Determining if the strlcat exist failed with the following output:
Change Dir: /home/wp2018/user/andythebreaker/andy/sound/cmake-3.18.0-rc2/CMakeFiles/CMakeTmp

Run Build Command(s):/usr/bin/make cmTC_05b02/fast && make  -f CMakeFiles/cmTC_05b02.dir/build.make CMakeFiles/cmTC_05b02.dir/build
make[1]: Entering directory '/home/wp2018/user/andythebreaker/andy/sound/cmake-3.18.0-rc2/CMakeFiles/CMakeTmp'
Building C object CMakeFiles/cmTC_05b02.dir/CheckSymbolExists.c.o
/usr/bin/gcc   -w  -std=gnu11 -o CMakeFiles/cmTC_05b02.dir/CheckSymbolExists.c.o -c /home/wp2018/user/andythebreaker/andy/sound/cmake-3.18.0-rc2/CMakeFiles/CMakeTmp/CheckSymbolExists.c
/home/wp2018/user/andythebreaker/andy/sound/cmake-3.18.0-rc2/CMakeFiles/CMakeTmp/CheckSymbolExists.c: In function ‘main’:
/home/wp2018/user/andythebreaker/andy/sound/cmake-3.18.0-rc2/CMakeFiles/CMakeTmp/CheckSymbolExists.c:59:19: error: ‘strlcat’ undeclared (first use in this function); did you mean ‘strncat’?
   return ((int*)(&strlcat))[argc];
                   ^~~~~~~
                   strncat
/home/wp2018/user/andythebreaker/andy/sound/cmake-3.18.0-rc2/CMakeFiles/CMakeTmp/CheckSymbolExists.c:59:19: note: each undeclared identifier is reported only once for each function it appears in
CMakeFiles/cmTC_05b02.dir/build.make:85: recipe for target 'CMakeFiles/cmTC_05b02.dir/CheckSymbolExists.c.o' failed
make[1]: *** [CMakeFiles/cmTC_05b02.dir/CheckSymbolExists.c.o] Error 1
make[1]: Leaving directory '/home/wp2018/user/andythebreaker/andy/sound/cmake-3.18.0-rc2/CMakeFiles/CMakeTmp'
Makefile:141: recipe for target 'cmTC_05b02/fast' failed
make: *** [cmTC_05b02/fast] Error 2


File /home/wp2018/user/andythebreaker/andy/sound/cmake-3.18.0-rc2/CMakeFiles/CMakeTmp/CheckSymbolExists.c:
/* */
#include <stdio.h>
#include <inttypes.h>
#include <sys/ioctl.h>
#include <sys/param.h>
#include <sys/poll.h>
#include <sys/resource.h>
#include <sys/select.h>
#include <sys/socket.h>
#include <sys/stat.h>
#include <sys/time.h>
#include <sys/types.h>
#include <sys/uio.h>
#include <sys/un.h>
#include <sys/xattr.h>
#include <alloca.h>
#include <arpa/inet.h>
#include <arpa/tftp.h>
#include <assert.h>
#include <err.h>
#include <errno.h>
#include <fcntl.h>
#include <ifaddrs.h>
#include <libgen.h>
#include <locale.h>
#include <net/if.h>
#include <netdb.h>
#include <netinet/in.h>
#include <netinet/tcp.h>
#include <poll.h>
#include <pwd.h>
#include <setjmp.h>
#include <sgtty.h>
#include <signal.h>
#include <stdbool.h>
#include <stdint.h>
#include <stdio.h>
#include <stdlib.h>
#include <string.h>
#include <strings.h>
#include <stropts.h>
#include <termio.h>
#include <termios.h>
#include <time.h>
#include <unistd.h>
#include <utime.h>
#include <stddef.h>
#include <dlfcn.h>
#include <malloc.h>
#include <memory.h>
#include <netinet/if_ether.h>
#include <stdint.h>
#include <sys/utsname.h>

int main(int argc, char** argv)
{
  (void)argv;
#ifndef strlcat
  return ((int*)(&strlcat))[argc];
#else
  (void)argc;
  return 0;
#endif
}
Determining if the _strtoi64 exist failed with the following output:
Change Dir: /home/wp2018/user/andythebreaker/andy/sound/cmake-3.18.0-rc2/CMakeFiles/CMakeTmp

Run Build Command(s):/usr/bin/make cmTC_1f14b/fast && make  -f CMakeFiles/cmTC_1f14b.dir/build.make CMakeFiles/cmTC_1f14b.dir/build
make[1]: Entering directory '/home/wp2018/user/andythebreaker/andy/sound/cmake-3.18.0-rc2/CMakeFiles/CMakeTmp'
Building C object CMakeFiles/cmTC_1f14b.dir/CheckSymbolExists.c.o
/usr/bin/gcc   -w  -std=gnu11 -o CMakeFiles/cmTC_1f14b.dir/CheckSymbolExists.c.o -c /home/wp2018/user/andythebreaker/andy/sound/cmake-3.18.0-rc2/CMakeFiles/CMakeTmp/CheckSymbolExists.c
/home/wp2018/user/andythebreaker/andy/sound/cmake-3.18.0-rc2/CMakeFiles/CMakeTmp/CheckSymbolExists.c: In function ‘main’:
/home/wp2018/user/andythebreaker/andy/sound/cmake-3.18.0-rc2/CMakeFiles/CMakeTmp/CheckSymbolExists.c:59:19: error: ‘_strtoi64’ undeclared (first use in this function); did you mean ‘strtoull’?
   return ((int*)(&_strtoi64))[argc];
                   ^~~~~~~~~
                   strtoull
/home/wp2018/user/andythebreaker/andy/sound/cmake-3.18.0-rc2/CMakeFiles/CMakeTmp/CheckSymbolExists.c:59:19: note: each undeclared identifier is reported only once for each function it appears in
CMakeFiles/cmTC_1f14b.dir/build.make:85: recipe for target 'CMakeFiles/cmTC_1f14b.dir/CheckSymbolExists.c.o' failed
make[1]: *** [CMakeFiles/cmTC_1f14b.dir/CheckSymbolExists.c.o] Error 1
make[1]: Leaving directory '/home/wp2018/user/andythebreaker/andy/sound/cmake-3.18.0-rc2/CMakeFiles/CMakeTmp'
Makefile:141: recipe for target 'cmTC_1f14b/fast' failed
make: *** [cmTC_1f14b/fast] Error 2


File /home/wp2018/user/andythebreaker/andy/sound/cmake-3.18.0-rc2/CMakeFiles/CMakeTmp/CheckSymbolExists.c:
/* */
#include <stdio.h>
#include <inttypes.h>
#include <sys/ioctl.h>
#include <sys/param.h>
#include <sys/poll.h>
#include <sys/resource.h>
#include <sys/select.h>
#include <sys/socket.h>
#include <sys/stat.h>
#include <sys/time.h>
#include <sys/types.h>
#include <sys/uio.h>
#include <sys/un.h>
#include <sys/xattr.h>
#include <alloca.h>
#include <arpa/inet.h>
#include <arpa/tftp.h>
#include <assert.h>
#include <err.h>
#include <errno.h>
#include <fcntl.h>
#include <ifaddrs.h>
#include <libgen.h>
#include <locale.h>
#include <net/if.h>
#include <netdb.h>
#include <netinet/in.h>
#include <netinet/tcp.h>
#include <poll.h>
#include <pwd.h>
#include <setjmp.h>
#include <sgtty.h>
#include <signal.h>
#include <stdbool.h>
#include <stdint.h>
#include <stdio.h>
#include <stdlib.h>
#include <string.h>
#include <strings.h>
#include <stropts.h>
#include <termio.h>
#include <termios.h>
#include <time.h>
#include <unistd.h>
#include <utime.h>
#include <stddef.h>
#include <dlfcn.h>
#include <malloc.h>
#include <memory.h>
#include <netinet/if_ether.h>
#include <stdint.h>
#include <sys/utsname.h>

int main(int argc, char** argv)
{
  (void)argv;
#ifndef _strtoi64
  return ((int*)(&_strtoi64))[argc];
#else
  (void)argc;
  return 0;
#endif
}
Determining if the setmode exist failed with the following output:
Change Dir: /home/wp2018/user/andythebreaker/andy/sound/cmake-3.18.0-rc2/CMakeFiles/CMakeTmp

Run Build Command(s):/usr/bin/make cmTC_46209/fast && make  -f CMakeFiles/cmTC_46209.dir/build.make CMakeFiles/cmTC_46209.dir/build
make[1]: Entering directory '/home/wp2018/user/andythebreaker/andy/sound/cmake-3.18.0-rc2/CMakeFiles/CMakeTmp'
Building C object CMakeFiles/cmTC_46209.dir/CheckSymbolExists.c.o
/usr/bin/gcc   -w  -std=gnu11 -o CMakeFiles/cmTC_46209.dir/CheckSymbolExists.c.o -c /home/wp2018/user/andythebreaker/andy/sound/cmake-3.18.0-rc2/CMakeFiles/CMakeTmp/CheckSymbolExists.c
/home/wp2018/user/andythebreaker/andy/sound/cmake-3.18.0-rc2/CMakeFiles/CMakeTmp/CheckSymbolExists.c: In function ‘main’:
/home/wp2018/user/andythebreaker/andy/sound/cmake-3.18.0-rc2/CMakeFiles/CMakeTmp/CheckSymbolExists.c:59:19: error: ‘setmode’ undeclared (first use in this function); did you mean ‘setgid’?
   return ((int*)(&setmode))[argc];
                   ^~~~~~~
                   setgid
/home/wp2018/user/andythebreaker/andy/sound/cmake-3.18.0-rc2/CMakeFiles/CMakeTmp/CheckSymbolExists.c:59:19: note: each undeclared identifier is reported only once for each function it appears in
CMakeFiles/cmTC_46209.dir/build.make:85: recipe for target 'CMakeFiles/cmTC_46209.dir/CheckSymbolExists.c.o' failed
make[1]: *** [CMakeFiles/cmTC_46209.dir/CheckSymbolExists.c.o] Error 1
make[1]: Leaving directory '/home/wp2018/user/andythebreaker/andy/sound/cmake-3.18.0-rc2/CMakeFiles/CMakeTmp'
Makefile:141: recipe for target 'cmTC_46209/fast' failed
make: *** [cmTC_46209/fast] Error 2


File /home/wp2018/user/andythebreaker/andy/sound/cmake-3.18.0-rc2/CMakeFiles/CMakeTmp/CheckSymbolExists.c:
/* */
#include <stdio.h>
#include <inttypes.h>
#include <sys/ioctl.h>
#include <sys/param.h>
#include <sys/poll.h>
#include <sys/resource.h>
#include <sys/select.h>
#include <sys/socket.h>
#include <sys/stat.h>
#include <sys/time.h>
#include <sys/types.h>
#include <sys/uio.h>
#include <sys/un.h>
#include <sys/xattr.h>
#include <alloca.h>
#include <arpa/inet.h>
#include <arpa/tftp.h>
#include <assert.h>
#include <err.h>
#include <errno.h>
#include <fcntl.h>
#include <ifaddrs.h>
#include <libgen.h>
#include <locale.h>
#include <net/if.h>
#include <netdb.h>
#include <netinet/in.h>
#include <netinet/tcp.h>
#include <poll.h>
#include <pwd.h>
#include <setjmp.h>
#include <sgtty.h>
#include <signal.h>
#include <stdbool.h>
#include <stdint.h>
#include <stdio.h>
#include <stdlib.h>
#include <string.h>
#include <strings.h>
#include <stropts.h>
#include <termio.h>
#include <termios.h>
#include <time.h>
#include <unistd.h>
#include <utime.h>
#include <stddef.h>
#include <dlfcn.h>
#include <malloc.h>
#include <memory.h>
#include <netinet/if_ether.h>
#include <stdint.h>
#include <sys/utsname.h>

int main(int argc, char** argv)
{
  (void)argv;
#ifndef setmode
  return ((int*)(&setmode))[argc];
#else
  (void)argc;
  return 0;
#endif
}
Determining if the function mach_absolute_time exists failed with the following output:
Change Dir: /home/wp2018/user/andythebreaker/andy/sound/cmake-3.18.0-rc2/CMakeFiles/CMakeTmp

Run Build Command(s):/usr/bin/make cmTC_8c570/fast && make  -f CMakeFiles/cmTC_8c570.dir/build.make CMakeFiles/cmTC_8c570.dir/build
make[1]: Entering directory '/home/wp2018/user/andythebreaker/andy/sound/cmake-3.18.0-rc2/CMakeFiles/CMakeTmp'
Building C object CMakeFiles/cmTC_8c570.dir/CheckFunctionExists.c.o
/usr/bin/gcc   -w -DCHECK_FUNCTION_EXISTS=mach_absolute_time -std=gnu11 -o CMakeFiles/cmTC_8c570.dir/CheckFunctionExists.c.o -c /home/wp2018/user/andythebreaker/andy/sound/cmake-3.18.0-rc2/Modules/CheckFunctionExists.c
Linking C executable cmTC_8c570
/home/wp2018/user/andythebreaker/andy/sound/cmake-3.18.0-rc2/Bootstrap.cmk/cmake -E cmake_link_script CMakeFiles/cmTC_8c570.dir/link.txt --verbose=1
/usr/bin/gcc   -w -DCHECK_FUNCTION_EXISTS=mach_absolute_time CMakeFiles/cmTC_8c570.dir/CheckFunctionExists.c.o -o cmTC_8c570 
CMakeFiles/cmTC_8c570.dir/CheckFunctionExists.c.o: In function `main':
CheckFunctionExists.c:(.text+0x10): undefined reference to `mach_absolute_time'
collect2: error: ld returned 1 exit status
CMakeFiles/cmTC_8c570.dir/build.make:106: recipe for target 'cmTC_8c570' failed
make[1]: *** [cmTC_8c570] Error 1
make[1]: Leaving directory '/home/wp2018/user/andythebreaker/andy/sound/cmake-3.18.0-rc2/CMakeFiles/CMakeTmp'
Makefile:141: recipe for target 'cmTC_8c570/fast' failed
make: *** [cmTC_8c570/fast] Error 2



Performing Curl Test HAVE_FSETXATTR_6 failed with the following output:
Change Dir: /home/wp2018/user/andythebreaker/andy/sound/cmake-3.18.0-rc2/CMakeFiles/CMakeTmp

Run Build Command(s):/usr/bin/make cmTC_34050/fast && make  -f CMakeFiles/cmTC_34050.dir/build.make CMakeFiles/cmTC_34050.dir/build
make[1]: Entering directory '/home/wp2018/user/andythebreaker/andy/sound/cmake-3.18.0-rc2/CMakeFiles/CMakeTmp'
Building C object CMakeFiles/cmTC_34050.dir/CurlTests.c.o
/usr/bin/gcc   -w -DHAVE_FSETXATTR_6  -DHAVE_STDIO_H -DHAVE_INTTYPES_H -DHAVE_SYS_IOCTL_H -DHAVE_SYS_PARAM_H -DHAVE_SYS_POLL_H -DHAVE_SYS_RESOURCE_H -DHAVE_SYS_SELECT_H -DHAVE_SYS_SOCKET_H -DHAVE_SYS_STAT_H -DHAVE_SYS_TIME_H -DHAVE_SYS_TYPES_H -DHAVE_SYS_UIO_H -DHAVE_SYS_UN_H -DHAVE_SYS_XATTR_H -DHAVE_ALLOCA_H -DHAVE_ARPA_INET_H -DHAVE_ARPA_TFTP_H -DHAVE_ASSERT_H -DHAVE_ERR_H -DHAVE_ERRNO_H -DHAVE_FCNTL_H -DHAVE_IFADDRS_H -DHAVE_LIBGEN_H -DHAVE_LOCALE_H -DHAVE_NET_IF_H -DHAVE_NETDB_H -DHAVE_NETINET_IN_H -DHAVE_NETINET_TCP_H -DHAVE_POLL_H -DHAVE_PWD_H -DHAVE_SETJMP_H -DHAVE_SGTTY_H -DHAVE_SIGNAL_H -DHAVE_STDBOOL_H -DHAVE_STDINT_H -DHAVE_STDIO_H -DHAVE_STDLIB_H -DHAVE_STRING_H -DHAVE_STRINGS_H -DHAVE_STROPTS_H -DHAVE_TERMIO_H -DHAVE_TERMIOS_H -DHAVE_TIME_H -DHAVE_UNISTD_H -DHAVE_UTIME_H -DHAVE_STDDEF_H -DHAVE_DLFCN_H -DHAVE_MALLOC_H -DHAVE_MEMORY_H -DHAVE_NETINET_IF_ETHER_H -DHAVE_STDINT_H -DHAVE_SYS_UTSNAME_H -std=gnu11 -o CMakeFiles/cmTC_34050.dir/CurlTests.c.o -c /home/wp2018/user/andythebreaker/andy/sound/cmake-3.18.0-rc2/Utilities/cmcurl/CMake/CurlTests.c
/home/wp2018/user/andythebreaker/andy/sound/cmake-3.18.0-rc2/Utilities/cmcurl/CMake/CurlTests.c: In function ‘main’:
/home/wp2018/user/andythebreaker/andy/sound/cmake-3.18.0-rc2/Utilities/cmcurl/CMake/CurlTests.c:544:3: error: too many arguments to function ‘fsetxattr’
   fsetxattr(0, 0, 0, 0, 0, 0);
   ^~~~~~~~~
In file included from /home/wp2018/user/andythebreaker/andy/sound/cmake-3.18.0-rc2/Utilities/cmcurl/CMake/CurlTests.c:541:0:
/usr/include/x86_64-linux-gnu/sys/xattr.h:54:12: note: declared here
 extern int fsetxattr (int __fd, const char *__name, const void *__value,
            ^~~~~~~~~
CMakeFiles/cmTC_34050.dir/build.make:85: recipe for target 'CMakeFiles/cmTC_34050.dir/CurlTests.c.o' failed
make[1]: *** [CMakeFiles/cmTC_34050.dir/CurlTests.c.o] Error 1
make[1]: Leaving directory '/home/wp2018/user/andythebreaker/andy/sound/cmake-3.18.0-rc2/CMakeFiles/CMakeTmp'
Makefile:141: recipe for target 'cmTC_34050/fast' failed
make: *** [cmTC_34050/fast] Error 2


Performing Curl Test HAVE_IOCTLSOCKET failed with the following output:
Change Dir: /home/wp2018/user/andythebreaker/andy/sound/cmake-3.18.0-rc2/CMakeFiles/CMakeTmp

Run Build Command(s):/usr/bin/make cmTC_8d0ec/fast && make  -f CMakeFiles/cmTC_8d0ec.dir/build.make CMakeFiles/cmTC_8d0ec.dir/build
make[1]: Entering directory '/home/wp2018/user/andythebreaker/andy/sound/cmake-3.18.0-rc2/CMakeFiles/CMakeTmp'
Building C object CMakeFiles/cmTC_8d0ec.dir/CurlTests.c.o
/usr/bin/gcc   -w -DHAVE_IOCTLSOCKET  -DHAVE_STDIO_H -DHAVE_INTTYPES_H -DHAVE_SYS_IOCTL_H -DHAVE_SYS_PARAM_H -DHAVE_SYS_POLL_H -DHAVE_SYS_RESOURCE_H -DHAVE_SYS_SELECT_H -DHAVE_SYS_SOCKET_H -DHAVE_SYS_STAT_H -DHAVE_SYS_TIME_H -DHAVE_SYS_TYPES_H -DHAVE_SYS_UIO_H -DHAVE_SYS_UN_H -DHAVE_SYS_XATTR_H -DHAVE_ALLOCA_H -DHAVE_ARPA_INET_H -DHAVE_ARPA_TFTP_H -DHAVE_ASSERT_H -DHAVE_ERR_H -DHAVE_ERRNO_H -DHAVE_FCNTL_H -DHAVE_IFADDRS_H -DHAVE_LIBGEN_H -DHAVE_LOCALE_H -DHAVE_NET_IF_H -DHAVE_NETDB_H -DHAVE_NETINET_IN_H -DHAVE_NETINET_TCP_H -DHAVE_POLL_H -DHAVE_PWD_H -DHAVE_SETJMP_H -DHAVE_SGTTY_H -DHAVE_SIGNAL_H -DHAVE_STDBOOL_H -DHAVE_STDINT_H -DHAVE_STDIO_H -DHAVE_STDLIB_H -DHAVE_STRING_H -DHAVE_STRINGS_H -DHAVE_STROPTS_H -DHAVE_TERMIO_H -DHAVE_TERMIOS_H -DHAVE_TIME_H -DHAVE_UNISTD_H -DHAVE_UTIME_H -DHAVE_STDDEF_H -DHAVE_DLFCN_H -DHAVE_MALLOC_H -DHAVE_MEMORY_H -DHAVE_NETINET_IF_ETHER_H -DHAVE_STDINT_H -DHAVE_SYS_UTSNAME_H -std=gnu11 -o CMakeFiles/cmTC_8d0ec.dir/CurlTests.c.o -c /home/wp2018/user/andythebreaker/andy/sound/cmake-3.18.0-rc2/Utilities/cmcurl/CMake/CurlTests.c
/home/wp2018/user/andythebreaker/andy/sound/cmake-3.18.0-rc2/Utilities/cmcurl/CMake/CurlTests.c: In function ‘main’:
/home/wp2018/user/andythebreaker/andy/sound/cmake-3.18.0-rc2/Utilities/cmcurl/CMake/CurlTests.c:326:44: error: ‘FIONBIO’ undeclared (first use in this function)
  unsigned long flags = ioctlsocket(socket, FIONBIO, &flags);
                                            ^~~~~~~
/home/wp2018/user/andythebreaker/andy/sound/cmake-3.18.0-rc2/Utilities/cmcurl/CMake/CurlTests.c:326:44: note: each undeclared identifier is reported only once for each function it appears in
CMakeFiles/cmTC_8d0ec.dir/build.make:85: recipe for target 'CMakeFiles/cmTC_8d0ec.dir/CurlTests.c.o' failed
make[1]: *** [CMakeFiles/cmTC_8d0ec.dir/CurlTests.c.o] Error 1
make[1]: Leaving directory '/home/wp2018/user/andythebreaker/andy/sound/cmake-3.18.0-rc2/CMakeFiles/CMakeTmp'
Makefile:141: recipe for target 'cmTC_8d0ec/fast' failed
make: *** [cmTC_8d0ec/fast] Error 2


Performing Curl Test HAVE_IOCTLSOCKET_CAMEL failed with the following output:
Change Dir: /home/wp2018/user/andythebreaker/andy/sound/cmake-3.18.0-rc2/CMakeFiles/CMakeTmp

Run Build Command(s):/usr/bin/make cmTC_6c809/fast && make  -f CMakeFiles/cmTC_6c809.dir/build.make CMakeFiles/cmTC_6c809.dir/build
make[1]: Entering directory '/home/wp2018/user/andythebreaker/andy/sound/cmake-3.18.0-rc2/CMakeFiles/CMakeTmp'
Building C object CMakeFiles/cmTC_6c809.dir/CurlTests.c.o
/usr/bin/gcc   -w -DHAVE_IOCTLSOCKET_CAMEL  -DHAVE_STDIO_H -DHAVE_INTTYPES_H -DHAVE_SYS_IOCTL_H -DHAVE_SYS_PARAM_H -DHAVE_SYS_POLL_H -DHAVE_SYS_RESOURCE_H -DHAVE_SYS_SELECT_H -DHAVE_SYS_SOCKET_H -DHAVE_SYS_STAT_H -DHAVE_SYS_TIME_H -DHAVE_SYS_TYPES_H -DHAVE_SYS_UIO_H -DHAVE_SYS_UN_H -DHAVE_SYS_XATTR_H -DHAVE_ALLOCA_H -DHAVE_ARPA_INET_H -DHAVE_ARPA_TFTP_H -DHAVE_ASSERT_H -DHAVE_ERR_H -DHAVE_ERRNO_H -DHAVE_FCNTL_H -DHAVE_IFADDRS_H -DHAVE_LIBGEN_H -DHAVE_LOCALE_H -DHAVE_NET_IF_H -DHAVE_NETDB_H -DHAVE_NETINET_IN_H -DHAVE_NETINET_TCP_H -DHAVE_POLL_H -DHAVE_PWD_H -DHAVE_SETJMP_H -DHAVE_SGTTY_H -DHAVE_SIGNAL_H -DHAVE_STDBOOL_H -DHAVE_STDINT_H -DHAVE_STDIO_H -DHAVE_STDLIB_H -DHAVE_STRING_H -DHAVE_STRINGS_H -DHAVE_STROPTS_H -DHAVE_TERMIO_H -DHAVE_TERMIOS_H -DHAVE_TIME_H -DHAVE_UNISTD_H -DHAVE_UTIME_H -DHAVE_STDDEF_H -DHAVE_DLFCN_H -DHAVE_MALLOC_H -DHAVE_MEMORY_H -DHAVE_NETINET_IF_ETHER_H -DHAVE_STDINT_H -DHAVE_SYS_UTSNAME_H -std=gnu11 -o CMakeFiles/cmTC_6c809.dir/CurlTests.c.o -c /home/wp2018/user/andythebreaker/andy/sound/cmake-3.18.0-rc2/Utilities/cmcurl/CMake/CurlTests.c
Linking C executable cmTC_6c809
/home/wp2018/user/andythebreaker/andy/sound/cmake-3.18.0-rc2/Bootstrap.cmk/cmake -E cmake_link_script CMakeFiles/cmTC_6c809.dir/link.txt --verbose=1
/usr/bin/gcc   -w -DHAVE_IOCTLSOCKET_CAMEL  -DHAVE_STDIO_H -DHAVE_INTTYPES_H -DHAVE_SYS_IOCTL_H -DHAVE_SYS_PARAM_H -DHAVE_SYS_POLL_H -DHAVE_SYS_RESOURCE_H -DHAVE_SYS_SELECT_H -DHAVE_SYS_SOCKET_H -DHAVE_SYS_STAT_H -DHAVE_SYS_TIME_H -DHAVE_SYS_TYPES_H -DHAVE_SYS_UIO_H -DHAVE_SYS_UN_H -DHAVE_SYS_XATTR_H -DHAVE_ALLOCA_H -DHAVE_ARPA_INET_H -DHAVE_ARPA_TFTP_H -DHAVE_ASSERT_H -DHAVE_ERR_H -DHAVE_ERRNO_H -DHAVE_FCNTL_H -DHAVE_IFADDRS_H -DHAVE_LIBGEN_H -DHAVE_LOCALE_H -DHAVE_NET_IF_H -DHAVE_NETDB_H -DHAVE_NETINET_IN_H -DHAVE_NETINET_TCP_H -DHAVE_POLL_H -DHAVE_PWD_H -DHAVE_SETJMP_H -DHAVE_SGTTY_H -DHAVE_SIGNAL_H -DHAVE_STDBOOL_H -DHAVE_STDINT_H -DHAVE_STDIO_H -DHAVE_STDLIB_H -DHAVE_STRING_H -DHAVE_STRINGS_H -DHAVE_STROPTS_H -DHAVE_TERMIO_H -DHAVE_TERMIOS_H -DHAVE_TIME_H -DHAVE_UNISTD_H -DHAVE_UTIME_H -DHAVE_STDDEF_H -DHAVE_DLFCN_H -DHAVE_MALLOC_H -DHAVE_MEMORY_H -DHAVE_NETINET_IF_ETHER_H -DHAVE_STDINT_H -DHAVE_SYS_UTSNAME_H CMakeFiles/cmTC_6c809.dir/CurlTests.c.o -o cmTC_6c809 
CMakeFiles/cmTC_6c809.dir/CurlTests.c.o: In function `main':
CurlTests.c:(.text+0x19): undefined reference to `IoctlSocket'
collect2: error: ld returned 1 exit status
CMakeFiles/cmTC_6c809.dir/build.make:106: recipe for target 'cmTC_6c809' failed
make[1]: *** [cmTC_6c809] Error 1
make[1]: Leaving directory '/home/wp2018/user/andythebreaker/andy/sound/cmake-3.18.0-rc2/CMakeFiles/CMakeTmp'
Makefile:141: recipe for target 'cmTC_6c809/fast' failed
make: *** [cmTC_6c809/fast] Error 2


Performing Curl Test HAVE_IOCTLSOCKET_CAMEL_FIONBIO failed with the following output:
Change Dir: /home/wp2018/user/andythebreaker/andy/sound/cmake-3.18.0-rc2/CMakeFiles/CMakeTmp

Run Build Command(s):/usr/bin/make cmTC_256f4/fast && make  -f CMakeFiles/cmTC_256f4.dir/build.make CMakeFiles/cmTC_256f4.dir/build
make[1]: Entering directory '/home/wp2018/user/andythebreaker/andy/sound/cmake-3.18.0-rc2/CMakeFiles/CMakeTmp'
Building C object CMakeFiles/cmTC_256f4.dir/CurlTests.c.o
/usr/bin/gcc   -w -DHAVE_IOCTLSOCKET_CAMEL_FIONBIO  -DHAVE_STDIO_H -DHAVE_INTTYPES_H -DHAVE_SYS_IOCTL_H -DHAVE_SYS_PARAM_H -DHAVE_SYS_POLL_H -DHAVE_SYS_RESOURCE_H -DHAVE_SYS_SELECT_H -DHAVE_SYS_SOCKET_H -DHAVE_SYS_STAT_H -DHAVE_SYS_TIME_H -DHAVE_SYS_TYPES_H -DHAVE_SYS_UIO_H -DHAVE_SYS_UN_H -DHAVE_SYS_XATTR_H -DHAVE_ALLOCA_H -DHAVE_ARPA_INET_H -DHAVE_ARPA_TFTP_H -DHAVE_ASSERT_H -DHAVE_ERR_H -DHAVE_ERRNO_H -DHAVE_FCNTL_H -DHAVE_IFADDRS_H -DHAVE_LIBGEN_H -DHAVE_LOCALE_H -DHAVE_NET_IF_H -DHAVE_NETDB_H -DHAVE_NETINET_IN_H -DHAVE_NETINET_TCP_H -DHAVE_POLL_H -DHAVE_PWD_H -DHAVE_SETJMP_H -DHAVE_SGTTY_H -DHAVE_SIGNAL_H -DHAVE_STDBOOL_H -DHAVE_STDINT_H -DHAVE_STDIO_H -DHAVE_STDLIB_H -DHAVE_STRING_H -DHAVE_STRINGS_H -DHAVE_STROPTS_H -DHAVE_TERMIO_H -DHAVE_TERMIOS_H -DHAVE_TIME_H -DHAVE_UNISTD_H -DHAVE_UTIME_H -DHAVE_STDDEF_H -DHAVE_DLFCN_H -DHAVE_MALLOC_H -DHAVE_MEMORY_H -DHAVE_NETINET_IF_ETHER_H -DHAVE_STDINT_H -DHAVE_SYS_UTSNAME_H -std=gnu11 -o CMakeFiles/cmTC_256f4.dir/CurlTests.c.o -c /home/wp2018/user/andythebreaker/andy/sound/cmake-3.18.0-rc2/Utilities/cmcurl/CMake/CurlTests.c
/home/wp2018/user/andythebreaker/andy/sound/cmake-3.18.0-rc2/Utilities/cmcurl/CMake/CurlTests.c: In function ‘main’:
/home/wp2018/user/andythebreaker/andy/sound/cmake-3.18.0-rc2/Utilities/cmcurl/CMake/CurlTests.c:382:32: error: ‘FIONBIO’ undeclared (first use in this function)
         if(0 != ioctlsocket(0, FIONBIO, &flags))
                                ^~~~~~~
/home/wp2018/user/andythebreaker/andy/sound/cmake-3.18.0-rc2/Utilities/cmcurl/CMake/CurlTests.c:382:32: note: each undeclared identifier is reported only once for each function it appears in
CMakeFiles/cmTC_256f4.dir/build.make:85: recipe for target 'CMakeFiles/cmTC_256f4.dir/CurlTests.c.o' failed
make[1]: *** [CMakeFiles/cmTC_256f4.dir/CurlTests.c.o] Error 1
make[1]: Leaving directory '/home/wp2018/user/andythebreaker/andy/sound/cmake-3.18.0-rc2/CMakeFiles/CMakeTmp'
Makefile:141: recipe for target 'cmTC_256f4/fast' failed
make: *** [cmTC_256f4/fast] Error 2


Performing Curl Test HAVE_IOCTLSOCKET_FIONBIO failed with the following output:
Change Dir: /home/wp2018/user/andythebreaker/andy/sound/cmake-3.18.0-rc2/CMakeFiles/CMakeTmp

Run Build Command(s):/usr/bin/make cmTC_d62db/fast && make  -f CMakeFiles/cmTC_d62db.dir/build.make CMakeFiles/cmTC_d62db.dir/build
make[1]: Entering directory '/home/wp2018/user/andythebreaker/andy/sound/cmake-3.18.0-rc2/CMakeFiles/CMakeTmp'
Building C object CMakeFiles/cmTC_d62db.dir/CurlTests.c.o
/usr/bin/gcc   -w -DHAVE_IOCTLSOCKET_FIONBIO  -DHAVE_STDIO_H -DHAVE_INTTYPES_H -DHAVE_SYS_IOCTL_H -DHAVE_SYS_PARAM_H -DHAVE_SYS_POLL_H -DHAVE_SYS_RESOURCE_H -DHAVE_SYS_SELECT_H -DHAVE_SYS_SOCKET_H -DHAVE_SYS_STAT_H -DHAVE_SYS_TIME_H -DHAVE_SYS_TYPES_H -DHAVE_SYS_UIO_H -DHAVE_SYS_UN_H -DHAVE_SYS_XATTR_H -DHAVE_ALLOCA_H -DHAVE_ARPA_INET_H -DHAVE_ARPA_TFTP_H -DHAVE_ASSERT_H -DHAVE_ERR_H -DHAVE_ERRNO_H -DHAVE_FCNTL_H -DHAVE_IFADDRS_H -DHAVE_LIBGEN_H -DHAVE_LOCALE_H -DHAVE_NET_IF_H -DHAVE_NETDB_H -DHAVE_NETINET_IN_H -DHAVE_NETINET_TCP_H -DHAVE_POLL_H -DHAVE_PWD_H -DHAVE_SETJMP_H -DHAVE_SGTTY_H -DHAVE_SIGNAL_H -DHAVE_STDBOOL_H -DHAVE_STDINT_H -DHAVE_STDIO_H -DHAVE_STDLIB_H -DHAVE_STRING_H -DHAVE_STRINGS_H -DHAVE_STROPTS_H -DHAVE_TERMIO_H -DHAVE_TERMIOS_H -DHAVE_TIME_H -DHAVE_UNISTD_H -DHAVE_UTIME_H -DHAVE_STDDEF_H -DHAVE_DLFCN_H -DHAVE_MALLOC_H -DHAVE_MEMORY_H -DHAVE_NETINET_IF_ETHER_H -DHAVE_STDINT_H -DHAVE_SYS_UTSNAME_H -std=gnu11 -o CMakeFiles/cmTC_d62db.dir/CurlTests.c.o -c /home/wp2018/user/andythebreaker/andy/sound/cmake-3.18.0-rc2/Utilities/cmcurl/CMake/CurlTests.c
/home/wp2018/user/andythebreaker/andy/sound/cmake-3.18.0-rc2/Utilities/cmcurl/CMake/CurlTests.c: In function ‘main’:
/home/wp2018/user/andythebreaker/andy/sound/cmake-3.18.0-rc2/Utilities/cmcurl/CMake/CurlTests.c:409:32: error: ‘FIONBIO’ undeclared (first use in this function)
         if(0 != ioctlsocket(0, FIONBIO, &flags))
                                ^~~~~~~
/home/wp2018/user/andythebreaker/andy/sound/cmake-3.18.0-rc2/Utilities/cmcurl/CMake/CurlTests.c:409:32: note: each undeclared identifier is reported only once for each function it appears in
CMakeFiles/cmTC_d62db.dir/build.make:85: recipe for target 'CMakeFiles/cmTC_d62db.dir/CurlTests.c.o' failed
make[1]: *** [CMakeFiles/cmTC_d62db.dir/CurlTests.c.o] Error 1
make[1]: Leaving directory '/home/wp2018/user/andythebreaker/andy/sound/cmake-3.18.0-rc2/CMakeFiles/CMakeTmp'
Makefile:141: recipe for target 'cmTC_d62db/fast' failed
make: *** [cmTC_d62db/fast] Error 2


Performing Curl Test HAVE_SETSOCKOPT_SO_NONBLOCK failed with the following output:
Change Dir: /home/wp2018/user/andythebreaker/andy/sound/cmake-3.18.0-rc2/CMakeFiles/CMakeTmp

Run Build Command(s):/usr/bin/make cmTC_fd0d7/fast && make  -f CMakeFiles/cmTC_fd0d7.dir/build.make CMakeFiles/cmTC_fd0d7.dir/build
make[1]: Entering directory '/home/wp2018/user/andythebreaker/andy/sound/cmake-3.18.0-rc2/CMakeFiles/CMakeTmp'
Building C object CMakeFiles/cmTC_fd0d7.dir/CurlTests.c.o
/usr/bin/gcc   -w -DHAVE_SETSOCKOPT_SO_NONBLOCK  -DHAVE_STDIO_H -DHAVE_INTTYPES_H -DHAVE_SYS_IOCTL_H -DHAVE_SYS_PARAM_H -DHAVE_SYS_POLL_H -DHAVE_SYS_RESOURCE_H -DHAVE_SYS_SELECT_H -DHAVE_SYS_SOCKET_H -DHAVE_SYS_STAT_H -DHAVE_SYS_TIME_H -DHAVE_SYS_TYPES_H -DHAVE_SYS_UIO_H -DHAVE_SYS_UN_H -DHAVE_SYS_XATTR_H -DHAVE_ALLOCA_H -DHAVE_ARPA_INET_H -DHAVE_ARPA_TFTP_H -DHAVE_ASSERT_H -DHAVE_ERR_H -DHAVE_ERRNO_H -DHAVE_FCNTL_H -DHAVE_IFADDRS_H -DHAVE_LIBGEN_H -DHAVE_LOCALE_H -DHAVE_NET_IF_H -DHAVE_NETDB_H -DHAVE_NETINET_IN_H -DHAVE_NETINET_TCP_H -DHAVE_POLL_H -DHAVE_PWD_H -DHAVE_SETJMP_H -DHAVE_SGTTY_H -DHAVE_SIGNAL_H -DHAVE_STDBOOL_H -DHAVE_STDINT_H -DHAVE_STDIO_H -DHAVE_STDLIB_H -DHAVE_STRING_H -DHAVE_STRINGS_H -DHAVE_STROPTS_H -DHAVE_TERMIO_H -DHAVE_TERMIOS_H -DHAVE_TIME_H -DHAVE_UNISTD_H -DHAVE_UTIME_H -DHAVE_STDDEF_H -DHAVE_DLFCN_H -DHAVE_MALLOC_H -DHAVE_MEMORY_H -DHAVE_NETINET_IF_ETHER_H -DHAVE_STDINT_H -DHAVE_SYS_UTSNAME_H -std=gnu11 -o CMakeFiles/cmTC_fd0d7.dir/CurlTests.c.o -c /home/wp2018/user/andythebreaker/andy/sound/cmake-3.18.0-rc2/Utilities/cmcurl/CMake/CurlTests.c
/home/wp2018/user/andythebreaker/andy/sound/cmake-3.18.0-rc2/Utilities/cmcurl/CMake/CurlTests.c: In function ‘main’:
/home/wp2018/user/andythebreaker/andy/sound/cmake-3.18.0-rc2/Utilities/cmcurl/CMake/CurlTests.c:505:43: error: ‘SO_NONBLOCK’ undeclared (first use in this function); did you mean ‘SOCK_NONBLOCK’?
         if(0 != setsockopt(0, SOL_SOCKET, SO_NONBLOCK, 0, 0))
                                           ^~~~~~~~~~~
                                           SOCK_NONBLOCK
/home/wp2018/user/andythebreaker/andy/sound/cmake-3.18.0-rc2/Utilities/cmcurl/CMake/CurlTests.c:505:43: note: each undeclared identifier is reported only once for each function it appears in
CMakeFiles/cmTC_fd0d7.dir/build.make:85: recipe for target 'CMakeFiles/cmTC_fd0d7.dir/CurlTests.c.o' failed
make[1]: *** [CMakeFiles/cmTC_fd0d7.dir/CurlTests.c.o] Error 1
make[1]: Leaving directory '/home/wp2018/user/andythebreaker/andy/sound/cmake-3.18.0-rc2/CMakeFiles/CMakeTmp'
Makefile:141: recipe for target 'cmTC_fd0d7/fast' failed
make: *** [cmTC_fd0d7/fast] Error 2


Performing Curl Test HAVE_O_NONBLOCK failed with the following output:
Change Dir: /home/wp2018/user/andythebreaker/andy/sound/cmake-3.18.0-rc2/CMakeFiles/CMakeTmp

Run Build Command(s):/usr/bin/make cmTC_c2394/fast && make  -f CMakeFiles/cmTC_c2394.dir/build.make CMakeFiles/cmTC_c2394.dir/build
make[1]: Entering directory '/home/wp2018/user/andythebreaker/andy/sound/cmake-3.18.0-rc2/CMakeFiles/CMakeTmp'
Building C object CMakeFiles/cmTC_c2394.dir/CurlTests.c.o
/usr/bin/gcc   -w -DHAVE_O_NONBLOCK  -DHAVE_STDIO_H -DHAVE_INTTYPES_H -DHAVE_SYS_IOCTL_H -DHAVE_SYS_PARAM_H -DHAVE_SYS_POLL_H -DHAVE_SYS_RESOURCE_H -DHAVE_SYS_SELECT_H -DHAVE_SYS_SOCKET_H -DHAVE_SYS_STAT_H -DHAVE_SYS_TIME_H -DHAVE_SYS_TYPES_H -DHAVE_SYS_UIO_H -DHAVE_SYS_UN_H -DHAVE_SYS_XATTR_H -DHAVE_ALLOCA_H -DHAVE_ARPA_INET_H -DHAVE_ARPA_TFTP_H -DHAVE_ASSERT_H -DHAVE_ERR_H -DHAVE_ERRNO_H -DHAVE_FCNTL_H -DHAVE_IFADDRS_H -DHAVE_LIBGEN_H -DHAVE_LOCALE_H -DHAVE_NET_IF_H -DHAVE_NETDB_H -DHAVE_NETINET_IN_H -DHAVE_NETINET_TCP_H -DHAVE_POLL_H -DHAVE_PWD_H -DHAVE_SETJMP_H -DHAVE_SGTTY_H -DHAVE_SIGNAL_H -DHAVE_STDBOOL_H -DHAVE_STDINT_H -DHAVE_STDIO_H -DHAVE_STDLIB_H -DHAVE_STRING_H -DHAVE_STRINGS_H -DHAVE_STROPTS_H -DHAVE_TERMIO_H -DHAVE_TERMIOS_H -DHAVE_TIME_H -DHAVE_UNISTD_H -DHAVE_UTIME_H -DHAVE_STDDEF_H -DHAVE_DLFCN_H -DHAVE_MALLOC_H -DHAVE_MEMORY_H -DHAVE_NETINET_IF_ETHER_H -DHAVE_STDINT_H -DHAVE_SYS_UTSNAME_H -std=gnu11 -o CMakeFiles/cmTC_c2394.dir/CurlTests.c.o -c /home/wp2018/user/andythebreaker/andy/sound/cmake-3.18.0-rc2/Utilities/cmcurl/CMake/CurlTests.c
Linking C executable cmTC_c2394
/home/wp2018/user/andythebreaker/andy/sound/cmake-3.18.0-rc2/Bootstrap.cmk/cmake -E cmake_link_script CMakeFiles/cmTC_c2394.dir/link.txt --verbose=1
/usr/bin/gcc   -w -DHAVE_O_NONBLOCK  -DHAVE_STDIO_H -DHAVE_INTTYPES_H -DHAVE_SYS_IOCTL_H -DHAVE_SYS_PARAM_H -DHAVE_SYS_POLL_H -DHAVE_SYS_RESOURCE_H -DHAVE_SYS_SELECT_H -DHAVE_SYS_SOCKET_H -DHAVE_SYS_STAT_H -DHAVE_SYS_TIME_H -DHAVE_SYS_TYPES_H -DHAVE_SYS_UIO_H -DHAVE_SYS_UN_H -DHAVE_SYS_XATTR_H -DHAVE_ALLOCA_H -DHAVE_ARPA_INET_H -DHAVE_ARPA_TFTP_H -DHAVE_ASSERT_H -DHAVE_ERR_H -DHAVE_ERRNO_H -DHAVE_FCNTL_H -DHAVE_IFADDRS_H -DHAVE_LIBGEN_H -DHAVE_LOCALE_H -DHAVE_NET_IF_H -DHAVE_NETDB_H -DHAVE_NETINET_IN_H -DHAVE_NETINET_TCP_H -DHAVE_POLL_H -DHAVE_PWD_H -DHAVE_SETJMP_H -DHAVE_SGTTY_H -DHAVE_SIGNAL_H -DHAVE_STDBOOL_H -DHAVE_STDINT_H -DHAVE_STDIO_H -DHAVE_STDLIB_H -DHAVE_STRING_H -DHAVE_STRINGS_H -DHAVE_STROPTS_H -DHAVE_TERMIO_H -DHAVE_TERMIOS_H -DHAVE_TIME_H -DHAVE_UNISTD_H -DHAVE_UTIME_H -DHAVE_STDDEF_H -DHAVE_DLFCN_H -DHAVE_MALLOC_H -DHAVE_MEMORY_H -DHAVE_NETINET_IF_ETHER_H -DHAVE_STDINT_H -DHAVE_SYS_UTSNAME_H CMakeFiles/cmTC_c2394.dir/CurlTests.c.o -o cmTC_c2394 
/usr/lib/gcc/x86_64-linux-gnu/7/../../../x86_64-linux-gnu/Scrt1.o: In function `_start':
(.text+0x20): undefined reference to `main'
collect2: error: ld returned 1 exit status
CMakeFiles/cmTC_c2394.dir/build.make:106: recipe for target 'cmTC_c2394' failed
make[1]: *** [cmTC_c2394] Error 1
make[1]: Leaving directory '/home/wp2018/user/andythebreaker/andy/sound/cmake-3.18.0-rc2/CMakeFiles/CMakeTmp'
Makefile:141: recipe for target 'cmTC_c2394/fast' failed
make: *** [cmTC_c2394/fast] Error 2


Performing Curl Test HAVE_GETHOSTBYADDR_R_5 failed with the following output:
Change Dir: /home/wp2018/user/andythebreaker/andy/sound/cmake-3.18.0-rc2/CMakeFiles/CMakeTmp

Run Build Command(s):/usr/bin/make cmTC_82f0e/fast && make  -f CMakeFiles/cmTC_82f0e.dir/build.make CMakeFiles/cmTC_82f0e.dir/build
make[1]: Entering directory '/home/wp2018/user/andythebreaker/andy/sound/cmake-3.18.0-rc2/CMakeFiles/CMakeTmp'
Building C object CMakeFiles/cmTC_82f0e.dir/CurlTests.c.o
/usr/bin/gcc   -w -DHAVE_GETHOSTBYADDR_R_5  -DHAVE_STDIO_H -DHAVE_INTTYPES_H -DHAVE_SYS_IOCTL_H -DHAVE_SYS_PARAM_H -DHAVE_SYS_POLL_H -DHAVE_SYS_RESOURCE_H -DHAVE_SYS_SELECT_H -DHAVE_SYS_SOCKET_H -DHAVE_SYS_STAT_H -DHAVE_SYS_TIME_H -DHAVE_SYS_TYPES_H -DHAVE_SYS_UIO_H -DHAVE_SYS_UN_H -DHAVE_SYS_XATTR_H -DHAVE_ALLOCA_H -DHAVE_ARPA_INET_H -DHAVE_ARPA_TFTP_H -DHAVE_ASSERT_H -DHAVE_ERR_H -DHAVE_ERRNO_H -DHAVE_FCNTL_H -DHAVE_IFADDRS_H -DHAVE_LIBGEN_H -DHAVE_LOCALE_H -DHAVE_NET_IF_H -DHAVE_NETDB_H -DHAVE_NETINET_IN_H -DHAVE_NETINET_TCP_H -DHAVE_POLL_H -DHAVE_PWD_H -DHAVE_SETJMP_H -DHAVE_SGTTY_H -DHAVE_SIGNAL_H -DHAVE_STDBOOL_H -DHAVE_STDINT_H -DHAVE_STDIO_H -DHAVE_STDLIB_H -DHAVE_STRING_H -DHAVE_STRINGS_H -DHAVE_STROPTS_H -DHAVE_TERMIO_H -DHAVE_TERMIOS_H -DHAVE_TIME_H -DHAVE_UNISTD_H -DHAVE_UTIME_H -DHAVE_STDDEF_H -DHAVE_DLFCN_H -DHAVE_MALLOC_H -DHAVE_MEMORY_H -DHAVE_NETINET_IF_ETHER_H -DHAVE_STDINT_H -DHAVE_SYS_UTSNAME_H -std=gnu11 -o CMakeFiles/cmTC_82f0e.dir/CurlTests.c.o -c /home/wp2018/user/andythebreaker/andy/sound/cmake-3.18.0-rc2/Utilities/cmcurl/CMake/CurlTests.c
/home/wp2018/user/andythebreaker/andy/sound/cmake-3.18.0-rc2/Utilities/cmcurl/CMake/CurlTests.c: In function ‘main’:
/home/wp2018/user/andythebreaker/andy/sound/cmake-3.18.0-rc2/Utilities/cmcurl/CMake/CurlTests.c:106:23: error: storage size of ‘hdata’ isn’t known
   struct hostent_data hdata;
                       ^~~~~
/home/wp2018/user/andythebreaker/andy/sound/cmake-3.18.0-rc2/Utilities/cmcurl/CMake/CurlTests.c:127:8: error: too few arguments to function ‘gethostbyaddr_r’
   rc = gethostbyaddr_r(address, length, type, &h, &hdata);
        ^~~~~~~~~~~~~~~
In file included from /home/wp2018/user/andythebreaker/andy/sound/cmake-3.18.0-rc2/Utilities/cmcurl/CMake/CurlTests.c:93:0:
/usr/include/netdb.h:170:12: note: declared here
 extern int gethostbyaddr_r (const void *__restrict __addr, __socklen_t __len,
            ^~~~~~~~~~~~~~~
CMakeFiles/cmTC_82f0e.dir/build.make:85: recipe for target 'CMakeFiles/cmTC_82f0e.dir/CurlTests.c.o' failed
make[1]: *** [CMakeFiles/cmTC_82f0e.dir/CurlTests.c.o] Error 1
make[1]: Leaving directory '/home/wp2018/user/andythebreaker/andy/sound/cmake-3.18.0-rc2/CMakeFiles/CMakeTmp'
Makefile:141: recipe for target 'cmTC_82f0e/fast' failed
make: *** [cmTC_82f0e/fast] Error 2


Performing Curl Test HAVE_GETHOSTBYADDR_R_7 failed with the following output:
Change Dir: /home/wp2018/user/andythebreaker/andy/sound/cmake-3.18.0-rc2/CMakeFiles/CMakeTmp

Run Build Command(s):/usr/bin/make cmTC_d8449/fast && make  -f CMakeFiles/cmTC_d8449.dir/build.make CMakeFiles/cmTC_d8449.dir/build
make[1]: Entering directory '/home/wp2018/user/andythebreaker/andy/sound/cmake-3.18.0-rc2/CMakeFiles/CMakeTmp'
Building C object CMakeFiles/cmTC_d8449.dir/CurlTests.c.o
/usr/bin/gcc   -w -DHAVE_GETHOSTBYADDR_R_7  -DHAVE_STDIO_H -DHAVE_INTTYPES_H -DHAVE_SYS_IOCTL_H -DHAVE_SYS_PARAM_H -DHAVE_SYS_POLL_H -DHAVE_SYS_RESOURCE_H -DHAVE_SYS_SELECT_H -DHAVE_SYS_SOCKET_H -DHAVE_SYS_STAT_H -DHAVE_SYS_TIME_H -DHAVE_SYS_TYPES_H -DHAVE_SYS_UIO_H -DHAVE_SYS_UN_H -DHAVE_SYS_XATTR_H -DHAVE_ALLOCA_H -DHAVE_ARPA_INET_H -DHAVE_ARPA_TFTP_H -DHAVE_ASSERT_H -DHAVE_ERR_H -DHAVE_ERRNO_H -DHAVE_FCNTL_H -DHAVE_IFADDRS_H -DHAVE_LIBGEN_H -DHAVE_LOCALE_H -DHAVE_NET_IF_H -DHAVE_NETDB_H -DHAVE_NETINET_IN_H -DHAVE_NETINET_TCP_H -DHAVE_POLL_H -DHAVE_PWD_H -DHAVE_SETJMP_H -DHAVE_SGTTY_H -DHAVE_SIGNAL_H -DHAVE_STDBOOL_H -DHAVE_STDINT_H -DHAVE_STDIO_H -DHAVE_STDLIB_H -DHAVE_STRING_H -DHAVE_STRINGS_H -DHAVE_STROPTS_H -DHAVE_TERMIO_H -DHAVE_TERMIOS_H -DHAVE_TIME_H -DHAVE_UNISTD_H -DHAVE_UTIME_H -DHAVE_STDDEF_H -DHAVE_DLFCN_H -DHAVE_MALLOC_H -DHAVE_MEMORY_H -DHAVE_NETINET_IF_ETHER_H -DHAVE_STDINT_H -DHAVE_SYS_UTSNAME_H -std=gnu11 -o CMakeFiles/cmTC_d8449.dir/CurlTests.c.o -c /home/wp2018/user/andythebreaker/andy/sound/cmake-3.18.0-rc2/Utilities/cmcurl/CMake/CurlTests.c
/home/wp2018/user/andythebreaker/andy/sound/cmake-3.18.0-rc2/Utilities/cmcurl/CMake/CurlTests.c: In function ‘main’:
/home/wp2018/user/andythebreaker/andy/sound/cmake-3.18.0-rc2/Utilities/cmcurl/CMake/CurlTests.c:131:8: error: too few arguments to function ‘gethostbyaddr_r’
   hp = gethostbyaddr_r(address, length, type, &h, buffer, 8192, &h_errnop);
        ^~~~~~~~~~~~~~~
In file included from /home/wp2018/user/andythebreaker/andy/sound/cmake-3.18.0-rc2/Utilities/cmcurl/CMake/CurlTests.c:93:0:
/usr/include/netdb.h:170:12: note: declared here
 extern int gethostbyaddr_r (const void *__restrict __addr, __socklen_t __len,
            ^~~~~~~~~~~~~~~
CMakeFiles/cmTC_d8449.dir/build.make:85: recipe for target 'CMakeFiles/cmTC_d8449.dir/CurlTests.c.o' failed
make[1]: *** [CMakeFiles/cmTC_d8449.dir/CurlTests.c.o] Error 1
make[1]: Leaving directory '/home/wp2018/user/andythebreaker/andy/sound/cmake-3.18.0-rc2/CMakeFiles/CMakeTmp'
Makefile:141: recipe for target 'cmTC_d8449/fast' failed
make: *** [cmTC_d8449/fast] Error 2


Performing Curl Test HAVE_GETHOSTBYADDR_R_5_REENTRANT failed with the following output:
Change Dir: /home/wp2018/user/andythebreaker/andy/sound/cmake-3.18.0-rc2/CMakeFiles/CMakeTmp

Run Build Command(s):/usr/bin/make cmTC_2e4c5/fast && make  -f CMakeFiles/cmTC_2e4c5.dir/build.make CMakeFiles/cmTC_2e4c5.dir/build
make[1]: Entering directory '/home/wp2018/user/andythebreaker/andy/sound/cmake-3.18.0-rc2/CMakeFiles/CMakeTmp'
Building C object CMakeFiles/cmTC_2e4c5.dir/CurlTests.c.o
/usr/bin/gcc   -w -DHAVE_GETHOSTBYADDR_R_5_REENTRANT  -DHAVE_STDIO_H -DHAVE_INTTYPES_H -DHAVE_SYS_IOCTL_H -DHAVE_SYS_PARAM_H -DHAVE_SYS_POLL_H -DHAVE_SYS_RESOURCE_H -DHAVE_SYS_SELECT_H -DHAVE_SYS_SOCKET_H -DHAVE_SYS_STAT_H -DHAVE_SYS_TIME_H -DHAVE_SYS_TYPES_H -DHAVE_SYS_UIO_H -DHAVE_SYS_UN_H -DHAVE_SYS_XATTR_H -DHAVE_ALLOCA_H -DHAVE_ARPA_INET_H -DHAVE_ARPA_TFTP_H -DHAVE_ASSERT_H -DHAVE_ERR_H -DHAVE_ERRNO_H -DHAVE_FCNTL_H -DHAVE_IFADDRS_H -DHAVE_LIBGEN_H -DHAVE_LOCALE_H -DHAVE_NET_IF_H -DHAVE_NETDB_H -DHAVE_NETINET_IN_H -DHAVE_NETINET_TCP_H -DHAVE_POLL_H -DHAVE_PWD_H -DHAVE_SETJMP_H -DHAVE_SGTTY_H -DHAVE_SIGNAL_H -DHAVE_STDBOOL_H -DHAVE_STDINT_H -DHAVE_STDIO_H -DHAVE_STDLIB_H -DHAVE_STRING_H -DHAVE_STRINGS_H -DHAVE_STROPTS_H -DHAVE_TERMIO_H -DHAVE_TERMIOS_H -DHAVE_TIME_H -DHAVE_UNISTD_H -DHAVE_UTIME_H -DHAVE_STDDEF_H -DHAVE_DLFCN_H -DHAVE_MALLOC_H -DHAVE_MEMORY_H -DHAVE_NETINET_IF_ETHER_H -DHAVE_STDINT_H -DHAVE_SYS_UTSNAME_H -std=gnu11 -o CMakeFiles/cmTC_2e4c5.dir/CurlTests.c.o -c /home/wp2018/user/andythebreaker/andy/sound/cmake-3.18.0-rc2/Utilities/cmcurl/CMake/CurlTests.c
/home/wp2018/user/andythebreaker/andy/sound/cmake-3.18.0-rc2/Utilities/cmcurl/CMake/CurlTests.c: In function ‘main’:
/home/wp2018/user/andythebreaker/andy/sound/cmake-3.18.0-rc2/Utilities/cmcurl/CMake/CurlTests.c:106:23: error: storage size of ‘hdata’ isn’t known
   struct hostent_data hdata;
                       ^~~~~
/home/wp2018/user/andythebreaker/andy/sound/cmake-3.18.0-rc2/Utilities/cmcurl/CMake/CurlTests.c:127:8: error: too few arguments to function ‘gethostbyaddr_r’
   rc = gethostbyaddr_r(address, length, type, &h, &hdata);
        ^~~~~~~~~~~~~~~
In file included from /home/wp2018/user/andythebreaker/andy/sound/cmake-3.18.0-rc2/Utilities/cmcurl/CMake/CurlTests.c:93:0:
/usr/include/netdb.h:170:12: note: declared here
 extern int gethostbyaddr_r (const void *__restrict __addr, __socklen_t __len,
            ^~~~~~~~~~~~~~~
CMakeFiles/cmTC_2e4c5.dir/build.make:85: recipe for target 'CMakeFiles/cmTC_2e4c5.dir/CurlTests.c.o' failed
make[1]: *** [CMakeFiles/cmTC_2e4c5.dir/CurlTests.c.o] Error 1
make[1]: Leaving directory '/home/wp2018/user/andythebreaker/andy/sound/cmake-3.18.0-rc2/CMakeFiles/CMakeTmp'
Makefile:141: recipe for target 'cmTC_2e4c5/fast' failed
make: *** [cmTC_2e4c5/fast] Error 2


Performing Curl Test HAVE_GETHOSTBYADDR_R_7_REENTRANT failed with the following output:
Change Dir: /home/wp2018/user/andythebreaker/andy/sound/cmake-3.18.0-rc2/CMakeFiles/CMakeTmp

Run Build Command(s):/usr/bin/make cmTC_bae3e/fast && make  -f CMakeFiles/cmTC_bae3e.dir/build.make CMakeFiles/cmTC_bae3e.dir/build
make[1]: Entering directory '/home/wp2018/user/andythebreaker/andy/sound/cmake-3.18.0-rc2/CMakeFiles/CMakeTmp'
Building C object CMakeFiles/cmTC_bae3e.dir/CurlTests.c.o
/usr/bin/gcc   -w -DHAVE_GETHOSTBYADDR_R_7_REENTRANT  -DHAVE_STDIO_H -DHAVE_INTTYPES_H -DHAVE_SYS_IOCTL_H -DHAVE_SYS_PARAM_H -DHAVE_SYS_POLL_H -DHAVE_SYS_RESOURCE_H -DHAVE_SYS_SELECT_H -DHAVE_SYS_SOCKET_H -DHAVE_SYS_STAT_H -DHAVE_SYS_TIME_H -DHAVE_SYS_TYPES_H -DHAVE_SYS_UIO_H -DHAVE_SYS_UN_H -DHAVE_SYS_XATTR_H -DHAVE_ALLOCA_H -DHAVE_ARPA_INET_H -DHAVE_ARPA_TFTP_H -DHAVE_ASSERT_H -DHAVE_ERR_H -DHAVE_ERRNO_H -DHAVE_FCNTL_H -DHAVE_IFADDRS_H -DHAVE_LIBGEN_H -DHAVE_LOCALE_H -DHAVE_NET_IF_H -DHAVE_NETDB_H -DHAVE_NETINET_IN_H -DHAVE_NETINET_TCP_H -DHAVE_POLL_H -DHAVE_PWD_H -DHAVE_SETJMP_H -DHAVE_SGTTY_H -DHAVE_SIGNAL_H -DHAVE_STDBOOL_H -DHAVE_STDINT_H -DHAVE_STDIO_H -DHAVE_STDLIB_H -DHAVE_STRING_H -DHAVE_STRINGS_H -DHAVE_STROPTS_H -DHAVE_TERMIO_H -DHAVE_TERMIOS_H -DHAVE_TIME_H -DHAVE_UNISTD_H -DHAVE_UTIME_H -DHAVE_STDDEF_H -DHAVE_DLFCN_H -DHAVE_MALLOC_H -DHAVE_MEMORY_H -DHAVE_NETINET_IF_ETHER_H -DHAVE_STDINT_H -DHAVE_SYS_UTSNAME_H -std=gnu11 -o CMakeFiles/cmTC_bae3e.dir/CurlTests.c.o -c /home/wp2018/user/andythebreaker/andy/sound/cmake-3.18.0-rc2/Utilities/cmcurl/CMake/CurlTests.c
/home/wp2018/user/andythebreaker/andy/sound/cmake-3.18.0-rc2/Utilities/cmcurl/CMake/CurlTests.c: In function ‘main’:
/home/wp2018/user/andythebreaker/andy/sound/cmake-3.18.0-rc2/Utilities/cmcurl/CMake/CurlTests.c:131:8: error: too few arguments to function ‘gethostbyaddr_r’
   hp = gethostbyaddr_r(address, length, type, &h, buffer, 8192, &h_errnop);
        ^~~~~~~~~~~~~~~
In file included from /home/wp2018/user/andythebreaker/andy/sound/cmake-3.18.0-rc2/Utilities/cmcurl/CMake/CurlTests.c:93:0:
/usr/include/netdb.h:170:12: note: declared here
 extern int gethostbyaddr_r (const void *__restrict __addr, __socklen_t __len,
            ^~~~~~~~~~~~~~~
CMakeFiles/cmTC_bae3e.dir/build.make:85: recipe for target 'CMakeFiles/cmTC_bae3e.dir/CurlTests.c.o' failed
make[1]: *** [CMakeFiles/cmTC_bae3e.dir/CurlTests.c.o] Error 1
make[1]: Leaving directory '/home/wp2018/user/andythebreaker/andy/sound/cmake-3.18.0-rc2/CMakeFiles/CMakeTmp'
Makefile:141: recipe for target 'cmTC_bae3e/fast' failed
make: *** [cmTC_bae3e/fast] Error 2


Performing Curl Test HAVE_GETHOSTBYNAME_R_3 failed with the following output:
Change Dir: /home/wp2018/user/andythebreaker/andy/sound/cmake-3.18.0-rc2/CMakeFiles/CMakeTmp

Run Build Command(s):/usr/bin/make cmTC_1fef7/fast && make  -f CMakeFiles/cmTC_1fef7.dir/build.make CMakeFiles/cmTC_1fef7.dir/build
make[1]: Entering directory '/home/wp2018/user/andythebreaker/andy/sound/cmake-3.18.0-rc2/CMakeFiles/CMakeTmp'
Building C object CMakeFiles/cmTC_1fef7.dir/CurlTests.c.o
/usr/bin/gcc   -w -DHAVE_GETHOSTBYNAME_R_3  -DHAVE_STDIO_H -DHAVE_INTTYPES_H -DHAVE_SYS_IOCTL_H -DHAVE_SYS_PARAM_H -DHAVE_SYS_POLL_H -DHAVE_SYS_RESOURCE_H -DHAVE_SYS_SELECT_H -DHAVE_SYS_SOCKET_H -DHAVE_SYS_STAT_H -DHAVE_SYS_TIME_H -DHAVE_SYS_TYPES_H -DHAVE_SYS_UIO_H -DHAVE_SYS_UN_H -DHAVE_SYS_XATTR_H -DHAVE_ALLOCA_H -DHAVE_ARPA_INET_H -DHAVE_ARPA_TFTP_H -DHAVE_ASSERT_H -DHAVE_ERR_H -DHAVE_ERRNO_H -DHAVE_FCNTL_H -DHAVE_IFADDRS_H -DHAVE_LIBGEN_H -DHAVE_LOCALE_H -DHAVE_NET_IF_H -DHAVE_NETDB_H -DHAVE_NETINET_IN_H -DHAVE_NETINET_TCP_H -DHAVE_POLL_H -DHAVE_PWD_H -DHAVE_SETJMP_H -DHAVE_SGTTY_H -DHAVE_SIGNAL_H -DHAVE_STDBOOL_H -DHAVE_STDINT_H -DHAVE_STDIO_H -DHAVE_STDLIB_H -DHAVE_STRING_H -DHAVE_STRINGS_H -DHAVE_STROPTS_H -DHAVE_TERMIO_H -DHAVE_TERMIOS_H -DHAVE_TIME_H -DHAVE_UNISTD_H -DHAVE_UTIME_H -DHAVE_STDDEF_H -DHAVE_DLFCN_H -DHAVE_MALLOC_H -DHAVE_MEMORY_H -DHAVE_NETINET_IF_ETHER_H -DHAVE_STDINT_H -DHAVE_SYS_UTSNAME_H -std=gnu11 -o CMakeFiles/cmTC_1fef7.dir/CurlTests.c.o -c /home/wp2018/user/andythebreaker/andy/sound/cmake-3.18.0-rc2/Utilities/cmcurl/CMake/CurlTests.c
/home/wp2018/user/andythebreaker/andy/sound/cmake-3.18.0-rc2/Utilities/cmcurl/CMake/CurlTests.c: In function ‘main’:
/home/wp2018/user/andythebreaker/andy/sound/cmake-3.18.0-rc2/Utilities/cmcurl/CMake/CurlTests.c:106:23: error: storage size of ‘hdata’ isn’t known
   struct hostent_data hdata;
                       ^~~~~
/home/wp2018/user/andythebreaker/andy/sound/cmake-3.18.0-rc2/Utilities/cmcurl/CMake/CurlTests.c:141:8: error: too few arguments to function ‘gethostbyname_r’
   rc = gethostbyname_r(address, &h, &hdata);
        ^~~~~~~~~~~~~~~
In file included from /home/wp2018/user/andythebreaker/andy/sound/cmake-3.18.0-rc2/Utilities/cmcurl/CMake/CurlTests.c:93:0:
/usr/include/netdb.h:177:12: note: declared here
 extern int gethostbyname_r (const char *__restrict __name,
            ^~~~~~~~~~~~~~~
CMakeFiles/cmTC_1fef7.dir/build.make:85: recipe for target 'CMakeFiles/cmTC_1fef7.dir/CurlTests.c.o' failed
make[1]: *** [CMakeFiles/cmTC_1fef7.dir/CurlTests.c.o] Error 1
make[1]: Leaving directory '/home/wp2018/user/andythebreaker/andy/sound/cmake-3.18.0-rc2/CMakeFiles/CMakeTmp'
Makefile:141: recipe for target 'cmTC_1fef7/fast' failed
make: *** [cmTC_1fef7/fast] Error 2


Performing Curl Test HAVE_GETHOSTBYNAME_R_5 failed with the following output:
Change Dir: /home/wp2018/user/andythebreaker/andy/sound/cmake-3.18.0-rc2/CMakeFiles/CMakeTmp

Run Build Command(s):/usr/bin/make cmTC_e4510/fast && make  -f CMakeFiles/cmTC_e4510.dir/build.make CMakeFiles/cmTC_e4510.dir/build
make[1]: Entering directory '/home/wp2018/user/andythebreaker/andy/sound/cmake-3.18.0-rc2/CMakeFiles/CMakeTmp'
Building C object CMakeFiles/cmTC_e4510.dir/CurlTests.c.o
/usr/bin/gcc   -w -DHAVE_GETHOSTBYNAME_R_5  -DHAVE_STDIO_H -DHAVE_INTTYPES_H -DHAVE_SYS_IOCTL_H -DHAVE_SYS_PARAM_H -DHAVE_SYS_POLL_H -DHAVE_SYS_RESOURCE_H -DHAVE_SYS_SELECT_H -DHAVE_SYS_SOCKET_H -DHAVE_SYS_STAT_H -DHAVE_SYS_TIME_H -DHAVE_SYS_TYPES_H -DHAVE_SYS_UIO_H -DHAVE_SYS_UN_H -DHAVE_SYS_XATTR_H -DHAVE_ALLOCA_H -DHAVE_ARPA_INET_H -DHAVE_ARPA_TFTP_H -DHAVE_ASSERT_H -DHAVE_ERR_H -DHAVE_ERRNO_H -DHAVE_FCNTL_H -DHAVE_IFADDRS_H -DHAVE_LIBGEN_H -DHAVE_LOCALE_H -DHAVE_NET_IF_H -DHAVE_NETDB_H -DHAVE_NETINET_IN_H -DHAVE_NETINET_TCP_H -DHAVE_POLL_H -DHAVE_PWD_H -DHAVE_SETJMP_H -DHAVE_SGTTY_H -DHAVE_SIGNAL_H -DHAVE_STDBOOL_H -DHAVE_STDINT_H -DHAVE_STDIO_H -DHAVE_STDLIB_H -DHAVE_STRING_H -DHAVE_STRINGS_H -DHAVE_STROPTS_H -DHAVE_TERMIO_H -DHAVE_TERMIOS_H -DHAVE_TIME_H -DHAVE_UNISTD_H -DHAVE_UTIME_H -DHAVE_STDDEF_H -DHAVE_DLFCN_H -DHAVE_MALLOC_H -DHAVE_MEMORY_H -DHAVE_NETINET_IF_ETHER_H -DHAVE_STDINT_H -DHAVE_SYS_UTSNAME_H -std=gnu11 -o CMakeFiles/cmTC_e4510.dir/CurlTests.c.o -c /home/wp2018/user/andythebreaker/andy/sound/cmake-3.18.0-rc2/Utilities/cmcurl/CMake/CurlTests.c
/home/wp2018/user/andythebreaker/andy/sound/cmake-3.18.0-rc2/Utilities/cmcurl/CMake/CurlTests.c: In function ‘main’:
/home/wp2018/user/andythebreaker/andy/sound/cmake-3.18.0-rc2/Utilities/cmcurl/CMake/CurlTests.c:144:8: error: too few arguments to function ‘gethostbyname_r’
   rc = gethostbyname_r(address, &h, buffer, 8192, &h_errnop);
        ^~~~~~~~~~~~~~~
In file included from /home/wp2018/user/andythebreaker/andy/sound/cmake-3.18.0-rc2/Utilities/cmcurl/CMake/CurlTests.c:93:0:
/usr/include/netdb.h:177:12: note: declared here
 extern int gethostbyname_r (const char *__restrict __name,
            ^~~~~~~~~~~~~~~
CMakeFiles/cmTC_e4510.dir/build.make:85: recipe for target 'CMakeFiles/cmTC_e4510.dir/CurlTests.c.o' failed
make[1]: *** [CMakeFiles/cmTC_e4510.dir/CurlTests.c.o] Error 1
make[1]: Leaving directory '/home/wp2018/user/andythebreaker/andy/sound/cmake-3.18.0-rc2/CMakeFiles/CMakeTmp'
Makefile:141: recipe for target 'cmTC_e4510/fast' failed
make: *** [cmTC_e4510/fast] Error 2


Performing Curl Test HAVE_GETHOSTBYNAME_R_3_REENTRANT failed with the following output:
Change Dir: /home/wp2018/user/andythebreaker/andy/sound/cmake-3.18.0-rc2/CMakeFiles/CMakeTmp

Run Build Command(s):/usr/bin/make cmTC_847b2/fast && make  -f CMakeFiles/cmTC_847b2.dir/build.make CMakeFiles/cmTC_847b2.dir/build
make[1]: Entering directory '/home/wp2018/user/andythebreaker/andy/sound/cmake-3.18.0-rc2/CMakeFiles/CMakeTmp'
Building C object CMakeFiles/cmTC_847b2.dir/CurlTests.c.o
/usr/bin/gcc   -w -DHAVE_GETHOSTBYNAME_R_3_REENTRANT  -DHAVE_STDIO_H -DHAVE_INTTYPES_H -DHAVE_SYS_IOCTL_H -DHAVE_SYS_PARAM_H -DHAVE_SYS_POLL_H -DHAVE_SYS_RESOURCE_H -DHAVE_SYS_SELECT_H -DHAVE_SYS_SOCKET_H -DHAVE_SYS_STAT_H -DHAVE_SYS_TIME_H -DHAVE_SYS_TYPES_H -DHAVE_SYS_UIO_H -DHAVE_SYS_UN_H -DHAVE_SYS_XATTR_H -DHAVE_ALLOCA_H -DHAVE_ARPA_INET_H -DHAVE_ARPA_TFTP_H -DHAVE_ASSERT_H -DHAVE_ERR_H -DHAVE_ERRNO_H -DHAVE_FCNTL_H -DHAVE_IFADDRS_H -DHAVE_LIBGEN_H -DHAVE_LOCALE_H -DHAVE_NET_IF_H -DHAVE_NETDB_H -DHAVE_NETINET_IN_H -DHAVE_NETINET_TCP_H -DHAVE_POLL_H -DHAVE_PWD_H -DHAVE_SETJMP_H -DHAVE_SGTTY_H -DHAVE_SIGNAL_H -DHAVE_STDBOOL_H -DHAVE_STDINT_H -DHAVE_STDIO_H -DHAVE_STDLIB_H -DHAVE_STRING_H -DHAVE_STRINGS_H -DHAVE_STROPTS_H -DHAVE_TERMIO_H -DHAVE_TERMIOS_H -DHAVE_TIME_H -DHAVE_UNISTD_H -DHAVE_UTIME_H -DHAVE_STDDEF_H -DHAVE_DLFCN_H -DHAVE_MALLOC_H -DHAVE_MEMORY_H -DHAVE_NETINET_IF_ETHER_H -DHAVE_STDINT_H -DHAVE_SYS_UTSNAME_H -std=gnu11 -o CMakeFiles/cmTC_847b2.dir/CurlTests.c.o -c /home/wp2018/user/andythebreaker/andy/sound/cmake-3.18.0-rc2/Utilities/cmcurl/CMake/CurlTests.c
/home/wp2018/user/andythebreaker/andy/sound/cmake-3.18.0-rc2/Utilities/cmcurl/CMake/CurlTests.c: In function ‘main’:
/home/wp2018/user/andythebreaker/andy/sound/cmake-3.18.0-rc2/Utilities/cmcurl/CMake/CurlTests.c:106:23: error: storage size of ‘hdata’ isn’t known
   struct hostent_data hdata;
                       ^~~~~
/home/wp2018/user/andythebreaker/andy/sound/cmake-3.18.0-rc2/Utilities/cmcurl/CMake/CurlTests.c:141:8: error: too few arguments to function ‘gethostbyname_r’
   rc = gethostbyname_r(address, &h, &hdata);
        ^~~~~~~~~~~~~~~
In file included from /home/wp2018/user/andythebreaker/andy/sound/cmake-3.18.0-rc2/Utilities/cmcurl/CMake/CurlTests.c:93:0:
/usr/include/netdb.h:177:12: note: declared here
 extern int gethostbyname_r (const char *__restrict __name,
            ^~~~~~~~~~~~~~~
CMakeFiles/cmTC_847b2.dir/build.make:85: recipe for target 'CMakeFiles/cmTC_847b2.dir/CurlTests.c.o' failed
make[1]: *** [CMakeFiles/cmTC_847b2.dir/CurlTests.c.o] Error 1
make[1]: Leaving directory '/home/wp2018/user/andythebreaker/andy/sound/cmake-3.18.0-rc2/CMakeFiles/CMakeTmp'
Makefile:141: recipe for target 'cmTC_847b2/fast' failed
make: *** [cmTC_847b2/fast] Error 2


Performing Curl Test HAVE_GETHOSTBYNAME_R_5_REENTRANT failed with the following output:
Change Dir: /home/wp2018/user/andythebreaker/andy/sound/cmake-3.18.0-rc2/CMakeFiles/CMakeTmp

Run Build Command(s):/usr/bin/make cmTC_4dda1/fast && make  -f CMakeFiles/cmTC_4dda1.dir/build.make CMakeFiles/cmTC_4dda1.dir/build
make[1]: Entering directory '/home/wp2018/user/andythebreaker/andy/sound/cmake-3.18.0-rc2/CMakeFiles/CMakeTmp'
Building C object CMakeFiles/cmTC_4dda1.dir/CurlTests.c.o
/usr/bin/gcc   -w -DHAVE_GETHOSTBYNAME_R_5_REENTRANT  -DHAVE_STDIO_H -DHAVE_INTTYPES_H -DHAVE_SYS_IOCTL_H -DHAVE_SYS_PARAM_H -DHAVE_SYS_POLL_H -DHAVE_SYS_RESOURCE_H -DHAVE_SYS_SELECT_H -DHAVE_SYS_SOCKET_H -DHAVE_SYS_STAT_H -DHAVE_SYS_TIME_H -DHAVE_SYS_TYPES_H -DHAVE_SYS_UIO_H -DHAVE_SYS_UN_H -DHAVE_SYS_XATTR_H -DHAVE_ALLOCA_H -DHAVE_ARPA_INET_H -DHAVE_ARPA_TFTP_H -DHAVE_ASSERT_H -DHAVE_ERR_H -DHAVE_ERRNO_H -DHAVE_FCNTL_H -DHAVE_IFADDRS_H -DHAVE_LIBGEN_H -DHAVE_LOCALE_H -DHAVE_NET_IF_H -DHAVE_NETDB_H -DHAVE_NETINET_IN_H -DHAVE_NETINET_TCP_H -DHAVE_POLL_H -DHAVE_PWD_H -DHAVE_SETJMP_H -DHAVE_SGTTY_H -DHAVE_SIGNAL_H -DHAVE_STDBOOL_H -DHAVE_STDINT_H -DHAVE_STDIO_H -DHAVE_STDLIB_H -DHAVE_STRING_H -DHAVE_STRINGS_H -DHAVE_STROPTS_H -DHAVE_TERMIO_H -DHAVE_TERMIOS_H -DHAVE_TIME_H -DHAVE_UNISTD_H -DHAVE_UTIME_H -DHAVE_STDDEF_H -DHAVE_DLFCN_H -DHAVE_MALLOC_H -DHAVE_MEMORY_H -DHAVE_NETINET_IF_ETHER_H -DHAVE_STDINT_H -DHAVE_SYS_UTSNAME_H -std=gnu11 -o CMakeFiles/cmTC_4dda1.dir/CurlTests.c.o -c /home/wp2018/user/andythebreaker/andy/sound/cmake-3.18.0-rc2/Utilities/cmcurl/CMake/CurlTests.c
/home/wp2018/user/andythebreaker/andy/sound/cmake-3.18.0-rc2/Utilities/cmcurl/CMake/CurlTests.c: In function ‘main’:
/home/wp2018/user/andythebreaker/andy/sound/cmake-3.18.0-rc2/Utilities/cmcurl/CMake/CurlTests.c:144:8: error: too few arguments to function ‘gethostbyname_r’
   rc = gethostbyname_r(address, &h, buffer, 8192, &h_errnop);
        ^~~~~~~~~~~~~~~
In file included from /home/wp2018/user/andythebreaker/andy/sound/cmake-3.18.0-rc2/Utilities/cmcurl/CMake/CurlTests.c:93:0:
/usr/include/netdb.h:177:12: note: declared here
 extern int gethostbyname_r (const char *__restrict __name,
            ^~~~~~~~~~~~~~~
CMakeFiles/cmTC_4dda1.dir/build.make:85: recipe for target 'CMakeFiles/cmTC_4dda1.dir/CurlTests.c.o' failed
make[1]: *** [CMakeFiles/cmTC_4dda1.dir/CurlTests.c.o] Error 1
make[1]: Leaving directory '/home/wp2018/user/andythebreaker/andy/sound/cmake-3.18.0-rc2/CMakeFiles/CMakeTmp'
Makefile:141: recipe for target 'cmTC_4dda1/fast' failed
make: *** [cmTC_4dda1/fast] Error 2


Performing Curl Test HAVE_INET_NTOA_R_DECL failed with the following output:
Change Dir: /home/wp2018/user/andythebreaker/andy/sound/cmake-3.18.0-rc2/CMakeFiles/CMakeTmp

Run Build Command(s):/usr/bin/make cmTC_fb68d/fast && make  -f CMakeFiles/cmTC_fb68d.dir/build.make CMakeFiles/cmTC_fb68d.dir/build
make[1]: Entering directory '/home/wp2018/user/andythebreaker/andy/sound/cmake-3.18.0-rc2/CMakeFiles/CMakeTmp'
Building C object CMakeFiles/cmTC_fb68d.dir/CurlTests.c.o
/usr/bin/gcc   -w -DHAVE_INET_NTOA_R_DECL  -DHAVE_STDIO_H -DHAVE_INTTYPES_H -DHAVE_SYS_IOCTL_H -DHAVE_SYS_PARAM_H -DHAVE_SYS_POLL_H -DHAVE_SYS_RESOURCE_H -DHAVE_SYS_SELECT_H -DHAVE_SYS_SOCKET_H -DHAVE_SYS_STAT_H -DHAVE_SYS_TIME_H -DHAVE_SYS_TYPES_H -DHAVE_SYS_UIO_H -DHAVE_SYS_UN_H -DHAVE_SYS_XATTR_H -DHAVE_ALLOCA_H -DHAVE_ARPA_INET_H -DHAVE_ARPA_TFTP_H -DHAVE_ASSERT_H -DHAVE_ERR_H -DHAVE_ERRNO_H -DHAVE_FCNTL_H -DHAVE_IFADDRS_H -DHAVE_LIBGEN_H -DHAVE_LOCALE_H -DHAVE_NET_IF_H -DHAVE_NETDB_H -DHAVE_NETINET_IN_H -DHAVE_NETINET_TCP_H -DHAVE_POLL_H -DHAVE_PWD_H -DHAVE_SETJMP_H -DHAVE_SGTTY_H -DHAVE_SIGNAL_H -DHAVE_STDBOOL_H -DHAVE_STDINT_H -DHAVE_STDIO_H -DHAVE_STDLIB_H -DHAVE_STRING_H -DHAVE_STRINGS_H -DHAVE_STROPTS_H -DHAVE_TERMIO_H -DHAVE_TERMIOS_H -DHAVE_TIME_H -DHAVE_UNISTD_H -DHAVE_UTIME_H -DHAVE_STDDEF_H -DHAVE_DLFCN_H -DHAVE_MALLOC_H -DHAVE_MEMORY_H -DHAVE_NETINET_IF_ETHER_H -DHAVE_STDINT_H -DHAVE_SYS_UTSNAME_H -std=gnu11 -o CMakeFiles/cmTC_fb68d.dir/CurlTests.c.o -c /home/wp2018/user/andythebreaker/andy/sound/cmake-3.18.0-rc2/Utilities/cmcurl/CMake/CurlTests.c
/home/wp2018/user/andythebreaker/andy/sound/cmake-3.18.0-rc2/Utilities/cmcurl/CMake/CurlTests.c: In function ‘main’:
/home/wp2018/user/andythebreaker/andy/sound/cmake-3.18.0-rc2/Utilities/cmcurl/CMake/CurlTests.c:244:21: error: ‘inet_ntoa_r’ undeclared (first use in this function); did you mean ‘inet_ntoa’?
   func = (func_type)inet_ntoa_r;
                     ^~~~~~~~~~~
                     inet_ntoa
/home/wp2018/user/andythebreaker/andy/sound/cmake-3.18.0-rc2/Utilities/cmcurl/CMake/CurlTests.c:244:21: note: each undeclared identifier is reported only once for each function it appears in
CMakeFiles/cmTC_fb68d.dir/build.make:85: recipe for target 'CMakeFiles/cmTC_fb68d.dir/CurlTests.c.o' failed
make[1]: *** [CMakeFiles/cmTC_fb68d.dir/CurlTests.c.o] Error 1
make[1]: Leaving directory '/home/wp2018/user/andythebreaker/andy/sound/cmake-3.18.0-rc2/CMakeFiles/CMakeTmp'
Makefile:141: recipe for target 'cmTC_fb68d/fast' failed
make: *** [cmTC_fb68d/fast] Error 2


Performing Curl Test HAVE_INET_NTOA_R_DECL_REENTRANT failed with the following output:
Change Dir: /home/wp2018/user/andythebreaker/andy/sound/cmake-3.18.0-rc2/CMakeFiles/CMakeTmp

Run Build Command(s):/usr/bin/make cmTC_54629/fast && make  -f CMakeFiles/cmTC_54629.dir/build.make CMakeFiles/cmTC_54629.dir/build
make[1]: Entering directory '/home/wp2018/user/andythebreaker/andy/sound/cmake-3.18.0-rc2/CMakeFiles/CMakeTmp'
Building C object CMakeFiles/cmTC_54629.dir/CurlTests.c.o
/usr/bin/gcc   -w -DHAVE_INET_NTOA_R_DECL_REENTRANT  -DHAVE_STDIO_H -DHAVE_INTTYPES_H -DHAVE_SYS_IOCTL_H -DHAVE_SYS_PARAM_H -DHAVE_SYS_POLL_H -DHAVE_SYS_RESOURCE_H -DHAVE_SYS_SELECT_H -DHAVE_SYS_SOCKET_H -DHAVE_SYS_STAT_H -DHAVE_SYS_TIME_H -DHAVE_SYS_TYPES_H -DHAVE_SYS_UIO_H -DHAVE_SYS_UN_H -DHAVE_SYS_XATTR_H -DHAVE_ALLOCA_H -DHAVE_ARPA_INET_H -DHAVE_ARPA_TFTP_H -DHAVE_ASSERT_H -DHAVE_ERR_H -DHAVE_ERRNO_H -DHAVE_FCNTL_H -DHAVE_IFADDRS_H -DHAVE_LIBGEN_H -DHAVE_LOCALE_H -DHAVE_NET_IF_H -DHAVE_NETDB_H -DHAVE_NETINET_IN_H -DHAVE_NETINET_TCP_H -DHAVE_POLL_H -DHAVE_PWD_H -DHAVE_SETJMP_H -DHAVE_SGTTY_H -DHAVE_SIGNAL_H -DHAVE_STDBOOL_H -DHAVE_STDINT_H -DHAVE_STDIO_H -DHAVE_STDLIB_H -DHAVE_STRING_H -DHAVE_STRINGS_H -DHAVE_STROPTS_H -DHAVE_TERMIO_H -DHAVE_TERMIOS_H -DHAVE_TIME_H -DHAVE_UNISTD_H -DHAVE_UTIME_H -DHAVE_STDDEF_H -DHAVE_DLFCN_H -DHAVE_MALLOC_H -DHAVE_MEMORY_H -DHAVE_NETINET_IF_ETHER_H -DHAVE_STDINT_H -DHAVE_SYS_UTSNAME_H -std=gnu11 -o CMakeFiles/cmTC_54629.dir/CurlTests.c.o -c /home/wp2018/user/andythebreaker/andy/sound/cmake-3.18.0-rc2/Utilities/cmcurl/CMake/CurlTests.c
/home/wp2018/user/andythebreaker/andy/sound/cmake-3.18.0-rc2/Utilities/cmcurl/CMake/CurlTests.c: In function ‘main’:
/home/wp2018/user/andythebreaker/andy/sound/cmake-3.18.0-rc2/Utilities/cmcurl/CMake/CurlTests.c:260:22: error: ‘inet_ntoa_r’ undeclared (first use in this function); did you mean ‘inet_ntoa’?
   func = (func_type)&inet_ntoa_r;
                      ^~~~~~~~~~~
                      inet_ntoa
/home/wp2018/user/andythebreaker/andy/sound/cmake-3.18.0-rc2/Utilities/cmcurl/CMake/CurlTests.c:260:22: note: each undeclared identifier is reported only once for each function it appears in
CMakeFiles/cmTC_54629.dir/build.make:85: recipe for target 'CMakeFiles/cmTC_54629.dir/CurlTests.c.o' failed
make[1]: *** [CMakeFiles/cmTC_54629.dir/CurlTests.c.o] Error 1
make[1]: Leaving directory '/home/wp2018/user/andythebreaker/andy/sound/cmake-3.18.0-rc2/CMakeFiles/CMakeTmp'
Makefile:141: recipe for target 'cmTC_54629/fast' failed
make: *** [cmTC_54629/fast] Error 2


Performing Curl Test HAVE_GLIBC_STRERROR_R failed with the following output:
Change Dir: /home/wp2018/user/andythebreaker/andy/sound/cmake-3.18.0-rc2/CMakeFiles/CMakeTmp

Run Build Command(s):/usr/bin/make cmTC_84e06/fast && make  -f CMakeFiles/cmTC_84e06.dir/build.make CMakeFiles/cmTC_84e06.dir/build
make[1]: Entering directory '/home/wp2018/user/andythebreaker/andy/sound/cmake-3.18.0-rc2/CMakeFiles/CMakeTmp'
Building C object CMakeFiles/cmTC_84e06.dir/CurlTests.c.o
/usr/bin/gcc   -w -DHAVE_GLIBC_STRERROR_R  -DHAVE_STDIO_H -DHAVE_INTTYPES_H -DHAVE_SYS_IOCTL_H -DHAVE_SYS_PARAM_H -DHAVE_SYS_POLL_H -DHAVE_SYS_RESOURCE_H -DHAVE_SYS_SELECT_H -DHAVE_SYS_SOCKET_H -DHAVE_SYS_STAT_H -DHAVE_SYS_TIME_H -DHAVE_SYS_TYPES_H -DHAVE_SYS_UIO_H -DHAVE_SYS_UN_H -DHAVE_SYS_XATTR_H -DHAVE_ALLOCA_H -DHAVE_ARPA_INET_H -DHAVE_ARPA_TFTP_H -DHAVE_ASSERT_H -DHAVE_ERR_H -DHAVE_ERRNO_H -DHAVE_FCNTL_H -DHAVE_IFADDRS_H -DHAVE_LIBGEN_H -DHAVE_LOCALE_H -DHAVE_NET_IF_H -DHAVE_NETDB_H -DHAVE_NETINET_IN_H -DHAVE_NETINET_TCP_H -DHAVE_POLL_H -DHAVE_PWD_H -DHAVE_SETJMP_H -DHAVE_SGTTY_H -DHAVE_SIGNAL_H -DHAVE_STDBOOL_H -DHAVE_STDINT_H -DHAVE_STDIO_H -DHAVE_STDLIB_H -DHAVE_STRING_H -DHAVE_STRINGS_H -DHAVE_STROPTS_H -DHAVE_TERMIO_H -DHAVE_TERMIOS_H -DHAVE_TIME_H -DHAVE_UNISTD_H -DHAVE_UTIME_H -DHAVE_STDDEF_H -DHAVE_DLFCN_H -DHAVE_MALLOC_H -DHAVE_MEMORY_H -DHAVE_NETINET_IF_ETHER_H -DHAVE_STDINT_H -DHAVE_SYS_UTSNAME_H -std=gnu11 -o CMakeFiles/cmTC_84e06.dir/CurlTests.c.o -c /home/wp2018/user/andythebreaker/andy/sound/cmake-3.18.0-rc2/Utilities/cmcurl/CMake/CurlTests.c
/home/wp2018/user/andythebreaker/andy/sound/cmake-3.18.0-rc2/Utilities/cmcurl/CMake/CurlTests.c: In function ‘main’:
/home/wp2018/user/andythebreaker/andy/sound/cmake-3.18.0-rc2/Utilities/cmcurl/CMake/CurlTests.c:521:51: error: subscripted value is neither array nor pointer nor vector
   check(strerror_r(EACCES, buffer, sizeof(buffer))[0]);
                                                   ^
CMakeFiles/cmTC_84e06.dir/build.make:85: recipe for target 'CMakeFiles/cmTC_84e06.dir/CurlTests.c.o' failed
make[1]: *** [CMakeFiles/cmTC_84e06.dir/CurlTests.c.o] Error 1
make[1]: Leaving directory '/home/wp2018/user/andythebreaker/andy/sound/cmake-3.18.0-rc2/CMakeFiles/CMakeTmp'
Makefile:141: recipe for target 'cmTC_84e06/fast' failed
make: *** [cmTC_84e06/fast] Error 2


Performing Curl Test HAVE_BUILTIN_AVAILABLE failed with the following output:
Change Dir: /home/wp2018/user/andythebreaker/andy/sound/cmake-3.18.0-rc2/CMakeFiles/CMakeTmp

Run Build Command(s):/usr/bin/make cmTC_5da34/fast && make  -f CMakeFiles/cmTC_5da34.dir/build.make CMakeFiles/cmTC_5da34.dir/build
make[1]: Entering directory '/home/wp2018/user/andythebreaker/andy/sound/cmake-3.18.0-rc2/CMakeFiles/CMakeTmp'
Building C object CMakeFiles/cmTC_5da34.dir/CurlTests.c.o
/usr/bin/gcc   -w -DHAVE_BUILTIN_AVAILABLE  -DHAVE_STDIO_H -DHAVE_INTTYPES_H -DHAVE_SYS_IOCTL_H -DHAVE_SYS_PARAM_H -DHAVE_SYS_POLL_H -DHAVE_SYS_RESOURCE_H -DHAVE_SYS_SELECT_H -DHAVE_SYS_SOCKET_H -DHAVE_SYS_STAT_H -DHAVE_SYS_TIME_H -DHAVE_SYS_TYPES_H -DHAVE_SYS_UIO_H -DHAVE_SYS_UN_H -DHAVE_SYS_XATTR_H -DHAVE_ALLOCA_H -DHAVE_ARPA_INET_H -DHAVE_ARPA_TFTP_H -DHAVE_ASSERT_H -DHAVE_ERR_H -DHAVE_ERRNO_H -DHAVE_FCNTL_H -DHAVE_IFADDRS_H -DHAVE_LIBGEN_H -DHAVE_LOCALE_H -DHAVE_NET_IF_H -DHAVE_NETDB_H -DHAVE_NETINET_IN_H -DHAVE_NETINET_TCP_H -DHAVE_POLL_H -DHAVE_PWD_H -DHAVE_SETJMP_H -DHAVE_SGTTY_H -DHAVE_SIGNAL_H -DHAVE_STDBOOL_H -DHAVE_STDINT_H -DHAVE_STDIO_H -DHAVE_STDLIB_H -DHAVE_STRING_H -DHAVE_STRINGS_H -DHAVE_STROPTS_H -DHAVE_TERMIO_H -DHAVE_TERMIOS_H -DHAVE_TIME_H -DHAVE_UNISTD_H -DHAVE_UTIME_H -DHAVE_STDDEF_H -DHAVE_DLFCN_H -DHAVE_MALLOC_H -DHAVE_MEMORY_H -DHAVE_NETINET_IF_ETHER_H -DHAVE_STDINT_H -DHAVE_SYS_UTSNAME_H -std=gnu11 -o CMakeFiles/cmTC_5da34.dir/CurlTests.c.o -c /home/wp2018/user/andythebreaker/andy/sound/cmake-3.18.0-rc2/Utilities/cmcurl/CMake/CurlTests.c
/home/wp2018/user/andythebreaker/andy/sound/cmake-3.18.0-rc2/Utilities/cmcurl/CMake/CurlTests.c: In function ‘main’:
/home/wp2018/user/andythebreaker/andy/sound/cmake-3.18.0-rc2/Utilities/cmcurl/CMake/CurlTests.c:568:26: error: ‘macOS’ undeclared (first use in this function)
   if(__builtin_available(macOS 10.12, *)) {}
                          ^~~~~
/home/wp2018/user/andythebreaker/andy/sound/cmake-3.18.0-rc2/Utilities/cmcurl/CMake/CurlTests.c:568:26: note: each undeclared identifier is reported only once for each function it appears in
/home/wp2018/user/andythebreaker/andy/sound/cmake-3.18.0-rc2/Utilities/cmcurl/CMake/CurlTests.c:568:32: error: expected ‘)’ before numeric constant
   if(__builtin_available(macOS 10.12, *)) {}
                                ^~~~~
CMakeFiles/cmTC_5da34.dir/build.make:85: recipe for target 'CMakeFiles/cmTC_5da34.dir/CurlTests.c.o' failed
make[1]: *** [CMakeFiles/cmTC_5da34.dir/CurlTests.c.o] Error 1
make[1]: Leaving directory '/home/wp2018/user/andythebreaker/andy/sound/cmake-3.18.0-rc2/CMakeFiles/CMakeTmp'
Makefile:141: recipe for target 'cmTC_5da34/fast' failed
make: *** [cmTC_5da34/fast] Error 2


Determining if the arc4random_buf exist failed with the following output:
Change Dir: /home/wp2018/user/andythebreaker/andy/sound/cmake-3.18.0-rc2/CMakeFiles/CMakeTmp

Run Build Command(s):/usr/bin/make cmTC_3a136/fast && make  -f CMakeFiles/cmTC_3a136.dir/build.make CMakeFiles/cmTC_3a136.dir/build
make[1]: Entering directory '/home/wp2018/user/andythebreaker/andy/sound/cmake-3.18.0-rc2/CMakeFiles/CMakeTmp'
Building C object CMakeFiles/cmTC_3a136.dir/CheckSymbolExists.c.o
/usr/bin/gcc   -w  -std=gnu11 -o CMakeFiles/cmTC_3a136.dir/CheckSymbolExists.c.o -c /home/wp2018/user/andythebreaker/andy/sound/cmake-3.18.0-rc2/CMakeFiles/CMakeTmp/CheckSymbolExists.c
/home/wp2018/user/andythebreaker/andy/sound/cmake-3.18.0-rc2/CMakeFiles/CMakeTmp/CheckSymbolExists.c: In function ‘main’:
/home/wp2018/user/andythebreaker/andy/sound/cmake-3.18.0-rc2/CMakeFiles/CMakeTmp/CheckSymbolExists.c:8:19: error: ‘arc4random_buf’ undeclared (first use in this function); did you mean ‘srandom_r’?
   return ((int*)(&arc4random_buf))[argc];
                   ^~~~~~~~~~~~~~
                   srandom_r
/home/wp2018/user/andythebreaker/andy/sound/cmake-3.18.0-rc2/CMakeFiles/CMakeTmp/CheckSymbolExists.c:8:19: note: each undeclared identifier is reported only once for each function it appears in
CMakeFiles/cmTC_3a136.dir/build.make:85: recipe for target 'CMakeFiles/cmTC_3a136.dir/CheckSymbolExists.c.o' failed
make[1]: *** [CMakeFiles/cmTC_3a136.dir/CheckSymbolExists.c.o] Error 1
make[1]: Leaving directory '/home/wp2018/user/andythebreaker/andy/sound/cmake-3.18.0-rc2/CMakeFiles/CMakeTmp'
Makefile:141: recipe for target 'cmTC_3a136/fast' failed
make: *** [cmTC_3a136/fast] Error 2


File /home/wp2018/user/andythebreaker/andy/sound/cmake-3.18.0-rc2/CMakeFiles/CMakeTmp/CheckSymbolExists.c:
/* */
#include <stdlib.h>

int main(int argc, char** argv)
{
  (void)argv;
#ifndef arc4random_buf
  return ((int*)(&arc4random_buf))[argc];
#else
  (void)argc;
  return 0;
#endif
}
Determining if the arc4random exist failed with the following output:
Change Dir: /home/wp2018/user/andythebreaker/andy/sound/cmake-3.18.0-rc2/CMakeFiles/CMakeTmp

Run Build Command(s):/usr/bin/make cmTC_86fcd/fast && make  -f CMakeFiles/cmTC_86fcd.dir/build.make CMakeFiles/cmTC_86fcd.dir/build
make[1]: Entering directory '/home/wp2018/user/andythebreaker/andy/sound/cmake-3.18.0-rc2/CMakeFiles/CMakeTmp'
Building C object CMakeFiles/cmTC_86fcd.dir/CheckSymbolExists.c.o
/usr/bin/gcc   -w  -std=gnu11 -o CMakeFiles/cmTC_86fcd.dir/CheckSymbolExists.c.o -c /home/wp2018/user/andythebreaker/andy/sound/cmake-3.18.0-rc2/CMakeFiles/CMakeTmp/CheckSymbolExists.c
/home/wp2018/user/andythebreaker/andy/sound/cmake-3.18.0-rc2/CMakeFiles/CMakeTmp/CheckSymbolExists.c: In function ‘main’:
/home/wp2018/user/andythebreaker/andy/sound/cmake-3.18.0-rc2/CMakeFiles/CMakeTmp/CheckSymbolExists.c:8:19: error: ‘arc4random’ undeclared (first use in this function); did you mean ‘srandom’?
   return ((int*)(&arc4random))[argc];
                   ^~~~~~~~~~
                   srandom
/home/wp2018/user/andythebreaker/andy/sound/cmake-3.18.0-rc2/CMakeFiles/CMakeTmp/CheckSymbolExists.c:8:19: note: each undeclared identifier is reported only once for each function it appears in
CMakeFiles/cmTC_86fcd.dir/build.make:85: recipe for target 'CMakeFiles/cmTC_86fcd.dir/CheckSymbolExists.c.o' failed
make[1]: *** [CMakeFiles/cmTC_86fcd.dir/CheckSymbolExists.c.o] Error 1
make[1]: Leaving directory '/home/wp2018/user/andythebreaker/andy/sound/cmake-3.18.0-rc2/CMakeFiles/CMakeTmp'
Makefile:141: recipe for target 'cmTC_86fcd/fast' failed
make: *** [cmTC_86fcd/fast] Error 2


File /home/wp2018/user/andythebreaker/andy/sound/cmake-3.18.0-rc2/CMakeFiles/CMakeTmp/CheckSymbolExists.c:
/* */
#include <stdlib.h>

int main(int argc, char** argv)
{
  (void)argv;
#ifndef arc4random
  return ((int*)(&arc4random))[argc];
#else
  (void)argc;
  return 0;
#endif
}
Determining if files sys/types.h;ctype.h;copyfile.h exist failed with the following output:
Change Dir: /home/wp2018/user/andythebreaker/andy/sound/cmake-3.18.0-rc2/CMakeFiles/CMakeTmp

Run Build Command(s):/usr/bin/make cmTC_7ebd1/fast && make  -f CMakeFiles/cmTC_7ebd1.dir/build.make CMakeFiles/cmTC_7ebd1.dir/build
make[1]: Entering directory '/home/wp2018/user/andythebreaker/andy/sound/cmake-3.18.0-rc2/CMakeFiles/CMakeTmp'
Building C object CMakeFiles/cmTC_7ebd1.dir/HAVE_COPYFILE_H.c.o
/usr/bin/gcc   -w  -std=gnu11 -o CMakeFiles/cmTC_7ebd1.dir/HAVE_COPYFILE_H.c.o -c /home/wp2018/user/andythebreaker/andy/sound/cmake-3.18.0-rc2/CMakeFiles/CheckIncludeFiles/HAVE_COPYFILE_H.c
/home/wp2018/user/andythebreaker/andy/sound/cmake-3.18.0-rc2/CMakeFiles/CheckIncludeFiles/HAVE_COPYFILE_H.c:4:10: fatal error: copyfile.h: No such file or directory
 #include <copyfile.h>
          ^~~~~~~~~~~~
compilation terminated.
CMakeFiles/cmTC_7ebd1.dir/build.make:85: recipe for target 'CMakeFiles/cmTC_7ebd1.dir/HAVE_COPYFILE_H.c.o' failed
make[1]: *** [CMakeFiles/cmTC_7ebd1.dir/HAVE_COPYFILE_H.c.o] Error 1
make[1]: Leaving directory '/home/wp2018/user/andythebreaker/andy/sound/cmake-3.18.0-rc2/CMakeFiles/CMakeTmp'
Makefile:141: recipe for target 'cmTC_7ebd1/fast' failed
make: *** [cmTC_7ebd1/fast] Error 2


Source:
/* */
#include <sys/types.h>
#include <ctype.h>
#include <copyfile.h>


int main(void){return 0;}

Determining if files sys/types.h;ctype.h;direct.h exist failed with the following output:
Change Dir: /home/wp2018/user/andythebreaker/andy/sound/cmake-3.18.0-rc2/CMakeFiles/CMakeTmp

Run Build Command(s):/usr/bin/make cmTC_d05ab/fast && make  -f CMakeFiles/cmTC_d05ab.dir/build.make CMakeFiles/cmTC_d05ab.dir/build
make[1]: Entering directory '/home/wp2018/user/andythebreaker/andy/sound/cmake-3.18.0-rc2/CMakeFiles/CMakeTmp'
Building C object CMakeFiles/cmTC_d05ab.dir/HAVE_DIRECT_H.c.o
/usr/bin/gcc   -w  -std=gnu11 -o CMakeFiles/cmTC_d05ab.dir/HAVE_DIRECT_H.c.o -c /home/wp2018/user/andythebreaker/andy/sound/cmake-3.18.0-rc2/CMakeFiles/CheckIncludeFiles/HAVE_DIRECT_H.c
/home/wp2018/user/andythebreaker/andy/sound/cmake-3.18.0-rc2/CMakeFiles/CheckIncludeFiles/HAVE_DIRECT_H.c:4:10: fatal error: direct.h: No such file or directory
 #include <direct.h>
          ^~~~~~~~~~
compilation terminated.
CMakeFiles/cmTC_d05ab.dir/build.make:85: recipe for target 'CMakeFiles/cmTC_d05ab.dir/HAVE_DIRECT_H.c.o' failed
make[1]: *** [CMakeFiles/cmTC_d05ab.dir/HAVE_DIRECT_H.c.o] Error 1
make[1]: Leaving directory '/home/wp2018/user/andythebreaker/andy/sound/cmake-3.18.0-rc2/CMakeFiles/CMakeTmp'
Makefile:141: recipe for target 'cmTC_d05ab/fast' failed
make: *** [cmTC_d05ab/fast] Error 2


Source:
/* */
#include <sys/types.h>
#include <ctype.h>
#include <direct.h>


int main(void){return 0;}

Determining if files sys/types.h;ctype.h;dlfcn.h;errno.h;ext2fs/ext2_fs.h exist failed with the following output:
Change Dir: /home/wp2018/user/andythebreaker/andy/sound/cmake-3.18.0-rc2/CMakeFiles/CMakeTmp

Run Build Command(s):/usr/bin/make cmTC_16eda/fast && make  -f CMakeFiles/cmTC_16eda.dir/build.make CMakeFiles/cmTC_16eda.dir/build
make[1]: Entering directory '/home/wp2018/user/andythebreaker/andy/sound/cmake-3.18.0-rc2/CMakeFiles/CMakeTmp'
Building C object CMakeFiles/cmTC_16eda.dir/HAVE_EXT2FS_EXT2_FS_H.c.o
/usr/bin/gcc   -w  -std=gnu11 -o CMakeFiles/cmTC_16eda.dir/HAVE_EXT2FS_EXT2_FS_H.c.o -c /home/wp2018/user/andythebreaker/andy/sound/cmake-3.18.0-rc2/CMakeFiles/CheckIncludeFiles/HAVE_EXT2FS_EXT2_FS_H.c
/home/wp2018/user/andythebreaker/andy/sound/cmake-3.18.0-rc2/CMakeFiles/CheckIncludeFiles/HAVE_EXT2FS_EXT2_FS_H.c:6:10: fatal error: ext2fs/ext2_fs.h: No such file or directory
 #include <ext2fs/ext2_fs.h>
          ^~~~~~~~~~~~~~~~~~
compilation terminated.
CMakeFiles/cmTC_16eda.dir/build.make:85: recipe for target 'CMakeFiles/cmTC_16eda.dir/HAVE_EXT2FS_EXT2_FS_H.c.o' failed
make[1]: *** [CMakeFiles/cmTC_16eda.dir/HAVE_EXT2FS_EXT2_FS_H.c.o] Error 1
make[1]: Leaving directory '/home/wp2018/user/andythebreaker/andy/sound/cmake-3.18.0-rc2/CMakeFiles/CMakeTmp'
Makefile:141: recipe for target 'cmTC_16eda/fast' failed
make: *** [cmTC_16eda/fast] Error 2


Source:
/* */
#include <sys/types.h>
#include <ctype.h>
#include <dlfcn.h>
#include <errno.h>
#include <ext2fs/ext2_fs.h>


int main(void){return 0;}

Performing C SOURCE FILE Test HAVE_WORKING_EXT2_IOC_GETFLAGS failed with the following output:
Change Dir: /home/wp2018/user/andythebreaker/andy/sound/cmake-3.18.0-rc2/CMakeFiles/CMakeTmp

Run Build Command(s):/usr/bin/make cmTC_11a36/fast && make  -f CMakeFiles/cmTC_11a36.dir/build.make CMakeFiles/cmTC_11a36.dir/build
make[1]: Entering directory '/home/wp2018/user/andythebreaker/andy/sound/cmake-3.18.0-rc2/CMakeFiles/CMakeTmp'
Building C object CMakeFiles/cmTC_11a36.dir/src.c.o
/usr/bin/gcc   -w -DHAVE_WORKING_EXT2_IOC_GETFLAGS -std=gnu11 -o CMakeFiles/cmTC_11a36.dir/src.c.o -c /home/wp2018/user/andythebreaker/andy/sound/cmake-3.18.0-rc2/CMakeFiles/CMakeTmp/src.c
/home/wp2018/user/andythebreaker/andy/sound/cmake-3.18.0-rc2/CMakeFiles/CMakeTmp/src.c:2:10: fatal error: ext2fs/ext2_fs.h: No such file or directory
 #include <ext2fs/ext2_fs.h>
          ^~~~~~~~~~~~~~~~~~
compilation terminated.
CMakeFiles/cmTC_11a36.dir/build.make:85: recipe for target 'CMakeFiles/cmTC_11a36.dir/src.c.o' failed
make[1]: *** [CMakeFiles/cmTC_11a36.dir/src.c.o] Error 1
make[1]: Leaving directory '/home/wp2018/user/andythebreaker/andy/sound/cmake-3.18.0-rc2/CMakeFiles/CMakeTmp'
Makefile:141: recipe for target 'cmTC_11a36/fast' failed
make: *** [cmTC_11a36/fast] Error 2


Source file was:
#include <sys/ioctl.h>
#include <ext2fs/ext2_fs.h>
int main(void) { return EXT2_IOC_GETFLAGS; }
Determining if files sys/types.h;ctype.h;dlfcn.h;errno.h;fcntl.h;grp.h;langinfo.h;limits.h;linux/types.h;linux/fiemap.h;linux/fs.h;linux/magic.h;locale.h;membership.h exist failed with the following output:
Change Dir: /home/wp2018/user/andythebreaker/andy/sound/cmake-3.18.0-rc2/CMakeFiles/CMakeTmp

Run Build Command(s):/usr/bin/make cmTC_d7c28/fast && make  -f CMakeFiles/cmTC_d7c28.dir/build.make CMakeFiles/cmTC_d7c28.dir/build
make[1]: Entering directory '/home/wp2018/user/andythebreaker/andy/sound/cmake-3.18.0-rc2/CMakeFiles/CMakeTmp'
Building C object CMakeFiles/cmTC_d7c28.dir/HAVE_MEMBERSHIP_H.c.o
/usr/bin/gcc   -w  -std=gnu11 -o CMakeFiles/cmTC_d7c28.dir/HAVE_MEMBERSHIP_H.c.o -c /home/wp2018/user/andythebreaker/andy/sound/cmake-3.18.0-rc2/CMakeFiles/CheckIncludeFiles/HAVE_MEMBERSHIP_H.c
/home/wp2018/user/andythebreaker/andy/sound/cmake-3.18.0-rc2/CMakeFiles/CheckIncludeFiles/HAVE_MEMBERSHIP_H.c:15:10: fatal error: membership.h: No such file or directory
 #include <membership.h>
          ^~~~~~~~~~~~~~
compilation terminated.
CMakeFiles/cmTC_d7c28.dir/build.make:85: recipe for target 'CMakeFiles/cmTC_d7c28.dir/HAVE_MEMBERSHIP_H.c.o' failed
make[1]: *** [CMakeFiles/cmTC_d7c28.dir/HAVE_MEMBERSHIP_H.c.o] Error 1
make[1]: Leaving directory '/home/wp2018/user/andythebreaker/andy/sound/cmake-3.18.0-rc2/CMakeFiles/CMakeTmp'
Makefile:141: recipe for target 'cmTC_d7c28/fast' failed
make: *** [cmTC_d7c28/fast] Error 2


Source:
/* */
#include <sys/types.h>
#include <ctype.h>
#include <dlfcn.h>
#include <errno.h>
#include <fcntl.h>
#include <grp.h>
#include <langinfo.h>
#include <limits.h>
#include <linux/types.h>
#include <linux/fiemap.h>
#include <linux/fs.h>
#include <linux/magic.h>
#include <locale.h>
#include <membership.h>


int main(void){return 0;}

Determining if files sys/types.h;ctype.h;dlfcn.h;errno.h;fcntl.h;grp.h;langinfo.h;limits.h;linux/types.h;linux/fiemap.h;linux/fs.h;linux/magic.h;locale.h;memory.h;paths.h;poll.h;pthread.h;pwd.h;readpassphrase.h exist failed with the following output:
Change Dir: /home/wp2018/user/andythebreaker/andy/sound/cmake-3.18.0-rc2/CMakeFiles/CMakeTmp

Run Build Command(s):/usr/bin/make cmTC_bc977/fast && make  -f CMakeFiles/cmTC_bc977.dir/build.make CMakeFiles/cmTC_bc977.dir/build
make[1]: Entering directory '/home/wp2018/user/andythebreaker/andy/sound/cmake-3.18.0-rc2/CMakeFiles/CMakeTmp'
Building C object CMakeFiles/cmTC_bc977.dir/HAVE_READPASSPHRASE_H.c.o
/usr/bin/gcc   -w  -std=gnu11 -o CMakeFiles/cmTC_bc977.dir/HAVE_READPASSPHRASE_H.c.o -c /home/wp2018/user/andythebreaker/andy/sound/cmake-3.18.0-rc2/CMakeFiles/CheckIncludeFiles/HAVE_READPASSPHRASE_H.c
/home/wp2018/user/andythebreaker/andy/sound/cmake-3.18.0-rc2/CMakeFiles/CheckIncludeFiles/HAVE_READPASSPHRASE_H.c:20:10: fatal error: readpassphrase.h: No such file or directory
 #include <readpassphrase.h>
          ^~~~~~~~~~~~~~~~~~
compilation terminated.
CMakeFiles/cmTC_bc977.dir/build.make:85: recipe for target 'CMakeFiles/cmTC_bc977.dir/HAVE_READPASSPHRASE_H.c.o' failed
make[1]: *** [CMakeFiles/cmTC_bc977.dir/HAVE_READPASSPHRASE_H.c.o] Error 1
make[1]: Leaving directory '/home/wp2018/user/andythebreaker/andy/sound/cmake-3.18.0-rc2/CMakeFiles/CMakeTmp'
Makefile:141: recipe for target 'cmTC_bc977/fast' failed
make: *** [cmTC_bc977/fast] Error 2


Source:
/* */
#include <sys/types.h>
#include <ctype.h>
#include <dlfcn.h>
#include <errno.h>
#include <fcntl.h>
#include <grp.h>
#include <langinfo.h>
#include <limits.h>
#include <linux/types.h>
#include <linux/fiemap.h>
#include <linux/fs.h>
#include <linux/magic.h>
#include <locale.h>
#include <memory.h>
#include <paths.h>
#include <poll.h>
#include <pthread.h>
#include <pwd.h>
#include <readpassphrase.h>


int main(void){return 0;}

Determining if files sys/types.h;ctype.h;dlfcn.h;errno.h;fcntl.h;grp.h;langinfo.h;limits.h;linux/types.h;linux/fiemap.h;linux/fs.h;linux/magic.h;locale.h;memory.h;paths.h;poll.h;pthread.h;pwd.h;regex.h;signal.h;spawn.h;stdarg.h;stdlib.h;string.h;strings.h;sys/acl.h exist failed with the following output:
Change Dir: /home/wp2018/user/andythebreaker/andy/sound/cmake-3.18.0-rc2/CMakeFiles/CMakeTmp

Run Build Command(s):/usr/bin/make cmTC_a81c1/fast && make  -f CMakeFiles/cmTC_a81c1.dir/build.make CMakeFiles/cmTC_a81c1.dir/build
make[1]: Entering directory '/home/wp2018/user/andythebreaker/andy/sound/cmake-3.18.0-rc2/CMakeFiles/CMakeTmp'
Building C object CMakeFiles/cmTC_a81c1.dir/HAVE_SYS_ACL_H.c.o
/usr/bin/gcc   -w  -std=gnu11 -o CMakeFiles/cmTC_a81c1.dir/HAVE_SYS_ACL_H.c.o -c /home/wp2018/user/andythebreaker/andy/sound/cmake-3.18.0-rc2/CMakeFiles/CheckIncludeFiles/HAVE_SYS_ACL_H.c
/home/wp2018/user/andythebreaker/andy/sound/cmake-3.18.0-rc2/CMakeFiles/CheckIncludeFiles/HAVE_SYS_ACL_H.c:27:10: fatal error: sys/acl.h: No such file or directory
 #include <sys/acl.h>
          ^~~~~~~~~~~
compilation terminated.
CMakeFiles/cmTC_a81c1.dir/build.make:85: recipe for target 'CMakeFiles/cmTC_a81c1.dir/HAVE_SYS_ACL_H.c.o' failed
make[1]: *** [CMakeFiles/cmTC_a81c1.dir/HAVE_SYS_ACL_H.c.o] Error 1
make[1]: Leaving directory '/home/wp2018/user/andythebreaker/andy/sound/cmake-3.18.0-rc2/CMakeFiles/CMakeTmp'
Makefile:141: recipe for target 'cmTC_a81c1/fast' failed
make: *** [cmTC_a81c1/fast] Error 2


Source:
/* */
#include <sys/types.h>
#include <ctype.h>
#include <dlfcn.h>
#include <errno.h>
#include <fcntl.h>
#include <grp.h>
#include <langinfo.h>
#include <limits.h>
#include <linux/types.h>
#include <linux/fiemap.h>
#include <linux/fs.h>
#include <linux/magic.h>
#include <locale.h>
#include <memory.h>
#include <paths.h>
#include <poll.h>
#include <pthread.h>
#include <pwd.h>
#include <regex.h>
#include <signal.h>
#include <spawn.h>
#include <stdarg.h>
#include <stdlib.h>
#include <string.h>
#include <strings.h>
#include <sys/acl.h>


int main(void){return 0;}

Determining if files sys/types.h;ctype.h;dlfcn.h;errno.h;fcntl.h;grp.h;langinfo.h;limits.h;linux/types.h;linux/fiemap.h;linux/fs.h;linux/magic.h;locale.h;memory.h;paths.h;poll.h;pthread.h;pwd.h;regex.h;signal.h;spawn.h;stdarg.h;stdlib.h;string.h;strings.h;sys/cdefs.h;sys/extattr.h exist failed with the following output:
Change Dir: /home/wp2018/user/andythebreaker/andy/sound/cmake-3.18.0-rc2/CMakeFiles/CMakeTmp

Run Build Command(s):/usr/bin/make cmTC_24da7/fast && make  -f CMakeFiles/cmTC_24da7.dir/build.make CMakeFiles/cmTC_24da7.dir/build
make[1]: Entering directory '/home/wp2018/user/andythebreaker/andy/sound/cmake-3.18.0-rc2/CMakeFiles/CMakeTmp'
Building C object CMakeFiles/cmTC_24da7.dir/HAVE_SYS_EXTATTR_H.c.o
/usr/bin/gcc   -w  -std=gnu11 -o CMakeFiles/cmTC_24da7.dir/HAVE_SYS_EXTATTR_H.c.o -c /home/wp2018/user/andythebreaker/andy/sound/cmake-3.18.0-rc2/CMakeFiles/CheckIncludeFiles/HAVE_SYS_EXTATTR_H.c
/home/wp2018/user/andythebreaker/andy/sound/cmake-3.18.0-rc2/CMakeFiles/CheckIncludeFiles/HAVE_SYS_EXTATTR_H.c:28:10: fatal error: sys/extattr.h: No such file or directory
 #include <sys/extattr.h>
          ^~~~~~~~~~~~~~~
compilation terminated.
CMakeFiles/cmTC_24da7.dir/build.make:85: recipe for target 'CMakeFiles/cmTC_24da7.dir/HAVE_SYS_EXTATTR_H.c.o' failed
make[1]: *** [CMakeFiles/cmTC_24da7.dir/HAVE_SYS_EXTATTR_H.c.o] Error 1
make[1]: Leaving directory '/home/wp2018/user/andythebreaker/andy/sound/cmake-3.18.0-rc2/CMakeFiles/CMakeTmp'
Makefile:141: recipe for target 'cmTC_24da7/fast' failed
make: *** [cmTC_24da7/fast] Error 2


Source:
/* */
#include <sys/types.h>
#include <ctype.h>
#include <dlfcn.h>
#include <errno.h>
#include <fcntl.h>
#include <grp.h>
#include <langinfo.h>
#include <limits.h>
#include <linux/types.h>
#include <linux/fiemap.h>
#include <linux/fs.h>
#include <linux/magic.h>
#include <locale.h>
#include <memory.h>
#include <paths.h>
#include <poll.h>
#include <pthread.h>
#include <pwd.h>
#include <regex.h>
#include <signal.h>
#include <spawn.h>
#include <stdarg.h>
#include <stdlib.h>
#include <string.h>
#include <strings.h>
#include <sys/cdefs.h>
#include <sys/extattr.h>


int main(void){return 0;}

Determining if files sys/types.h;ctype.h;dlfcn.h;errno.h;fcntl.h;grp.h;langinfo.h;limits.h;linux/types.h;linux/fiemap.h;linux/fs.h;linux/magic.h;locale.h;memory.h;paths.h;poll.h;pthread.h;pwd.h;regex.h;signal.h;spawn.h;stdarg.h;stdlib.h;string.h;strings.h;sys/cdefs.h;sys/ioctl.h;sys/mkdev.h exist failed with the following output:
Change Dir: /home/wp2018/user/andythebreaker/andy/sound/cmake-3.18.0-rc2/CMakeFiles/CMakeTmp

Run Build Command(s):/usr/bin/make cmTC_41841/fast && make  -f CMakeFiles/cmTC_41841.dir/build.make CMakeFiles/cmTC_41841.dir/build
make[1]: Entering directory '/home/wp2018/user/andythebreaker/andy/sound/cmake-3.18.0-rc2/CMakeFiles/CMakeTmp'
Building C object CMakeFiles/cmTC_41841.dir/HAVE_SYS_MKDEV_H.c.o
/usr/bin/gcc   -w  -std=gnu11 -o CMakeFiles/cmTC_41841.dir/HAVE_SYS_MKDEV_H.c.o -c /home/wp2018/user/andythebreaker/andy/sound/cmake-3.18.0-rc2/CMakeFiles/CheckIncludeFiles/HAVE_SYS_MKDEV_H.c
/home/wp2018/user/andythebreaker/andy/sound/cmake-3.18.0-rc2/CMakeFiles/CheckIncludeFiles/HAVE_SYS_MKDEV_H.c:29:10: fatal error: sys/mkdev.h: No such file or directory
 #include <sys/mkdev.h>
          ^~~~~~~~~~~~~
compilation terminated.
CMakeFiles/cmTC_41841.dir/build.make:85: recipe for target 'CMakeFiles/cmTC_41841.dir/HAVE_SYS_MKDEV_H.c.o' failed
make[1]: *** [CMakeFiles/cmTC_41841.dir/HAVE_SYS_MKDEV_H.c.o] Error 1
make[1]: Leaving directory '/home/wp2018/user/andythebreaker/andy/sound/cmake-3.18.0-rc2/CMakeFiles/CMakeTmp'
Makefile:141: recipe for target 'cmTC_41841/fast' failed
make: *** [cmTC_41841/fast] Error 2


Source:
/* */
#include <sys/types.h>
#include <ctype.h>
#include <dlfcn.h>
#include <errno.h>
#include <fcntl.h>
#include <grp.h>
#include <langinfo.h>
#include <limits.h>
#include <linux/types.h>
#include <linux/fiemap.h>
#include <linux/fs.h>
#include <linux/magic.h>
#include <locale.h>
#include <memory.h>
#include <paths.h>
#include <poll.h>
#include <pthread.h>
#include <pwd.h>
#include <regex.h>
#include <signal.h>
#include <spawn.h>
#include <stdarg.h>
#include <stdlib.h>
#include <string.h>
#include <strings.h>
#include <sys/cdefs.h>
#include <sys/ioctl.h>
#include <sys/mkdev.h>


int main(void){return 0;}

Determining if files sys/types.h;ctype.h;dlfcn.h;errno.h;fcntl.h;grp.h;langinfo.h;limits.h;linux/types.h;linux/fiemap.h;linux/fs.h;linux/magic.h;locale.h;memory.h;paths.h;poll.h;pthread.h;pwd.h;regex.h;signal.h;spawn.h;stdarg.h;stdlib.h;string.h;strings.h;sys/cdefs.h;sys/ioctl.h;sys/mount.h exist failed with the following output:
Change Dir: /home/wp2018/user/andythebreaker/andy/sound/cmake-3.18.0-rc2/CMakeFiles/CMakeTmp

Run Build Command(s):/usr/bin/make cmTC_c9f03/fast && make  -f CMakeFiles/cmTC_c9f03.dir/build.make CMakeFiles/cmTC_c9f03.dir/build
make[1]: Entering directory '/home/wp2018/user/andythebreaker/andy/sound/cmake-3.18.0-rc2/CMakeFiles/CMakeTmp'
Building C object CMakeFiles/cmTC_c9f03.dir/HAVE_SYS_MOUNT_H.c.o
/usr/bin/gcc   -w  -std=gnu11 -o CMakeFiles/cmTC_c9f03.dir/HAVE_SYS_MOUNT_H.c.o -c /home/wp2018/user/andythebreaker/andy/sound/cmake-3.18.0-rc2/CMakeFiles/CheckIncludeFiles/HAVE_SYS_MOUNT_H.c
In file included from /home/wp2018/user/andythebreaker/andy/sound/cmake-3.18.0-rc2/CMakeFiles/CheckIncludeFiles/HAVE_SYS_MOUNT_H.c:12:0:
/usr/include/x86_64-linux-gnu/sys/mount.h:35:3: error: expected identifier before numeric constant
   MS_RDONLY = 1,  /* Mount read-only.  */
   ^
CMakeFiles/cmTC_c9f03.dir/build.make:85: recipe for target 'CMakeFiles/cmTC_c9f03.dir/HAVE_SYS_MOUNT_H.c.o' failed
make[1]: *** [CMakeFiles/cmTC_c9f03.dir/HAVE_SYS_MOUNT_H.c.o] Error 1
make[1]: Leaving directory '/home/wp2018/user/andythebreaker/andy/sound/cmake-3.18.0-rc2/CMakeFiles/CMakeTmp'
Makefile:141: recipe for target 'cmTC_c9f03/fast' failed
make: *** [cmTC_c9f03/fast] Error 2


Source:
/* */
#include <sys/types.h>
#include <ctype.h>
#include <dlfcn.h>
#include <errno.h>
#include <fcntl.h>
#include <grp.h>
#include <langinfo.h>
#include <limits.h>
#include <linux/types.h>
#include <linux/fiemap.h>
#include <linux/fs.h>
#include <linux/magic.h>
#include <locale.h>
#include <memory.h>
#include <paths.h>
#include <poll.h>
#include <pthread.h>
#include <pwd.h>
#include <regex.h>
#include <signal.h>
#include <spawn.h>
#include <stdarg.h>
#include <stdlib.h>
#include <string.h>
#include <strings.h>
#include <sys/cdefs.h>
#include <sys/ioctl.h>
#include <sys/mount.h>


int main(void){return 0;}

Determining if files sys/types.h;ctype.h;dlfcn.h;errno.h;fcntl.h;grp.h;langinfo.h;limits.h;linux/types.h;linux/fiemap.h;linux/fs.h;linux/magic.h;locale.h;memory.h;paths.h;poll.h;pthread.h;pwd.h;regex.h;signal.h;spawn.h;stdarg.h;stdlib.h;string.h;strings.h;sys/cdefs.h;sys/ioctl.h;sys/param.h;sys/poll.h;sys/richacl.h exist failed with the following output:
Change Dir: /home/wp2018/user/andythebreaker/andy/sound/cmake-3.18.0-rc2/CMakeFiles/CMakeTmp

Run Build Command(s):/usr/bin/make cmTC_d6543/fast && make  -f CMakeFiles/cmTC_d6543.dir/build.make CMakeFiles/cmTC_d6543.dir/build
make[1]: Entering directory '/home/wp2018/user/andythebreaker/andy/sound/cmake-3.18.0-rc2/CMakeFiles/CMakeTmp'
Building C object CMakeFiles/cmTC_d6543.dir/HAVE_SYS_RICHACL_H.c.o
/usr/bin/gcc   -w  -std=gnu11 -o CMakeFiles/cmTC_d6543.dir/HAVE_SYS_RICHACL_H.c.o -c /home/wp2018/user/andythebreaker/andy/sound/cmake-3.18.0-rc2/CMakeFiles/CheckIncludeFiles/HAVE_SYS_RICHACL_H.c
/home/wp2018/user/andythebreaker/andy/sound/cmake-3.18.0-rc2/CMakeFiles/CheckIncludeFiles/HAVE_SYS_RICHACL_H.c:31:10: fatal error: sys/richacl.h: No such file or directory
 #include <sys/richacl.h>
          ^~~~~~~~~~~~~~~
compilation terminated.
CMakeFiles/cmTC_d6543.dir/build.make:85: recipe for target 'CMakeFiles/cmTC_d6543.dir/HAVE_SYS_RICHACL_H.c.o' failed
make[1]: *** [CMakeFiles/cmTC_d6543.dir/HAVE_SYS_RICHACL_H.c.o] Error 1
make[1]: Leaving directory '/home/wp2018/user/andythebreaker/andy/sound/cmake-3.18.0-rc2/CMakeFiles/CMakeTmp'
Makefile:141: recipe for target 'cmTC_d6543/fast' failed
make: *** [cmTC_d6543/fast] Error 2


Source:
/* */
#include <sys/types.h>
#include <ctype.h>
#include <dlfcn.h>
#include <errno.h>
#include <fcntl.h>
#include <grp.h>
#include <langinfo.h>
#include <limits.h>
#include <linux/types.h>
#include <linux/fiemap.h>
#include <linux/fs.h>
#include <linux/magic.h>
#include <locale.h>
#include <memory.h>
#include <paths.h>
#include <poll.h>
#include <pthread.h>
#include <pwd.h>
#include <regex.h>
#include <signal.h>
#include <spawn.h>
#include <stdarg.h>
#include <stdlib.h>
#include <string.h>
#include <strings.h>
#include <sys/cdefs.h>
#include <sys/ioctl.h>
#include <sys/param.h>
#include <sys/poll.h>
#include <sys/richacl.h>


int main(void){return 0;}

Determining if files sys/types.h;ctype.h;dlfcn.h;errno.h;fcntl.h;grp.h;langinfo.h;limits.h;linux/types.h;linux/fiemap.h;linux/fs.h;linux/magic.h;locale.h;memory.h;paths.h;poll.h;pthread.h;pwd.h;regex.h;signal.h;spawn.h;stdarg.h;stdlib.h;string.h;strings.h;sys/cdefs.h;sys/ioctl.h;sys/param.h;sys/poll.h;sys/select.h;sys/stat.h;sys/statfs.h;sys/statvfs.h;sys/sysmacros.h;sys/time.h;sys/utsname.h;sys/vfs.h;sys/wait.h;sys/xattr.h;time.h;unistd.h;utime.h;wchar.h;wctype.h;windows.h exist failed with the following output:
Change Dir: /home/wp2018/user/andythebreaker/andy/sound/cmake-3.18.0-rc2/CMakeFiles/CMakeTmp

Run Build Command(s):/usr/bin/make cmTC_b10b8/fast && make  -f CMakeFiles/cmTC_b10b8.dir/build.make CMakeFiles/cmTC_b10b8.dir/build
make[1]: Entering directory '/home/wp2018/user/andythebreaker/andy/sound/cmake-3.18.0-rc2/CMakeFiles/CMakeTmp'
Building C object CMakeFiles/cmTC_b10b8.dir/HAVE_WINDOWS_H.c.o
/usr/bin/gcc   -w  -std=gnu11 -o CMakeFiles/cmTC_b10b8.dir/HAVE_WINDOWS_H.c.o -c /home/wp2018/user/andythebreaker/andy/sound/cmake-3.18.0-rc2/CMakeFiles/CheckIncludeFiles/HAVE_WINDOWS_H.c
/home/wp2018/user/andythebreaker/andy/sound/cmake-3.18.0-rc2/CMakeFiles/CheckIncludeFiles/HAVE_WINDOWS_H.c:46:10: fatal error: windows.h: No such file or directory
 #include <windows.h>
          ^~~~~~~~~~~
compilation terminated.
CMakeFiles/cmTC_b10b8.dir/build.make:85: recipe for target 'CMakeFiles/cmTC_b10b8.dir/HAVE_WINDOWS_H.c.o' failed
make[1]: *** [CMakeFiles/cmTC_b10b8.dir/HAVE_WINDOWS_H.c.o] Error 1
make[1]: Leaving directory '/home/wp2018/user/andythebreaker/andy/sound/cmake-3.18.0-rc2/CMakeFiles/CMakeTmp'
Makefile:141: recipe for target 'cmTC_b10b8/fast' failed
make: *** [cmTC_b10b8/fast] Error 2


Source:
/* */
#include <sys/types.h>
#include <ctype.h>
#include <dlfcn.h>
#include <errno.h>
#include <fcntl.h>
#include <grp.h>
#include <langinfo.h>
#include <limits.h>
#include <linux/types.h>
#include <linux/fiemap.h>
#include <linux/fs.h>
#include <linux/magic.h>
#include <locale.h>
#include <memory.h>
#include <paths.h>
#include <poll.h>
#include <pthread.h>
#include <pwd.h>
#include <regex.h>
#include <signal.h>
#include <spawn.h>
#include <stdarg.h>
#include <stdlib.h>
#include <string.h>
#include <strings.h>
#include <sys/cdefs.h>
#include <sys/ioctl.h>
#include <sys/param.h>
#include <sys/poll.h>
#include <sys/select.h>
#include <sys/stat.h>
#include <sys/statfs.h>
#include <sys/statvfs.h>
#include <sys/sysmacros.h>
#include <sys/time.h>
#include <sys/utsname.h>
#include <sys/vfs.h>
#include <sys/wait.h>
#include <sys/xattr.h>
#include <time.h>
#include <unistd.h>
#include <utime.h>
#include <wchar.h>
#include <wctype.h>
#include <windows.h>


int main(void){return 0;}

Determining if files sys/types.h;ctype.h;dlfcn.h;errno.h;fcntl.h;grp.h;langinfo.h;limits.h;linux/types.h;linux/fiemap.h;linux/fs.h;linux/magic.h;locale.h;memory.h;paths.h;poll.h;pthread.h;pwd.h;regex.h;signal.h;spawn.h;stdarg.h;stdlib.h;string.h;strings.h;sys/cdefs.h;sys/ioctl.h;sys/param.h;sys/poll.h;sys/select.h;sys/stat.h;sys/statfs.h;sys/statvfs.h;sys/sysmacros.h;sys/time.h;sys/utsname.h;sys/vfs.h;sys/wait.h;sys/xattr.h;time.h;unistd.h;utime.h;wchar.h;wctype.h;wincrypt.h exist failed with the following output:
Change Dir: /home/wp2018/user/andythebreaker/andy/sound/cmake-3.18.0-rc2/CMakeFiles/CMakeTmp

Run Build Command(s):/usr/bin/make cmTC_46430/fast && make  -f CMakeFiles/cmTC_46430.dir/build.make CMakeFiles/cmTC_46430.dir/build
make[1]: Entering directory '/home/wp2018/user/andythebreaker/andy/sound/cmake-3.18.0-rc2/CMakeFiles/CMakeTmp'
Building C object CMakeFiles/cmTC_46430.dir/HAVE_WINCRYPT_H.c.o
/usr/bin/gcc   -w  -std=gnu11 -o CMakeFiles/cmTC_46430.dir/HAVE_WINCRYPT_H.c.o -c /home/wp2018/user/andythebreaker/andy/sound/cmake-3.18.0-rc2/CMakeFiles/CheckIncludeFiles/HAVE_WINCRYPT_H.c
/home/wp2018/user/andythebreaker/andy/sound/cmake-3.18.0-rc2/CMakeFiles/CheckIncludeFiles/HAVE_WINCRYPT_H.c:46:10: fatal error: wincrypt.h: No such file or directory
 #include <wincrypt.h>
          ^~~~~~~~~~~~
compilation terminated.
CMakeFiles/cmTC_46430.dir/build.make:85: recipe for target 'CMakeFiles/cmTC_46430.dir/HAVE_WINCRYPT_H.c.o' failed
make[1]: *** [CMakeFiles/cmTC_46430.dir/HAVE_WINCRYPT_H.c.o] Error 1
make[1]: Leaving directory '/home/wp2018/user/andythebreaker/andy/sound/cmake-3.18.0-rc2/CMakeFiles/CMakeTmp'
Makefile:141: recipe for target 'cmTC_46430/fast' failed
make: *** [cmTC_46430/fast] Error 2


Source:
/* */
#include <sys/types.h>
#include <ctype.h>
#include <dlfcn.h>
#include <errno.h>
#include <fcntl.h>
#include <grp.h>
#include <langinfo.h>
#include <limits.h>
#include <linux/types.h>
#include <linux/fiemap.h>
#include <linux/fs.h>
#include <linux/magic.h>
#include <locale.h>
#include <memory.h>
#include <paths.h>
#include <poll.h>
#include <pthread.h>
#include <pwd.h>
#include <regex.h>
#include <signal.h>
#include <spawn.h>
#include <stdarg.h>
#include <stdlib.h>
#include <string.h>
#include <strings.h>
#include <sys/cdefs.h>
#include <sys/ioctl.h>
#include <sys/param.h>
#include <sys/poll.h>
#include <sys/select.h>
#include <sys/stat.h>
#include <sys/statfs.h>
#include <sys/statvfs.h>
#include <sys/sysmacros.h>
#include <sys/time.h>
#include <sys/utsname.h>
#include <sys/vfs.h>
#include <sys/wait.h>
#include <sys/xattr.h>
#include <time.h>
#include <unistd.h>
#include <utime.h>
#include <wchar.h>
#include <wctype.h>
#include <wincrypt.h>


int main(void){return 0;}

Determining if files sys/types.h;ctype.h;dlfcn.h;errno.h;fcntl.h;grp.h;langinfo.h;limits.h;linux/types.h;linux/fiemap.h;linux/fs.h;linux/magic.h;locale.h;memory.h;paths.h;poll.h;pthread.h;pwd.h;regex.h;signal.h;spawn.h;stdarg.h;stdlib.h;string.h;strings.h;sys/cdefs.h;sys/ioctl.h;sys/param.h;sys/poll.h;sys/select.h;sys/stat.h;sys/statfs.h;sys/statvfs.h;sys/sysmacros.h;sys/time.h;sys/utsname.h;sys/vfs.h;sys/wait.h;sys/xattr.h;time.h;unistd.h;utime.h;wchar.h;wctype.h;winioctl.h exist failed with the following output:
Change Dir: /home/wp2018/user/andythebreaker/andy/sound/cmake-3.18.0-rc2/CMakeFiles/CMakeTmp

Run Build Command(s):/usr/bin/make cmTC_47e8a/fast && make  -f CMakeFiles/cmTC_47e8a.dir/build.make CMakeFiles/cmTC_47e8a.dir/build
make[1]: Entering directory '/home/wp2018/user/andythebreaker/andy/sound/cmake-3.18.0-rc2/CMakeFiles/CMakeTmp'
Building C object CMakeFiles/cmTC_47e8a.dir/HAVE_WINIOCTL_H.c.o
/usr/bin/gcc   -w  -std=gnu11 -o CMakeFiles/cmTC_47e8a.dir/HAVE_WINIOCTL_H.c.o -c /home/wp2018/user/andythebreaker/andy/sound/cmake-3.18.0-rc2/CMakeFiles/CheckIncludeFiles/HAVE_WINIOCTL_H.c
/home/wp2018/user/andythebreaker/andy/sound/cmake-3.18.0-rc2/CMakeFiles/CheckIncludeFiles/HAVE_WINIOCTL_H.c:46:10: fatal error: winioctl.h: No such file or directory
 #include <winioctl.h>
          ^~~~~~~~~~~~
compilation terminated.
CMakeFiles/cmTC_47e8a.dir/build.make:85: recipe for target 'CMakeFiles/cmTC_47e8a.dir/HAVE_WINIOCTL_H.c.o' failed
make[1]: *** [CMakeFiles/cmTC_47e8a.dir/HAVE_WINIOCTL_H.c.o] Error 1
make[1]: Leaving directory '/home/wp2018/user/andythebreaker/andy/sound/cmake-3.18.0-rc2/CMakeFiles/CMakeTmp'
Makefile:141: recipe for target 'cmTC_47e8a/fast' failed
make: *** [cmTC_47e8a/fast] Error 2


Source:
/* */
#include <sys/types.h>
#include <ctype.h>
#include <dlfcn.h>
#include <errno.h>
#include <fcntl.h>
#include <grp.h>
#include <langinfo.h>
#include <limits.h>
#include <linux/types.h>
#include <linux/fiemap.h>
#include <linux/fs.h>
#include <linux/magic.h>
#include <locale.h>
#include <memory.h>
#include <paths.h>
#include <poll.h>
#include <pthread.h>
#include <pwd.h>
#include <regex.h>
#include <signal.h>
#include <spawn.h>
#include <stdarg.h>
#include <stdlib.h>
#include <string.h>
#include <strings.h>
#include <sys/cdefs.h>
#include <sys/ioctl.h>
#include <sys/param.h>
#include <sys/poll.h>
#include <sys/select.h>
#include <sys/stat.h>
#include <sys/statfs.h>
#include <sys/statvfs.h>
#include <sys/sysmacros.h>
#include <sys/time.h>
#include <sys/utsname.h>
#include <sys/vfs.h>
#include <sys/wait.h>
#include <sys/xattr.h>
#include <time.h>
#include <unistd.h>
#include <utime.h>
#include <wchar.h>
#include <wctype.h>
#include <winioctl.h>


int main(void){return 0;}

Determining if the function getvfsbyname exists failed with the following output:
Change Dir: /home/wp2018/user/andythebreaker/andy/sound/cmake-3.18.0-rc2/CMakeFiles/CMakeTmp

Run Build Command(s):/usr/bin/make cmTC_79c9d/fast && make  -f CMakeFiles/cmTC_79c9d.dir/build.make CMakeFiles/cmTC_79c9d.dir/build
make[1]: Entering directory '/home/wp2018/user/andythebreaker/andy/sound/cmake-3.18.0-rc2/CMakeFiles/CMakeTmp'
Building C object CMakeFiles/cmTC_79c9d.dir/CheckFunctionExists.c.o
/usr/bin/gcc   -w -DCHECK_FUNCTION_EXISTS=getvfsbyname  -fno-builtin -std=gnu11 -o CMakeFiles/cmTC_79c9d.dir/CheckFunctionExists.c.o -c /home/wp2018/user/andythebreaker/andy/sound/cmake-3.18.0-rc2/Modules/CheckFunctionExists.c
Linking C executable cmTC_79c9d
/home/wp2018/user/andythebreaker/andy/sound/cmake-3.18.0-rc2/Bootstrap.cmk/cmake -E cmake_link_script CMakeFiles/cmTC_79c9d.dir/link.txt --verbose=1
/usr/bin/gcc  -w -DCHECK_FUNCTION_EXISTS=getvfsbyname  -fno-builtin CMakeFiles/cmTC_79c9d.dir/CheckFunctionExists.c.o -o cmTC_79c9d 
CMakeFiles/cmTC_79c9d.dir/CheckFunctionExists.c.o: In function `main':
CheckFunctionExists.c:(.text+0x10): undefined reference to `getvfsbyname'
collect2: error: ld returned 1 exit status
CMakeFiles/cmTC_79c9d.dir/build.make:106: recipe for target 'cmTC_79c9d' failed
make[1]: *** [cmTC_79c9d] Error 1
make[1]: Leaving directory '/home/wp2018/user/andythebreaker/andy/sound/cmake-3.18.0-rc2/CMakeFiles/CMakeTmp'
Makefile:141: recipe for target 'cmTC_79c9d/fast' failed
make: *** [cmTC_79c9d/fast] Error 2



Determining if the function lchflags exists failed with the following output:
Change Dir: /home/wp2018/user/andythebreaker/andy/sound/cmake-3.18.0-rc2/CMakeFiles/CMakeTmp

Run Build Command(s):/usr/bin/make cmTC_1df18/fast && make  -f CMakeFiles/cmTC_1df18.dir/build.make CMakeFiles/cmTC_1df18.dir/build
make[1]: Entering directory '/home/wp2018/user/andythebreaker/andy/sound/cmake-3.18.0-rc2/CMakeFiles/CMakeTmp'
Building C object CMakeFiles/cmTC_1df18.dir/CheckFunctionExists.c.o
/usr/bin/gcc   -w -DCHECK_FUNCTION_EXISTS=lchflags  -fno-builtin -std=gnu11 -o CMakeFiles/cmTC_1df18.dir/CheckFunctionExists.c.o -c /home/wp2018/user/andythebreaker/andy/sound/cmake-3.18.0-rc2/Modules/CheckFunctionExists.c
Linking C executable cmTC_1df18
/home/wp2018/user/andythebreaker/andy/sound/cmake-3.18.0-rc2/Bootstrap.cmk/cmake -E cmake_link_script CMakeFiles/cmTC_1df18.dir/link.txt --verbose=1
/usr/bin/gcc  -w -DCHECK_FUNCTION_EXISTS=lchflags  -fno-builtin CMakeFiles/cmTC_1df18.dir/CheckFunctionExists.c.o -o cmTC_1df18 
CMakeFiles/cmTC_1df18.dir/CheckFunctionExists.c.o: In function `main':
CheckFunctionExists.c:(.text+0x10): undefined reference to `lchflags'
collect2: error: ld returned 1 exit status
CMakeFiles/cmTC_1df18.dir/build.make:106: recipe for target 'cmTC_1df18' failed
make[1]: *** [cmTC_1df18] Error 1
make[1]: Leaving directory '/home/wp2018/user/andythebreaker/andy/sound/cmake-3.18.0-rc2/CMakeFiles/CMakeTmp'
Makefile:141: recipe for target 'cmTC_1df18/fast' failed
make: *** [cmTC_1df18/fast] Error 2



Determining if the function readpassphrase exists failed with the following output:
Change Dir: /home/wp2018/user/andythebreaker/andy/sound/cmake-3.18.0-rc2/CMakeFiles/CMakeTmp

Run Build Command(s):/usr/bin/make cmTC_bb465/fast && make  -f CMakeFiles/cmTC_bb465.dir/build.make CMakeFiles/cmTC_bb465.dir/build
make[1]: Entering directory '/home/wp2018/user/andythebreaker/andy/sound/cmake-3.18.0-rc2/CMakeFiles/CMakeTmp'
Building C object CMakeFiles/cmTC_bb465.dir/CheckFunctionExists.c.o
/usr/bin/gcc   -w -DCHECK_FUNCTION_EXISTS=readpassphrase  -fno-builtin -std=gnu11 -o CMakeFiles/cmTC_bb465.dir/CheckFunctionExists.c.o -c /home/wp2018/user/andythebreaker/andy/sound/cmake-3.18.0-rc2/Modules/CheckFunctionExists.c
Linking C executable cmTC_bb465
/home/wp2018/user/andythebreaker/andy/sound/cmake-3.18.0-rc2/Bootstrap.cmk/cmake -E cmake_link_script CMakeFiles/cmTC_bb465.dir/link.txt --verbose=1
/usr/bin/gcc  -w -DCHECK_FUNCTION_EXISTS=readpassphrase  -fno-builtin CMakeFiles/cmTC_bb465.dir/CheckFunctionExists.c.o -o cmTC_bb465 
CMakeFiles/cmTC_bb465.dir/CheckFunctionExists.c.o: In function `main':
CheckFunctionExists.c:(.text+0x10): undefined reference to `readpassphrase'
collect2: error: ld returned 1 exit status
CMakeFiles/cmTC_bb465.dir/build.make:106: recipe for target 'cmTC_bb465' failed
make[1]: *** [cmTC_bb465] Error 1
make[1]: Leaving directory '/home/wp2018/user/andythebreaker/andy/sound/cmake-3.18.0-rc2/CMakeFiles/CMakeTmp'
Makefile:141: recipe for target 'cmTC_bb465/fast' failed
make: *** [cmTC_bb465/fast] Error 2



Determining if the function strncpy_s exists failed with the following output:
Change Dir: /home/wp2018/user/andythebreaker/andy/sound/cmake-3.18.0-rc2/CMakeFiles/CMakeTmp

Run Build Command(s):/usr/bin/make cmTC_0509d/fast && make  -f CMakeFiles/cmTC_0509d.dir/build.make CMakeFiles/cmTC_0509d.dir/build
make[1]: Entering directory '/home/wp2018/user/andythebreaker/andy/sound/cmake-3.18.0-rc2/CMakeFiles/CMakeTmp'
Building C object CMakeFiles/cmTC_0509d.dir/CheckFunctionExists.c.o
/usr/bin/gcc   -w -DCHECK_FUNCTION_EXISTS=strncpy_s  -fno-builtin -std=gnu11 -o CMakeFiles/cmTC_0509d.dir/CheckFunctionExists.c.o -c /home/wp2018/user/andythebreaker/andy/sound/cmake-3.18.0-rc2/Modules/CheckFunctionExists.c
Linking C executable cmTC_0509d
/home/wp2018/user/andythebreaker/andy/sound/cmake-3.18.0-rc2/Bootstrap.cmk/cmake -E cmake_link_script CMakeFiles/cmTC_0509d.dir/link.txt --verbose=1
/usr/bin/gcc  -w -DCHECK_FUNCTION_EXISTS=strncpy_s  -fno-builtin CMakeFiles/cmTC_0509d.dir/CheckFunctionExists.c.o -o cmTC_0509d 
CMakeFiles/cmTC_0509d.dir/CheckFunctionExists.c.o: In function `main':
CheckFunctionExists.c:(.text+0x10): undefined reference to `strncpy_s'
collect2: error: ld returned 1 exit status
CMakeFiles/cmTC_0509d.dir/build.make:106: recipe for target 'cmTC_0509d' failed
make[1]: *** [cmTC_0509d] Error 1
make[1]: Leaving directory '/home/wp2018/user/andythebreaker/andy/sound/cmake-3.18.0-rc2/CMakeFiles/CMakeTmp'
Makefile:141: recipe for target 'cmTC_0509d/fast' failed
make: *** [cmTC_0509d/fast] Error 2



Determining if the function _ctime64_s exists failed with the following output:
Change Dir: /home/wp2018/user/andythebreaker/andy/sound/cmake-3.18.0-rc2/CMakeFiles/CMakeTmp

Run Build Command(s):/usr/bin/make cmTC_56e50/fast && make  -f CMakeFiles/cmTC_56e50.dir/build.make CMakeFiles/cmTC_56e50.dir/build
make[1]: Entering directory '/home/wp2018/user/andythebreaker/andy/sound/cmake-3.18.0-rc2/CMakeFiles/CMakeTmp'
Building C object CMakeFiles/cmTC_56e50.dir/CheckFunctionExists.c.o
/usr/bin/gcc   -w -DCHECK_FUNCTION_EXISTS=_ctime64_s  -fno-builtin -std=gnu11 -o CMakeFiles/cmTC_56e50.dir/CheckFunctionExists.c.o -c /home/wp2018/user/andythebreaker/andy/sound/cmake-3.18.0-rc2/Modules/CheckFunctionExists.c
Linking C executable cmTC_56e50
/home/wp2018/user/andythebreaker/andy/sound/cmake-3.18.0-rc2/Bootstrap.cmk/cmake -E cmake_link_script CMakeFiles/cmTC_56e50.dir/link.txt --verbose=1
/usr/bin/gcc  -w -DCHECK_FUNCTION_EXISTS=_ctime64_s  -fno-builtin CMakeFiles/cmTC_56e50.dir/CheckFunctionExists.c.o -o cmTC_56e50 
CMakeFiles/cmTC_56e50.dir/CheckFunctionExists.c.o: In function `main':
CheckFunctionExists.c:(.text+0x10): undefined reference to `_ctime64_s'
collect2: error: ld returned 1 exit status
CMakeFiles/cmTC_56e50.dir/build.make:106: recipe for target 'cmTC_56e50' failed
make[1]: *** [cmTC_56e50] Error 1
make[1]: Leaving directory '/home/wp2018/user/andythebreaker/andy/sound/cmake-3.18.0-rc2/CMakeFiles/CMakeTmp'
Makefile:141: recipe for target 'cmTC_56e50/fast' failed
make: *** [cmTC_56e50/fast] Error 2



Determining if the function _fseeki64 exists failed with the following output:
Change Dir: /home/wp2018/user/andythebreaker/andy/sound/cmake-3.18.0-rc2/CMakeFiles/CMakeTmp

Run Build Command(s):/usr/bin/make cmTC_60105/fast && make  -f CMakeFiles/cmTC_60105.dir/build.make CMakeFiles/cmTC_60105.dir/build
make[1]: Entering directory '/home/wp2018/user/andythebreaker/andy/sound/cmake-3.18.0-rc2/CMakeFiles/CMakeTmp'
Building C object CMakeFiles/cmTC_60105.dir/CheckFunctionExists.c.o
/usr/bin/gcc   -w -DCHECK_FUNCTION_EXISTS=_fseeki64  -fno-builtin -std=gnu11 -o CMakeFiles/cmTC_60105.dir/CheckFunctionExists.c.o -c /home/wp2018/user/andythebreaker/andy/sound/cmake-3.18.0-rc2/Modules/CheckFunctionExists.c
Linking C executable cmTC_60105
/home/wp2018/user/andythebreaker/andy/sound/cmake-3.18.0-rc2/Bootstrap.cmk/cmake -E cmake_link_script CMakeFiles/cmTC_60105.dir/link.txt --verbose=1
/usr/bin/gcc  -w -DCHECK_FUNCTION_EXISTS=_fseeki64  -fno-builtin CMakeFiles/cmTC_60105.dir/CheckFunctionExists.c.o -o cmTC_60105 
CMakeFiles/cmTC_60105.dir/CheckFunctionExists.c.o: In function `main':
CheckFunctionExists.c:(.text+0x10): undefined reference to `_fseeki64'
collect2: error: ld returned 1 exit status
CMakeFiles/cmTC_60105.dir/build.make:106: recipe for target 'cmTC_60105' failed
make[1]: *** [cmTC_60105] Error 1
make[1]: Leaving directory '/home/wp2018/user/andythebreaker/andy/sound/cmake-3.18.0-rc2/CMakeFiles/CMakeTmp'
Makefile:141: recipe for target 'cmTC_60105/fast' failed
make: *** [cmTC_60105/fast] Error 2



Determining if the function _get_timezone exists failed with the following output:
Change Dir: /home/wp2018/user/andythebreaker/andy/sound/cmake-3.18.0-rc2/CMakeFiles/CMakeTmp

Run Build Command(s):/usr/bin/make cmTC_85610/fast && make  -f CMakeFiles/cmTC_85610.dir/build.make CMakeFiles/cmTC_85610.dir/build
make[1]: Entering directory '/home/wp2018/user/andythebreaker/andy/sound/cmake-3.18.0-rc2/CMakeFiles/CMakeTmp'
Building C object CMakeFiles/cmTC_85610.dir/CheckFunctionExists.c.o
/usr/bin/gcc   -w -DCHECK_FUNCTION_EXISTS=_get_timezone  -fno-builtin -std=gnu11 -o CMakeFiles/cmTC_85610.dir/CheckFunctionExists.c.o -c /home/wp2018/user/andythebreaker/andy/sound/cmake-3.18.0-rc2/Modules/CheckFunctionExists.c
Linking C executable cmTC_85610
/home/wp2018/user/andythebreaker/andy/sound/cmake-3.18.0-rc2/Bootstrap.cmk/cmake -E cmake_link_script CMakeFiles/cmTC_85610.dir/link.txt --verbose=1
/usr/bin/gcc  -w -DCHECK_FUNCTION_EXISTS=_get_timezone  -fno-builtin CMakeFiles/cmTC_85610.dir/CheckFunctionExists.c.o -o cmTC_85610 
CMakeFiles/cmTC_85610.dir/CheckFunctionExists.c.o: In function `main':
CheckFunctionExists.c:(.text+0x10): undefined reference to `_get_timezone'
collect2: error: ld returned 1 exit status
CMakeFiles/cmTC_85610.dir/build.make:106: recipe for target 'cmTC_85610' failed
make[1]: *** [cmTC_85610] Error 1
make[1]: Leaving directory '/home/wp2018/user/andythebreaker/andy/sound/cmake-3.18.0-rc2/CMakeFiles/CMakeTmp'
Makefile:141: recipe for target 'cmTC_85610/fast' failed
make: *** [cmTC_85610/fast] Error 2



Determining if the function _gmtime64_s exists failed with the following output:
Change Dir: /home/wp2018/user/andythebreaker/andy/sound/cmake-3.18.0-rc2/CMakeFiles/CMakeTmp

Run Build Command(s):/usr/bin/make cmTC_eadf8/fast && make  -f CMakeFiles/cmTC_eadf8.dir/build.make CMakeFiles/cmTC_eadf8.dir/build
make[1]: Entering directory '/home/wp2018/user/andythebreaker/andy/sound/cmake-3.18.0-rc2/CMakeFiles/CMakeTmp'
Building C object CMakeFiles/cmTC_eadf8.dir/CheckFunctionExists.c.o
/usr/bin/gcc   -w -DCHECK_FUNCTION_EXISTS=_gmtime64_s  -fno-builtin -std=gnu11 -o CMakeFiles/cmTC_eadf8.dir/CheckFunctionExists.c.o -c /home/wp2018/user/andythebreaker/andy/sound/cmake-3.18.0-rc2/Modules/CheckFunctionExists.c
Linking C executable cmTC_eadf8
/home/wp2018/user/andythebreaker/andy/sound/cmake-3.18.0-rc2/Bootstrap.cmk/cmake -E cmake_link_script CMakeFiles/cmTC_eadf8.dir/link.txt --verbose=1
/usr/bin/gcc  -w -DCHECK_FUNCTION_EXISTS=_gmtime64_s  -fno-builtin CMakeFiles/cmTC_eadf8.dir/CheckFunctionExists.c.o -o cmTC_eadf8 
CMakeFiles/cmTC_eadf8.dir/CheckFunctionExists.c.o: In function `main':
CheckFunctionExists.c:(.text+0x10): undefined reference to `_gmtime64_s'
collect2: error: ld returned 1 exit status
CMakeFiles/cmTC_eadf8.dir/build.make:106: recipe for target 'cmTC_eadf8' failed
make[1]: *** [cmTC_eadf8] Error 1
make[1]: Leaving directory '/home/wp2018/user/andythebreaker/andy/sound/cmake-3.18.0-rc2/CMakeFiles/CMakeTmp'
Makefile:141: recipe for target 'cmTC_eadf8/fast' failed
make: *** [cmTC_eadf8/fast] Error 2



Determining if the function _localtime64_s exists failed with the following output:
Change Dir: /home/wp2018/user/andythebreaker/andy/sound/cmake-3.18.0-rc2/CMakeFiles/CMakeTmp

Run Build Command(s):/usr/bin/make cmTC_d124f/fast && make  -f CMakeFiles/cmTC_d124f.dir/build.make CMakeFiles/cmTC_d124f.dir/build
make[1]: Entering directory '/home/wp2018/user/andythebreaker/andy/sound/cmake-3.18.0-rc2/CMakeFiles/CMakeTmp'
Building C object CMakeFiles/cmTC_d124f.dir/CheckFunctionExists.c.o
/usr/bin/gcc   -w -DCHECK_FUNCTION_EXISTS=_localtime64_s  -fno-builtin -std=gnu11 -o CMakeFiles/cmTC_d124f.dir/CheckFunctionExists.c.o -c /home/wp2018/user/andythebreaker/andy/sound/cmake-3.18.0-rc2/Modules/CheckFunctionExists.c
Linking C executable cmTC_d124f
/home/wp2018/user/andythebreaker/andy/sound/cmake-3.18.0-rc2/Bootstrap.cmk/cmake -E cmake_link_script CMakeFiles/cmTC_d124f.dir/link.txt --verbose=1
/usr/bin/gcc  -w -DCHECK_FUNCTION_EXISTS=_localtime64_s  -fno-builtin CMakeFiles/cmTC_d124f.dir/CheckFunctionExists.c.o -o cmTC_d124f 
CMakeFiles/cmTC_d124f.dir/CheckFunctionExists.c.o: In function `main':
CheckFunctionExists.c:(.text+0x10): undefined reference to `_localtime64_s'
collect2: error: ld returned 1 exit status
CMakeFiles/cmTC_d124f.dir/build.make:106: recipe for target 'cmTC_d124f' failed
make[1]: *** [cmTC_d124f] Error 1
make[1]: Leaving directory '/home/wp2018/user/andythebreaker/andy/sound/cmake-3.18.0-rc2/CMakeFiles/CMakeTmp'
Makefile:141: recipe for target 'cmTC_d124f/fast' failed
make: *** [cmTC_d124f/fast] Error 2



Determining if the function _mkgmtime64 exists failed with the following output:
Change Dir: /home/wp2018/user/andythebreaker/andy/sound/cmake-3.18.0-rc2/CMakeFiles/CMakeTmp

Run Build Command(s):/usr/bin/make cmTC_1485b/fast && make  -f CMakeFiles/cmTC_1485b.dir/build.make CMakeFiles/cmTC_1485b.dir/build
make[1]: Entering directory '/home/wp2018/user/andythebreaker/andy/sound/cmake-3.18.0-rc2/CMakeFiles/CMakeTmp'
Building C object CMakeFiles/cmTC_1485b.dir/CheckFunctionExists.c.o
/usr/bin/gcc   -w -DCHECK_FUNCTION_EXISTS=_mkgmtime64  -fno-builtin -std=gnu11 -o CMakeFiles/cmTC_1485b.dir/CheckFunctionExists.c.o -c /home/wp2018/user/andythebreaker/andy/sound/cmake-3.18.0-rc2/Modules/CheckFunctionExists.c
Linking C executable cmTC_1485b
/home/wp2018/user/andythebreaker/andy/sound/cmake-3.18.0-rc2/Bootstrap.cmk/cmake -E cmake_link_script CMakeFiles/cmTC_1485b.dir/link.txt --verbose=1
/usr/bin/gcc  -w -DCHECK_FUNCTION_EXISTS=_mkgmtime64  -fno-builtin CMakeFiles/cmTC_1485b.dir/CheckFunctionExists.c.o -o cmTC_1485b 
CMakeFiles/cmTC_1485b.dir/CheckFunctionExists.c.o: In function `main':
CheckFunctionExists.c:(.text+0x10): undefined reference to `_mkgmtime64'
collect2: error: ld returned 1 exit status
CMakeFiles/cmTC_1485b.dir/build.make:106: recipe for target 'cmTC_1485b' failed
make[1]: *** [cmTC_1485b] Error 1
make[1]: Leaving directory '/home/wp2018/user/andythebreaker/andy/sound/cmake-3.18.0-rc2/CMakeFiles/CMakeTmp'
Makefile:141: recipe for target 'cmTC_1485b/fast' failed
make: *** [cmTC_1485b/fast] Error 2



Determining if the function cygwin_conv_path exists failed with the following output:
Change Dir: /home/wp2018/user/andythebreaker/andy/sound/cmake-3.18.0-rc2/CMakeFiles/CMakeTmp

Run Build Command(s):/usr/bin/make cmTC_a3c31/fast && make  -f CMakeFiles/cmTC_a3c31.dir/build.make CMakeFiles/cmTC_a3c31.dir/build
make[1]: Entering directory '/home/wp2018/user/andythebreaker/andy/sound/cmake-3.18.0-rc2/CMakeFiles/CMakeTmp'
Building C object CMakeFiles/cmTC_a3c31.dir/CheckFunctionExists.c.o
/usr/bin/gcc   -w -DCHECK_FUNCTION_EXISTS=cygwin_conv_path  -fno-builtin -std=gnu11 -o CMakeFiles/cmTC_a3c31.dir/CheckFunctionExists.c.o -c /home/wp2018/user/andythebreaker/andy/sound/cmake-3.18.0-rc2/Modules/CheckFunctionExists.c
Linking C executable cmTC_a3c31
/home/wp2018/user/andythebreaker/andy/sound/cmake-3.18.0-rc2/Bootstrap.cmk/cmake -E cmake_link_script CMakeFiles/cmTC_a3c31.dir/link.txt --verbose=1
/usr/bin/gcc  -w -DCHECK_FUNCTION_EXISTS=cygwin_conv_path  -fno-builtin CMakeFiles/cmTC_a3c31.dir/CheckFunctionExists.c.o -o cmTC_a3c31 
CMakeFiles/cmTC_a3c31.dir/CheckFunctionExists.c.o: In function `main':
CheckFunctionExists.c:(.text+0x10): undefined reference to `cygwin_conv_path'
collect2: error: ld returned 1 exit status
CMakeFiles/cmTC_a3c31.dir/build.make:106: recipe for target 'cmTC_a3c31' failed
make[1]: *** [cmTC_a3c31] Error 1
make[1]: Leaving directory '/home/wp2018/user/andythebreaker/andy/sound/cmake-3.18.0-rc2/CMakeFiles/CMakeTmp'
Makefile:141: recipe for target 'cmTC_a3c31/fast' failed
make: *** [cmTC_a3c31/fast] Error 2



Performing C SOURCE FILE Test HAVE_STRUCT_VFSCONF failed with the following output:
Change Dir: /home/wp2018/user/andythebreaker/andy/sound/cmake-3.18.0-rc2/CMakeFiles/CMakeTmp

Run Build Command(s):/usr/bin/make cmTC_399af/fast && make  -f CMakeFiles/cmTC_399af.dir/build.make CMakeFiles/cmTC_399af.dir/build
make[1]: Entering directory '/home/wp2018/user/andythebreaker/andy/sound/cmake-3.18.0-rc2/CMakeFiles/CMakeTmp'
Building C object CMakeFiles/cmTC_399af.dir/src.c.o
/usr/bin/gcc   -w -DHAVE_STRUCT_VFSCONF -std=gnu11 -o CMakeFiles/cmTC_399af.dir/src.c.o -c /home/wp2018/user/andythebreaker/andy/sound/cmake-3.18.0-rc2/CMakeFiles/CMakeTmp/src.c
/home/wp2018/user/andythebreaker/andy/sound/cmake-3.18.0-rc2/CMakeFiles/CMakeTmp/src.c: In function ‘main’:
/home/wp2018/user/andythebreaker/andy/sound/cmake-3.18.0-rc2/CMakeFiles/CMakeTmp/src.c:3:33: error: storage size of ‘v’ isn’t known
 int main(void) { struct vfsconf v; return sizeof(v);}
                                 ^
CMakeFiles/cmTC_399af.dir/build.make:85: recipe for target 'CMakeFiles/cmTC_399af.dir/src.c.o' failed
make[1]: *** [CMakeFiles/cmTC_399af.dir/src.c.o] Error 1
make[1]: Leaving directory '/home/wp2018/user/andythebreaker/andy/sound/cmake-3.18.0-rc2/CMakeFiles/CMakeTmp'
Makefile:141: recipe for target 'cmTC_399af/fast' failed
make: *** [cmTC_399af/fast] Error 2


Source file was:
#include <sys/types.h>
#include <sys/mount.h>
int main(void) { struct vfsconf v; return sizeof(v);}
Performing C SOURCE FILE Test HAVE_STRUCT_XVFSCONF failed with the following output:
Change Dir: /home/wp2018/user/andythebreaker/andy/sound/cmake-3.18.0-rc2/CMakeFiles/CMakeTmp

Run Build Command(s):/usr/bin/make cmTC_8ac4a/fast && make  -f CMakeFiles/cmTC_8ac4a.dir/build.make CMakeFiles/cmTC_8ac4a.dir/build
make[1]: Entering directory '/home/wp2018/user/andythebreaker/andy/sound/cmake-3.18.0-rc2/CMakeFiles/CMakeTmp'
Building C object CMakeFiles/cmTC_8ac4a.dir/src.c.o
/usr/bin/gcc   -w -DHAVE_STRUCT_XVFSCONF -std=gnu11 -o CMakeFiles/cmTC_8ac4a.dir/src.c.o -c /home/wp2018/user/andythebreaker/andy/sound/cmake-3.18.0-rc2/CMakeFiles/CMakeTmp/src.c
/home/wp2018/user/andythebreaker/andy/sound/cmake-3.18.0-rc2/CMakeFiles/CMakeTmp/src.c: In function ‘main’:
/home/wp2018/user/andythebreaker/andy/sound/cmake-3.18.0-rc2/CMakeFiles/CMakeTmp/src.c:3:34: error: storage size of ‘v’ isn’t known
 int main(void) { struct xvfsconf v; return sizeof(v);}
                                  ^
CMakeFiles/cmTC_8ac4a.dir/build.make:85: recipe for target 'CMakeFiles/cmTC_8ac4a.dir/src.c.o' failed
make[1]: *** [CMakeFiles/cmTC_8ac4a.dir/src.c.o] Error 1
make[1]: Leaving directory '/home/wp2018/user/andythebreaker/andy/sound/cmake-3.18.0-rc2/CMakeFiles/CMakeTmp'
Makefile:141: recipe for target 'cmTC_8ac4a/fast' failed
make: *** [cmTC_8ac4a/fast] Error 2


Source file was:
#include <sys/types.h>
#include <sys/mount.h>
int main(void) { struct xvfsconf v; return sizeof(v);}
Performing C SOURCE FILE Test MAJOR_IN_MKDEV failed with the following output:
Change Dir: /home/wp2018/user/andythebreaker/andy/sound/cmake-3.18.0-rc2/CMakeFiles/CMakeTmp

Run Build Command(s):/usr/bin/make cmTC_edb37/fast && make  -f CMakeFiles/cmTC_edb37.dir/build.make CMakeFiles/cmTC_edb37.dir/build
make[1]: Entering directory '/home/wp2018/user/andythebreaker/andy/sound/cmake-3.18.0-rc2/CMakeFiles/CMakeTmp'
Building C object CMakeFiles/cmTC_edb37.dir/src.c.o
/usr/bin/gcc   -w -DMAJOR_IN_MKDEV -std=gnu11 -o CMakeFiles/cmTC_edb37.dir/src.c.o -c /home/wp2018/user/andythebreaker/andy/sound/cmake-3.18.0-rc2/CMakeFiles/CMakeTmp/src.c
/home/wp2018/user/andythebreaker/andy/sound/cmake-3.18.0-rc2/CMakeFiles/CMakeTmp/src.c:1:10: fatal error: sys/mkdev.h: No such file or directory
 #include <sys/mkdev.h>
          ^~~~~~~~~~~~~
compilation terminated.
CMakeFiles/cmTC_edb37.dir/build.make:85: recipe for target 'CMakeFiles/cmTC_edb37.dir/src.c.o' failed
make[1]: *** [CMakeFiles/cmTC_edb37.dir/src.c.o] Error 1
make[1]: Leaving directory '/home/wp2018/user/andythebreaker/andy/sound/cmake-3.18.0-rc2/CMakeFiles/CMakeTmp'
Makefile:141: recipe for target 'cmTC_edb37/fast' failed
make: *** [cmTC_edb37/fast] Error 2


Source file was:
#include <sys/mkdev.h>
int main() { return major(256); }
Performing C SOURCE FILE Test HAVE_LZMA_STREAM_ENCODER_MT failed with the following output:
Change Dir: /home/wp2018/user/andythebreaker/andy/sound/cmake-3.18.0-rc2/CMakeFiles/CMakeTmp

Run Build Command(s):/usr/bin/make cmTC_65297/fast && make  -f CMakeFiles/cmTC_65297.dir/build.make CMakeFiles/cmTC_65297.dir/build
make[1]: Entering directory '/home/wp2018/user/andythebreaker/andy/sound/cmake-3.18.0-rc2/CMakeFiles/CMakeTmp'
Building C object CMakeFiles/cmTC_65297.dir/src.c.o
/usr/bin/gcc   -w -DHAVE_LZMA_STREAM_ENCODER_MT -std=gnu11 -o CMakeFiles/cmTC_65297.dir/src.c.o -c /home/wp2018/user/andythebreaker/andy/sound/cmake-3.18.0-rc2/CMakeFiles/CMakeTmp/src.c
/home/wp2018/user/andythebreaker/andy/sound/cmake-3.18.0-rc2/CMakeFiles/CMakeTmp/src.c:1:10: fatal error: lzma.h: No such file or directory
 #include <lzma.h>
          ^~~~~~~~
compilation terminated.
CMakeFiles/cmTC_65297.dir/build.make:85: recipe for target 'CMakeFiles/cmTC_65297.dir/src.c.o' failed
make[1]: *** [CMakeFiles/cmTC_65297.dir/src.c.o] Error 1
make[1]: Leaving directory '/home/wp2018/user/andythebreaker/andy/sound/cmake-3.18.0-rc2/CMakeFiles/CMakeTmp'
Makefile:141: recipe for target 'cmTC_65297/fast' failed
make: *** [cmTC_65297/fast] Error 2


Source file was:
#include <lzma.h>
#if LZMA_VERSION < 50020000
#error unsupported
#endif
int main(void){lzma_stream_encoder_mt(0, 0); return 0;}
Determining if the EFTYPE exist failed with the following output:
Change Dir: /home/wp2018/user/andythebreaker/andy/sound/cmake-3.18.0-rc2/CMakeFiles/CMakeTmp

Run Build Command(s):/usr/bin/make cmTC_6e3b8/fast && make  -f CMakeFiles/cmTC_6e3b8.dir/build.make CMakeFiles/cmTC_6e3b8.dir/build
make[1]: Entering directory '/home/wp2018/user/andythebreaker/andy/sound/cmake-3.18.0-rc2/CMakeFiles/CMakeTmp'
Building C object CMakeFiles/cmTC_6e3b8.dir/CheckSymbolExists.c.o
/usr/bin/gcc   -w  -std=gnu11 -o CMakeFiles/cmTC_6e3b8.dir/CheckSymbolExists.c.o -c /home/wp2018/user/andythebreaker/andy/sound/cmake-3.18.0-rc2/CMakeFiles/CMakeTmp/CheckSymbolExists.c
/home/wp2018/user/andythebreaker/andy/sound/cmake-3.18.0-rc2/CMakeFiles/CMakeTmp/CheckSymbolExists.c: In function ‘main’:
/home/wp2018/user/andythebreaker/andy/sound/cmake-3.18.0-rc2/CMakeFiles/CMakeTmp/CheckSymbolExists.c:8:19: error: ‘EFTYPE’ undeclared (first use in this function); did you mean ‘ESPIPE’?
   return ((int*)(&EFTYPE))[argc];
                   ^~~~~~
                   ESPIPE
/home/wp2018/user/andythebreaker/andy/sound/cmake-3.18.0-rc2/CMakeFiles/CMakeTmp/CheckSymbolExists.c:8:19: note: each undeclared identifier is reported only once for each function it appears in
CMakeFiles/cmTC_6e3b8.dir/build.make:85: recipe for target 'CMakeFiles/cmTC_6e3b8.dir/CheckSymbolExists.c.o' failed
make[1]: *** [CMakeFiles/cmTC_6e3b8.dir/CheckSymbolExists.c.o] Error 1
make[1]: Leaving directory '/home/wp2018/user/andythebreaker/andy/sound/cmake-3.18.0-rc2/CMakeFiles/CMakeTmp'
Makefile:141: recipe for target 'cmTC_6e3b8/fast' failed
make: *** [cmTC_6e3b8/fast] Error 2


File /home/wp2018/user/andythebreaker/andy/sound/cmake-3.18.0-rc2/CMakeFiles/CMakeTmp/CheckSymbolExists.c:
/* */
#include <errno.h>

int main(int argc, char** argv)
{
  (void)argv;
#ifndef EFTYPE
  return ((int*)(&EFTYPE))[argc];
#else
  (void)argc;
  return 0;
#endif
}
Determining if the D_MD_ORDER exist failed with the following output:
Change Dir: /home/wp2018/user/andythebreaker/andy/sound/cmake-3.18.0-rc2/CMakeFiles/CMakeTmp

Run Build Command(s):/usr/bin/make cmTC_9cccd/fast && make  -f CMakeFiles/cmTC_9cccd.dir/build.make CMakeFiles/cmTC_9cccd.dir/build
make[1]: Entering directory '/home/wp2018/user/andythebreaker/andy/sound/cmake-3.18.0-rc2/CMakeFiles/CMakeTmp'
Building C object CMakeFiles/cmTC_9cccd.dir/CheckSymbolExists.c.o
/usr/bin/gcc   -w  -std=gnu11 -o CMakeFiles/cmTC_9cccd.dir/CheckSymbolExists.c.o -c /home/wp2018/user/andythebreaker/andy/sound/cmake-3.18.0-rc2/CMakeFiles/CMakeTmp/CheckSymbolExists.c
/home/wp2018/user/andythebreaker/andy/sound/cmake-3.18.0-rc2/CMakeFiles/CMakeTmp/CheckSymbolExists.c: In function ‘main’:
/home/wp2018/user/andythebreaker/andy/sound/cmake-3.18.0-rc2/CMakeFiles/CMakeTmp/CheckSymbolExists.c:8:19: error: ‘D_MD_ORDER’ undeclared (first use in this function)
   return ((int*)(&D_MD_ORDER))[argc];
                   ^~~~~~~~~~
/home/wp2018/user/andythebreaker/andy/sound/cmake-3.18.0-rc2/CMakeFiles/CMakeTmp/CheckSymbolExists.c:8:19: note: each undeclared identifier is reported only once for each function it appears in
CMakeFiles/cmTC_9cccd.dir/build.make:85: recipe for target 'CMakeFiles/cmTC_9cccd.dir/CheckSymbolExists.c.o' failed
make[1]: *** [CMakeFiles/cmTC_9cccd.dir/CheckSymbolExists.c.o] Error 1
make[1]: Leaving directory '/home/wp2018/user/andythebreaker/andy/sound/cmake-3.18.0-rc2/CMakeFiles/CMakeTmp'
Makefile:141: recipe for target 'cmTC_9cccd/fast' failed
make: *** [cmTC_9cccd/fast] Error 2


File /home/wp2018/user/andythebreaker/andy/sound/cmake-3.18.0-rc2/CMakeFiles/CMakeTmp/CheckSymbolExists.c:
/* */
#include <langinfo.h>

int main(int argc, char** argv)
{
  (void)argv;
#ifndef D_MD_ORDER
  return ((int*)(&D_MD_ORDER))[argc];
#else
  (void)argc;
  return 0;
#endif
}
Performing C SOURCE FILE Test HAVE_STRUCT_TM___TM_GMTOFF failed with the following output:
Change Dir: /home/wp2018/user/andythebreaker/andy/sound/cmake-3.18.0-rc2/CMakeFiles/CMakeTmp

Run Build Command(s):/usr/bin/make cmTC_b85e6/fast && make  -f CMakeFiles/cmTC_b85e6.dir/build.make CMakeFiles/cmTC_b85e6.dir/build
make[1]: Entering directory '/home/wp2018/user/andythebreaker/andy/sound/cmake-3.18.0-rc2/CMakeFiles/CMakeTmp'
Building C object CMakeFiles/cmTC_b85e6.dir/src.c.o
/usr/bin/gcc   -w -DHAVE_STRUCT_TM___TM_GMTOFF -std=gnu11 -o CMakeFiles/cmTC_b85e6.dir/src.c.o -c /home/wp2018/user/andythebreaker/andy/sound/cmake-3.18.0-rc2/CMakeFiles/CMakeTmp/src.c
/home/wp2018/user/andythebreaker/andy/sound/cmake-3.18.0-rc2/CMakeFiles/CMakeTmp/src.c: In function ‘main’:
/home/wp2018/user/andythebreaker/andy/sound/cmake-3.18.0-rc2/CMakeFiles/CMakeTmp/src.c:6:34: error: ‘struct tm’ has no member named ‘__tm_gmtoff’; did you mean ‘tm_gmtoff’?
   (void)sizeof(((struct tm *)0)->__tm_gmtoff);
                                  ^~~~~~~~~~~
                                  tm_gmtoff
CMakeFiles/cmTC_b85e6.dir/build.make:85: recipe for target 'CMakeFiles/cmTC_b85e6.dir/src.c.o' failed
make[1]: *** [CMakeFiles/cmTC_b85e6.dir/src.c.o] Error 1
make[1]: Leaving directory '/home/wp2018/user/andythebreaker/andy/sound/cmake-3.18.0-rc2/CMakeFiles/CMakeTmp'
Makefile:141: recipe for target 'cmTC_b85e6/fast' failed
make: *** [cmTC_b85e6/fast] Error 2


Source file was:

#include <time.h>

int main()
{
  (void)sizeof(((struct tm *)0)->__tm_gmtoff);
  return 0;
}

Performing C SOURCE FILE Test HAVE_STRUCT_STATFS_F_NAMEMAX failed with the following output:
Change Dir: /home/wp2018/user/andythebreaker/andy/sound/cmake-3.18.0-rc2/CMakeFiles/CMakeTmp

Run Build Command(s):/usr/bin/make cmTC_013a4/fast && make  -f CMakeFiles/cmTC_013a4.dir/build.make CMakeFiles/cmTC_013a4.dir/build
make[1]: Entering directory '/home/wp2018/user/andythebreaker/andy/sound/cmake-3.18.0-rc2/CMakeFiles/CMakeTmp'
Building C object CMakeFiles/cmTC_013a4.dir/src.c.o
/usr/bin/gcc   -w -DHAVE_STRUCT_STATFS_F_NAMEMAX -std=gnu11 -o CMakeFiles/cmTC_013a4.dir/src.c.o -c /home/wp2018/user/andythebreaker/andy/sound/cmake-3.18.0-rc2/CMakeFiles/CMakeTmp/src.c
/home/wp2018/user/andythebreaker/andy/sound/cmake-3.18.0-rc2/CMakeFiles/CMakeTmp/src.c: In function ‘main’:
/home/wp2018/user/andythebreaker/andy/sound/cmake-3.18.0-rc2/CMakeFiles/CMakeTmp/src.c:7:36: error: dereferencing pointer to incomplete type ‘struct statfs’
   (void)sizeof(((struct statfs *)0)->f_namemax);
                                    ^~
CMakeFiles/cmTC_013a4.dir/build.make:85: recipe for target 'CMakeFiles/cmTC_013a4.dir/src.c.o' failed
make[1]: *** [CMakeFiles/cmTC_013a4.dir/src.c.o] Error 1
make[1]: Leaving directory '/home/wp2018/user/andythebreaker/andy/sound/cmake-3.18.0-rc2/CMakeFiles/CMakeTmp'
Makefile:141: recipe for target 'cmTC_013a4/fast' failed
make: *** [cmTC_013a4/fast] Error 2


Source file was:

#include <sys/param.h>
#include <sys/mount.h>

int main()
{
  (void)sizeof(((struct statfs *)0)->f_namemax);
  return 0;
}

Performing C SOURCE FILE Test HAVE_STRUCT_STAT_ST_BIRTHTIME failed with the following output:
Change Dir: /home/wp2018/user/andythebreaker/andy/sound/cmake-3.18.0-rc2/CMakeFiles/CMakeTmp

Run Build Command(s):/usr/bin/make cmTC_9385e/fast && make  -f CMakeFiles/cmTC_9385e.dir/build.make CMakeFiles/cmTC_9385e.dir/build
make[1]: Entering directory '/home/wp2018/user/andythebreaker/andy/sound/cmake-3.18.0-rc2/CMakeFiles/CMakeTmp'
Building C object CMakeFiles/cmTC_9385e.dir/src.c.o
/usr/bin/gcc   -w -DHAVE_STRUCT_STAT_ST_BIRTHTIME -std=gnu11 -o CMakeFiles/cmTC_9385e.dir/src.c.o -c /home/wp2018/user/andythebreaker/andy/sound/cmake-3.18.0-rc2/CMakeFiles/CMakeTmp/src.c
/home/wp2018/user/andythebreaker/andy/sound/cmake-3.18.0-rc2/CMakeFiles/CMakeTmp/src.c: In function ‘main’:
/home/wp2018/user/andythebreaker/andy/sound/cmake-3.18.0-rc2/CMakeFiles/CMakeTmp/src.c:7:36: error: ‘struct stat’ has no member named ‘st_birthtime’; did you mean ‘st_blksize’?
   (void)sizeof(((struct stat *)0)->st_birthtime);
                                    ^~~~~~~~~~~~
                                    st_blksize
CMakeFiles/cmTC_9385e.dir/build.make:85: recipe for target 'CMakeFiles/cmTC_9385e.dir/src.c.o' failed
make[1]: *** [CMakeFiles/cmTC_9385e.dir/src.c.o] Error 1
make[1]: Leaving directory '/home/wp2018/user/andythebreaker/andy/sound/cmake-3.18.0-rc2/CMakeFiles/CMakeTmp'
Makefile:141: recipe for target 'cmTC_9385e/fast' failed
make: *** [cmTC_9385e/fast] Error 2


Source file was:

#include <sys/types.h>
#include <sys/stat.h>

int main()
{
  (void)sizeof(((struct stat *)0)->st_birthtime);
  return 0;
}

Performing C SOURCE FILE Test HAVE_STRUCT_STAT_ST_BIRTHTIMESPEC_TV_NSEC failed with the following output:
Change Dir: /home/wp2018/user/andythebreaker/andy/sound/cmake-3.18.0-rc2/CMakeFiles/CMakeTmp

Run Build Command(s):/usr/bin/make cmTC_7ecc3/fast && make  -f CMakeFiles/cmTC_7ecc3.dir/build.make CMakeFiles/cmTC_7ecc3.dir/build
make[1]: Entering directory '/home/wp2018/user/andythebreaker/andy/sound/cmake-3.18.0-rc2/CMakeFiles/CMakeTmp'
Building C object CMakeFiles/cmTC_7ecc3.dir/src.c.o
/usr/bin/gcc   -w -DHAVE_STRUCT_STAT_ST_BIRTHTIMESPEC_TV_NSEC -std=gnu11 -o CMakeFiles/cmTC_7ecc3.dir/src.c.o -c /home/wp2018/user/andythebreaker/andy/sound/cmake-3.18.0-rc2/CMakeFiles/CMakeTmp/src.c
/home/wp2018/user/andythebreaker/andy/sound/cmake-3.18.0-rc2/CMakeFiles/CMakeTmp/src.c: In function ‘main’:
/home/wp2018/user/andythebreaker/andy/sound/cmake-3.18.0-rc2/CMakeFiles/CMakeTmp/src.c:7:34: error: ‘struct stat’ has no member named ‘st_birthtimespec’
   (void)sizeof(((struct stat *)0)->st_birthtimespec.tv_nsec);
                                  ^~
CMakeFiles/cmTC_7ecc3.dir/build.make:85: recipe for target 'CMakeFiles/cmTC_7ecc3.dir/src.c.o' failed
make[1]: *** [CMakeFiles/cmTC_7ecc3.dir/src.c.o] Error 1
make[1]: Leaving directory '/home/wp2018/user/andythebreaker/andy/sound/cmake-3.18.0-rc2/CMakeFiles/CMakeTmp'
Makefile:141: recipe for target 'cmTC_7ecc3/fast' failed
make: *** [cmTC_7ecc3/fast] Error 2


Source file was:

#include <sys/types.h>
#include <sys/stat.h>

int main()
{
  (void)sizeof(((struct stat *)0)->st_birthtimespec.tv_nsec);
  return 0;
}

Performing C SOURCE FILE Test HAVE_STRUCT_STAT_ST_MTIMESPEC_TV_NSEC failed with the following output:
Change Dir: /home/wp2018/user/andythebreaker/andy/sound/cmake-3.18.0-rc2/CMakeFiles/CMakeTmp

Run Build Command(s):/usr/bin/make cmTC_55f60/fast && make  -f CMakeFiles/cmTC_55f60.dir/build.make CMakeFiles/cmTC_55f60.dir/build
make[1]: Entering directory '/home/wp2018/user/andythebreaker/andy/sound/cmake-3.18.0-rc2/CMakeFiles/CMakeTmp'
Building C object CMakeFiles/cmTC_55f60.dir/src.c.o
/usr/bin/gcc   -w -DHAVE_STRUCT_STAT_ST_MTIMESPEC_TV_NSEC -std=gnu11 -o CMakeFiles/cmTC_55f60.dir/src.c.o -c /home/wp2018/user/andythebreaker/andy/sound/cmake-3.18.0-rc2/CMakeFiles/CMakeTmp/src.c
/home/wp2018/user/andythebreaker/andy/sound/cmake-3.18.0-rc2/CMakeFiles/CMakeTmp/src.c: In function ‘main’:
/home/wp2018/user/andythebreaker/andy/sound/cmake-3.18.0-rc2/CMakeFiles/CMakeTmp/src.c:7:36: error: ‘struct stat’ has no member named ‘st_mtimespec’; did you mean ‘st_mtim’?
   (void)sizeof(((struct stat *)0)->st_mtimespec.tv_nsec);
                                    ^~~~~~~~~~~~
                                    st_mtim
CMakeFiles/cmTC_55f60.dir/build.make:85: recipe for target 'CMakeFiles/cmTC_55f60.dir/src.c.o' failed
make[1]: *** [CMakeFiles/cmTC_55f60.dir/src.c.o] Error 1
make[1]: Leaving directory '/home/wp2018/user/andythebreaker/andy/sound/cmake-3.18.0-rc2/CMakeFiles/CMakeTmp'
Makefile:141: recipe for target 'cmTC_55f60/fast' failed
make: *** [cmTC_55f60/fast] Error 2


Source file was:

#include <sys/types.h>
#include <sys/stat.h>

int main()
{
  (void)sizeof(((struct stat *)0)->st_mtimespec.tv_nsec);
  return 0;
}

Performing C SOURCE FILE Test HAVE_STRUCT_STAT_ST_MTIME_N failed with the following output:
Change Dir: /home/wp2018/user/andythebreaker/andy/sound/cmake-3.18.0-rc2/CMakeFiles/CMakeTmp

Run Build Command(s):/usr/bin/make cmTC_b4689/fast && make  -f CMakeFiles/cmTC_b4689.dir/build.make CMakeFiles/cmTC_b4689.dir/build
make[1]: Entering directory '/home/wp2018/user/andythebreaker/andy/sound/cmake-3.18.0-rc2/CMakeFiles/CMakeTmp'
Building C object CMakeFiles/cmTC_b4689.dir/src.c.o
/usr/bin/gcc   -w -DHAVE_STRUCT_STAT_ST_MTIME_N -std=gnu11 -o CMakeFiles/cmTC_b4689.dir/src.c.o -c /home/wp2018/user/andythebreaker/andy/sound/cmake-3.18.0-rc2/CMakeFiles/CMakeTmp/src.c
/home/wp2018/user/andythebreaker/andy/sound/cmake-3.18.0-rc2/CMakeFiles/CMakeTmp/src.c: In function ‘main’:
/home/wp2018/user/andythebreaker/andy/sound/cmake-3.18.0-rc2/CMakeFiles/CMakeTmp/src.c:7:36: error: ‘struct stat’ has no member named ‘st_mtime_n’; did you mean ‘st_mtim’?
   (void)sizeof(((struct stat *)0)->st_mtime_n);
                                    ^~~~~~~~~~
                                    st_mtim
CMakeFiles/cmTC_b4689.dir/build.make:85: recipe for target 'CMakeFiles/cmTC_b4689.dir/src.c.o' failed
make[1]: *** [CMakeFiles/cmTC_b4689.dir/src.c.o] Error 1
make[1]: Leaving directory '/home/wp2018/user/andythebreaker/andy/sound/cmake-3.18.0-rc2/CMakeFiles/CMakeTmp'
Makefile:141: recipe for target 'cmTC_b4689/fast' failed
make: *** [cmTC_b4689/fast] Error 2


Source file was:

#include <sys/types.h>
#include <sys/stat.h>

int main()
{
  (void)sizeof(((struct stat *)0)->st_mtime_n);
  return 0;
}

Performing C SOURCE FILE Test HAVE_STRUCT_STAT_ST_UMTIME failed with the following output:
Change Dir: /home/wp2018/user/andythebreaker/andy/sound/cmake-3.18.0-rc2/CMakeFiles/CMakeTmp

Run Build Command(s):/usr/bin/make cmTC_55ac3/fast && make  -f CMakeFiles/cmTC_55ac3.dir/build.make CMakeFiles/cmTC_55ac3.dir/build
make[1]: Entering directory '/home/wp2018/user/andythebreaker/andy/sound/cmake-3.18.0-rc2/CMakeFiles/CMakeTmp'
Building C object CMakeFiles/cmTC_55ac3.dir/src.c.o
/usr/bin/gcc   -w -DHAVE_STRUCT_STAT_ST_UMTIME -std=gnu11 -o CMakeFiles/cmTC_55ac3.dir/src.c.o -c /home/wp2018/user/andythebreaker/andy/sound/cmake-3.18.0-rc2/CMakeFiles/CMakeTmp/src.c
/home/wp2018/user/andythebreaker/andy/sound/cmake-3.18.0-rc2/CMakeFiles/CMakeTmp/src.c: In function ‘main’:
/home/wp2018/user/andythebreaker/andy/sound/cmake-3.18.0-rc2/CMakeFiles/CMakeTmp/src.c:7:36: error: ‘struct stat’ has no member named ‘st_umtime’; did you mean ‘st_mtim’?
   (void)sizeof(((struct stat *)0)->st_umtime);
                                    ^~~~~~~~~
                                    st_mtim
CMakeFiles/cmTC_55ac3.dir/build.make:85: recipe for target 'CMakeFiles/cmTC_55ac3.dir/src.c.o' failed
make[1]: *** [CMakeFiles/cmTC_55ac3.dir/src.c.o] Error 1
make[1]: Leaving directory '/home/wp2018/user/andythebreaker/andy/sound/cmake-3.18.0-rc2/CMakeFiles/CMakeTmp'
Makefile:141: recipe for target 'cmTC_55ac3/fast' failed
make: *** [cmTC_55ac3/fast] Error 2


Source file was:

#include <sys/types.h>
#include <sys/stat.h>

int main()
{
  (void)sizeof(((struct stat *)0)->st_umtime);
  return 0;
}

Performing C SOURCE FILE Test HAVE_STRUCT_STAT_ST_MTIME_USEC failed with the following output:
Change Dir: /home/wp2018/user/andythebreaker/andy/sound/cmake-3.18.0-rc2/CMakeFiles/CMakeTmp

Run Build Command(s):/usr/bin/make cmTC_2f7f3/fast && make  -f CMakeFiles/cmTC_2f7f3.dir/build.make CMakeFiles/cmTC_2f7f3.dir/build
make[1]: Entering directory '/home/wp2018/user/andythebreaker/andy/sound/cmake-3.18.0-rc2/CMakeFiles/CMakeTmp'
Building C object CMakeFiles/cmTC_2f7f3.dir/src.c.o
/usr/bin/gcc   -w -DHAVE_STRUCT_STAT_ST_MTIME_USEC -std=gnu11 -o CMakeFiles/cmTC_2f7f3.dir/src.c.o -c /home/wp2018/user/andythebreaker/andy/sound/cmake-3.18.0-rc2/CMakeFiles/CMakeTmp/src.c
/home/wp2018/user/andythebreaker/andy/sound/cmake-3.18.0-rc2/CMakeFiles/CMakeTmp/src.c: In function ‘main’:
/home/wp2018/user/andythebreaker/andy/sound/cmake-3.18.0-rc2/CMakeFiles/CMakeTmp/src.c:7:36: error: ‘struct stat’ has no member named ‘st_mtime_usec’; did you mean ‘st_mtim’?
   (void)sizeof(((struct stat *)0)->st_mtime_usec);
                                    ^~~~~~~~~~~~~
                                    st_mtim
CMakeFiles/cmTC_2f7f3.dir/build.make:85: recipe for target 'CMakeFiles/cmTC_2f7f3.dir/src.c.o' failed
make[1]: *** [CMakeFiles/cmTC_2f7f3.dir/src.c.o] Error 1
make[1]: Leaving directory '/home/wp2018/user/andythebreaker/andy/sound/cmake-3.18.0-rc2/CMakeFiles/CMakeTmp'
Makefile:141: recipe for target 'cmTC_2f7f3/fast' failed
make: *** [cmTC_2f7f3/fast] Error 2


Source file was:

#include <sys/types.h>
#include <sys/stat.h>

int main()
{
  (void)sizeof(((struct stat *)0)->st_mtime_usec);
  return 0;
}

Performing C SOURCE FILE Test HAVE_STRUCT_STAT_ST_FLAGS failed with the following output:
Change Dir: /home/wp2018/user/andythebreaker/andy/sound/cmake-3.18.0-rc2/CMakeFiles/CMakeTmp

Run Build Command(s):/usr/bin/make cmTC_1d470/fast && make  -f CMakeFiles/cmTC_1d470.dir/build.make CMakeFiles/cmTC_1d470.dir/build
make[1]: Entering directory '/home/wp2018/user/andythebreaker/andy/sound/cmake-3.18.0-rc2/CMakeFiles/CMakeTmp'
Building C object CMakeFiles/cmTC_1d470.dir/src.c.o
/usr/bin/gcc   -w -DHAVE_STRUCT_STAT_ST_FLAGS -std=gnu11 -o CMakeFiles/cmTC_1d470.dir/src.c.o -c /home/wp2018/user/andythebreaker/andy/sound/cmake-3.18.0-rc2/CMakeFiles/CMakeTmp/src.c
/home/wp2018/user/andythebreaker/andy/sound/cmake-3.18.0-rc2/CMakeFiles/CMakeTmp/src.c: In function ‘main’:
/home/wp2018/user/andythebreaker/andy/sound/cmake-3.18.0-rc2/CMakeFiles/CMakeTmp/src.c:7:36: error: ‘struct stat’ has no member named ‘st_flags’; did you mean ‘st_nlink’?
   (void)sizeof(((struct stat *)0)->st_flags);
                                    ^~~~~~~~
                                    st_nlink
CMakeFiles/cmTC_1d470.dir/build.make:85: recipe for target 'CMakeFiles/cmTC_1d470.dir/src.c.o' failed
make[1]: *** [CMakeFiles/cmTC_1d470.dir/src.c.o] Error 1
make[1]: Leaving directory '/home/wp2018/user/andythebreaker/andy/sound/cmake-3.18.0-rc2/CMakeFiles/CMakeTmp'
Makefile:141: recipe for target 'cmTC_1d470/fast' failed
make: *** [cmTC_1d470/fast] Error 2


Source file was:

#include <sys/types.h>
#include <sys/stat.h>

int main()
{
  (void)sizeof(((struct stat *)0)->st_flags);
  return 0;
}

Performing C SOURCE FILE Test HAVE_STRUCT_STATVFS_F_IOSIZE failed with the following output:
Change Dir: /home/wp2018/user/andythebreaker/andy/sound/cmake-3.18.0-rc2/CMakeFiles/CMakeTmp

Run Build Command(s):/usr/bin/make cmTC_bc984/fast && make  -f CMakeFiles/cmTC_bc984.dir/build.make CMakeFiles/cmTC_bc984.dir/build
make[1]: Entering directory '/home/wp2018/user/andythebreaker/andy/sound/cmake-3.18.0-rc2/CMakeFiles/CMakeTmp'
Building C object CMakeFiles/cmTC_bc984.dir/src.c.o
/usr/bin/gcc   -w -DHAVE_STRUCT_STATVFS_F_IOSIZE -std=gnu11 -o CMakeFiles/cmTC_bc984.dir/src.c.o -c /home/wp2018/user/andythebreaker/andy/sound/cmake-3.18.0-rc2/CMakeFiles/CMakeTmp/src.c
/home/wp2018/user/andythebreaker/andy/sound/cmake-3.18.0-rc2/CMakeFiles/CMakeTmp/src.c: In function ‘main’:
/home/wp2018/user/andythebreaker/andy/sound/cmake-3.18.0-rc2/CMakeFiles/CMakeTmp/src.c:7:39: error: ‘struct statvfs’ has no member named ‘f_iosize’; did you mean ‘f_bsize’?
   (void)sizeof(((struct statvfs *)0)->f_iosize);
                                       ^~~~~~~~
                                       f_bsize
CMakeFiles/cmTC_bc984.dir/build.make:85: recipe for target 'CMakeFiles/cmTC_bc984.dir/src.c.o' failed
make[1]: *** [CMakeFiles/cmTC_bc984.dir/src.c.o] Error 1
make[1]: Leaving directory '/home/wp2018/user/andythebreaker/andy/sound/cmake-3.18.0-rc2/CMakeFiles/CMakeTmp'
Makefile:141: recipe for target 'cmTC_bc984/fast' failed
make: *** [cmTC_bc984/fast] Error 2


Source file was:

#include <sys/types.h>
#include <sys/statvfs.h>

int main()
{
  (void)sizeof(((struct statvfs *)0)->f_iosize);
  return 0;
}

Checking for curses support failed with the following output:
Change Dir: /home/wp2018/user/andythebreaker/andy/sound/cmake-3.18.0-rc2/Source/Checks/Curses-build

Run Build Command(s):/usr/bin/make CheckCurses && make: *** No rule to make target 'CheckCurses'.  Stop.



Looking for a Fortran compiler failed with the following output:
-- The Fortran compiler identification is unknown
CMake Error at CMakeLists.txt:2 (project):
  No CMAKE_Fortran_COMPILER could be found.

  Tell CMake where to find the compiler by setting either the environment
  variable "FC" or the CMake cache entry CMAKE_Fortran_COMPILER to the full
  path to the compiler, or to the compiler name if it is in the PATH.


-- Configuring incomplete, errors occurred!
See also "/home/wp2018/user/andythebreaker/andy/sound/cmake-3.18.0-rc2/Tests/CMakeFiles/CheckFortran/CMakeFiles/CMakeOutput.log".
See also "/home/wp2018/user/andythebreaker/andy/sound/cmake-3.18.0-rc2/Tests/CMakeFiles/CheckFortran/CMakeFiles/CMakeError.log".

