Determining if the environ exist failed with the following output:
Change Dir: /home/wp2018/user/andythebreaker/car_pi/grpc_test/cmake-3.18.0/CMakeFiles/CMakeTmp

Run Build Command(s):/usr/bin/make cmTC_b989f/fast && make  -f CMakeFiles/cmTC_b989f.dir/build.make CMakeFiles/cmTC_b989f.dir/build
make[1]: Entering directory '/home/wp2018/user/andythebreaker/car_pi/grpc_test/cmake-3.18.0/CMakeFiles/CMakeTmp'
Building C object CMakeFiles/cmTC_b989f.dir/CheckSymbolExists.c.o
/usr/bin/gcc   -std=gnu11 -o CMakeFiles/cmTC_b989f.dir/CheckSymbolExists.c.o -c /home/wp2018/user/andythebreaker/car_pi/grpc_test/cmake-3.18.0/CMakeFiles/CMakeTmp/CheckSymbolExists.c
/home/wp2018/user/andythebreaker/car_pi/grpc_test/cmake-3.18.0/CMakeFiles/CMakeTmp/CheckSymbolExists.c: In function ‘main’:
/home/wp2018/user/andythebreaker/car_pi/grpc_test/cmake-3.18.0/CMakeFiles/CMakeTmp/CheckSymbolExists.c:8:19: error: ‘environ’ undeclared (first use in this function)
   return ((int*)(&environ))[argc];
                   ^~~~~~~
/home/wp2018/user/andythebreaker/car_pi/grpc_test/cmake-3.18.0/CMakeFiles/CMakeTmp/CheckSymbolExists.c:8:19: note: each undeclared identifier is reported only once for each function it appears in
CMakeFiles/cmTC_b989f.dir/build.make:84: recipe for target 'CMakeFiles/cmTC_b989f.dir/CheckSymbolExists.c.o' failed
make[1]: *** [CMakeFiles/cmTC_b989f.dir/CheckSymbolExists.c.o] Error 1
make[1]: Leaving directory '/home/wp2018/user/andythebreaker/car_pi/grpc_test/cmake-3.18.0/CMakeFiles/CMakeTmp'
Makefile:140: recipe for target 'cmTC_b989f/fast' failed
make: *** [cmTC_b989f/fast] Error 2


File /home/wp2018/user/andythebreaker/car_pi/grpc_test/cmake-3.18.0/CMakeFiles/CMakeTmp/CheckSymbolExists.c:
/* */
#include <stdlib.h>

int main(int argc, char** argv)
{
  (void)argv;
#ifndef environ
  return ((int*)(&environ))[argc];
#else
  (void)argc;
  return 0;
#endif
}
Performing C SOURCE FILE Test CMAKE_HAVE_LIBC_PTHREAD failed with the following output:
Change Dir: /home/wp2018/user/andythebreaker/car_pi/grpc_test/cmake-3.18.0/CMakeFiles/CMakeTmp

Run Build Command(s):/usr/bin/make cmTC_d5515/fast && make  -f CMakeFiles/cmTC_d5515.dir/build.make CMakeFiles/cmTC_d5515.dir/build
make[1]: Entering directory '/home/wp2018/user/andythebreaker/car_pi/grpc_test/cmake-3.18.0/CMakeFiles/CMakeTmp'
Building C object CMakeFiles/cmTC_d5515.dir/src.c.o
/usr/bin/gcc   -DCMAKE_HAVE_LIBC_PTHREAD -std=gnu11 -o CMakeFiles/cmTC_d5515.dir/src.c.o -c /home/wp2018/user/andythebreaker/car_pi/grpc_test/cmake-3.18.0/CMakeFiles/CMakeTmp/src.c
Linking C executable cmTC_d5515
/home/wp2018/user/andythebreaker/car_pi/grpc_test/cmake-3.18.0/Bootstrap.cmk/cmake -E cmake_link_script CMakeFiles/cmTC_d5515.dir/link.txt --verbose=1
/usr/bin/gcc  -DCMAKE_HAVE_LIBC_PTHREAD CMakeFiles/cmTC_d5515.dir/src.c.o -o cmTC_d5515 
CMakeFiles/cmTC_d5515.dir/src.c.o: In function `main':
src.c:(.text+0x3e): undefined reference to `pthread_create'
src.c:(.text+0x4a): undefined reference to `pthread_detach'
src.c:(.text+0x56): undefined reference to `pthread_cancel'
src.c:(.text+0x67): undefined reference to `pthread_join'
src.c:(.text+0x7b): undefined reference to `pthread_atfork'
collect2: error: ld returned 1 exit status
CMakeFiles/cmTC_d5515.dir/build.make:105: recipe for target 'cmTC_d5515' failed
make[1]: *** [cmTC_d5515] Error 1
make[1]: Leaving directory '/home/wp2018/user/andythebreaker/car_pi/grpc_test/cmake-3.18.0/CMakeFiles/CMakeTmp'
Makefile:140: recipe for target 'cmTC_d5515/fast' failed
make: *** [cmTC_d5515/fast] Error 2


Source file was:
#include <pthread.h>

void* test_func(void* data)
{
  return data;
}

int main(void)
{
  pthread_t thread;
  pthread_create(&thread, NULL, test_func, NULL);
  pthread_detach(thread);
  pthread_cancel(thread);
  pthread_join(thread, NULL);
  pthread_atfork(NULL, NULL, NULL);
  pthread_exit(NULL);

  return 0;
}

Determining if the function pthread_create exists in the pthreads failed with the following output:
Change Dir: /home/wp2018/user/andythebreaker/car_pi/grpc_test/cmake-3.18.0/CMakeFiles/CMakeTmp

Run Build Command(s):/usr/bin/make cmTC_29943/fast && make  -f CMakeFiles/cmTC_29943.dir/build.make CMakeFiles/cmTC_29943.dir/build
make[1]: Entering directory '/home/wp2018/user/andythebreaker/car_pi/grpc_test/cmake-3.18.0/CMakeFiles/CMakeTmp'
Building C object CMakeFiles/cmTC_29943.dir/CheckFunctionExists.c.o
/usr/bin/gcc   -DCHECK_FUNCTION_EXISTS=pthread_create -std=gnu11 -o CMakeFiles/cmTC_29943.dir/CheckFunctionExists.c.o -c /home/wp2018/user/andythebreaker/car_pi/grpc_test/cmake-3.18.0/Modules/CheckFunctionExists.c
Linking C executable cmTC_29943
/home/wp2018/user/andythebreaker/car_pi/grpc_test/cmake-3.18.0/Bootstrap.cmk/cmake -E cmake_link_script CMakeFiles/cmTC_29943.dir/link.txt --verbose=1
/usr/bin/gcc  -DCHECK_FUNCTION_EXISTS=pthread_create CMakeFiles/cmTC_29943.dir/CheckFunctionExists.c.o -o cmTC_29943  -lpthreads 
/usr/bin/ld: cannot find -lpthreads
collect2: error: ld returned 1 exit status
CMakeFiles/cmTC_29943.dir/build.make:105: recipe for target 'cmTC_29943' failed
make[1]: *** [cmTC_29943] Error 1
make[1]: Leaving directory '/home/wp2018/user/andythebreaker/car_pi/grpc_test/cmake-3.18.0/CMakeFiles/CMakeTmp'
Makefile:140: recipe for target 'cmTC_29943/fast' failed
make: *** [cmTC_29943/fast] Error 2



Checking whether CXX compiler has environ in stdlib.h failed to compile with the following output:
Change Dir: /home/wp2018/user/andythebreaker/car_pi/grpc_test/cmake-3.18.0/Source/kwsys/CMakeFiles/CMakeTmp

Run Build Command(s):/usr/bin/make cmTC_498db/fast && make  -f CMakeFiles/cmTC_498db.dir/build.make CMakeFiles/cmTC_498db.dir/build
make[1]: Entering directory '/home/wp2018/user/andythebreaker/car_pi/grpc_test/cmake-3.18.0/Source/kwsys/CMakeFiles/CMakeTmp'
Building CXX object CMakeFiles/cmTC_498db.dir/kwsysPlatformTestsCXX.cxx.o
/usr/bin/g++ -DTEST_KWSYS_CXX_HAS_ENVIRON_IN_STDLIB_H  -std=gnu++1z -o CMakeFiles/cmTC_498db.dir/kwsysPlatformTestsCXX.cxx.o -c /home/wp2018/user/andythebreaker/car_pi/grpc_test/cmake-3.18.0/Source/kwsys/kwsysPlatformTestsCXX.cxx
/home/wp2018/user/andythebreaker/car_pi/grpc_test/cmake-3.18.0/Source/kwsys/kwsysPlatformTestsCXX.cxx: In function ‘int main()’:
/home/wp2018/user/andythebreaker/car_pi/grpc_test/cmake-3.18.0/Source/kwsys/kwsysPlatformTestsCXX.cxx:53:13: error: ‘environ’ was not declared in this scope
   char* e = environ[0];
             ^~~~~~~
/home/wp2018/user/andythebreaker/car_pi/grpc_test/cmake-3.18.0/Source/kwsys/kwsysPlatformTestsCXX.cxx:53:13: note: suggested alternative: ‘union’
   char* e = environ[0];
             ^~~~~~~
             union
CMakeFiles/cmTC_498db.dir/build.make:84: recipe for target 'CMakeFiles/cmTC_498db.dir/kwsysPlatformTestsCXX.cxx.o' failed
make[1]: *** [CMakeFiles/cmTC_498db.dir/kwsysPlatformTestsCXX.cxx.o] Error 1
make[1]: Leaving directory '/home/wp2018/user/andythebreaker/car_pi/grpc_test/cmake-3.18.0/Source/kwsys/CMakeFiles/CMakeTmp'
Makefile:140: recipe for target 'cmTC_498db/fast' failed
make: *** [cmTC_498db/fast] Error 2



Checking whether CXX compiler struct stat has st_mtimespec member failed to compile with the following output:
Change Dir: /home/wp2018/user/andythebreaker/car_pi/grpc_test/cmake-3.18.0/Source/kwsys/CMakeFiles/CMakeTmp

Run Build Command(s):/usr/bin/make cmTC_ae61f/fast && make  -f CMakeFiles/cmTC_ae61f.dir/build.make CMakeFiles/cmTC_ae61f.dir/build
make[1]: Entering directory '/home/wp2018/user/andythebreaker/car_pi/grpc_test/cmake-3.18.0/Source/kwsys/CMakeFiles/CMakeTmp'
Building CXX object CMakeFiles/cmTC_ae61f.dir/kwsysPlatformTestsCXX.cxx.o
/usr/bin/g++ -DTEST_KWSYS_CXX_STAT_HAS_ST_MTIMESPEC  -std=gnu++1z -o CMakeFiles/cmTC_ae61f.dir/kwsysPlatformTestsCXX.cxx.o -c /home/wp2018/user/andythebreaker/car_pi/grpc_test/cmake-3.18.0/Source/kwsys/kwsysPlatformTestsCXX.cxx
/home/wp2018/user/andythebreaker/car_pi/grpc_test/cmake-3.18.0/Source/kwsys/kwsysPlatformTestsCXX.cxx: In function ‘int main()’:
/home/wp2018/user/andythebreaker/car_pi/grpc_test/cmake-3.18.0/Source/kwsys/kwsysPlatformTestsCXX.cxx:26:15: error: ‘struct stat’ has no member named ‘st_mtimespec’; did you mean ‘st_mtim’?
   (void)stat1.st_mtimespec.tv_sec;
               ^~~~~~~~~~~~
               st_mtim
/home/wp2018/user/andythebreaker/car_pi/grpc_test/cmake-3.18.0/Source/kwsys/kwsysPlatformTestsCXX.cxx:27:15: error: ‘struct stat’ has no member named ‘st_mtimespec’; did you mean ‘st_mtim’?
   (void)stat1.st_mtimespec.tv_nsec;
               ^~~~~~~~~~~~
               st_mtim
CMakeFiles/cmTC_ae61f.dir/build.make:84: recipe for target 'CMakeFiles/cmTC_ae61f.dir/kwsysPlatformTestsCXX.cxx.o' failed
make[1]: *** [CMakeFiles/cmTC_ae61f.dir/kwsysPlatformTestsCXX.cxx.o] Error 1
make[1]: Leaving directory '/home/wp2018/user/andythebreaker/car_pi/grpc_test/cmake-3.18.0/Source/kwsys/CMakeFiles/CMakeTmp'
Makefile:140: recipe for target 'cmTC_ae61f/fast' failed
make: *** [cmTC_ae61f/fast] Error 2



Determining if the function connect exists in the socket;dl failed with the following output:
Change Dir: /home/wp2018/user/andythebreaker/car_pi/grpc_test/cmake-3.18.0/CMakeFiles/CMakeTmp

Run Build Command(s):/usr/bin/make cmTC_a3c55/fast && make  -f CMakeFiles/cmTC_a3c55.dir/build.make CMakeFiles/cmTC_a3c55.dir/build
make[1]: Entering directory '/home/wp2018/user/andythebreaker/car_pi/grpc_test/cmake-3.18.0/CMakeFiles/CMakeTmp'
Building C object CMakeFiles/cmTC_a3c55.dir/CheckFunctionExists.c.o
/usr/bin/gcc   -w -DCHECK_FUNCTION_EXISTS=connect -std=gnu11 -o CMakeFiles/cmTC_a3c55.dir/CheckFunctionExists.c.o -c /home/wp2018/user/andythebreaker/car_pi/grpc_test/cmake-3.18.0/Modules/CheckFunctionExists.c
Linking C executable cmTC_a3c55
/home/wp2018/user/andythebreaker/car_pi/grpc_test/cmake-3.18.0/Bootstrap.cmk/cmake -E cmake_link_script CMakeFiles/cmTC_a3c55.dir/link.txt --verbose=1
/usr/bin/gcc   -w -DCHECK_FUNCTION_EXISTS=connect CMakeFiles/cmTC_a3c55.dir/CheckFunctionExists.c.o -o cmTC_a3c55  -lsocket -ldl 
/usr/bin/ld: cannot find -lsocket
collect2: error: ld returned 1 exit status
CMakeFiles/cmTC_a3c55.dir/build.make:105: recipe for target 'cmTC_a3c55' failed
make[1]: *** [cmTC_a3c55] Error 1
make[1]: Leaving directory '/home/wp2018/user/andythebreaker/car_pi/grpc_test/cmake-3.18.0/CMakeFiles/CMakeTmp'
Makefile:140: recipe for target 'cmTC_a3c55/fast' failed
make: *** [cmTC_a3c55/fast] Error 2



Determining if the function recv exists in the network;dl failed with the following output:
Change Dir: /home/wp2018/user/andythebreaker/car_pi/grpc_test/cmake-3.18.0/CMakeFiles/CMakeTmp

Run Build Command(s):/usr/bin/make cmTC_3ba67/fast && make  -f CMakeFiles/cmTC_3ba67.dir/build.make CMakeFiles/cmTC_3ba67.dir/build
make[1]: Entering directory '/home/wp2018/user/andythebreaker/car_pi/grpc_test/cmake-3.18.0/CMakeFiles/CMakeTmp'
Building C object CMakeFiles/cmTC_3ba67.dir/CheckFunctionExists.c.o
/usr/bin/gcc   -w -DCHECK_FUNCTION_EXISTS=recv -std=gnu11 -o CMakeFiles/cmTC_3ba67.dir/CheckFunctionExists.c.o -c /home/wp2018/user/andythebreaker/car_pi/grpc_test/cmake-3.18.0/Modules/CheckFunctionExists.c
Linking C executable cmTC_3ba67
/home/wp2018/user/andythebreaker/car_pi/grpc_test/cmake-3.18.0/Bootstrap.cmk/cmake -E cmake_link_script CMakeFiles/cmTC_3ba67.dir/link.txt --verbose=1
/usr/bin/gcc   -w -DCHECK_FUNCTION_EXISTS=recv CMakeFiles/cmTC_3ba67.dir/CheckFunctionExists.c.o -o cmTC_3ba67  -lnetwork -ldl 
/usr/bin/ld: cannot find -lnetwork
collect2: error: ld returned 1 exit status
CMakeFiles/cmTC_3ba67.dir/build.make:105: recipe for target 'cmTC_3ba67' failed
make[1]: *** [cmTC_3ba67] Error 1
make[1]: Leaving directory '/home/wp2018/user/andythebreaker/car_pi/grpc_test/cmake-3.18.0/CMakeFiles/CMakeTmp'
Makefile:140: recipe for target 'cmTC_3ba67/fast' failed
make: *** [cmTC_3ba67/fast] Error 2



Determining if the RAND_status exist failed with the following output:
Change Dir: /home/wp2018/user/andythebreaker/car_pi/grpc_test/cmake-3.18.0/CMakeFiles/CMakeTmp

Run Build Command(s):/usr/bin/make cmTC_1487f/fast && make  -f CMakeFiles/cmTC_1487f.dir/build.make CMakeFiles/cmTC_1487f.dir/build
make[1]: Entering directory '/home/wp2018/user/andythebreaker/car_pi/grpc_test/cmake-3.18.0/CMakeFiles/CMakeTmp'
Building C object CMakeFiles/cmTC_1487f.dir/CheckSymbolExists.c.o
/usr/bin/gcc   -w  -std=gnu11 -o CMakeFiles/cmTC_1487f.dir/CheckSymbolExists.c.o -c /home/wp2018/user/andythebreaker/car_pi/grpc_test/cmake-3.18.0/CMakeFiles/CMakeTmp/CheckSymbolExists.c
/home/wp2018/user/andythebreaker/car_pi/grpc_test/cmake-3.18.0/CMakeFiles/CMakeTmp/CheckSymbolExists.c: In function ‘main’:
/home/wp2018/user/andythebreaker/car_pi/grpc_test/cmake-3.18.0/CMakeFiles/CMakeTmp/CheckSymbolExists.c:7:19: error: ‘RAND_status’ undeclared (first use in this function)
   return ((int*)(&RAND_status))[argc];
                   ^~~~~~~~~~~
/home/wp2018/user/andythebreaker/car_pi/grpc_test/cmake-3.18.0/CMakeFiles/CMakeTmp/CheckSymbolExists.c:7:19: note: each undeclared identifier is reported only once for each function it appears in
CMakeFiles/cmTC_1487f.dir/build.make:84: recipe for target 'CMakeFiles/cmTC_1487f.dir/CheckSymbolExists.c.o' failed
make[1]: *** [CMakeFiles/cmTC_1487f.dir/CheckSymbolExists.c.o] Error 1
make[1]: Leaving directory '/home/wp2018/user/andythebreaker/car_pi/grpc_test/cmake-3.18.0/CMakeFiles/CMakeTmp'
Makefile:140: recipe for target 'cmTC_1487f/fast' failed
make: *** [cmTC_1487f/fast] Error 2


File /home/wp2018/user/andythebreaker/car_pi/grpc_test/cmake-3.18.0/CMakeFiles/CMakeTmp/CheckSymbolExists.c:
/* */

int main(int argc, char** argv)
{
  (void)argv;
#ifndef RAND_status
  return ((int*)(&RAND_status))[argc];
#else
  (void)argc;
  return 0;
#endif
}
Determining if the RAND_screen exist failed with the following output:
Change Dir: /home/wp2018/user/andythebreaker/car_pi/grpc_test/cmake-3.18.0/CMakeFiles/CMakeTmp

Run Build Command(s):/usr/bin/make cmTC_40287/fast && make  -f CMakeFiles/cmTC_40287.dir/build.make CMakeFiles/cmTC_40287.dir/build
make[1]: Entering directory '/home/wp2018/user/andythebreaker/car_pi/grpc_test/cmake-3.18.0/CMakeFiles/CMakeTmp'
Building C object CMakeFiles/cmTC_40287.dir/CheckSymbolExists.c.o
/usr/bin/gcc   -w  -std=gnu11 -o CMakeFiles/cmTC_40287.dir/CheckSymbolExists.c.o -c /home/wp2018/user/andythebreaker/car_pi/grpc_test/cmake-3.18.0/CMakeFiles/CMakeTmp/CheckSymbolExists.c
/home/wp2018/user/andythebreaker/car_pi/grpc_test/cmake-3.18.0/CMakeFiles/CMakeTmp/CheckSymbolExists.c: In function ‘main’:
/home/wp2018/user/andythebreaker/car_pi/grpc_test/cmake-3.18.0/CMakeFiles/CMakeTmp/CheckSymbolExists.c:7:19: error: ‘RAND_screen’ undeclared (first use in this function)
   return ((int*)(&RAND_screen))[argc];
                   ^~~~~~~~~~~
/home/wp2018/user/andythebreaker/car_pi/grpc_test/cmake-3.18.0/CMakeFiles/CMakeTmp/CheckSymbolExists.c:7:19: note: each undeclared identifier is reported only once for each function it appears in
CMakeFiles/cmTC_40287.dir/build.make:84: recipe for target 'CMakeFiles/cmTC_40287.dir/CheckSymbolExists.c.o' failed
make[1]: *** [CMakeFiles/cmTC_40287.dir/CheckSymbolExists.c.o] Error 1
make[1]: Leaving directory '/home/wp2018/user/andythebreaker/car_pi/grpc_test/cmake-3.18.0/CMakeFiles/CMakeTmp'
Makefile:140: recipe for target 'cmTC_40287/fast' failed
make: *** [cmTC_40287/fast] Error 2


File /home/wp2018/user/andythebreaker/car_pi/grpc_test/cmake-3.18.0/CMakeFiles/CMakeTmp/CheckSymbolExists.c:
/* */

int main(int argc, char** argv)
{
  (void)argv;
#ifndef RAND_screen
  return ((int*)(&RAND_screen))[argc];
#else
  (void)argc;
  return 0;
#endif
}
Determining if the RAND_egd exist failed with the following output:
Change Dir: /home/wp2018/user/andythebreaker/car_pi/grpc_test/cmake-3.18.0/CMakeFiles/CMakeTmp

Run Build Command(s):/usr/bin/make cmTC_135eb/fast && make  -f CMakeFiles/cmTC_135eb.dir/build.make CMakeFiles/cmTC_135eb.dir/build
make[1]: Entering directory '/home/wp2018/user/andythebreaker/car_pi/grpc_test/cmake-3.18.0/CMakeFiles/CMakeTmp'
Building C object CMakeFiles/cmTC_135eb.dir/CheckSymbolExists.c.o
/usr/bin/gcc   -w  -std=gnu11 -o CMakeFiles/cmTC_135eb.dir/CheckSymbolExists.c.o -c /home/wp2018/user/andythebreaker/car_pi/grpc_test/cmake-3.18.0/CMakeFiles/CMakeTmp/CheckSymbolExists.c
/home/wp2018/user/andythebreaker/car_pi/grpc_test/cmake-3.18.0/CMakeFiles/CMakeTmp/CheckSymbolExists.c: In function ‘main’:
/home/wp2018/user/andythebreaker/car_pi/grpc_test/cmake-3.18.0/CMakeFiles/CMakeTmp/CheckSymbolExists.c:7:19: error: ‘RAND_egd’ undeclared (first use in this function)
   return ((int*)(&RAND_egd))[argc];
                   ^~~~~~~~
/home/wp2018/user/andythebreaker/car_pi/grpc_test/cmake-3.18.0/CMakeFiles/CMakeTmp/CheckSymbolExists.c:7:19: note: each undeclared identifier is reported only once for each function it appears in
CMakeFiles/cmTC_135eb.dir/build.make:84: recipe for target 'CMakeFiles/cmTC_135eb.dir/CheckSymbolExists.c.o' failed
make[1]: *** [CMakeFiles/cmTC_135eb.dir/CheckSymbolExists.c.o] Error 1
make[1]: Leaving directory '/home/wp2018/user/andythebreaker/car_pi/grpc_test/cmake-3.18.0/CMakeFiles/CMakeTmp'
Makefile:140: recipe for target 'cmTC_135eb/fast' failed
make: *** [cmTC_135eb/fast] Error 2


File /home/wp2018/user/andythebreaker/car_pi/grpc_test/cmake-3.18.0/CMakeFiles/CMakeTmp/CheckSymbolExists.c:
/* */

int main(int argc, char** argv)
{
  (void)argv;
#ifndef RAND_egd
  return ((int*)(&RAND_egd))[argc];
#else
  (void)argc;
  return 0;
#endif
}
Determining if the function idn2_lookup_ul exists in the idn2;dl;/usr/lib/x86_64-linux-gnu/libssl.so;/usr/lib/x86_64-linux-gnu/libcrypto.so;cmnghttp2 failed with the following output:
Change Dir: /home/wp2018/user/andythebreaker/car_pi/grpc_test/cmake-3.18.0/CMakeFiles/CMakeTmp

Run Build Command(s):/usr/bin/make cmTC_71790/fast && make  -f CMakeFiles/cmTC_71790.dir/build.make CMakeFiles/cmTC_71790.dir/build
make[1]: Entering directory '/home/wp2018/user/andythebreaker/car_pi/grpc_test/cmake-3.18.0/CMakeFiles/CMakeTmp'
Building C object CMakeFiles/cmTC_71790.dir/CheckFunctionExists.c.o
/usr/bin/gcc   -w -DCHECK_FUNCTION_EXISTS=idn2_lookup_ul -std=gnu11 -o CMakeFiles/cmTC_71790.dir/CheckFunctionExists.c.o -c /home/wp2018/user/andythebreaker/car_pi/grpc_test/cmake-3.18.0/Modules/CheckFunctionExists.c
Linking C executable cmTC_71790
/home/wp2018/user/andythebreaker/car_pi/grpc_test/cmake-3.18.0/Bootstrap.cmk/cmake -E cmake_link_script CMakeFiles/cmTC_71790.dir/link.txt --verbose=1
/usr/bin/gcc   -w -DCHECK_FUNCTION_EXISTS=idn2_lookup_ul CMakeFiles/cmTC_71790.dir/CheckFunctionExists.c.o -o cmTC_71790  -lidn2 -ldl /usr/lib/x86_64-linux-gnu/libssl.so /usr/lib/x86_64-linux-gnu/libcrypto.so -lcmnghttp2 
/usr/bin/ld: cannot find -lidn2
/usr/bin/ld: cannot find -lcmnghttp2
collect2: error: ld returned 1 exit status
CMakeFiles/cmTC_71790.dir/build.make:107: recipe for target 'cmTC_71790' failed
make[1]: *** [cmTC_71790] Error 1
make[1]: Leaving directory '/home/wp2018/user/andythebreaker/car_pi/grpc_test/cmake-3.18.0/CMakeFiles/CMakeTmp'
Makefile:140: recipe for target 'cmTC_71790/fast' failed
make: *** [cmTC_71790/fast] Error 2



Determining if the function dlopen exists in the dl;/usr/lib/x86_64-linux-gnu/libssl.so;/usr/lib/x86_64-linux-gnu/libcrypto.so;cmnghttp2 failed with the following output:
Change Dir: /home/wp2018/user/andythebreaker/car_pi/grpc_test/cmake-3.18.0/CMakeFiles/CMakeTmp

Run Build Command(s):/usr/bin/make cmTC_b4c4f/fast && make  -f CMakeFiles/cmTC_b4c4f.dir/build.make CMakeFiles/cmTC_b4c4f.dir/build
make[1]: Entering directory '/home/wp2018/user/andythebreaker/car_pi/grpc_test/cmake-3.18.0/CMakeFiles/CMakeTmp'
Building C object CMakeFiles/cmTC_b4c4f.dir/CheckFunctionExists.c.o
/usr/bin/gcc   -w -DCHECK_FUNCTION_EXISTS=dlopen -std=gnu11 -o CMakeFiles/cmTC_b4c4f.dir/CheckFunctionExists.c.o -c /home/wp2018/user/andythebreaker/car_pi/grpc_test/cmake-3.18.0/Modules/CheckFunctionExists.c
Linking C executable cmTC_b4c4f
/home/wp2018/user/andythebreaker/car_pi/grpc_test/cmake-3.18.0/Bootstrap.cmk/cmake -E cmake_link_script CMakeFiles/cmTC_b4c4f.dir/link.txt --verbose=1
/usr/bin/gcc   -w -DCHECK_FUNCTION_EXISTS=dlopen CMakeFiles/cmTC_b4c4f.dir/CheckFunctionExists.c.o -o cmTC_b4c4f  -ldl /usr/lib/x86_64-linux-gnu/libssl.so /usr/lib/x86_64-linux-gnu/libcrypto.so -lcmnghttp2 
/usr/bin/ld: cannot find -lcmnghttp2
collect2: error: ld returned 1 exit status
CMakeFiles/cmTC_b4c4f.dir/build.make:107: recipe for target 'cmTC_b4c4f' failed
make[1]: *** [cmTC_b4c4f] Error 1
make[1]: Leaving directory '/home/wp2018/user/andythebreaker/car_pi/grpc_test/cmake-3.18.0/CMakeFiles/CMakeTmp'
Makefile:140: recipe for target 'cmTC_b4c4f/fast' failed
make: *** [cmTC_b4c4f/fast] Error 2



Determining if files stdio.h;inttypes.h;sys/filio.h exist failed with the following output:
Change Dir: /home/wp2018/user/andythebreaker/car_pi/grpc_test/cmake-3.18.0/CMakeFiles/CMakeTmp

Run Build Command(s):/usr/bin/make cmTC_4032e/fast && make  -f CMakeFiles/cmTC_4032e.dir/build.make CMakeFiles/cmTC_4032e.dir/build
make[1]: Entering directory '/home/wp2018/user/andythebreaker/car_pi/grpc_test/cmake-3.18.0/CMakeFiles/CMakeTmp'
Building C object CMakeFiles/cmTC_4032e.dir/HAVE_SYS_FILIO_H.c.o
/usr/bin/gcc   -w  -std=gnu11 -o CMakeFiles/cmTC_4032e.dir/HAVE_SYS_FILIO_H.c.o -c /home/wp2018/user/andythebreaker/car_pi/grpc_test/cmake-3.18.0/CMakeFiles/CheckIncludeFiles/HAVE_SYS_FILIO_H.c
/home/wp2018/user/andythebreaker/car_pi/grpc_test/cmake-3.18.0/CMakeFiles/CheckIncludeFiles/HAVE_SYS_FILIO_H.c:4:10: fatal error: sys/filio.h: No such file or directory
 #include <sys/filio.h>
          ^~~~~~~~~~~~~
compilation terminated.
CMakeFiles/cmTC_4032e.dir/build.make:84: recipe for target 'CMakeFiles/cmTC_4032e.dir/HAVE_SYS_FILIO_H.c.o' failed
make[1]: *** [CMakeFiles/cmTC_4032e.dir/HAVE_SYS_FILIO_H.c.o] Error 1
make[1]: Leaving directory '/home/wp2018/user/andythebreaker/car_pi/grpc_test/cmake-3.18.0/CMakeFiles/CMakeTmp'
Makefile:140: recipe for target 'cmTC_4032e/fast' failed
make: *** [cmTC_4032e/fast] Error 2


Source:
/* */
#include <stdio.h>
#include <inttypes.h>
#include <sys/filio.h>


int main(void){return 0;}

Determining if files stdio.h;inttypes.h;sys/ioctl.h;sys/param.h;sys/poll.h;sys/resource.h;sys/select.h;sys/socket.h;sys/sockio.h exist failed with the following output:
Change Dir: /home/wp2018/user/andythebreaker/car_pi/grpc_test/cmake-3.18.0/CMakeFiles/CMakeTmp

Run Build Command(s):/usr/bin/make cmTC_d1a90/fast && make  -f CMakeFiles/cmTC_d1a90.dir/build.make CMakeFiles/cmTC_d1a90.dir/build
make[1]: Entering directory '/home/wp2018/user/andythebreaker/car_pi/grpc_test/cmake-3.18.0/CMakeFiles/CMakeTmp'
Building C object CMakeFiles/cmTC_d1a90.dir/HAVE_SYS_SOCKIO_H.c.o
/usr/bin/gcc   -w  -std=gnu11 -o CMakeFiles/cmTC_d1a90.dir/HAVE_SYS_SOCKIO_H.c.o -c /home/wp2018/user/andythebreaker/car_pi/grpc_test/cmake-3.18.0/CMakeFiles/CheckIncludeFiles/HAVE_SYS_SOCKIO_H.c
/home/wp2018/user/andythebreaker/car_pi/grpc_test/cmake-3.18.0/CMakeFiles/CheckIncludeFiles/HAVE_SYS_SOCKIO_H.c:10:10: fatal error: sys/sockio.h: No such file or directory
 #include <sys/sockio.h>
          ^~~~~~~~~~~~~~
compilation terminated.
CMakeFiles/cmTC_d1a90.dir/build.make:84: recipe for target 'CMakeFiles/cmTC_d1a90.dir/HAVE_SYS_SOCKIO_H.c.o' failed
make[1]: *** [CMakeFiles/cmTC_d1a90.dir/HAVE_SYS_SOCKIO_H.c.o] Error 1
make[1]: Leaving directory '/home/wp2018/user/andythebreaker/car_pi/grpc_test/cmake-3.18.0/CMakeFiles/CMakeTmp'
Makefile:140: recipe for target 'cmTC_d1a90/fast' failed
make: *** [cmTC_d1a90/fast] Error 2


Source:
/* */
#include <stdio.h>
#include <inttypes.h>
#include <sys/ioctl.h>
#include <sys/param.h>
#include <sys/poll.h>
#include <sys/resource.h>
#include <sys/select.h>
#include <sys/socket.h>
#include <sys/sockio.h>


int main(void){return 0;}

Determining if files stdio.h;inttypes.h;sys/ioctl.h;sys/param.h;sys/poll.h;sys/resource.h;sys/select.h;sys/socket.h;sys/stat.h;sys/time.h;sys/types.h;sys/uio.h;sys/un.h;sys/utime.h exist failed with the following output:
Change Dir: /home/wp2018/user/andythebreaker/car_pi/grpc_test/cmake-3.18.0/CMakeFiles/CMakeTmp

Run Build Command(s):/usr/bin/make cmTC_acbfa/fast && make  -f CMakeFiles/cmTC_acbfa.dir/build.make CMakeFiles/cmTC_acbfa.dir/build
make[1]: Entering directory '/home/wp2018/user/andythebreaker/car_pi/grpc_test/cmake-3.18.0/CMakeFiles/CMakeTmp'
Building C object CMakeFiles/cmTC_acbfa.dir/HAVE_SYS_UTIME_H.c.o
/usr/bin/gcc   -w  -std=gnu11 -o CMakeFiles/cmTC_acbfa.dir/HAVE_SYS_UTIME_H.c.o -c /home/wp2018/user/andythebreaker/car_pi/grpc_test/cmake-3.18.0/CMakeFiles/CheckIncludeFiles/HAVE_SYS_UTIME_H.c
/home/wp2018/user/andythebreaker/car_pi/grpc_test/cmake-3.18.0/CMakeFiles/CheckIncludeFiles/HAVE_SYS_UTIME_H.c:15:10: fatal error: sys/utime.h: No such file or directory
 #include <sys/utime.h>
          ^~~~~~~~~~~~~
compilation terminated.
CMakeFiles/cmTC_acbfa.dir/build.make:84: recipe for target 'CMakeFiles/cmTC_acbfa.dir/HAVE_SYS_UTIME_H.c.o' failed
make[1]: *** [CMakeFiles/cmTC_acbfa.dir/HAVE_SYS_UTIME_H.c.o] Error 1
make[1]: Leaving directory '/home/wp2018/user/andythebreaker/car_pi/grpc_test/cmake-3.18.0/CMakeFiles/CMakeTmp'
Makefile:140: recipe for target 'cmTC_acbfa/fast' failed
make: *** [cmTC_acbfa/fast] Error 2


Source:
/* */
#include <stdio.h>
#include <inttypes.h>
#include <sys/ioctl.h>
#include <sys/param.h>
#include <sys/poll.h>
#include <sys/resource.h>
#include <sys/select.h>
#include <sys/socket.h>
#include <sys/stat.h>
#include <sys/time.h>
#include <sys/types.h>
#include <sys/uio.h>
#include <sys/un.h>
#include <sys/utime.h>


int main(void){return 0;}

Determining if files stdio.h;inttypes.h;sys/ioctl.h;sys/param.h;sys/poll.h;sys/resource.h;sys/select.h;sys/socket.h;sys/stat.h;sys/time.h;sys/types.h;sys/uio.h;sys/un.h;sys/xattr.h;alloca.h;arpa/inet.h;arpa/tftp.h;assert.h;crypto.h exist failed with the following output:
Change Dir: /home/wp2018/user/andythebreaker/car_pi/grpc_test/cmake-3.18.0/CMakeFiles/CMakeTmp

Run Build Command(s):/usr/bin/make cmTC_02ad1/fast && make  -f CMakeFiles/cmTC_02ad1.dir/build.make CMakeFiles/cmTC_02ad1.dir/build
make[1]: Entering directory '/home/wp2018/user/andythebreaker/car_pi/grpc_test/cmake-3.18.0/CMakeFiles/CMakeTmp'
Building C object CMakeFiles/cmTC_02ad1.dir/HAVE_CRYPTO_H.c.o
/usr/bin/gcc   -w  -std=gnu11 -o CMakeFiles/cmTC_02ad1.dir/HAVE_CRYPTO_H.c.o -c /home/wp2018/user/andythebreaker/car_pi/grpc_test/cmake-3.18.0/CMakeFiles/CheckIncludeFiles/HAVE_CRYPTO_H.c
/home/wp2018/user/andythebreaker/car_pi/grpc_test/cmake-3.18.0/CMakeFiles/CheckIncludeFiles/HAVE_CRYPTO_H.c:20:10: fatal error: crypto.h: No such file or directory
 #include <crypto.h>
          ^~~~~~~~~~
compilation terminated.
CMakeFiles/cmTC_02ad1.dir/build.make:84: recipe for target 'CMakeFiles/cmTC_02ad1.dir/HAVE_CRYPTO_H.c.o' failed
make[1]: *** [CMakeFiles/cmTC_02ad1.dir/HAVE_CRYPTO_H.c.o] Error 1
make[1]: Leaving directory '/home/wp2018/user/andythebreaker/car_pi/grpc_test/cmake-3.18.0/CMakeFiles/CMakeTmp'
Makefile:140: recipe for target 'cmTC_02ad1/fast' failed
make: *** [cmTC_02ad1/fast] Error 2


Source:
/* */
#include <stdio.h>
#include <inttypes.h>
#include <sys/ioctl.h>
#include <sys/param.h>
#include <sys/poll.h>
#include <sys/resource.h>
#include <sys/select.h>
#include <sys/socket.h>
#include <sys/stat.h>
#include <sys/time.h>
#include <sys/types.h>
#include <sys/uio.h>
#include <sys/un.h>
#include <sys/xattr.h>
#include <alloca.h>
#include <arpa/inet.h>
#include <arpa/tftp.h>
#include <assert.h>
#include <crypto.h>


int main(void){return 0;}

Determining if files stdio.h;inttypes.h;sys/ioctl.h;sys/param.h;sys/poll.h;sys/resource.h;sys/select.h;sys/socket.h;sys/stat.h;sys/time.h;sys/types.h;sys/uio.h;sys/un.h;sys/xattr.h;alloca.h;arpa/inet.h;arpa/tftp.h;assert.h;err.h;errno.h;fcntl.h;idn2.h exist failed with the following output:
Change Dir: /home/wp2018/user/andythebreaker/car_pi/grpc_test/cmake-3.18.0/CMakeFiles/CMakeTmp

Run Build Command(s):/usr/bin/make cmTC_f861c/fast && make  -f CMakeFiles/cmTC_f861c.dir/build.make CMakeFiles/cmTC_f861c.dir/build
make[1]: Entering directory '/home/wp2018/user/andythebreaker/car_pi/grpc_test/cmake-3.18.0/CMakeFiles/CMakeTmp'
Building C object CMakeFiles/cmTC_f861c.dir/HAVE_IDN2_H.c.o
/usr/bin/gcc   -w  -std=gnu11 -o CMakeFiles/cmTC_f861c.dir/HAVE_IDN2_H.c.o -c /home/wp2018/user/andythebreaker/car_pi/grpc_test/cmake-3.18.0/CMakeFiles/CheckIncludeFiles/HAVE_IDN2_H.c
/home/wp2018/user/andythebreaker/car_pi/grpc_test/cmake-3.18.0/CMakeFiles/CheckIncludeFiles/HAVE_IDN2_H.c:23:10: fatal error: idn2.h: No such file or directory
 #include <idn2.h>
          ^~~~~~~~
compilation terminated.
CMakeFiles/cmTC_f861c.dir/build.make:84: recipe for target 'CMakeFiles/cmTC_f861c.dir/HAVE_IDN2_H.c.o' failed
make[1]: *** [CMakeFiles/cmTC_f861c.dir/HAVE_IDN2_H.c.o] Error 1
make[1]: Leaving directory '/home/wp2018/user/andythebreaker/car_pi/grpc_test/cmake-3.18.0/CMakeFiles/CMakeTmp'
Makefile:140: recipe for target 'cmTC_f861c/fast' failed
make: *** [cmTC_f861c/fast] Error 2


Source:
/* */
#include <stdio.h>
#include <inttypes.h>
#include <sys/ioctl.h>
#include <sys/param.h>
#include <sys/poll.h>
#include <sys/resource.h>
#include <sys/select.h>
#include <sys/socket.h>
#include <sys/stat.h>
#include <sys/time.h>
#include <sys/types.h>
#include <sys/uio.h>
#include <sys/un.h>
#include <sys/xattr.h>
#include <alloca.h>
#include <arpa/inet.h>
#include <arpa/tftp.h>
#include <assert.h>
#include <err.h>
#include <errno.h>
#include <fcntl.h>
#include <idn2.h>


int main(void){return 0;}

Determining if files stdio.h;inttypes.h;sys/ioctl.h;sys/param.h;sys/poll.h;sys/resource.h;sys/select.h;sys/socket.h;sys/stat.h;sys/time.h;sys/types.h;sys/uio.h;sys/un.h;sys/xattr.h;alloca.h;arpa/inet.h;arpa/tftp.h;assert.h;err.h;errno.h;fcntl.h;ifaddrs.h;io.h exist failed with the following output:
Change Dir: /home/wp2018/user/andythebreaker/car_pi/grpc_test/cmake-3.18.0/CMakeFiles/CMakeTmp

Run Build Command(s):/usr/bin/make cmTC_bf9d5/fast && make  -f CMakeFiles/cmTC_bf9d5.dir/build.make CMakeFiles/cmTC_bf9d5.dir/build
make[1]: Entering directory '/home/wp2018/user/andythebreaker/car_pi/grpc_test/cmake-3.18.0/CMakeFiles/CMakeTmp'
Building C object CMakeFiles/cmTC_bf9d5.dir/HAVE_IO_H.c.o
/usr/bin/gcc   -w  -std=gnu11 -o CMakeFiles/cmTC_bf9d5.dir/HAVE_IO_H.c.o -c /home/wp2018/user/andythebreaker/car_pi/grpc_test/cmake-3.18.0/CMakeFiles/CheckIncludeFiles/HAVE_IO_H.c
/home/wp2018/user/andythebreaker/car_pi/grpc_test/cmake-3.18.0/CMakeFiles/CheckIncludeFiles/HAVE_IO_H.c:24:10: fatal error: io.h: No such file or directory
 #include <io.h>
          ^~~~~~
compilation terminated.
CMakeFiles/cmTC_bf9d5.dir/build.make:84: recipe for target 'CMakeFiles/cmTC_bf9d5.dir/HAVE_IO_H.c.o' failed
make[1]: *** [CMakeFiles/cmTC_bf9d5.dir/HAVE_IO_H.c.o] Error 1
make[1]: Leaving directory '/home/wp2018/user/andythebreaker/car_pi/grpc_test/cmake-3.18.0/CMakeFiles/CMakeTmp'
Makefile:140: recipe for target 'cmTC_bf9d5/fast' failed
make: *** [cmTC_bf9d5/fast] Error 2


Source:
/* */
#include <stdio.h>
#include <inttypes.h>
#include <sys/ioctl.h>
#include <sys/param.h>
#include <sys/poll.h>
#include <sys/resource.h>
#include <sys/select.h>
#include <sys/socket.h>
#include <sys/stat.h>
#include <sys/time.h>
#include <sys/types.h>
#include <sys/uio.h>
#include <sys/un.h>
#include <sys/xattr.h>
#include <alloca.h>
#include <arpa/inet.h>
#include <arpa/tftp.h>
#include <assert.h>
#include <err.h>
#include <errno.h>
#include <fcntl.h>
#include <ifaddrs.h>
#include <io.h>


int main(void){return 0;}

Determining if files stdio.h;inttypes.h;sys/ioctl.h;sys/param.h;sys/poll.h;sys/resource.h;sys/select.h;sys/socket.h;sys/stat.h;sys/time.h;sys/types.h;sys/uio.h;sys/un.h;sys/xattr.h;alloca.h;arpa/inet.h;arpa/tftp.h;assert.h;err.h;errno.h;fcntl.h;ifaddrs.h;krb.h exist failed with the following output:
Change Dir: /home/wp2018/user/andythebreaker/car_pi/grpc_test/cmake-3.18.0/CMakeFiles/CMakeTmp

Run Build Command(s):/usr/bin/make cmTC_a7765/fast && make  -f CMakeFiles/cmTC_a7765.dir/build.make CMakeFiles/cmTC_a7765.dir/build
make[1]: Entering directory '/home/wp2018/user/andythebreaker/car_pi/grpc_test/cmake-3.18.0/CMakeFiles/CMakeTmp'
Building C object CMakeFiles/cmTC_a7765.dir/HAVE_KRB_H.c.o
/usr/bin/gcc   -w  -std=gnu11 -o CMakeFiles/cmTC_a7765.dir/HAVE_KRB_H.c.o -c /home/wp2018/user/andythebreaker/car_pi/grpc_test/cmake-3.18.0/CMakeFiles/CheckIncludeFiles/HAVE_KRB_H.c
/home/wp2018/user/andythebreaker/car_pi/grpc_test/cmake-3.18.0/CMakeFiles/CheckIncludeFiles/HAVE_KRB_H.c:24:10: fatal error: krb.h: No such file or directory
 #include <krb.h>
          ^~~~~~~
compilation terminated.
CMakeFiles/cmTC_a7765.dir/build.make:84: recipe for target 'CMakeFiles/cmTC_a7765.dir/HAVE_KRB_H.c.o' failed
make[1]: *** [CMakeFiles/cmTC_a7765.dir/HAVE_KRB_H.c.o] Error 1
make[1]: Leaving directory '/home/wp2018/user/andythebreaker/car_pi/grpc_test/cmake-3.18.0/CMakeFiles/CMakeTmp'
Makefile:140: recipe for target 'cmTC_a7765/fast' failed
make: *** [cmTC_a7765/fast] Error 2


Source:
/* */
#include <stdio.h>
#include <inttypes.h>
#include <sys/ioctl.h>
#include <sys/param.h>
#include <sys/poll.h>
#include <sys/resource.h>
#include <sys/select.h>
#include <sys/socket.h>
#include <sys/stat.h>
#include <sys/time.h>
#include <sys/types.h>
#include <sys/uio.h>
#include <sys/un.h>
#include <sys/xattr.h>
#include <alloca.h>
#include <arpa/inet.h>
#include <arpa/tftp.h>
#include <assert.h>
#include <err.h>
#include <errno.h>
#include <fcntl.h>
#include <ifaddrs.h>
#include <krb.h>


int main(void){return 0;}

Determining if files stdio.h;inttypes.h;sys/ioctl.h;sys/param.h;sys/poll.h;sys/resource.h;sys/select.h;sys/socket.h;sys/stat.h;sys/time.h;sys/types.h;sys/uio.h;sys/un.h;sys/xattr.h;alloca.h;arpa/inet.h;arpa/tftp.h;assert.h;err.h;errno.h;fcntl.h;ifaddrs.h;libgen.h;locale.h;net/if.h;netdb.h;netinet/in.h;netinet/tcp.h;pem.h exist failed with the following output:
Change Dir: /home/wp2018/user/andythebreaker/car_pi/grpc_test/cmake-3.18.0/CMakeFiles/CMakeTmp

Run Build Command(s):/usr/bin/make cmTC_1c039/fast && make  -f CMakeFiles/cmTC_1c039.dir/build.make CMakeFiles/cmTC_1c039.dir/build
make[1]: Entering directory '/home/wp2018/user/andythebreaker/car_pi/grpc_test/cmake-3.18.0/CMakeFiles/CMakeTmp'
Building C object CMakeFiles/cmTC_1c039.dir/HAVE_PEM_H.c.o
/usr/bin/gcc   -w  -std=gnu11 -o CMakeFiles/cmTC_1c039.dir/HAVE_PEM_H.c.o -c /home/wp2018/user/andythebreaker/car_pi/grpc_test/cmake-3.18.0/CMakeFiles/CheckIncludeFiles/HAVE_PEM_H.c
/home/wp2018/user/andythebreaker/car_pi/grpc_test/cmake-3.18.0/CMakeFiles/CheckIncludeFiles/HAVE_PEM_H.c:30:10: fatal error: pem.h: No such file or directory
 #include <pem.h>
          ^~~~~~~
compilation terminated.
CMakeFiles/cmTC_1c039.dir/build.make:84: recipe for target 'CMakeFiles/cmTC_1c039.dir/HAVE_PEM_H.c.o' failed
make[1]: *** [CMakeFiles/cmTC_1c039.dir/HAVE_PEM_H.c.o] Error 1
make[1]: Leaving directory '/home/wp2018/user/andythebreaker/car_pi/grpc_test/cmake-3.18.0/CMakeFiles/CMakeTmp'
Makefile:140: recipe for target 'cmTC_1c039/fast' failed
make: *** [cmTC_1c039/fast] Error 2


Source:
/* */
#include <stdio.h>
#include <inttypes.h>
#include <sys/ioctl.h>
#include <sys/param.h>
#include <sys/poll.h>
#include <sys/resource.h>
#include <sys/select.h>
#include <sys/socket.h>
#include <sys/stat.h>
#include <sys/time.h>
#include <sys/types.h>
#include <sys/uio.h>
#include <sys/un.h>
#include <sys/xattr.h>
#include <alloca.h>
#include <arpa/inet.h>
#include <arpa/tftp.h>
#include <assert.h>
#include <err.h>
#include <errno.h>
#include <fcntl.h>
#include <ifaddrs.h>
#include <libgen.h>
#include <locale.h>
#include <net/if.h>
#include <netdb.h>
#include <netinet/in.h>
#include <netinet/tcp.h>
#include <pem.h>


int main(void){return 0;}

Determining if files stdio.h;inttypes.h;sys/ioctl.h;sys/param.h;sys/poll.h;sys/resource.h;sys/select.h;sys/socket.h;sys/stat.h;sys/time.h;sys/types.h;sys/uio.h;sys/un.h;sys/xattr.h;alloca.h;arpa/inet.h;arpa/tftp.h;assert.h;err.h;errno.h;fcntl.h;ifaddrs.h;libgen.h;locale.h;net/if.h;netdb.h;netinet/in.h;netinet/tcp.h;poll.h;pwd.h;rsa.h exist failed with the following output:
Change Dir: /home/wp2018/user/andythebreaker/car_pi/grpc_test/cmake-3.18.0/CMakeFiles/CMakeTmp

Run Build Command(s):/usr/bin/make cmTC_76018/fast && make  -f CMakeFiles/cmTC_76018.dir/build.make CMakeFiles/cmTC_76018.dir/build
make[1]: Entering directory '/home/wp2018/user/andythebreaker/car_pi/grpc_test/cmake-3.18.0/CMakeFiles/CMakeTmp'
Building C object CMakeFiles/cmTC_76018.dir/HAVE_RSA_H.c.o
/usr/bin/gcc   -w  -std=gnu11 -o CMakeFiles/cmTC_76018.dir/HAVE_RSA_H.c.o -c /home/wp2018/user/andythebreaker/car_pi/grpc_test/cmake-3.18.0/CMakeFiles/CheckIncludeFiles/HAVE_RSA_H.c
/home/wp2018/user/andythebreaker/car_pi/grpc_test/cmake-3.18.0/CMakeFiles/CheckIncludeFiles/HAVE_RSA_H.c:32:10: fatal error: rsa.h: No such file or directory
 #include <rsa.h>
          ^~~~~~~
compilation terminated.
CMakeFiles/cmTC_76018.dir/build.make:84: recipe for target 'CMakeFiles/cmTC_76018.dir/HAVE_RSA_H.c.o' failed
make[1]: *** [CMakeFiles/cmTC_76018.dir/HAVE_RSA_H.c.o] Error 1
make[1]: Leaving directory '/home/wp2018/user/andythebreaker/car_pi/grpc_test/cmake-3.18.0/CMakeFiles/CMakeTmp'
Makefile:140: recipe for target 'cmTC_76018/fast' failed
make: *** [cmTC_76018/fast] Error 2


Source:
/* */
#include <stdio.h>
#include <inttypes.h>
#include <sys/ioctl.h>
#include <sys/param.h>
#include <sys/poll.h>
#include <sys/resource.h>
#include <sys/select.h>
#include <sys/socket.h>
#include <sys/stat.h>
#include <sys/time.h>
#include <sys/types.h>
#include <sys/uio.h>
#include <sys/un.h>
#include <sys/xattr.h>
#include <alloca.h>
#include <arpa/inet.h>
#include <arpa/tftp.h>
#include <assert.h>
#include <err.h>
#include <errno.h>
#include <fcntl.h>
#include <ifaddrs.h>
#include <libgen.h>
#include <locale.h>
#include <net/if.h>
#include <netdb.h>
#include <netinet/in.h>
#include <netinet/tcp.h>
#include <poll.h>
#include <pwd.h>
#include <rsa.h>


int main(void){return 0;}

Determining if files stdio.h;inttypes.h;sys/ioctl.h;sys/param.h;sys/poll.h;sys/resource.h;sys/select.h;sys/socket.h;sys/stat.h;sys/time.h;sys/types.h;sys/uio.h;sys/un.h;sys/xattr.h;alloca.h;arpa/inet.h;arpa/tftp.h;assert.h;err.h;errno.h;fcntl.h;ifaddrs.h;libgen.h;locale.h;net/if.h;netdb.h;netinet/in.h;netinet/tcp.h;poll.h;pwd.h;setjmp.h;sgtty.h;signal.h;ssl.h exist failed with the following output:
Change Dir: /home/wp2018/user/andythebreaker/car_pi/grpc_test/cmake-3.18.0/CMakeFiles/CMakeTmp

Run Build Command(s):/usr/bin/make cmTC_39560/fast && make  -f CMakeFiles/cmTC_39560.dir/build.make CMakeFiles/cmTC_39560.dir/build
make[1]: Entering directory '/home/wp2018/user/andythebreaker/car_pi/grpc_test/cmake-3.18.0/CMakeFiles/CMakeTmp'
Building C object CMakeFiles/cmTC_39560.dir/HAVE_SSL_H.c.o
/usr/bin/gcc   -w  -std=gnu11 -o CMakeFiles/cmTC_39560.dir/HAVE_SSL_H.c.o -c /home/wp2018/user/andythebreaker/car_pi/grpc_test/cmake-3.18.0/CMakeFiles/CheckIncludeFiles/HAVE_SSL_H.c
/home/wp2018/user/andythebreaker/car_pi/grpc_test/cmake-3.18.0/CMakeFiles/CheckIncludeFiles/HAVE_SSL_H.c:35:10: fatal error: ssl.h: No such file or directory
 #include <ssl.h>
          ^~~~~~~
compilation terminated.
CMakeFiles/cmTC_39560.dir/build.make:84: recipe for target 'CMakeFiles/cmTC_39560.dir/HAVE_SSL_H.c.o' failed
make[1]: *** [CMakeFiles/cmTC_39560.dir/HAVE_SSL_H.c.o] Error 1
make[1]: Leaving directory '/home/wp2018/user/andythebreaker/car_pi/grpc_test/cmake-3.18.0/CMakeFiles/CMakeTmp'
Makefile:140: recipe for target 'cmTC_39560/fast' failed
make: *** [cmTC_39560/fast] Error 2


Source:
/* */
#include <stdio.h>
#include <inttypes.h>
#include <sys/ioctl.h>
#include <sys/param.h>
#include <sys/poll.h>
#include <sys/resource.h>
#include <sys/select.h>
#include <sys/socket.h>
#include <sys/stat.h>
#include <sys/time.h>
#include <sys/types.h>
#include <sys/uio.h>
#include <sys/un.h>
#include <sys/xattr.h>
#include <alloca.h>
#include <arpa/inet.h>
#include <arpa/tftp.h>
#include <assert.h>
#include <err.h>
#include <errno.h>
#include <fcntl.h>
#include <ifaddrs.h>
#include <libgen.h>
#include <locale.h>
#include <net/if.h>
#include <netdb.h>
#include <netinet/in.h>
#include <netinet/tcp.h>
#include <poll.h>
#include <pwd.h>
#include <setjmp.h>
#include <sgtty.h>
#include <signal.h>
#include <ssl.h>


int main(void){return 0;}

Determining if files stdio.h;inttypes.h;sys/ioctl.h;sys/param.h;sys/poll.h;sys/resource.h;sys/select.h;sys/socket.h;sys/stat.h;sys/time.h;sys/types.h;sys/uio.h;sys/un.h;sys/xattr.h;alloca.h;arpa/inet.h;arpa/tftp.h;assert.h;err.h;errno.h;fcntl.h;ifaddrs.h;libgen.h;locale.h;net/if.h;netdb.h;netinet/in.h;netinet/tcp.h;poll.h;pwd.h;setjmp.h;sgtty.h;signal.h;stdbool.h;stdint.h;stdio.h;stdlib.h;string.h;strings.h;stropts.h;termio.h;termios.h;time.h;unistd.h;utime.h;x509.h exist failed with the following output:
Change Dir: /home/wp2018/user/andythebreaker/car_pi/grpc_test/cmake-3.18.0/CMakeFiles/CMakeTmp

Run Build Command(s):/usr/bin/make cmTC_eb50c/fast && make  -f CMakeFiles/cmTC_eb50c.dir/build.make CMakeFiles/cmTC_eb50c.dir/build
make[1]: Entering directory '/home/wp2018/user/andythebreaker/car_pi/grpc_test/cmake-3.18.0/CMakeFiles/CMakeTmp'
Building C object CMakeFiles/cmTC_eb50c.dir/HAVE_X509_H.c.o
/usr/bin/gcc   -w  -std=gnu11 -o CMakeFiles/cmTC_eb50c.dir/HAVE_X509_H.c.o -c /home/wp2018/user/andythebreaker/car_pi/grpc_test/cmake-3.18.0/CMakeFiles/CheckIncludeFiles/HAVE_X509_H.c
/home/wp2018/user/andythebreaker/car_pi/grpc_test/cmake-3.18.0/CMakeFiles/CheckIncludeFiles/HAVE_X509_H.c:47:10: fatal error: x509.h: No such file or directory
 #include <x509.h>
          ^~~~~~~~
compilation terminated.
CMakeFiles/cmTC_eb50c.dir/build.make:84: recipe for target 'CMakeFiles/cmTC_eb50c.dir/HAVE_X509_H.c.o' failed
make[1]: *** [CMakeFiles/cmTC_eb50c.dir/HAVE_X509_H.c.o] Error 1
make[1]: Leaving directory '/home/wp2018/user/andythebreaker/car_pi/grpc_test/cmake-3.18.0/CMakeFiles/CMakeTmp'
Makefile:140: recipe for target 'cmTC_eb50c/fast' failed
make: *** [cmTC_eb50c/fast] Error 2


Source:
/* */
#include <stdio.h>
#include <inttypes.h>
#include <sys/ioctl.h>
#include <sys/param.h>
#include <sys/poll.h>
#include <sys/resource.h>
#include <sys/select.h>
#include <sys/socket.h>
#include <sys/stat.h>
#include <sys/time.h>
#include <sys/types.h>
#include <sys/uio.h>
#include <sys/un.h>
#include <sys/xattr.h>
#include <alloca.h>
#include <arpa/inet.h>
#include <arpa/tftp.h>
#include <assert.h>
#include <err.h>
#include <errno.h>
#include <fcntl.h>
#include <ifaddrs.h>
#include <libgen.h>
#include <locale.h>
#include <net/if.h>
#include <netdb.h>
#include <netinet/in.h>
#include <netinet/tcp.h>
#include <poll.h>
#include <pwd.h>
#include <setjmp.h>
#include <sgtty.h>
#include <signal.h>
#include <stdbool.h>
#include <stdint.h>
#include <stdio.h>
#include <stdlib.h>
#include <string.h>
#include <strings.h>
#include <stropts.h>
#include <termio.h>
#include <termios.h>
#include <time.h>
#include <unistd.h>
#include <utime.h>
#include <x509.h>


int main(void){return 0;}

Determining if files stdio.h;inttypes.h;sys/ioctl.h;sys/param.h;sys/poll.h;sys/resource.h;sys/select.h;sys/socket.h;sys/stat.h;sys/time.h;sys/types.h;sys/uio.h;sys/un.h;sys/xattr.h;alloca.h;arpa/inet.h;arpa/tftp.h;assert.h;err.h;errno.h;fcntl.h;ifaddrs.h;libgen.h;locale.h;net/if.h;netdb.h;netinet/in.h;netinet/tcp.h;poll.h;pwd.h;setjmp.h;sgtty.h;signal.h;stdbool.h;stdint.h;stdio.h;stdlib.h;string.h;strings.h;stropts.h;termio.h;termios.h;time.h;unistd.h;utime.h;process.h exist failed with the following output:
Change Dir: /home/wp2018/user/andythebreaker/car_pi/grpc_test/cmake-3.18.0/CMakeFiles/CMakeTmp

Run Build Command(s):/usr/bin/make cmTC_1e2e1/fast && make  -f CMakeFiles/cmTC_1e2e1.dir/build.make CMakeFiles/cmTC_1e2e1.dir/build
make[1]: Entering directory '/home/wp2018/user/andythebreaker/car_pi/grpc_test/cmake-3.18.0/CMakeFiles/CMakeTmp'
Building C object CMakeFiles/cmTC_1e2e1.dir/HAVE_PROCESS_H.c.o
/usr/bin/gcc   -w  -std=gnu11 -o CMakeFiles/cmTC_1e2e1.dir/HAVE_PROCESS_H.c.o -c /home/wp2018/user/andythebreaker/car_pi/grpc_test/cmake-3.18.0/CMakeFiles/CheckIncludeFiles/HAVE_PROCESS_H.c
/home/wp2018/user/andythebreaker/car_pi/grpc_test/cmake-3.18.0/CMakeFiles/CheckIncludeFiles/HAVE_PROCESS_H.c:47:10: fatal error: process.h: No such file or directory
 #include <process.h>
          ^~~~~~~~~~~
compilation terminated.
CMakeFiles/cmTC_1e2e1.dir/build.make:84: recipe for target 'CMakeFiles/cmTC_1e2e1.dir/HAVE_PROCESS_H.c.o' failed
make[1]: *** [CMakeFiles/cmTC_1e2e1.dir/HAVE_PROCESS_H.c.o] Error 1
make[1]: Leaving directory '/home/wp2018/user/andythebreaker/car_pi/grpc_test/cmake-3.18.0/CMakeFiles/CMakeTmp'
Makefile:140: recipe for target 'cmTC_1e2e1/fast' failed
make: *** [cmTC_1e2e1/fast] Error 2


Source:
/* */
#include <stdio.h>
#include <inttypes.h>
#include <sys/ioctl.h>
#include <sys/param.h>
#include <sys/poll.h>
#include <sys/resource.h>
#include <sys/select.h>
#include <sys/socket.h>
#include <sys/stat.h>
#include <sys/time.h>
#include <sys/types.h>
#include <sys/uio.h>
#include <sys/un.h>
#include <sys/xattr.h>
#include <alloca.h>
#include <arpa/inet.h>
#include <arpa/tftp.h>
#include <assert.h>
#include <err.h>
#include <errno.h>
#include <fcntl.h>
#include <ifaddrs.h>
#include <libgen.h>
#include <locale.h>
#include <net/if.h>
#include <netdb.h>
#include <netinet/in.h>
#include <netinet/tcp.h>
#include <poll.h>
#include <pwd.h>
#include <setjmp.h>
#include <sgtty.h>
#include <signal.h>
#include <stdbool.h>
#include <stdint.h>
#include <stdio.h>
#include <stdlib.h>
#include <string.h>
#include <strings.h>
#include <stropts.h>
#include <termio.h>
#include <termios.h>
#include <time.h>
#include <unistd.h>
#include <utime.h>
#include <process.h>


int main(void){return 0;}

Determining if files stdio.h;inttypes.h;sys/ioctl.h;sys/param.h;sys/poll.h;sys/resource.h;sys/select.h;sys/socket.h;sys/stat.h;sys/time.h;sys/types.h;sys/uio.h;sys/un.h;sys/xattr.h;alloca.h;arpa/inet.h;arpa/tftp.h;assert.h;err.h;errno.h;fcntl.h;ifaddrs.h;libgen.h;locale.h;net/if.h;netdb.h;netinet/in.h;netinet/tcp.h;poll.h;pwd.h;setjmp.h;sgtty.h;signal.h;stdbool.h;stdint.h;stdio.h;stdlib.h;string.h;strings.h;stropts.h;termio.h;termios.h;time.h;unistd.h;utime.h;stddef.h;dlfcn.h;malloc.h;memory.h;netinet/if_ether.h;stdint.h;sockio.h exist failed with the following output:
Change Dir: /home/wp2018/user/andythebreaker/car_pi/grpc_test/cmake-3.18.0/CMakeFiles/CMakeTmp

Run Build Command(s):/usr/bin/make cmTC_e9348/fast && make  -f CMakeFiles/cmTC_e9348.dir/build.make CMakeFiles/cmTC_e9348.dir/build
make[1]: Entering directory '/home/wp2018/user/andythebreaker/car_pi/grpc_test/cmake-3.18.0/CMakeFiles/CMakeTmp'
Building C object CMakeFiles/cmTC_e9348.dir/HAVE_SOCKIO_H.c.o
/usr/bin/gcc   -w  -std=gnu11 -o CMakeFiles/cmTC_e9348.dir/HAVE_SOCKIO_H.c.o -c /home/wp2018/user/andythebreaker/car_pi/grpc_test/cmake-3.18.0/CMakeFiles/CheckIncludeFiles/HAVE_SOCKIO_H.c
/home/wp2018/user/andythebreaker/car_pi/grpc_test/cmake-3.18.0/CMakeFiles/CheckIncludeFiles/HAVE_SOCKIO_H.c:53:10: fatal error: sockio.h: No such file or directory
 #include <sockio.h>
          ^~~~~~~~~~
compilation terminated.
CMakeFiles/cmTC_e9348.dir/build.make:84: recipe for target 'CMakeFiles/cmTC_e9348.dir/HAVE_SOCKIO_H.c.o' failed
make[1]: *** [CMakeFiles/cmTC_e9348.dir/HAVE_SOCKIO_H.c.o] Error 1
make[1]: Leaving directory '/home/wp2018/user/andythebreaker/car_pi/grpc_test/cmake-3.18.0/CMakeFiles/CMakeTmp'
Makefile:140: recipe for target 'cmTC_e9348/fast' failed
make: *** [cmTC_e9348/fast] Error 2


Source:
/* */
#include <stdio.h>
#include <inttypes.h>
#include <sys/ioctl.h>
#include <sys/param.h>
#include <sys/poll.h>
#include <sys/resource.h>
#include <sys/select.h>
#include <sys/socket.h>
#include <sys/stat.h>
#include <sys/time.h>
#include <sys/types.h>
#include <sys/uio.h>
#include <sys/un.h>
#include <sys/xattr.h>
#include <alloca.h>
#include <arpa/inet.h>
#include <arpa/tftp.h>
#include <assert.h>
#include <err.h>
#include <errno.h>
#include <fcntl.h>
#include <ifaddrs.h>
#include <libgen.h>
#include <locale.h>
#include <net/if.h>
#include <netdb.h>
#include <netinet/in.h>
#include <netinet/tcp.h>
#include <poll.h>
#include <pwd.h>
#include <setjmp.h>
#include <sgtty.h>
#include <signal.h>
#include <stdbool.h>
#include <stdint.h>
#include <stdio.h>
#include <stdlib.h>
#include <string.h>
#include <strings.h>
#include <stropts.h>
#include <termio.h>
#include <termios.h>
#include <time.h>
#include <unistd.h>
#include <utime.h>
#include <stddef.h>
#include <dlfcn.h>
#include <malloc.h>
#include <memory.h>
#include <netinet/if_ether.h>
#include <stdint.h>
#include <sockio.h>


int main(void){return 0;}

Determining if the stricmp exist failed with the following output:
Change Dir: /home/wp2018/user/andythebreaker/car_pi/grpc_test/cmake-3.18.0/CMakeFiles/CMakeTmp

Run Build Command(s):/usr/bin/make cmTC_59c23/fast && make  -f CMakeFiles/cmTC_59c23.dir/build.make CMakeFiles/cmTC_59c23.dir/build
make[1]: Entering directory '/home/wp2018/user/andythebreaker/car_pi/grpc_test/cmake-3.18.0/CMakeFiles/CMakeTmp'
Building C object CMakeFiles/cmTC_59c23.dir/CheckSymbolExists.c.o
/usr/bin/gcc   -w  -std=gnu11 -o CMakeFiles/cmTC_59c23.dir/CheckSymbolExists.c.o -c /home/wp2018/user/andythebreaker/car_pi/grpc_test/cmake-3.18.0/CMakeFiles/CMakeTmp/CheckSymbolExists.c
/home/wp2018/user/andythebreaker/car_pi/grpc_test/cmake-3.18.0/CMakeFiles/CMakeTmp/CheckSymbolExists.c: In function ‘main’:
/home/wp2018/user/andythebreaker/car_pi/grpc_test/cmake-3.18.0/CMakeFiles/CMakeTmp/CheckSymbolExists.c:59:19: error: ‘stricmp’ undeclared (first use in this function); did you mean ‘strncmp’?
   return ((int*)(&stricmp))[argc];
                   ^~~~~~~
                   strncmp
/home/wp2018/user/andythebreaker/car_pi/grpc_test/cmake-3.18.0/CMakeFiles/CMakeTmp/CheckSymbolExists.c:59:19: note: each undeclared identifier is reported only once for each function it appears in
CMakeFiles/cmTC_59c23.dir/build.make:84: recipe for target 'CMakeFiles/cmTC_59c23.dir/CheckSymbolExists.c.o' failed
make[1]: *** [CMakeFiles/cmTC_59c23.dir/CheckSymbolExists.c.o] Error 1
make[1]: Leaving directory '/home/wp2018/user/andythebreaker/car_pi/grpc_test/cmake-3.18.0/CMakeFiles/CMakeTmp'
Makefile:140: recipe for target 'cmTC_59c23/fast' failed
make: *** [cmTC_59c23/fast] Error 2


File /home/wp2018/user/andythebreaker/car_pi/grpc_test/cmake-3.18.0/CMakeFiles/CMakeTmp/CheckSymbolExists.c:
/* */
#include <stdio.h>
#include <inttypes.h>
#include <sys/ioctl.h>
#include <sys/param.h>
#include <sys/poll.h>
#include <sys/resource.h>
#include <sys/select.h>
#include <sys/socket.h>
#include <sys/stat.h>
#include <sys/time.h>
#include <sys/types.h>
#include <sys/uio.h>
#include <sys/un.h>
#include <sys/xattr.h>
#include <alloca.h>
#include <arpa/inet.h>
#include <arpa/tftp.h>
#include <assert.h>
#include <err.h>
#include <errno.h>
#include <fcntl.h>
#include <ifaddrs.h>
#include <libgen.h>
#include <locale.h>
#include <net/if.h>
#include <netdb.h>
#include <netinet/in.h>
#include <netinet/tcp.h>
#include <poll.h>
#include <pwd.h>
#include <setjmp.h>
#include <sgtty.h>
#include <signal.h>
#include <stdbool.h>
#include <stdint.h>
#include <stdio.h>
#include <stdlib.h>
#include <string.h>
#include <strings.h>
#include <stropts.h>
#include <termio.h>
#include <termios.h>
#include <time.h>
#include <unistd.h>
#include <utime.h>
#include <stddef.h>
#include <dlfcn.h>
#include <malloc.h>
#include <memory.h>
#include <netinet/if_ether.h>
#include <stdint.h>
#include <sys/utsname.h>

int main(int argc, char** argv)
{
  (void)argv;
#ifndef stricmp
  return ((int*)(&stricmp))[argc];
#else
  (void)argc;
  return 0;
#endif
}
Determining if the strcmpi exist failed with the following output:
Change Dir: /home/wp2018/user/andythebreaker/car_pi/grpc_test/cmake-3.18.0/CMakeFiles/CMakeTmp

Run Build Command(s):/usr/bin/make cmTC_986e8/fast && make  -f CMakeFiles/cmTC_986e8.dir/build.make CMakeFiles/cmTC_986e8.dir/build
make[1]: Entering directory '/home/wp2018/user/andythebreaker/car_pi/grpc_test/cmake-3.18.0/CMakeFiles/CMakeTmp'
Building C object CMakeFiles/cmTC_986e8.dir/CheckSymbolExists.c.o
/usr/bin/gcc   -w  -std=gnu11 -o CMakeFiles/cmTC_986e8.dir/CheckSymbolExists.c.o -c /home/wp2018/user/andythebreaker/car_pi/grpc_test/cmake-3.18.0/CMakeFiles/CMakeTmp/CheckSymbolExists.c
/home/wp2018/user/andythebreaker/car_pi/grpc_test/cmake-3.18.0/CMakeFiles/CMakeTmp/CheckSymbolExists.c: In function ‘main’:
/home/wp2018/user/andythebreaker/car_pi/grpc_test/cmake-3.18.0/CMakeFiles/CMakeTmp/CheckSymbolExists.c:59:19: error: ‘strcmpi’ undeclared (first use in this function); did you mean ‘strcmp’?
   return ((int*)(&strcmpi))[argc];
                   ^~~~~~~
                   strcmp
/home/wp2018/user/andythebreaker/car_pi/grpc_test/cmake-3.18.0/CMakeFiles/CMakeTmp/CheckSymbolExists.c:59:19: note: each undeclared identifier is reported only once for each function it appears in
CMakeFiles/cmTC_986e8.dir/build.make:84: recipe for target 'CMakeFiles/cmTC_986e8.dir/CheckSymbolExists.c.o' failed
make[1]: *** [CMakeFiles/cmTC_986e8.dir/CheckSymbolExists.c.o] Error 1
make[1]: Leaving directory '/home/wp2018/user/andythebreaker/car_pi/grpc_test/cmake-3.18.0/CMakeFiles/CMakeTmp'
Makefile:140: recipe for target 'cmTC_986e8/fast' failed
make: *** [cmTC_986e8/fast] Error 2


File /home/wp2018/user/andythebreaker/car_pi/grpc_test/cmake-3.18.0/CMakeFiles/CMakeTmp/CheckSymbolExists.c:
/* */
#include <stdio.h>
#include <inttypes.h>
#include <sys/ioctl.h>
#include <sys/param.h>
#include <sys/poll.h>
#include <sys/resource.h>
#include <sys/select.h>
#include <sys/socket.h>
#include <sys/stat.h>
#include <sys/time.h>
#include <sys/types.h>
#include <sys/uio.h>
#include <sys/un.h>
#include <sys/xattr.h>
#include <alloca.h>
#include <arpa/inet.h>
#include <arpa/tftp.h>
#include <assert.h>
#include <err.h>
#include <errno.h>
#include <fcntl.h>
#include <ifaddrs.h>
#include <libgen.h>
#include <locale.h>
#include <net/if.h>
#include <netdb.h>
#include <netinet/in.h>
#include <netinet/tcp.h>
#include <poll.h>
#include <pwd.h>
#include <setjmp.h>
#include <sgtty.h>
#include <signal.h>
#include <stdbool.h>
#include <stdint.h>
#include <stdio.h>
#include <stdlib.h>
#include <string.h>
#include <strings.h>
#include <stropts.h>
#include <termio.h>
#include <termios.h>
#include <time.h>
#include <unistd.h>
#include <utime.h>
#include <stddef.h>
#include <dlfcn.h>
#include <malloc.h>
#include <memory.h>
#include <netinet/if_ether.h>
#include <stdint.h>
#include <sys/utsname.h>

int main(int argc, char** argv)
{
  (void)argv;
#ifndef strcmpi
  return ((int*)(&strcmpi))[argc];
#else
  (void)argc;
  return 0;
#endif
}
Determining if the strncmpi exist failed with the following output:
Change Dir: /home/wp2018/user/andythebreaker/car_pi/grpc_test/cmake-3.18.0/CMakeFiles/CMakeTmp

Run Build Command(s):/usr/bin/make cmTC_4a882/fast && make  -f CMakeFiles/cmTC_4a882.dir/build.make CMakeFiles/cmTC_4a882.dir/build
make[1]: Entering directory '/home/wp2018/user/andythebreaker/car_pi/grpc_test/cmake-3.18.0/CMakeFiles/CMakeTmp'
Building C object CMakeFiles/cmTC_4a882.dir/CheckSymbolExists.c.o
/usr/bin/gcc   -w  -std=gnu11 -o CMakeFiles/cmTC_4a882.dir/CheckSymbolExists.c.o -c /home/wp2018/user/andythebreaker/car_pi/grpc_test/cmake-3.18.0/CMakeFiles/CMakeTmp/CheckSymbolExists.c
/home/wp2018/user/andythebreaker/car_pi/grpc_test/cmake-3.18.0/CMakeFiles/CMakeTmp/CheckSymbolExists.c: In function ‘main’:
/home/wp2018/user/andythebreaker/car_pi/grpc_test/cmake-3.18.0/CMakeFiles/CMakeTmp/CheckSymbolExists.c:59:19: error: ‘strncmpi’ undeclared (first use in this function); did you mean ‘strncmp’?
   return ((int*)(&strncmpi))[argc];
                   ^~~~~~~~
                   strncmp
/home/wp2018/user/andythebreaker/car_pi/grpc_test/cmake-3.18.0/CMakeFiles/CMakeTmp/CheckSymbolExists.c:59:19: note: each undeclared identifier is reported only once for each function it appears in
CMakeFiles/cmTC_4a882.dir/build.make:84: recipe for target 'CMakeFiles/cmTC_4a882.dir/CheckSymbolExists.c.o' failed
make[1]: *** [CMakeFiles/cmTC_4a882.dir/CheckSymbolExists.c.o] Error 1
make[1]: Leaving directory '/home/wp2018/user/andythebreaker/car_pi/grpc_test/cmake-3.18.0/CMakeFiles/CMakeTmp'
Makefile:140: recipe for target 'cmTC_4a882/fast' failed
make: *** [cmTC_4a882/fast] Error 2


File /home/wp2018/user/andythebreaker/car_pi/grpc_test/cmake-3.18.0/CMakeFiles/CMakeTmp/CheckSymbolExists.c:
/* */
#include <stdio.h>
#include <inttypes.h>
#include <sys/ioctl.h>
#include <sys/param.h>
#include <sys/poll.h>
#include <sys/resource.h>
#include <sys/select.h>
#include <sys/socket.h>
#include <sys/stat.h>
#include <sys/time.h>
#include <sys/types.h>
#include <sys/uio.h>
#include <sys/un.h>
#include <sys/xattr.h>
#include <alloca.h>
#include <arpa/inet.h>
#include <arpa/tftp.h>
#include <assert.h>
#include <err.h>
#include <errno.h>
#include <fcntl.h>
#include <ifaddrs.h>
#include <libgen.h>
#include <locale.h>
#include <net/if.h>
#include <netdb.h>
#include <netinet/in.h>
#include <netinet/tcp.h>
#include <poll.h>
#include <pwd.h>
#include <setjmp.h>
#include <sgtty.h>
#include <signal.h>
#include <stdbool.h>
#include <stdint.h>
#include <stdio.h>
#include <stdlib.h>
#include <string.h>
#include <strings.h>
#include <stropts.h>
#include <termio.h>
#include <termios.h>
#include <time.h>
#include <unistd.h>
#include <utime.h>
#include <stddef.h>
#include <dlfcn.h>
#include <malloc.h>
#include <memory.h>
#include <netinet/if_ether.h>
#include <stdint.h>
#include <sys/utsname.h>

int main(int argc, char** argv)
{
  (void)argv;
#ifndef strncmpi
  return ((int*)(&strncmpi))[argc];
#else
  (void)argc;
  return 0;
#endif
}
Determining if the inet_ntoa_r exist failed with the following output:
Change Dir: /home/wp2018/user/andythebreaker/car_pi/grpc_test/cmake-3.18.0/CMakeFiles/CMakeTmp

Run Build Command(s):/usr/bin/make cmTC_6ef7f/fast && make  -f CMakeFiles/cmTC_6ef7f.dir/build.make CMakeFiles/cmTC_6ef7f.dir/build
make[1]: Entering directory '/home/wp2018/user/andythebreaker/car_pi/grpc_test/cmake-3.18.0/CMakeFiles/CMakeTmp'
Building C object CMakeFiles/cmTC_6ef7f.dir/CheckSymbolExists.c.o
/usr/bin/gcc   -w  -std=gnu11 -o CMakeFiles/cmTC_6ef7f.dir/CheckSymbolExists.c.o -c /home/wp2018/user/andythebreaker/car_pi/grpc_test/cmake-3.18.0/CMakeFiles/CMakeTmp/CheckSymbolExists.c
/home/wp2018/user/andythebreaker/car_pi/grpc_test/cmake-3.18.0/CMakeFiles/CMakeTmp/CheckSymbolExists.c: In function ‘main’:
/home/wp2018/user/andythebreaker/car_pi/grpc_test/cmake-3.18.0/CMakeFiles/CMakeTmp/CheckSymbolExists.c:59:19: error: ‘inet_ntoa_r’ undeclared (first use in this function); did you mean ‘inet_ntoa’?
   return ((int*)(&inet_ntoa_r))[argc];
                   ^~~~~~~~~~~
                   inet_ntoa
/home/wp2018/user/andythebreaker/car_pi/grpc_test/cmake-3.18.0/CMakeFiles/CMakeTmp/CheckSymbolExists.c:59:19: note: each undeclared identifier is reported only once for each function it appears in
CMakeFiles/cmTC_6ef7f.dir/build.make:84: recipe for target 'CMakeFiles/cmTC_6ef7f.dir/CheckSymbolExists.c.o' failed
make[1]: *** [CMakeFiles/cmTC_6ef7f.dir/CheckSymbolExists.c.o] Error 1
make[1]: Leaving directory '/home/wp2018/user/andythebreaker/car_pi/grpc_test/cmake-3.18.0/CMakeFiles/CMakeTmp'
Makefile:140: recipe for target 'cmTC_6ef7f/fast' failed
make: *** [cmTC_6ef7f/fast] Error 2


File /home/wp2018/user/andythebreaker/car_pi/grpc_test/cmake-3.18.0/CMakeFiles/CMakeTmp/CheckSymbolExists.c:
/* */
#include <stdio.h>
#include <inttypes.h>
#include <sys/ioctl.h>
#include <sys/param.h>
#include <sys/poll.h>
#include <sys/resource.h>
#include <sys/select.h>
#include <sys/socket.h>
#include <sys/stat.h>
#include <sys/time.h>
#include <sys/types.h>
#include <sys/uio.h>
#include <sys/un.h>
#include <sys/xattr.h>
#include <alloca.h>
#include <arpa/inet.h>
#include <arpa/tftp.h>
#include <assert.h>
#include <err.h>
#include <errno.h>
#include <fcntl.h>
#include <ifaddrs.h>
#include <libgen.h>
#include <locale.h>
#include <net/if.h>
#include <netdb.h>
#include <netinet/in.h>
#include <netinet/tcp.h>
#include <poll.h>
#include <pwd.h>
#include <setjmp.h>
#include <sgtty.h>
#include <signal.h>
#include <stdbool.h>
#include <stdint.h>
#include <stdio.h>
#include <stdlib.h>
#include <string.h>
#include <strings.h>
#include <stropts.h>
#include <termio.h>
#include <termios.h>
#include <time.h>
#include <unistd.h>
#include <utime.h>
#include <stddef.h>
#include <dlfcn.h>
#include <malloc.h>
#include <memory.h>
#include <netinet/if_ether.h>
#include <stdint.h>
#include <sys/utsname.h>

int main(int argc, char** argv)
{
  (void)argv;
#ifndef inet_ntoa_r
  return ((int*)(&inet_ntoa_r))[argc];
#else
  (void)argc;
  return 0;
#endif
}
Determining if the closesocket exist failed with the following output:
Change Dir: /home/wp2018/user/andythebreaker/car_pi/grpc_test/cmake-3.18.0/CMakeFiles/CMakeTmp

Run Build Command(s):/usr/bin/make cmTC_ec6b1/fast && make  -f CMakeFiles/cmTC_ec6b1.dir/build.make CMakeFiles/cmTC_ec6b1.dir/build
make[1]: Entering directory '/home/wp2018/user/andythebreaker/car_pi/grpc_test/cmake-3.18.0/CMakeFiles/CMakeTmp'
Building C object CMakeFiles/cmTC_ec6b1.dir/CheckSymbolExists.c.o
/usr/bin/gcc   -w  -std=gnu11 -o CMakeFiles/cmTC_ec6b1.dir/CheckSymbolExists.c.o -c /home/wp2018/user/andythebreaker/car_pi/grpc_test/cmake-3.18.0/CMakeFiles/CMakeTmp/CheckSymbolExists.c
/home/wp2018/user/andythebreaker/car_pi/grpc_test/cmake-3.18.0/CMakeFiles/CMakeTmp/CheckSymbolExists.c: In function ‘main’:
/home/wp2018/user/andythebreaker/car_pi/grpc_test/cmake-3.18.0/CMakeFiles/CMakeTmp/CheckSymbolExists.c:59:19: error: ‘closesocket’ undeclared (first use in this function); did you mean ‘socket’?
   return ((int*)(&closesocket))[argc];
                   ^~~~~~~~~~~
                   socket
/home/wp2018/user/andythebreaker/car_pi/grpc_test/cmake-3.18.0/CMakeFiles/CMakeTmp/CheckSymbolExists.c:59:19: note: each undeclared identifier is reported only once for each function it appears in
CMakeFiles/cmTC_ec6b1.dir/build.make:84: recipe for target 'CMakeFiles/cmTC_ec6b1.dir/CheckSymbolExists.c.o' failed
make[1]: *** [CMakeFiles/cmTC_ec6b1.dir/CheckSymbolExists.c.o] Error 1
make[1]: Leaving directory '/home/wp2018/user/andythebreaker/car_pi/grpc_test/cmake-3.18.0/CMakeFiles/CMakeTmp'
Makefile:140: recipe for target 'cmTC_ec6b1/fast' failed
make: *** [cmTC_ec6b1/fast] Error 2


File /home/wp2018/user/andythebreaker/car_pi/grpc_test/cmake-3.18.0/CMakeFiles/CMakeTmp/CheckSymbolExists.c:
/* */
#include <stdio.h>
#include <inttypes.h>
#include <sys/ioctl.h>
#include <sys/param.h>
#include <sys/poll.h>
#include <sys/resource.h>
#include <sys/select.h>
#include <sys/socket.h>
#include <sys/stat.h>
#include <sys/time.h>
#include <sys/types.h>
#include <sys/uio.h>
#include <sys/un.h>
#include <sys/xattr.h>
#include <alloca.h>
#include <arpa/inet.h>
#include <arpa/tftp.h>
#include <assert.h>
#include <err.h>
#include <errno.h>
#include <fcntl.h>
#include <ifaddrs.h>
#include <libgen.h>
#include <locale.h>
#include <net/if.h>
#include <netdb.h>
#include <netinet/in.h>
#include <netinet/tcp.h>
#include <poll.h>
#include <pwd.h>
#include <setjmp.h>
#include <sgtty.h>
#include <signal.h>
#include <stdbool.h>
#include <stdint.h>
#include <stdio.h>
#include <stdlib.h>
#include <string.h>
#include <strings.h>
#include <stropts.h>
#include <termio.h>
#include <termios.h>
#include <time.h>
#include <unistd.h>
#include <utime.h>
#include <stddef.h>
#include <dlfcn.h>
#include <malloc.h>
#include <memory.h>
#include <netinet/if_ether.h>
#include <stdint.h>
#include <sys/utsname.h>

int main(int argc, char** argv)
{
  (void)argv;
#ifndef closesocket
  return ((int*)(&closesocket))[argc];
#else
  (void)argc;
  return 0;
#endif
}
Determining if the getpass_r exist failed with the following output:
Change Dir: /home/wp2018/user/andythebreaker/car_pi/grpc_test/cmake-3.18.0/CMakeFiles/CMakeTmp

Run Build Command(s):/usr/bin/make cmTC_c5eec/fast && make  -f CMakeFiles/cmTC_c5eec.dir/build.make CMakeFiles/cmTC_c5eec.dir/build
make[1]: Entering directory '/home/wp2018/user/andythebreaker/car_pi/grpc_test/cmake-3.18.0/CMakeFiles/CMakeTmp'
Building C object CMakeFiles/cmTC_c5eec.dir/CheckSymbolExists.c.o
/usr/bin/gcc   -w  -std=gnu11 -o CMakeFiles/cmTC_c5eec.dir/CheckSymbolExists.c.o -c /home/wp2018/user/andythebreaker/car_pi/grpc_test/cmake-3.18.0/CMakeFiles/CMakeTmp/CheckSymbolExists.c
/home/wp2018/user/andythebreaker/car_pi/grpc_test/cmake-3.18.0/CMakeFiles/CMakeTmp/CheckSymbolExists.c: In function ‘main’:
/home/wp2018/user/andythebreaker/car_pi/grpc_test/cmake-3.18.0/CMakeFiles/CMakeTmp/CheckSymbolExists.c:59:19: error: ‘getpass_r’ undeclared (first use in this function); did you mean ‘getpass’?
   return ((int*)(&getpass_r))[argc];
                   ^~~~~~~~~
                   getpass
/home/wp2018/user/andythebreaker/car_pi/grpc_test/cmake-3.18.0/CMakeFiles/CMakeTmp/CheckSymbolExists.c:59:19: note: each undeclared identifier is reported only once for each function it appears in
CMakeFiles/cmTC_c5eec.dir/build.make:84: recipe for target 'CMakeFiles/cmTC_c5eec.dir/CheckSymbolExists.c.o' failed
make[1]: *** [CMakeFiles/cmTC_c5eec.dir/CheckSymbolExists.c.o] Error 1
make[1]: Leaving directory '/home/wp2018/user/andythebreaker/car_pi/grpc_test/cmake-3.18.0/CMakeFiles/CMakeTmp'
Makefile:140: recipe for target 'cmTC_c5eec/fast' failed
make: *** [cmTC_c5eec/fast] Error 2


File /home/wp2018/user/andythebreaker/car_pi/grpc_test/cmake-3.18.0/CMakeFiles/CMakeTmp/CheckSymbolExists.c:
/* */
#include <stdio.h>
#include <inttypes.h>
#include <sys/ioctl.h>
#include <sys/param.h>
#include <sys/poll.h>
#include <sys/resource.h>
#include <sys/select.h>
#include <sys/socket.h>
#include <sys/stat.h>
#include <sys/time.h>
#include <sys/types.h>
#include <sys/uio.h>
#include <sys/un.h>
#include <sys/xattr.h>
#include <alloca.h>
#include <arpa/inet.h>
#include <arpa/tftp.h>
#include <assert.h>
#include <err.h>
#include <errno.h>
#include <fcntl.h>
#include <ifaddrs.h>
#include <libgen.h>
#include <locale.h>
#include <net/if.h>
#include <netdb.h>
#include <netinet/in.h>
#include <netinet/tcp.h>
#include <poll.h>
#include <pwd.h>
#include <setjmp.h>
#include <sgtty.h>
#include <signal.h>
#include <stdbool.h>
#include <stdint.h>
#include <stdio.h>
#include <stdlib.h>
#include <string.h>
#include <strings.h>
#include <stropts.h>
#include <termio.h>
#include <termios.h>
#include <time.h>
#include <unistd.h>
#include <utime.h>
#include <stddef.h>
#include <dlfcn.h>
#include <malloc.h>
#include <memory.h>
#include <netinet/if_ether.h>
#include <stdint.h>
#include <sys/utsname.h>

int main(int argc, char** argv)
{
  (void)argv;
#ifndef getpass_r
  return ((int*)(&getpass_r))[argc];
#else
  (void)argc;
  return 0;
#endif
}
Determining if the strlcat exist failed with the following output:
Change Dir: /home/wp2018/user/andythebreaker/car_pi/grpc_test/cmake-3.18.0/CMakeFiles/CMakeTmp

Run Build Command(s):/usr/bin/make cmTC_8aa1b/fast && make  -f CMakeFiles/cmTC_8aa1b.dir/build.make CMakeFiles/cmTC_8aa1b.dir/build
make[1]: Entering directory '/home/wp2018/user/andythebreaker/car_pi/grpc_test/cmake-3.18.0/CMakeFiles/CMakeTmp'
Building C object CMakeFiles/cmTC_8aa1b.dir/CheckSymbolExists.c.o
/usr/bin/gcc   -w  -std=gnu11 -o CMakeFiles/cmTC_8aa1b.dir/CheckSymbolExists.c.o -c /home/wp2018/user/andythebreaker/car_pi/grpc_test/cmake-3.18.0/CMakeFiles/CMakeTmp/CheckSymbolExists.c
/home/wp2018/user/andythebreaker/car_pi/grpc_test/cmake-3.18.0/CMakeFiles/CMakeTmp/CheckSymbolExists.c: In function ‘main’:
/home/wp2018/user/andythebreaker/car_pi/grpc_test/cmake-3.18.0/CMakeFiles/CMakeTmp/CheckSymbolExists.c:59:19: error: ‘strlcat’ undeclared (first use in this function); did you mean ‘strncat’?
   return ((int*)(&strlcat))[argc];
                   ^~~~~~~
                   strncat
/home/wp2018/user/andythebreaker/car_pi/grpc_test/cmake-3.18.0/CMakeFiles/CMakeTmp/CheckSymbolExists.c:59:19: note: each undeclared identifier is reported only once for each function it appears in
CMakeFiles/cmTC_8aa1b.dir/build.make:84: recipe for target 'CMakeFiles/cmTC_8aa1b.dir/CheckSymbolExists.c.o' failed
make[1]: *** [CMakeFiles/cmTC_8aa1b.dir/CheckSymbolExists.c.o] Error 1
make[1]: Leaving directory '/home/wp2018/user/andythebreaker/car_pi/grpc_test/cmake-3.18.0/CMakeFiles/CMakeTmp'
Makefile:140: recipe for target 'cmTC_8aa1b/fast' failed
make: *** [cmTC_8aa1b/fast] Error 2


File /home/wp2018/user/andythebreaker/car_pi/grpc_test/cmake-3.18.0/CMakeFiles/CMakeTmp/CheckSymbolExists.c:
/* */
#include <stdio.h>
#include <inttypes.h>
#include <sys/ioctl.h>
#include <sys/param.h>
#include <sys/poll.h>
#include <sys/resource.h>
#include <sys/select.h>
#include <sys/socket.h>
#include <sys/stat.h>
#include <sys/time.h>
#include <sys/types.h>
#include <sys/uio.h>
#include <sys/un.h>
#include <sys/xattr.h>
#include <alloca.h>
#include <arpa/inet.h>
#include <arpa/tftp.h>
#include <assert.h>
#include <err.h>
#include <errno.h>
#include <fcntl.h>
#include <ifaddrs.h>
#include <libgen.h>
#include <locale.h>
#include <net/if.h>
#include <netdb.h>
#include <netinet/in.h>
#include <netinet/tcp.h>
#include <poll.h>
#include <pwd.h>
#include <setjmp.h>
#include <sgtty.h>
#include <signal.h>
#include <stdbool.h>
#include <stdint.h>
#include <stdio.h>
#include <stdlib.h>
#include <string.h>
#include <strings.h>
#include <stropts.h>
#include <termio.h>
#include <termios.h>
#include <time.h>
#include <unistd.h>
#include <utime.h>
#include <stddef.h>
#include <dlfcn.h>
#include <malloc.h>
#include <memory.h>
#include <netinet/if_ether.h>
#include <stdint.h>
#include <sys/utsname.h>

int main(int argc, char** argv)
{
  (void)argv;
#ifndef strlcat
  return ((int*)(&strlcat))[argc];
#else
  (void)argc;
  return 0;
#endif
}
Determining if the _strtoi64 exist failed with the following output:
Change Dir: /home/wp2018/user/andythebreaker/car_pi/grpc_test/cmake-3.18.0/CMakeFiles/CMakeTmp

Run Build Command(s):/usr/bin/make cmTC_10557/fast && make  -f CMakeFiles/cmTC_10557.dir/build.make CMakeFiles/cmTC_10557.dir/build
make[1]: Entering directory '/home/wp2018/user/andythebreaker/car_pi/grpc_test/cmake-3.18.0/CMakeFiles/CMakeTmp'
Building C object CMakeFiles/cmTC_10557.dir/CheckSymbolExists.c.o
/usr/bin/gcc   -w  -std=gnu11 -o CMakeFiles/cmTC_10557.dir/CheckSymbolExists.c.o -c /home/wp2018/user/andythebreaker/car_pi/grpc_test/cmake-3.18.0/CMakeFiles/CMakeTmp/CheckSymbolExists.c
/home/wp2018/user/andythebreaker/car_pi/grpc_test/cmake-3.18.0/CMakeFiles/CMakeTmp/CheckSymbolExists.c: In function ‘main’:
/home/wp2018/user/andythebreaker/car_pi/grpc_test/cmake-3.18.0/CMakeFiles/CMakeTmp/CheckSymbolExists.c:59:19: error: ‘_strtoi64’ undeclared (first use in this function); did you mean ‘strtoull’?
   return ((int*)(&_strtoi64))[argc];
                   ^~~~~~~~~
                   strtoull
/home/wp2018/user/andythebreaker/car_pi/grpc_test/cmake-3.18.0/CMakeFiles/CMakeTmp/CheckSymbolExists.c:59:19: note: each undeclared identifier is reported only once for each function it appears in
CMakeFiles/cmTC_10557.dir/build.make:84: recipe for target 'CMakeFiles/cmTC_10557.dir/CheckSymbolExists.c.o' failed
make[1]: *** [CMakeFiles/cmTC_10557.dir/CheckSymbolExists.c.o] Error 1
make[1]: Leaving directory '/home/wp2018/user/andythebreaker/car_pi/grpc_test/cmake-3.18.0/CMakeFiles/CMakeTmp'
Makefile:140: recipe for target 'cmTC_10557/fast' failed
make: *** [cmTC_10557/fast] Error 2


File /home/wp2018/user/andythebreaker/car_pi/grpc_test/cmake-3.18.0/CMakeFiles/CMakeTmp/CheckSymbolExists.c:
/* */
#include <stdio.h>
#include <inttypes.h>
#include <sys/ioctl.h>
#include <sys/param.h>
#include <sys/poll.h>
#include <sys/resource.h>
#include <sys/select.h>
#include <sys/socket.h>
#include <sys/stat.h>
#include <sys/time.h>
#include <sys/types.h>
#include <sys/uio.h>
#include <sys/un.h>
#include <sys/xattr.h>
#include <alloca.h>
#include <arpa/inet.h>
#include <arpa/tftp.h>
#include <assert.h>
#include <err.h>
#include <errno.h>
#include <fcntl.h>
#include <ifaddrs.h>
#include <libgen.h>
#include <locale.h>
#include <net/if.h>
#include <netdb.h>
#include <netinet/in.h>
#include <netinet/tcp.h>
#include <poll.h>
#include <pwd.h>
#include <setjmp.h>
#include <sgtty.h>
#include <signal.h>
#include <stdbool.h>
#include <stdint.h>
#include <stdio.h>
#include <stdlib.h>
#include <string.h>
#include <strings.h>
#include <stropts.h>
#include <termio.h>
#include <termios.h>
#include <time.h>
#include <unistd.h>
#include <utime.h>
#include <stddef.h>
#include <dlfcn.h>
#include <malloc.h>
#include <memory.h>
#include <netinet/if_ether.h>
#include <stdint.h>
#include <sys/utsname.h>

int main(int argc, char** argv)
{
  (void)argv;
#ifndef _strtoi64
  return ((int*)(&_strtoi64))[argc];
#else
  (void)argc;
  return 0;
#endif
}
Determining if the setmode exist failed with the following output:
Change Dir: /home/wp2018/user/andythebreaker/car_pi/grpc_test/cmake-3.18.0/CMakeFiles/CMakeTmp

Run Build Command(s):/usr/bin/make cmTC_8ebe9/fast && make  -f CMakeFiles/cmTC_8ebe9.dir/build.make CMakeFiles/cmTC_8ebe9.dir/build
make[1]: Entering directory '/home/wp2018/user/andythebreaker/car_pi/grpc_test/cmake-3.18.0/CMakeFiles/CMakeTmp'
Building C object CMakeFiles/cmTC_8ebe9.dir/CheckSymbolExists.c.o
/usr/bin/gcc   -w  -std=gnu11 -o CMakeFiles/cmTC_8ebe9.dir/CheckSymbolExists.c.o -c /home/wp2018/user/andythebreaker/car_pi/grpc_test/cmake-3.18.0/CMakeFiles/CMakeTmp/CheckSymbolExists.c
/home/wp2018/user/andythebreaker/car_pi/grpc_test/cmake-3.18.0/CMakeFiles/CMakeTmp/CheckSymbolExists.c: In function ‘main’:
/home/wp2018/user/andythebreaker/car_pi/grpc_test/cmake-3.18.0/CMakeFiles/CMakeTmp/CheckSymbolExists.c:59:19: error: ‘setmode’ undeclared (first use in this function); did you mean ‘setgid’?
   return ((int*)(&setmode))[argc];
                   ^~~~~~~
                   setgid
/home/wp2018/user/andythebreaker/car_pi/grpc_test/cmake-3.18.0/CMakeFiles/CMakeTmp/CheckSymbolExists.c:59:19: note: each undeclared identifier is reported only once for each function it appears in
CMakeFiles/cmTC_8ebe9.dir/build.make:84: recipe for target 'CMakeFiles/cmTC_8ebe9.dir/CheckSymbolExists.c.o' failed
make[1]: *** [CMakeFiles/cmTC_8ebe9.dir/CheckSymbolExists.c.o] Error 1
make[1]: Leaving directory '/home/wp2018/user/andythebreaker/car_pi/grpc_test/cmake-3.18.0/CMakeFiles/CMakeTmp'
Makefile:140: recipe for target 'cmTC_8ebe9/fast' failed
make: *** [cmTC_8ebe9/fast] Error 2


File /home/wp2018/user/andythebreaker/car_pi/grpc_test/cmake-3.18.0/CMakeFiles/CMakeTmp/CheckSymbolExists.c:
/* */
#include <stdio.h>
#include <inttypes.h>
#include <sys/ioctl.h>
#include <sys/param.h>
#include <sys/poll.h>
#include <sys/resource.h>
#include <sys/select.h>
#include <sys/socket.h>
#include <sys/stat.h>
#include <sys/time.h>
#include <sys/types.h>
#include <sys/uio.h>
#include <sys/un.h>
#include <sys/xattr.h>
#include <alloca.h>
#include <arpa/inet.h>
#include <arpa/tftp.h>
#include <assert.h>
#include <err.h>
#include <errno.h>
#include <fcntl.h>
#include <ifaddrs.h>
#include <libgen.h>
#include <locale.h>
#include <net/if.h>
#include <netdb.h>
#include <netinet/in.h>
#include <netinet/tcp.h>
#include <poll.h>
#include <pwd.h>
#include <setjmp.h>
#include <sgtty.h>
#include <signal.h>
#include <stdbool.h>
#include <stdint.h>
#include <stdio.h>
#include <stdlib.h>
#include <string.h>
#include <strings.h>
#include <stropts.h>
#include <termio.h>
#include <termios.h>
#include <time.h>
#include <unistd.h>
#include <utime.h>
#include <stddef.h>
#include <dlfcn.h>
#include <malloc.h>
#include <memory.h>
#include <netinet/if_ether.h>
#include <stdint.h>
#include <sys/utsname.h>

int main(int argc, char** argv)
{
  (void)argv;
#ifndef setmode
  return ((int*)(&setmode))[argc];
#else
  (void)argc;
  return 0;
#endif
}
Determining if the function mach_absolute_time exists failed with the following output:
Change Dir: /home/wp2018/user/andythebreaker/car_pi/grpc_test/cmake-3.18.0/CMakeFiles/CMakeTmp

Run Build Command(s):/usr/bin/make cmTC_399b1/fast && make  -f CMakeFiles/cmTC_399b1.dir/build.make CMakeFiles/cmTC_399b1.dir/build
make[1]: Entering directory '/home/wp2018/user/andythebreaker/car_pi/grpc_test/cmake-3.18.0/CMakeFiles/CMakeTmp'
Building C object CMakeFiles/cmTC_399b1.dir/CheckFunctionExists.c.o
/usr/bin/gcc   -w -DCHECK_FUNCTION_EXISTS=mach_absolute_time -std=gnu11 -o CMakeFiles/cmTC_399b1.dir/CheckFunctionExists.c.o -c /home/wp2018/user/andythebreaker/car_pi/grpc_test/cmake-3.18.0/Modules/CheckFunctionExists.c
Linking C executable cmTC_399b1
/home/wp2018/user/andythebreaker/car_pi/grpc_test/cmake-3.18.0/Bootstrap.cmk/cmake -E cmake_link_script CMakeFiles/cmTC_399b1.dir/link.txt --verbose=1
/usr/bin/gcc   -w -DCHECK_FUNCTION_EXISTS=mach_absolute_time CMakeFiles/cmTC_399b1.dir/CheckFunctionExists.c.o -o cmTC_399b1 
CMakeFiles/cmTC_399b1.dir/CheckFunctionExists.c.o: In function `main':
CheckFunctionExists.c:(.text+0x10): undefined reference to `mach_absolute_time'
collect2: error: ld returned 1 exit status
CMakeFiles/cmTC_399b1.dir/build.make:105: recipe for target 'cmTC_399b1' failed
make[1]: *** [cmTC_399b1] Error 1
make[1]: Leaving directory '/home/wp2018/user/andythebreaker/car_pi/grpc_test/cmake-3.18.0/CMakeFiles/CMakeTmp'
Makefile:140: recipe for target 'cmTC_399b1/fast' failed
make: *** [cmTC_399b1/fast] Error 2



Performing Curl Test HAVE_FSETXATTR_6 failed with the following output:
Change Dir: /home/wp2018/user/andythebreaker/car_pi/grpc_test/cmake-3.18.0/CMakeFiles/CMakeTmp

Run Build Command(s):/usr/bin/make cmTC_b4a01/fast && make  -f CMakeFiles/cmTC_b4a01.dir/build.make CMakeFiles/cmTC_b4a01.dir/build
make[1]: Entering directory '/home/wp2018/user/andythebreaker/car_pi/grpc_test/cmake-3.18.0/CMakeFiles/CMakeTmp'
Building C object CMakeFiles/cmTC_b4a01.dir/CurlTests.c.o
/usr/bin/gcc   -w -DHAVE_FSETXATTR_6  -DHAVE_STDIO_H -DHAVE_INTTYPES_H -DHAVE_SYS_IOCTL_H -DHAVE_SYS_PARAM_H -DHAVE_SYS_POLL_H -DHAVE_SYS_RESOURCE_H -DHAVE_SYS_SELECT_H -DHAVE_SYS_SOCKET_H -DHAVE_SYS_STAT_H -DHAVE_SYS_TIME_H -DHAVE_SYS_TYPES_H -DHAVE_SYS_UIO_H -DHAVE_SYS_UN_H -DHAVE_SYS_XATTR_H -DHAVE_ALLOCA_H -DHAVE_ARPA_INET_H -DHAVE_ARPA_TFTP_H -DHAVE_ASSERT_H -DHAVE_ERR_H -DHAVE_ERRNO_H -DHAVE_FCNTL_H -DHAVE_IFADDRS_H -DHAVE_LIBGEN_H -DHAVE_LOCALE_H -DHAVE_NET_IF_H -DHAVE_NETDB_H -DHAVE_NETINET_IN_H -DHAVE_NETINET_TCP_H -DHAVE_POLL_H -DHAVE_PWD_H -DHAVE_SETJMP_H -DHAVE_SGTTY_H -DHAVE_SIGNAL_H -DHAVE_STDBOOL_H -DHAVE_STDINT_H -DHAVE_STDIO_H -DHAVE_STDLIB_H -DHAVE_STRING_H -DHAVE_STRINGS_H -DHAVE_STROPTS_H -DHAVE_TERMIO_H -DHAVE_TERMIOS_H -DHAVE_TIME_H -DHAVE_UNISTD_H -DHAVE_UTIME_H -DHAVE_STDDEF_H -DHAVE_DLFCN_H -DHAVE_MALLOC_H -DHAVE_MEMORY_H -DHAVE_NETINET_IF_ETHER_H -DHAVE_STDINT_H -DHAVE_SYS_UTSNAME_H -std=gnu11 -o CMakeFiles/cmTC_b4a01.dir/CurlTests.c.o -c /home/wp2018/user/andythebreaker/car_pi/grpc_test/cmake-3.18.0/Utilities/cmcurl/CMake/CurlTests.c
/home/wp2018/user/andythebreaker/car_pi/grpc_test/cmake-3.18.0/Utilities/cmcurl/CMake/CurlTests.c: In function ‘main’:
/home/wp2018/user/andythebreaker/car_pi/grpc_test/cmake-3.18.0/Utilities/cmcurl/CMake/CurlTests.c:544:3: error: too many arguments to function ‘fsetxattr’
   fsetxattr(0, 0, 0, 0, 0, 0);
   ^~~~~~~~~
In file included from /home/wp2018/user/andythebreaker/car_pi/grpc_test/cmake-3.18.0/Utilities/cmcurl/CMake/CurlTests.c:541:0:
/usr/include/x86_64-linux-gnu/sys/xattr.h:54:12: note: declared here
 extern int fsetxattr (int __fd, const char *__name, const void *__value,
            ^~~~~~~~~
CMakeFiles/cmTC_b4a01.dir/build.make:84: recipe for target 'CMakeFiles/cmTC_b4a01.dir/CurlTests.c.o' failed
make[1]: *** [CMakeFiles/cmTC_b4a01.dir/CurlTests.c.o] Error 1
make[1]: Leaving directory '/home/wp2018/user/andythebreaker/car_pi/grpc_test/cmake-3.18.0/CMakeFiles/CMakeTmp'
Makefile:140: recipe for target 'cmTC_b4a01/fast' failed
make: *** [cmTC_b4a01/fast] Error 2


Performing Curl Test HAVE_IOCTLSOCKET failed with the following output:
Change Dir: /home/wp2018/user/andythebreaker/car_pi/grpc_test/cmake-3.18.0/CMakeFiles/CMakeTmp

Run Build Command(s):/usr/bin/make cmTC_af133/fast && make  -f CMakeFiles/cmTC_af133.dir/build.make CMakeFiles/cmTC_af133.dir/build
make[1]: Entering directory '/home/wp2018/user/andythebreaker/car_pi/grpc_test/cmake-3.18.0/CMakeFiles/CMakeTmp'
Building C object CMakeFiles/cmTC_af133.dir/CurlTests.c.o
/usr/bin/gcc   -w -DHAVE_IOCTLSOCKET  -DHAVE_STDIO_H -DHAVE_INTTYPES_H -DHAVE_SYS_IOCTL_H -DHAVE_SYS_PARAM_H -DHAVE_SYS_POLL_H -DHAVE_SYS_RESOURCE_H -DHAVE_SYS_SELECT_H -DHAVE_SYS_SOCKET_H -DHAVE_SYS_STAT_H -DHAVE_SYS_TIME_H -DHAVE_SYS_TYPES_H -DHAVE_SYS_UIO_H -DHAVE_SYS_UN_H -DHAVE_SYS_XATTR_H -DHAVE_ALLOCA_H -DHAVE_ARPA_INET_H -DHAVE_ARPA_TFTP_H -DHAVE_ASSERT_H -DHAVE_ERR_H -DHAVE_ERRNO_H -DHAVE_FCNTL_H -DHAVE_IFADDRS_H -DHAVE_LIBGEN_H -DHAVE_LOCALE_H -DHAVE_NET_IF_H -DHAVE_NETDB_H -DHAVE_NETINET_IN_H -DHAVE_NETINET_TCP_H -DHAVE_POLL_H -DHAVE_PWD_H -DHAVE_SETJMP_H -DHAVE_SGTTY_H -DHAVE_SIGNAL_H -DHAVE_STDBOOL_H -DHAVE_STDINT_H -DHAVE_STDIO_H -DHAVE_STDLIB_H -DHAVE_STRING_H -DHAVE_STRINGS_H -DHAVE_STROPTS_H -DHAVE_TERMIO_H -DHAVE_TERMIOS_H -DHAVE_TIME_H -DHAVE_UNISTD_H -DHAVE_UTIME_H -DHAVE_STDDEF_H -DHAVE_DLFCN_H -DHAVE_MALLOC_H -DHAVE_MEMORY_H -DHAVE_NETINET_IF_ETHER_H -DHAVE_STDINT_H -DHAVE_SYS_UTSNAME_H -std=gnu11 -o CMakeFiles/cmTC_af133.dir/CurlTests.c.o -c /home/wp2018/user/andythebreaker/car_pi/grpc_test/cmake-3.18.0/Utilities/cmcurl/CMake/CurlTests.c
/home/wp2018/user/andythebreaker/car_pi/grpc_test/cmake-3.18.0/Utilities/cmcurl/CMake/CurlTests.c: In function ‘main’:
/home/wp2018/user/andythebreaker/car_pi/grpc_test/cmake-3.18.0/Utilities/cmcurl/CMake/CurlTests.c:326:44: error: ‘FIONBIO’ undeclared (first use in this function)
  unsigned long flags = ioctlsocket(socket, FIONBIO, &flags);
                                            ^~~~~~~
/home/wp2018/user/andythebreaker/car_pi/grpc_test/cmake-3.18.0/Utilities/cmcurl/CMake/CurlTests.c:326:44: note: each undeclared identifier is reported only once for each function it appears in
CMakeFiles/cmTC_af133.dir/build.make:84: recipe for target 'CMakeFiles/cmTC_af133.dir/CurlTests.c.o' failed
make[1]: *** [CMakeFiles/cmTC_af133.dir/CurlTests.c.o] Error 1
make[1]: Leaving directory '/home/wp2018/user/andythebreaker/car_pi/grpc_test/cmake-3.18.0/CMakeFiles/CMakeTmp'
Makefile:140: recipe for target 'cmTC_af133/fast' failed
make: *** [cmTC_af133/fast] Error 2


Performing Curl Test HAVE_IOCTLSOCKET_CAMEL failed with the following output:
Change Dir: /home/wp2018/user/andythebreaker/car_pi/grpc_test/cmake-3.18.0/CMakeFiles/CMakeTmp

Run Build Command(s):/usr/bin/make cmTC_df8ca/fast && make  -f CMakeFiles/cmTC_df8ca.dir/build.make CMakeFiles/cmTC_df8ca.dir/build
make[1]: Entering directory '/home/wp2018/user/andythebreaker/car_pi/grpc_test/cmake-3.18.0/CMakeFiles/CMakeTmp'
Building C object CMakeFiles/cmTC_df8ca.dir/CurlTests.c.o
/usr/bin/gcc   -w -DHAVE_IOCTLSOCKET_CAMEL  -DHAVE_STDIO_H -DHAVE_INTTYPES_H -DHAVE_SYS_IOCTL_H -DHAVE_SYS_PARAM_H -DHAVE_SYS_POLL_H -DHAVE_SYS_RESOURCE_H -DHAVE_SYS_SELECT_H -DHAVE_SYS_SOCKET_H -DHAVE_SYS_STAT_H -DHAVE_SYS_TIME_H -DHAVE_SYS_TYPES_H -DHAVE_SYS_UIO_H -DHAVE_SYS_UN_H -DHAVE_SYS_XATTR_H -DHAVE_ALLOCA_H -DHAVE_ARPA_INET_H -DHAVE_ARPA_TFTP_H -DHAVE_ASSERT_H -DHAVE_ERR_H -DHAVE_ERRNO_H -DHAVE_FCNTL_H -DHAVE_IFADDRS_H -DHAVE_LIBGEN_H -DHAVE_LOCALE_H -DHAVE_NET_IF_H -DHAVE_NETDB_H -DHAVE_NETINET_IN_H -DHAVE_NETINET_TCP_H -DHAVE_POLL_H -DHAVE_PWD_H -DHAVE_SETJMP_H -DHAVE_SGTTY_H -DHAVE_SIGNAL_H -DHAVE_STDBOOL_H -DHAVE_STDINT_H -DHAVE_STDIO_H -DHAVE_STDLIB_H -DHAVE_STRING_H -DHAVE_STRINGS_H -DHAVE_STROPTS_H -DHAVE_TERMIO_H -DHAVE_TERMIOS_H -DHAVE_TIME_H -DHAVE_UNISTD_H -DHAVE_UTIME_H -DHAVE_STDDEF_H -DHAVE_DLFCN_H -DHAVE_MALLOC_H -DHAVE_MEMORY_H -DHAVE_NETINET_IF_ETHER_H -DHAVE_STDINT_H -DHAVE_SYS_UTSNAME_H -std=gnu11 -o CMakeFiles/cmTC_df8ca.dir/CurlTests.c.o -c /home/wp2018/user/andythebreaker/car_pi/grpc_test/cmake-3.18.0/Utilities/cmcurl/CMake/CurlTests.c
Linking C executable cmTC_df8ca
/home/wp2018/user/andythebreaker/car_pi/grpc_test/cmake-3.18.0/Bootstrap.cmk/cmake -E cmake_link_script CMakeFiles/cmTC_df8ca.dir/link.txt --verbose=1
/usr/bin/gcc   -w -DHAVE_IOCTLSOCKET_CAMEL  -DHAVE_STDIO_H -DHAVE_INTTYPES_H -DHAVE_SYS_IOCTL_H -DHAVE_SYS_PARAM_H -DHAVE_SYS_POLL_H -DHAVE_SYS_RESOURCE_H -DHAVE_SYS_SELECT_H -DHAVE_SYS_SOCKET_H -DHAVE_SYS_STAT_H -DHAVE_SYS_TIME_H -DHAVE_SYS_TYPES_H -DHAVE_SYS_UIO_H -DHAVE_SYS_UN_H -DHAVE_SYS_XATTR_H -DHAVE_ALLOCA_H -DHAVE_ARPA_INET_H -DHAVE_ARPA_TFTP_H -DHAVE_ASSERT_H -DHAVE_ERR_H -DHAVE_ERRNO_H -DHAVE_FCNTL_H -DHAVE_IFADDRS_H -DHAVE_LIBGEN_H -DHAVE_LOCALE_H -DHAVE_NET_IF_H -DHAVE_NETDB_H -DHAVE_NETINET_IN_H -DHAVE_NETINET_TCP_H -DHAVE_POLL_H -DHAVE_PWD_H -DHAVE_SETJMP_H -DHAVE_SGTTY_H -DHAVE_SIGNAL_H -DHAVE_STDBOOL_H -DHAVE_STDINT_H -DHAVE_STDIO_H -DHAVE_STDLIB_H -DHAVE_STRING_H -DHAVE_STRINGS_H -DHAVE_STROPTS_H -DHAVE_TERMIO_H -DHAVE_TERMIOS_H -DHAVE_TIME_H -DHAVE_UNISTD_H -DHAVE_UTIME_H -DHAVE_STDDEF_H -DHAVE_DLFCN_H -DHAVE_MALLOC_H -DHAVE_MEMORY_H -DHAVE_NETINET_IF_ETHER_H -DHAVE_STDINT_H -DHAVE_SYS_UTSNAME_H CMakeFiles/cmTC_df8ca.dir/CurlTests.c.o -o cmTC_df8ca 
CMakeFiles/cmTC_df8ca.dir/CurlTests.c.o: In function `main':
CurlTests.c:(.text+0x19): undefined reference to `IoctlSocket'
collect2: error: ld returned 1 exit status
CMakeFiles/cmTC_df8ca.dir/build.make:105: recipe for target 'cmTC_df8ca' failed
make[1]: *** [cmTC_df8ca] Error 1
make[1]: Leaving directory '/home/wp2018/user/andythebreaker/car_pi/grpc_test/cmake-3.18.0/CMakeFiles/CMakeTmp'
Makefile:140: recipe for target 'cmTC_df8ca/fast' failed
make: *** [cmTC_df8ca/fast] Error 2


Performing Curl Test HAVE_IOCTLSOCKET_CAMEL_FIONBIO failed with the following output:
Change Dir: /home/wp2018/user/andythebreaker/car_pi/grpc_test/cmake-3.18.0/CMakeFiles/CMakeTmp

Run Build Command(s):/usr/bin/make cmTC_d7cb6/fast && make  -f CMakeFiles/cmTC_d7cb6.dir/build.make CMakeFiles/cmTC_d7cb6.dir/build
make[1]: Entering directory '/home/wp2018/user/andythebreaker/car_pi/grpc_test/cmake-3.18.0/CMakeFiles/CMakeTmp'
Building C object CMakeFiles/cmTC_d7cb6.dir/CurlTests.c.o
/usr/bin/gcc   -w -DHAVE_IOCTLSOCKET_CAMEL_FIONBIO  -DHAVE_STDIO_H -DHAVE_INTTYPES_H -DHAVE_SYS_IOCTL_H -DHAVE_SYS_PARAM_H -DHAVE_SYS_POLL_H -DHAVE_SYS_RESOURCE_H -DHAVE_SYS_SELECT_H -DHAVE_SYS_SOCKET_H -DHAVE_SYS_STAT_H -DHAVE_SYS_TIME_H -DHAVE_SYS_TYPES_H -DHAVE_SYS_UIO_H -DHAVE_SYS_UN_H -DHAVE_SYS_XATTR_H -DHAVE_ALLOCA_H -DHAVE_ARPA_INET_H -DHAVE_ARPA_TFTP_H -DHAVE_ASSERT_H -DHAVE_ERR_H -DHAVE_ERRNO_H -DHAVE_FCNTL_H -DHAVE_IFADDRS_H -DHAVE_LIBGEN_H -DHAVE_LOCALE_H -DHAVE_NET_IF_H -DHAVE_NETDB_H -DHAVE_NETINET_IN_H -DHAVE_NETINET_TCP_H -DHAVE_POLL_H -DHAVE_PWD_H -DHAVE_SETJMP_H -DHAVE_SGTTY_H -DHAVE_SIGNAL_H -DHAVE_STDBOOL_H -DHAVE_STDINT_H -DHAVE_STDIO_H -DHAVE_STDLIB_H -DHAVE_STRING_H -DHAVE_STRINGS_H -DHAVE_STROPTS_H -DHAVE_TERMIO_H -DHAVE_TERMIOS_H -DHAVE_TIME_H -DHAVE_UNISTD_H -DHAVE_UTIME_H -DHAVE_STDDEF_H -DHAVE_DLFCN_H -DHAVE_MALLOC_H -DHAVE_MEMORY_H -DHAVE_NETINET_IF_ETHER_H -DHAVE_STDINT_H -DHAVE_SYS_UTSNAME_H -std=gnu11 -o CMakeFiles/cmTC_d7cb6.dir/CurlTests.c.o -c /home/wp2018/user/andythebreaker/car_pi/grpc_test/cmake-3.18.0/Utilities/cmcurl/CMake/CurlTests.c
/home/wp2018/user/andythebreaker/car_pi/grpc_test/cmake-3.18.0/Utilities/cmcurl/CMake/CurlTests.c: In function ‘main’:
/home/wp2018/user/andythebreaker/car_pi/grpc_test/cmake-3.18.0/Utilities/cmcurl/CMake/CurlTests.c:382:32: error: ‘FIONBIO’ undeclared (first use in this function)
         if(0 != ioctlsocket(0, FIONBIO, &flags))
                                ^~~~~~~
/home/wp2018/user/andythebreaker/car_pi/grpc_test/cmake-3.18.0/Utilities/cmcurl/CMake/CurlTests.c:382:32: note: each undeclared identifier is reported only once for each function it appears in
CMakeFiles/cmTC_d7cb6.dir/build.make:84: recipe for target 'CMakeFiles/cmTC_d7cb6.dir/CurlTests.c.o' failed
make[1]: *** [CMakeFiles/cmTC_d7cb6.dir/CurlTests.c.o] Error 1
make[1]: Leaving directory '/home/wp2018/user/andythebreaker/car_pi/grpc_test/cmake-3.18.0/CMakeFiles/CMakeTmp'
Makefile:140: recipe for target 'cmTC_d7cb6/fast' failed
make: *** [cmTC_d7cb6/fast] Error 2


Performing Curl Test HAVE_IOCTLSOCKET_FIONBIO failed with the following output:
Change Dir: /home/wp2018/user/andythebreaker/car_pi/grpc_test/cmake-3.18.0/CMakeFiles/CMakeTmp

Run Build Command(s):/usr/bin/make cmTC_9de06/fast && make  -f CMakeFiles/cmTC_9de06.dir/build.make CMakeFiles/cmTC_9de06.dir/build
make[1]: Entering directory '/home/wp2018/user/andythebreaker/car_pi/grpc_test/cmake-3.18.0/CMakeFiles/CMakeTmp'
Building C object CMakeFiles/cmTC_9de06.dir/CurlTests.c.o
/usr/bin/gcc   -w -DHAVE_IOCTLSOCKET_FIONBIO  -DHAVE_STDIO_H -DHAVE_INTTYPES_H -DHAVE_SYS_IOCTL_H -DHAVE_SYS_PARAM_H -DHAVE_SYS_POLL_H -DHAVE_SYS_RESOURCE_H -DHAVE_SYS_SELECT_H -DHAVE_SYS_SOCKET_H -DHAVE_SYS_STAT_H -DHAVE_SYS_TIME_H -DHAVE_SYS_TYPES_H -DHAVE_SYS_UIO_H -DHAVE_SYS_UN_H -DHAVE_SYS_XATTR_H -DHAVE_ALLOCA_H -DHAVE_ARPA_INET_H -DHAVE_ARPA_TFTP_H -DHAVE_ASSERT_H -DHAVE_ERR_H -DHAVE_ERRNO_H -DHAVE_FCNTL_H -DHAVE_IFADDRS_H -DHAVE_LIBGEN_H -DHAVE_LOCALE_H -DHAVE_NET_IF_H -DHAVE_NETDB_H -DHAVE_NETINET_IN_H -DHAVE_NETINET_TCP_H -DHAVE_POLL_H -DHAVE_PWD_H -DHAVE_SETJMP_H -DHAVE_SGTTY_H -DHAVE_SIGNAL_H -DHAVE_STDBOOL_H -DHAVE_STDINT_H -DHAVE_STDIO_H -DHAVE_STDLIB_H -DHAVE_STRING_H -DHAVE_STRINGS_H -DHAVE_STROPTS_H -DHAVE_TERMIO_H -DHAVE_TERMIOS_H -DHAVE_TIME_H -DHAVE_UNISTD_H -DHAVE_UTIME_H -DHAVE_STDDEF_H -DHAVE_DLFCN_H -DHAVE_MALLOC_H -DHAVE_MEMORY_H -DHAVE_NETINET_IF_ETHER_H -DHAVE_STDINT_H -DHAVE_SYS_UTSNAME_H -std=gnu11 -o CMakeFiles/cmTC_9de06.dir/CurlTests.c.o -c /home/wp2018/user/andythebreaker/car_pi/grpc_test/cmake-3.18.0/Utilities/cmcurl/CMake/CurlTests.c
/home/wp2018/user/andythebreaker/car_pi/grpc_test/cmake-3.18.0/Utilities/cmcurl/CMake/CurlTests.c: In function ‘main’:
/home/wp2018/user/andythebreaker/car_pi/grpc_test/cmake-3.18.0/Utilities/cmcurl/CMake/CurlTests.c:409:32: error: ‘FIONBIO’ undeclared (first use in this function)
         if(0 != ioctlsocket(0, FIONBIO, &flags))
                                ^~~~~~~
/home/wp2018/user/andythebreaker/car_pi/grpc_test/cmake-3.18.0/Utilities/cmcurl/CMake/CurlTests.c:409:32: note: each undeclared identifier is reported only once for each function it appears in
CMakeFiles/cmTC_9de06.dir/build.make:84: recipe for target 'CMakeFiles/cmTC_9de06.dir/CurlTests.c.o' failed
make[1]: *** [CMakeFiles/cmTC_9de06.dir/CurlTests.c.o] Error 1
make[1]: Leaving directory '/home/wp2018/user/andythebreaker/car_pi/grpc_test/cmake-3.18.0/CMakeFiles/CMakeTmp'
Makefile:140: recipe for target 'cmTC_9de06/fast' failed
make: *** [cmTC_9de06/fast] Error 2


Performing Curl Test HAVE_SETSOCKOPT_SO_NONBLOCK failed with the following output:
Change Dir: /home/wp2018/user/andythebreaker/car_pi/grpc_test/cmake-3.18.0/CMakeFiles/CMakeTmp

Run Build Command(s):/usr/bin/make cmTC_43ca6/fast && make  -f CMakeFiles/cmTC_43ca6.dir/build.make CMakeFiles/cmTC_43ca6.dir/build
make[1]: Entering directory '/home/wp2018/user/andythebreaker/car_pi/grpc_test/cmake-3.18.0/CMakeFiles/CMakeTmp'
Building C object CMakeFiles/cmTC_43ca6.dir/CurlTests.c.o
/usr/bin/gcc   -w -DHAVE_SETSOCKOPT_SO_NONBLOCK  -DHAVE_STDIO_H -DHAVE_INTTYPES_H -DHAVE_SYS_IOCTL_H -DHAVE_SYS_PARAM_H -DHAVE_SYS_POLL_H -DHAVE_SYS_RESOURCE_H -DHAVE_SYS_SELECT_H -DHAVE_SYS_SOCKET_H -DHAVE_SYS_STAT_H -DHAVE_SYS_TIME_H -DHAVE_SYS_TYPES_H -DHAVE_SYS_UIO_H -DHAVE_SYS_UN_H -DHAVE_SYS_XATTR_H -DHAVE_ALLOCA_H -DHAVE_ARPA_INET_H -DHAVE_ARPA_TFTP_H -DHAVE_ASSERT_H -DHAVE_ERR_H -DHAVE_ERRNO_H -DHAVE_FCNTL_H -DHAVE_IFADDRS_H -DHAVE_LIBGEN_H -DHAVE_LOCALE_H -DHAVE_NET_IF_H -DHAVE_NETDB_H -DHAVE_NETINET_IN_H -DHAVE_NETINET_TCP_H -DHAVE_POLL_H -DHAVE_PWD_H -DHAVE_SETJMP_H -DHAVE_SGTTY_H -DHAVE_SIGNAL_H -DHAVE_STDBOOL_H -DHAVE_STDINT_H -DHAVE_STDIO_H -DHAVE_STDLIB_H -DHAVE_STRING_H -DHAVE_STRINGS_H -DHAVE_STROPTS_H -DHAVE_TERMIO_H -DHAVE_TERMIOS_H -DHAVE_TIME_H -DHAVE_UNISTD_H -DHAVE_UTIME_H -DHAVE_STDDEF_H -DHAVE_DLFCN_H -DHAVE_MALLOC_H -DHAVE_MEMORY_H -DHAVE_NETINET_IF_ETHER_H -DHAVE_STDINT_H -DHAVE_SYS_UTSNAME_H -std=gnu11 -o CMakeFiles/cmTC_43ca6.dir/CurlTests.c.o -c /home/wp2018/user/andythebreaker/car_pi/grpc_test/cmake-3.18.0/Utilities/cmcurl/CMake/CurlTests.c
/home/wp2018/user/andythebreaker/car_pi/grpc_test/cmake-3.18.0/Utilities/cmcurl/CMake/CurlTests.c: In function ‘main’:
/home/wp2018/user/andythebreaker/car_pi/grpc_test/cmake-3.18.0/Utilities/cmcurl/CMake/CurlTests.c:505:43: error: ‘SO_NONBLOCK’ undeclared (first use in this function); did you mean ‘SOCK_NONBLOCK’?
         if(0 != setsockopt(0, SOL_SOCKET, SO_NONBLOCK, 0, 0))
                                           ^~~~~~~~~~~
                                           SOCK_NONBLOCK
/home/wp2018/user/andythebreaker/car_pi/grpc_test/cmake-3.18.0/Utilities/cmcurl/CMake/CurlTests.c:505:43: note: each undeclared identifier is reported only once for each function it appears in
CMakeFiles/cmTC_43ca6.dir/build.make:84: recipe for target 'CMakeFiles/cmTC_43ca6.dir/CurlTests.c.o' failed
make[1]: *** [CMakeFiles/cmTC_43ca6.dir/CurlTests.c.o] Error 1
make[1]: Leaving directory '/home/wp2018/user/andythebreaker/car_pi/grpc_test/cmake-3.18.0/CMakeFiles/CMakeTmp'
Makefile:140: recipe for target 'cmTC_43ca6/fast' failed
make: *** [cmTC_43ca6/fast] Error 2


Performing Curl Test HAVE_O_NONBLOCK failed with the following output:
Change Dir: /home/wp2018/user/andythebreaker/car_pi/grpc_test/cmake-3.18.0/CMakeFiles/CMakeTmp

Run Build Command(s):/usr/bin/make cmTC_e7a2e/fast && make  -f CMakeFiles/cmTC_e7a2e.dir/build.make CMakeFiles/cmTC_e7a2e.dir/build
make[1]: Entering directory '/home/wp2018/user/andythebreaker/car_pi/grpc_test/cmake-3.18.0/CMakeFiles/CMakeTmp'
Building C object CMakeFiles/cmTC_e7a2e.dir/CurlTests.c.o
/usr/bin/gcc   -w -DHAVE_O_NONBLOCK  -DHAVE_STDIO_H -DHAVE_INTTYPES_H -DHAVE_SYS_IOCTL_H -DHAVE_SYS_PARAM_H -DHAVE_SYS_POLL_H -DHAVE_SYS_RESOURCE_H -DHAVE_SYS_SELECT_H -DHAVE_SYS_SOCKET_H -DHAVE_SYS_STAT_H -DHAVE_SYS_TIME_H -DHAVE_SYS_TYPES_H -DHAVE_SYS_UIO_H -DHAVE_SYS_UN_H -DHAVE_SYS_XATTR_H -DHAVE_ALLOCA_H -DHAVE_ARPA_INET_H -DHAVE_ARPA_TFTP_H -DHAVE_ASSERT_H -DHAVE_ERR_H -DHAVE_ERRNO_H -DHAVE_FCNTL_H -DHAVE_IFADDRS_H -DHAVE_LIBGEN_H -DHAVE_LOCALE_H -DHAVE_NET_IF_H -DHAVE_NETDB_H -DHAVE_NETINET_IN_H -DHAVE_NETINET_TCP_H -DHAVE_POLL_H -DHAVE_PWD_H -DHAVE_SETJMP_H -DHAVE_SGTTY_H -DHAVE_SIGNAL_H -DHAVE_STDBOOL_H -DHAVE_STDINT_H -DHAVE_STDIO_H -DHAVE_STDLIB_H -DHAVE_STRING_H -DHAVE_STRINGS_H -DHAVE_STROPTS_H -DHAVE_TERMIO_H -DHAVE_TERMIOS_H -DHAVE_TIME_H -DHAVE_UNISTD_H -DHAVE_UTIME_H -DHAVE_STDDEF_H -DHAVE_DLFCN_H -DHAVE_MALLOC_H -DHAVE_MEMORY_H -DHAVE_NETINET_IF_ETHER_H -DHAVE_STDINT_H -DHAVE_SYS_UTSNAME_H -std=gnu11 -o CMakeFiles/cmTC_e7a2e.dir/CurlTests.c.o -c /home/wp2018/user/andythebreaker/car_pi/grpc_test/cmake-3.18.0/Utilities/cmcurl/CMake/CurlTests.c
Linking C executable cmTC_e7a2e
/home/wp2018/user/andythebreaker/car_pi/grpc_test/cmake-3.18.0/Bootstrap.cmk/cmake -E cmake_link_script CMakeFiles/cmTC_e7a2e.dir/link.txt --verbose=1
/usr/bin/gcc   -w -DHAVE_O_NONBLOCK  -DHAVE_STDIO_H -DHAVE_INTTYPES_H -DHAVE_SYS_IOCTL_H -DHAVE_SYS_PARAM_H -DHAVE_SYS_POLL_H -DHAVE_SYS_RESOURCE_H -DHAVE_SYS_SELECT_H -DHAVE_SYS_SOCKET_H -DHAVE_SYS_STAT_H -DHAVE_SYS_TIME_H -DHAVE_SYS_TYPES_H -DHAVE_SYS_UIO_H -DHAVE_SYS_UN_H -DHAVE_SYS_XATTR_H -DHAVE_ALLOCA_H -DHAVE_ARPA_INET_H -DHAVE_ARPA_TFTP_H -DHAVE_ASSERT_H -DHAVE_ERR_H -DHAVE_ERRNO_H -DHAVE_FCNTL_H -DHAVE_IFADDRS_H -DHAVE_LIBGEN_H -DHAVE_LOCALE_H -DHAVE_NET_IF_H -DHAVE_NETDB_H -DHAVE_NETINET_IN_H -DHAVE_NETINET_TCP_H -DHAVE_POLL_H -DHAVE_PWD_H -DHAVE_SETJMP_H -DHAVE_SGTTY_H -DHAVE_SIGNAL_H -DHAVE_STDBOOL_H -DHAVE_STDINT_H -DHAVE_STDIO_H -DHAVE_STDLIB_H -DHAVE_STRING_H -DHAVE_STRINGS_H -DHAVE_STROPTS_H -DHAVE_TERMIO_H -DHAVE_TERMIOS_H -DHAVE_TIME_H -DHAVE_UNISTD_H -DHAVE_UTIME_H -DHAVE_STDDEF_H -DHAVE_DLFCN_H -DHAVE_MALLOC_H -DHAVE_MEMORY_H -DHAVE_NETINET_IF_ETHER_H -DHAVE_STDINT_H -DHAVE_SYS_UTSNAME_H CMakeFiles/cmTC_e7a2e.dir/CurlTests.c.o -o cmTC_e7a2e 
/usr/lib/gcc/x86_64-linux-gnu/7/../../../x86_64-linux-gnu/Scrt1.o: In function `_start':
(.text+0x20): undefined reference to `main'
collect2: error: ld returned 1 exit status
CMakeFiles/cmTC_e7a2e.dir/build.make:105: recipe for target 'cmTC_e7a2e' failed
make[1]: *** [cmTC_e7a2e] Error 1
make[1]: Leaving directory '/home/wp2018/user/andythebreaker/car_pi/grpc_test/cmake-3.18.0/CMakeFiles/CMakeTmp'
Makefile:140: recipe for target 'cmTC_e7a2e/fast' failed
make: *** [cmTC_e7a2e/fast] Error 2


Performing Curl Test HAVE_GETHOSTBYADDR_R_5 failed with the following output:
Change Dir: /home/wp2018/user/andythebreaker/car_pi/grpc_test/cmake-3.18.0/CMakeFiles/CMakeTmp

Run Build Command(s):/usr/bin/make cmTC_f3531/fast && make  -f CMakeFiles/cmTC_f3531.dir/build.make CMakeFiles/cmTC_f3531.dir/build
make[1]: Entering directory '/home/wp2018/user/andythebreaker/car_pi/grpc_test/cmake-3.18.0/CMakeFiles/CMakeTmp'
Building C object CMakeFiles/cmTC_f3531.dir/CurlTests.c.o
/usr/bin/gcc   -w -DHAVE_GETHOSTBYADDR_R_5  -DHAVE_STDIO_H -DHAVE_INTTYPES_H -DHAVE_SYS_IOCTL_H -DHAVE_SYS_PARAM_H -DHAVE_SYS_POLL_H -DHAVE_SYS_RESOURCE_H -DHAVE_SYS_SELECT_H -DHAVE_SYS_SOCKET_H -DHAVE_SYS_STAT_H -DHAVE_SYS_TIME_H -DHAVE_SYS_TYPES_H -DHAVE_SYS_UIO_H -DHAVE_SYS_UN_H -DHAVE_SYS_XATTR_H -DHAVE_ALLOCA_H -DHAVE_ARPA_INET_H -DHAVE_ARPA_TFTP_H -DHAVE_ASSERT_H -DHAVE_ERR_H -DHAVE_ERRNO_H -DHAVE_FCNTL_H -DHAVE_IFADDRS_H -DHAVE_LIBGEN_H -DHAVE_LOCALE_H -DHAVE_NET_IF_H -DHAVE_NETDB_H -DHAVE_NETINET_IN_H -DHAVE_NETINET_TCP_H -DHAVE_POLL_H -DHAVE_PWD_H -DHAVE_SETJMP_H -DHAVE_SGTTY_H -DHAVE_SIGNAL_H -DHAVE_STDBOOL_H -DHAVE_STDINT_H -DHAVE_STDIO_H -DHAVE_STDLIB_H -DHAVE_STRING_H -DHAVE_STRINGS_H -DHAVE_STROPTS_H -DHAVE_TERMIO_H -DHAVE_TERMIOS_H -DHAVE_TIME_H -DHAVE_UNISTD_H -DHAVE_UTIME_H -DHAVE_STDDEF_H -DHAVE_DLFCN_H -DHAVE_MALLOC_H -DHAVE_MEMORY_H -DHAVE_NETINET_IF_ETHER_H -DHAVE_STDINT_H -DHAVE_SYS_UTSNAME_H -std=gnu11 -o CMakeFiles/cmTC_f3531.dir/CurlTests.c.o -c /home/wp2018/user/andythebreaker/car_pi/grpc_test/cmake-3.18.0/Utilities/cmcurl/CMake/CurlTests.c
/home/wp2018/user/andythebreaker/car_pi/grpc_test/cmake-3.18.0/Utilities/cmcurl/CMake/CurlTests.c: In function ‘main’:
/home/wp2018/user/andythebreaker/car_pi/grpc_test/cmake-3.18.0/Utilities/cmcurl/CMake/CurlTests.c:106:23: error: storage size of ‘hdata’ isn’t known
   struct hostent_data hdata;
                       ^~~~~
/home/wp2018/user/andythebreaker/car_pi/grpc_test/cmake-3.18.0/Utilities/cmcurl/CMake/CurlTests.c:127:8: error: too few arguments to function ‘gethostbyaddr_r’
   rc = gethostbyaddr_r(address, length, type, &h, &hdata);
        ^~~~~~~~~~~~~~~
In file included from /home/wp2018/user/andythebreaker/car_pi/grpc_test/cmake-3.18.0/Utilities/cmcurl/CMake/CurlTests.c:93:0:
/usr/include/netdb.h:170:12: note: declared here
 extern int gethostbyaddr_r (const void *__restrict __addr, __socklen_t __len,
            ^~~~~~~~~~~~~~~
CMakeFiles/cmTC_f3531.dir/build.make:84: recipe for target 'CMakeFiles/cmTC_f3531.dir/CurlTests.c.o' failed
make[1]: *** [CMakeFiles/cmTC_f3531.dir/CurlTests.c.o] Error 1
make[1]: Leaving directory '/home/wp2018/user/andythebreaker/car_pi/grpc_test/cmake-3.18.0/CMakeFiles/CMakeTmp'
Makefile:140: recipe for target 'cmTC_f3531/fast' failed
make: *** [cmTC_f3531/fast] Error 2


Performing Curl Test HAVE_GETHOSTBYADDR_R_7 failed with the following output:
Change Dir: /home/wp2018/user/andythebreaker/car_pi/grpc_test/cmake-3.18.0/CMakeFiles/CMakeTmp

Run Build Command(s):/usr/bin/make cmTC_736a6/fast && make  -f CMakeFiles/cmTC_736a6.dir/build.make CMakeFiles/cmTC_736a6.dir/build
make[1]: Entering directory '/home/wp2018/user/andythebreaker/car_pi/grpc_test/cmake-3.18.0/CMakeFiles/CMakeTmp'
Building C object CMakeFiles/cmTC_736a6.dir/CurlTests.c.o
/usr/bin/gcc   -w -DHAVE_GETHOSTBYADDR_R_7  -DHAVE_STDIO_H -DHAVE_INTTYPES_H -DHAVE_SYS_IOCTL_H -DHAVE_SYS_PARAM_H -DHAVE_SYS_POLL_H -DHAVE_SYS_RESOURCE_H -DHAVE_SYS_SELECT_H -DHAVE_SYS_SOCKET_H -DHAVE_SYS_STAT_H -DHAVE_SYS_TIME_H -DHAVE_SYS_TYPES_H -DHAVE_SYS_UIO_H -DHAVE_SYS_UN_H -DHAVE_SYS_XATTR_H -DHAVE_ALLOCA_H -DHAVE_ARPA_INET_H -DHAVE_ARPA_TFTP_H -DHAVE_ASSERT_H -DHAVE_ERR_H -DHAVE_ERRNO_H -DHAVE_FCNTL_H -DHAVE_IFADDRS_H -DHAVE_LIBGEN_H -DHAVE_LOCALE_H -DHAVE_NET_IF_H -DHAVE_NETDB_H -DHAVE_NETINET_IN_H -DHAVE_NETINET_TCP_H -DHAVE_POLL_H -DHAVE_PWD_H -DHAVE_SETJMP_H -DHAVE_SGTTY_H -DHAVE_SIGNAL_H -DHAVE_STDBOOL_H -DHAVE_STDINT_H -DHAVE_STDIO_H -DHAVE_STDLIB_H -DHAVE_STRING_H -DHAVE_STRINGS_H -DHAVE_STROPTS_H -DHAVE_TERMIO_H -DHAVE_TERMIOS_H -DHAVE_TIME_H -DHAVE_UNISTD_H -DHAVE_UTIME_H -DHAVE_STDDEF_H -DHAVE_DLFCN_H -DHAVE_MALLOC_H -DHAVE_MEMORY_H -DHAVE_NETINET_IF_ETHER_H -DHAVE_STDINT_H -DHAVE_SYS_UTSNAME_H -std=gnu11 -o CMakeFiles/cmTC_736a6.dir/CurlTests.c.o -c /home/wp2018/user/andythebreaker/car_pi/grpc_test/cmake-3.18.0/Utilities/cmcurl/CMake/CurlTests.c
/home/wp2018/user/andythebreaker/car_pi/grpc_test/cmake-3.18.0/Utilities/cmcurl/CMake/CurlTests.c: In function ‘main’:
/home/wp2018/user/andythebreaker/car_pi/grpc_test/cmake-3.18.0/Utilities/cmcurl/CMake/CurlTests.c:131:8: error: too few arguments to function ‘gethostbyaddr_r’
   hp = gethostbyaddr_r(address, length, type, &h, buffer, 8192, &h_errnop);
        ^~~~~~~~~~~~~~~
In file included from /home/wp2018/user/andythebreaker/car_pi/grpc_test/cmake-3.18.0/Utilities/cmcurl/CMake/CurlTests.c:93:0:
/usr/include/netdb.h:170:12: note: declared here
 extern int gethostbyaddr_r (const void *__restrict __addr, __socklen_t __len,
            ^~~~~~~~~~~~~~~
CMakeFiles/cmTC_736a6.dir/build.make:84: recipe for target 'CMakeFiles/cmTC_736a6.dir/CurlTests.c.o' failed
make[1]: *** [CMakeFiles/cmTC_736a6.dir/CurlTests.c.o] Error 1
make[1]: Leaving directory '/home/wp2018/user/andythebreaker/car_pi/grpc_test/cmake-3.18.0/CMakeFiles/CMakeTmp'
Makefile:140: recipe for target 'cmTC_736a6/fast' failed
make: *** [cmTC_736a6/fast] Error 2


Performing Curl Test HAVE_GETHOSTBYADDR_R_5_REENTRANT failed with the following output:
Change Dir: /home/wp2018/user/andythebreaker/car_pi/grpc_test/cmake-3.18.0/CMakeFiles/CMakeTmp

Run Build Command(s):/usr/bin/make cmTC_cf7bd/fast && make  -f CMakeFiles/cmTC_cf7bd.dir/build.make CMakeFiles/cmTC_cf7bd.dir/build
make[1]: Entering directory '/home/wp2018/user/andythebreaker/car_pi/grpc_test/cmake-3.18.0/CMakeFiles/CMakeTmp'
Building C object CMakeFiles/cmTC_cf7bd.dir/CurlTests.c.o
/usr/bin/gcc   -w -DHAVE_GETHOSTBYADDR_R_5_REENTRANT  -DHAVE_STDIO_H -DHAVE_INTTYPES_H -DHAVE_SYS_IOCTL_H -DHAVE_SYS_PARAM_H -DHAVE_SYS_POLL_H -DHAVE_SYS_RESOURCE_H -DHAVE_SYS_SELECT_H -DHAVE_SYS_SOCKET_H -DHAVE_SYS_STAT_H -DHAVE_SYS_TIME_H -DHAVE_SYS_TYPES_H -DHAVE_SYS_UIO_H -DHAVE_SYS_UN_H -DHAVE_SYS_XATTR_H -DHAVE_ALLOCA_H -DHAVE_ARPA_INET_H -DHAVE_ARPA_TFTP_H -DHAVE_ASSERT_H -DHAVE_ERR_H -DHAVE_ERRNO_H -DHAVE_FCNTL_H -DHAVE_IFADDRS_H -DHAVE_LIBGEN_H -DHAVE_LOCALE_H -DHAVE_NET_IF_H -DHAVE_NETDB_H -DHAVE_NETINET_IN_H -DHAVE_NETINET_TCP_H -DHAVE_POLL_H -DHAVE_PWD_H -DHAVE_SETJMP_H -DHAVE_SGTTY_H -DHAVE_SIGNAL_H -DHAVE_STDBOOL_H -DHAVE_STDINT_H -DHAVE_STDIO_H -DHAVE_STDLIB_H -DHAVE_STRING_H -DHAVE_STRINGS_H -DHAVE_STROPTS_H -DHAVE_TERMIO_H -DHAVE_TERMIOS_H -DHAVE_TIME_H -DHAVE_UNISTD_H -DHAVE_UTIME_H -DHAVE_STDDEF_H -DHAVE_DLFCN_H -DHAVE_MALLOC_H -DHAVE_MEMORY_H -DHAVE_NETINET_IF_ETHER_H -DHAVE_STDINT_H -DHAVE_SYS_UTSNAME_H -std=gnu11 -o CMakeFiles/cmTC_cf7bd.dir/CurlTests.c.o -c /home/wp2018/user/andythebreaker/car_pi/grpc_test/cmake-3.18.0/Utilities/cmcurl/CMake/CurlTests.c
/home/wp2018/user/andythebreaker/car_pi/grpc_test/cmake-3.18.0/Utilities/cmcurl/CMake/CurlTests.c: In function ‘main’:
/home/wp2018/user/andythebreaker/car_pi/grpc_test/cmake-3.18.0/Utilities/cmcurl/CMake/CurlTests.c:106:23: error: storage size of ‘hdata’ isn’t known
   struct hostent_data hdata;
                       ^~~~~
/home/wp2018/user/andythebreaker/car_pi/grpc_test/cmake-3.18.0/Utilities/cmcurl/CMake/CurlTests.c:127:8: error: too few arguments to function ‘gethostbyaddr_r’
   rc = gethostbyaddr_r(address, length, type, &h, &hdata);
        ^~~~~~~~~~~~~~~
In file included from /home/wp2018/user/andythebreaker/car_pi/grpc_test/cmake-3.18.0/Utilities/cmcurl/CMake/CurlTests.c:93:0:
/usr/include/netdb.h:170:12: note: declared here
 extern int gethostbyaddr_r (const void *__restrict __addr, __socklen_t __len,
            ^~~~~~~~~~~~~~~
CMakeFiles/cmTC_cf7bd.dir/build.make:84: recipe for target 'CMakeFiles/cmTC_cf7bd.dir/CurlTests.c.o' failed
make[1]: *** [CMakeFiles/cmTC_cf7bd.dir/CurlTests.c.o] Error 1
make[1]: Leaving directory '/home/wp2018/user/andythebreaker/car_pi/grpc_test/cmake-3.18.0/CMakeFiles/CMakeTmp'
Makefile:140: recipe for target 'cmTC_cf7bd/fast' failed
make: *** [cmTC_cf7bd/fast] Error 2


Performing Curl Test HAVE_GETHOSTBYADDR_R_7_REENTRANT failed with the following output:
Change Dir: /home/wp2018/user/andythebreaker/car_pi/grpc_test/cmake-3.18.0/CMakeFiles/CMakeTmp

Run Build Command(s):/usr/bin/make cmTC_a2da2/fast && make  -f CMakeFiles/cmTC_a2da2.dir/build.make CMakeFiles/cmTC_a2da2.dir/build
make[1]: Entering directory '/home/wp2018/user/andythebreaker/car_pi/grpc_test/cmake-3.18.0/CMakeFiles/CMakeTmp'
Building C object CMakeFiles/cmTC_a2da2.dir/CurlTests.c.o
/usr/bin/gcc   -w -DHAVE_GETHOSTBYADDR_R_7_REENTRANT  -DHAVE_STDIO_H -DHAVE_INTTYPES_H -DHAVE_SYS_IOCTL_H -DHAVE_SYS_PARAM_H -DHAVE_SYS_POLL_H -DHAVE_SYS_RESOURCE_H -DHAVE_SYS_SELECT_H -DHAVE_SYS_SOCKET_H -DHAVE_SYS_STAT_H -DHAVE_SYS_TIME_H -DHAVE_SYS_TYPES_H -DHAVE_SYS_UIO_H -DHAVE_SYS_UN_H -DHAVE_SYS_XATTR_H -DHAVE_ALLOCA_H -DHAVE_ARPA_INET_H -DHAVE_ARPA_TFTP_H -DHAVE_ASSERT_H -DHAVE_ERR_H -DHAVE_ERRNO_H -DHAVE_FCNTL_H -DHAVE_IFADDRS_H -DHAVE_LIBGEN_H -DHAVE_LOCALE_H -DHAVE_NET_IF_H -DHAVE_NETDB_H -DHAVE_NETINET_IN_H -DHAVE_NETINET_TCP_H -DHAVE_POLL_H -DHAVE_PWD_H -DHAVE_SETJMP_H -DHAVE_SGTTY_H -DHAVE_SIGNAL_H -DHAVE_STDBOOL_H -DHAVE_STDINT_H -DHAVE_STDIO_H -DHAVE_STDLIB_H -DHAVE_STRING_H -DHAVE_STRINGS_H -DHAVE_STROPTS_H -DHAVE_TERMIO_H -DHAVE_TERMIOS_H -DHAVE_TIME_H -DHAVE_UNISTD_H -DHAVE_UTIME_H -DHAVE_STDDEF_H -DHAVE_DLFCN_H -DHAVE_MALLOC_H -DHAVE_MEMORY_H -DHAVE_NETINET_IF_ETHER_H -DHAVE_STDINT_H -DHAVE_SYS_UTSNAME_H -std=gnu11 -o CMakeFiles/cmTC_a2da2.dir/CurlTests.c.o -c /home/wp2018/user/andythebreaker/car_pi/grpc_test/cmake-3.18.0/Utilities/cmcurl/CMake/CurlTests.c
/home/wp2018/user/andythebreaker/car_pi/grpc_test/cmake-3.18.0/Utilities/cmcurl/CMake/CurlTests.c: In function ‘main’:
/home/wp2018/user/andythebreaker/car_pi/grpc_test/cmake-3.18.0/Utilities/cmcurl/CMake/CurlTests.c:131:8: error: too few arguments to function ‘gethostbyaddr_r’
   hp = gethostbyaddr_r(address, length, type, &h, buffer, 8192, &h_errnop);
        ^~~~~~~~~~~~~~~
In file included from /home/wp2018/user/andythebreaker/car_pi/grpc_test/cmake-3.18.0/Utilities/cmcurl/CMake/CurlTests.c:93:0:
/usr/include/netdb.h:170:12: note: declared here
 extern int gethostbyaddr_r (const void *__restrict __addr, __socklen_t __len,
            ^~~~~~~~~~~~~~~
CMakeFiles/cmTC_a2da2.dir/build.make:84: recipe for target 'CMakeFiles/cmTC_a2da2.dir/CurlTests.c.o' failed
make[1]: *** [CMakeFiles/cmTC_a2da2.dir/CurlTests.c.o] Error 1
make[1]: Leaving directory '/home/wp2018/user/andythebreaker/car_pi/grpc_test/cmake-3.18.0/CMakeFiles/CMakeTmp'
Makefile:140: recipe for target 'cmTC_a2da2/fast' failed
make: *** [cmTC_a2da2/fast] Error 2


Performing Curl Test HAVE_GETHOSTBYNAME_R_3 failed with the following output:
Change Dir: /home/wp2018/user/andythebreaker/car_pi/grpc_test/cmake-3.18.0/CMakeFiles/CMakeTmp

Run Build Command(s):/usr/bin/make cmTC_3495a/fast && make  -f CMakeFiles/cmTC_3495a.dir/build.make CMakeFiles/cmTC_3495a.dir/build
make[1]: Entering directory '/home/wp2018/user/andythebreaker/car_pi/grpc_test/cmake-3.18.0/CMakeFiles/CMakeTmp'
Building C object CMakeFiles/cmTC_3495a.dir/CurlTests.c.o
/usr/bin/gcc   -w -DHAVE_GETHOSTBYNAME_R_3  -DHAVE_STDIO_H -DHAVE_INTTYPES_H -DHAVE_SYS_IOCTL_H -DHAVE_SYS_PARAM_H -DHAVE_SYS_POLL_H -DHAVE_SYS_RESOURCE_H -DHAVE_SYS_SELECT_H -DHAVE_SYS_SOCKET_H -DHAVE_SYS_STAT_H -DHAVE_SYS_TIME_H -DHAVE_SYS_TYPES_H -DHAVE_SYS_UIO_H -DHAVE_SYS_UN_H -DHAVE_SYS_XATTR_H -DHAVE_ALLOCA_H -DHAVE_ARPA_INET_H -DHAVE_ARPA_TFTP_H -DHAVE_ASSERT_H -DHAVE_ERR_H -DHAVE_ERRNO_H -DHAVE_FCNTL_H -DHAVE_IFADDRS_H -DHAVE_LIBGEN_H -DHAVE_LOCALE_H -DHAVE_NET_IF_H -DHAVE_NETDB_H -DHAVE_NETINET_IN_H -DHAVE_NETINET_TCP_H -DHAVE_POLL_H -DHAVE_PWD_H -DHAVE_SETJMP_H -DHAVE_SGTTY_H -DHAVE_SIGNAL_H -DHAVE_STDBOOL_H -DHAVE_STDINT_H -DHAVE_STDIO_H -DHAVE_STDLIB_H -DHAVE_STRING_H -DHAVE_STRINGS_H -DHAVE_STROPTS_H -DHAVE_TERMIO_H -DHAVE_TERMIOS_H -DHAVE_TIME_H -DHAVE_UNISTD_H -DHAVE_UTIME_H -DHAVE_STDDEF_H -DHAVE_DLFCN_H -DHAVE_MALLOC_H -DHAVE_MEMORY_H -DHAVE_NETINET_IF_ETHER_H -DHAVE_STDINT_H -DHAVE_SYS_UTSNAME_H -std=gnu11 -o CMakeFiles/cmTC_3495a.dir/CurlTests.c.o -c /home/wp2018/user/andythebreaker/car_pi/grpc_test/cmake-3.18.0/Utilities/cmcurl/CMake/CurlTests.c
/home/wp2018/user/andythebreaker/car_pi/grpc_test/cmake-3.18.0/Utilities/cmcurl/CMake/CurlTests.c: In function ‘main’:
/home/wp2018/user/andythebreaker/car_pi/grpc_test/cmake-3.18.0/Utilities/cmcurl/CMake/CurlTests.c:106:23: error: storage size of ‘hdata’ isn’t known
   struct hostent_data hdata;
                       ^~~~~
/home/wp2018/user/andythebreaker/car_pi/grpc_test/cmake-3.18.0/Utilities/cmcurl/CMake/CurlTests.c:141:8: error: too few arguments to function ‘gethostbyname_r’
   rc = gethostbyname_r(address, &h, &hdata);
        ^~~~~~~~~~~~~~~
In file included from /home/wp2018/user/andythebreaker/car_pi/grpc_test/cmake-3.18.0/Utilities/cmcurl/CMake/CurlTests.c:93:0:
/usr/include/netdb.h:177:12: note: declared here
 extern int gethostbyname_r (const char *__restrict __name,
            ^~~~~~~~~~~~~~~
CMakeFiles/cmTC_3495a.dir/build.make:84: recipe for target 'CMakeFiles/cmTC_3495a.dir/CurlTests.c.o' failed
make[1]: *** [CMakeFiles/cmTC_3495a.dir/CurlTests.c.o] Error 1
make[1]: Leaving directory '/home/wp2018/user/andythebreaker/car_pi/grpc_test/cmake-3.18.0/CMakeFiles/CMakeTmp'
Makefile:140: recipe for target 'cmTC_3495a/fast' failed
make: *** [cmTC_3495a/fast] Error 2


Performing Curl Test HAVE_GETHOSTBYNAME_R_5 failed with the following output:
Change Dir: /home/wp2018/user/andythebreaker/car_pi/grpc_test/cmake-3.18.0/CMakeFiles/CMakeTmp

Run Build Command(s):/usr/bin/make cmTC_1fdb4/fast && make  -f CMakeFiles/cmTC_1fdb4.dir/build.make CMakeFiles/cmTC_1fdb4.dir/build
make[1]: Entering directory '/home/wp2018/user/andythebreaker/car_pi/grpc_test/cmake-3.18.0/CMakeFiles/CMakeTmp'
Building C object CMakeFiles/cmTC_1fdb4.dir/CurlTests.c.o
/usr/bin/gcc   -w -DHAVE_GETHOSTBYNAME_R_5  -DHAVE_STDIO_H -DHAVE_INTTYPES_H -DHAVE_SYS_IOCTL_H -DHAVE_SYS_PARAM_H -DHAVE_SYS_POLL_H -DHAVE_SYS_RESOURCE_H -DHAVE_SYS_SELECT_H -DHAVE_SYS_SOCKET_H -DHAVE_SYS_STAT_H -DHAVE_SYS_TIME_H -DHAVE_SYS_TYPES_H -DHAVE_SYS_UIO_H -DHAVE_SYS_UN_H -DHAVE_SYS_XATTR_H -DHAVE_ALLOCA_H -DHAVE_ARPA_INET_H -DHAVE_ARPA_TFTP_H -DHAVE_ASSERT_H -DHAVE_ERR_H -DHAVE_ERRNO_H -DHAVE_FCNTL_H -DHAVE_IFADDRS_H -DHAVE_LIBGEN_H -DHAVE_LOCALE_H -DHAVE_NET_IF_H -DHAVE_NETDB_H -DHAVE_NETINET_IN_H -DHAVE_NETINET_TCP_H -DHAVE_POLL_H -DHAVE_PWD_H -DHAVE_SETJMP_H -DHAVE_SGTTY_H -DHAVE_SIGNAL_H -DHAVE_STDBOOL_H -DHAVE_STDINT_H -DHAVE_STDIO_H -DHAVE_STDLIB_H -DHAVE_STRING_H -DHAVE_STRINGS_H -DHAVE_STROPTS_H -DHAVE_TERMIO_H -DHAVE_TERMIOS_H -DHAVE_TIME_H -DHAVE_UNISTD_H -DHAVE_UTIME_H -DHAVE_STDDEF_H -DHAVE_DLFCN_H -DHAVE_MALLOC_H -DHAVE_MEMORY_H -DHAVE_NETINET_IF_ETHER_H -DHAVE_STDINT_H -DHAVE_SYS_UTSNAME_H -std=gnu11 -o CMakeFiles/cmTC_1fdb4.dir/CurlTests.c.o -c /home/wp2018/user/andythebreaker/car_pi/grpc_test/cmake-3.18.0/Utilities/cmcurl/CMake/CurlTests.c
/home/wp2018/user/andythebreaker/car_pi/grpc_test/cmake-3.18.0/Utilities/cmcurl/CMake/CurlTests.c: In function ‘main’:
/home/wp2018/user/andythebreaker/car_pi/grpc_test/cmake-3.18.0/Utilities/cmcurl/CMake/CurlTests.c:144:8: error: too few arguments to function ‘gethostbyname_r’
   rc = gethostbyname_r(address, &h, buffer, 8192, &h_errnop);
        ^~~~~~~~~~~~~~~
In file included from /home/wp2018/user/andythebreaker/car_pi/grpc_test/cmake-3.18.0/Utilities/cmcurl/CMake/CurlTests.c:93:0:
/usr/include/netdb.h:177:12: note: declared here
 extern int gethostbyname_r (const char *__restrict __name,
            ^~~~~~~~~~~~~~~
CMakeFiles/cmTC_1fdb4.dir/build.make:84: recipe for target 'CMakeFiles/cmTC_1fdb4.dir/CurlTests.c.o' failed
make[1]: *** [CMakeFiles/cmTC_1fdb4.dir/CurlTests.c.o] Error 1
make[1]: Leaving directory '/home/wp2018/user/andythebreaker/car_pi/grpc_test/cmake-3.18.0/CMakeFiles/CMakeTmp'
Makefile:140: recipe for target 'cmTC_1fdb4/fast' failed
make: *** [cmTC_1fdb4/fast] Error 2


Performing Curl Test HAVE_GETHOSTBYNAME_R_3_REENTRANT failed with the following output:
Change Dir: /home/wp2018/user/andythebreaker/car_pi/grpc_test/cmake-3.18.0/CMakeFiles/CMakeTmp

Run Build Command(s):/usr/bin/make cmTC_9f5a2/fast && make  -f CMakeFiles/cmTC_9f5a2.dir/build.make CMakeFiles/cmTC_9f5a2.dir/build
make[1]: Entering directory '/home/wp2018/user/andythebreaker/car_pi/grpc_test/cmake-3.18.0/CMakeFiles/CMakeTmp'
Building C object CMakeFiles/cmTC_9f5a2.dir/CurlTests.c.o
/usr/bin/gcc   -w -DHAVE_GETHOSTBYNAME_R_3_REENTRANT  -DHAVE_STDIO_H -DHAVE_INTTYPES_H -DHAVE_SYS_IOCTL_H -DHAVE_SYS_PARAM_H -DHAVE_SYS_POLL_H -DHAVE_SYS_RESOURCE_H -DHAVE_SYS_SELECT_H -DHAVE_SYS_SOCKET_H -DHAVE_SYS_STAT_H -DHAVE_SYS_TIME_H -DHAVE_SYS_TYPES_H -DHAVE_SYS_UIO_H -DHAVE_SYS_UN_H -DHAVE_SYS_XATTR_H -DHAVE_ALLOCA_H -DHAVE_ARPA_INET_H -DHAVE_ARPA_TFTP_H -DHAVE_ASSERT_H -DHAVE_ERR_H -DHAVE_ERRNO_H -DHAVE_FCNTL_H -DHAVE_IFADDRS_H -DHAVE_LIBGEN_H -DHAVE_LOCALE_H -DHAVE_NET_IF_H -DHAVE_NETDB_H -DHAVE_NETINET_IN_H -DHAVE_NETINET_TCP_H -DHAVE_POLL_H -DHAVE_PWD_H -DHAVE_SETJMP_H -DHAVE_SGTTY_H -DHAVE_SIGNAL_H -DHAVE_STDBOOL_H -DHAVE_STDINT_H -DHAVE_STDIO_H -DHAVE_STDLIB_H -DHAVE_STRING_H -DHAVE_STRINGS_H -DHAVE_STROPTS_H -DHAVE_TERMIO_H -DHAVE_TERMIOS_H -DHAVE_TIME_H -DHAVE_UNISTD_H -DHAVE_UTIME_H -DHAVE_STDDEF_H -DHAVE_DLFCN_H -DHAVE_MALLOC_H -DHAVE_MEMORY_H -DHAVE_NETINET_IF_ETHER_H -DHAVE_STDINT_H -DHAVE_SYS_UTSNAME_H -std=gnu11 -o CMakeFiles/cmTC_9f5a2.dir/CurlTests.c.o -c /home/wp2018/user/andythebreaker/car_pi/grpc_test/cmake-3.18.0/Utilities/cmcurl/CMake/CurlTests.c
/home/wp2018/user/andythebreaker/car_pi/grpc_test/cmake-3.18.0/Utilities/cmcurl/CMake/CurlTests.c: In function ‘main’:
/home/wp2018/user/andythebreaker/car_pi/grpc_test/cmake-3.18.0/Utilities/cmcurl/CMake/CurlTests.c:106:23: error: storage size of ‘hdata’ isn’t known
   struct hostent_data hdata;
                       ^~~~~
/home/wp2018/user/andythebreaker/car_pi/grpc_test/cmake-3.18.0/Utilities/cmcurl/CMake/CurlTests.c:141:8: error: too few arguments to function ‘gethostbyname_r’
   rc = gethostbyname_r(address, &h, &hdata);
        ^~~~~~~~~~~~~~~
In file included from /home/wp2018/user/andythebreaker/car_pi/grpc_test/cmake-3.18.0/Utilities/cmcurl/CMake/CurlTests.c:93:0:
/usr/include/netdb.h:177:12: note: declared here
 extern int gethostbyname_r (const char *__restrict __name,
            ^~~~~~~~~~~~~~~
CMakeFiles/cmTC_9f5a2.dir/build.make:84: recipe for target 'CMakeFiles/cmTC_9f5a2.dir/CurlTests.c.o' failed
make[1]: *** [CMakeFiles/cmTC_9f5a2.dir/CurlTests.c.o] Error 1
make[1]: Leaving directory '/home/wp2018/user/andythebreaker/car_pi/grpc_test/cmake-3.18.0/CMakeFiles/CMakeTmp'
Makefile:140: recipe for target 'cmTC_9f5a2/fast' failed
make: *** [cmTC_9f5a2/fast] Error 2


Performing Curl Test HAVE_GETHOSTBYNAME_R_5_REENTRANT failed with the following output:
Change Dir: /home/wp2018/user/andythebreaker/car_pi/grpc_test/cmake-3.18.0/CMakeFiles/CMakeTmp

Run Build Command(s):/usr/bin/make cmTC_068a6/fast && make  -f CMakeFiles/cmTC_068a6.dir/build.make CMakeFiles/cmTC_068a6.dir/build
make[1]: Entering directory '/home/wp2018/user/andythebreaker/car_pi/grpc_test/cmake-3.18.0/CMakeFiles/CMakeTmp'
Building C object CMakeFiles/cmTC_068a6.dir/CurlTests.c.o
/usr/bin/gcc   -w -DHAVE_GETHOSTBYNAME_R_5_REENTRANT  -DHAVE_STDIO_H -DHAVE_INTTYPES_H -DHAVE_SYS_IOCTL_H -DHAVE_SYS_PARAM_H -DHAVE_SYS_POLL_H -DHAVE_SYS_RESOURCE_H -DHAVE_SYS_SELECT_H -DHAVE_SYS_SOCKET_H -DHAVE_SYS_STAT_H -DHAVE_SYS_TIME_H -DHAVE_SYS_TYPES_H -DHAVE_SYS_UIO_H -DHAVE_SYS_UN_H -DHAVE_SYS_XATTR_H -DHAVE_ALLOCA_H -DHAVE_ARPA_INET_H -DHAVE_ARPA_TFTP_H -DHAVE_ASSERT_H -DHAVE_ERR_H -DHAVE_ERRNO_H -DHAVE_FCNTL_H -DHAVE_IFADDRS_H -DHAVE_LIBGEN_H -DHAVE_LOCALE_H -DHAVE_NET_IF_H -DHAVE_NETDB_H -DHAVE_NETINET_IN_H -DHAVE_NETINET_TCP_H -DHAVE_POLL_H -DHAVE_PWD_H -DHAVE_SETJMP_H -DHAVE_SGTTY_H -DHAVE_SIGNAL_H -DHAVE_STDBOOL_H -DHAVE_STDINT_H -DHAVE_STDIO_H -DHAVE_STDLIB_H -DHAVE_STRING_H -DHAVE_STRINGS_H -DHAVE_STROPTS_H -DHAVE_TERMIO_H -DHAVE_TERMIOS_H -DHAVE_TIME_H -DHAVE_UNISTD_H -DHAVE_UTIME_H -DHAVE_STDDEF_H -DHAVE_DLFCN_H -DHAVE_MALLOC_H -DHAVE_MEMORY_H -DHAVE_NETINET_IF_ETHER_H -DHAVE_STDINT_H -DHAVE_SYS_UTSNAME_H -std=gnu11 -o CMakeFiles/cmTC_068a6.dir/CurlTests.c.o -c /home/wp2018/user/andythebreaker/car_pi/grpc_test/cmake-3.18.0/Utilities/cmcurl/CMake/CurlTests.c
/home/wp2018/user/andythebreaker/car_pi/grpc_test/cmake-3.18.0/Utilities/cmcurl/CMake/CurlTests.c: In function ‘main’:
/home/wp2018/user/andythebreaker/car_pi/grpc_test/cmake-3.18.0/Utilities/cmcurl/CMake/CurlTests.c:144:8: error: too few arguments to function ‘gethostbyname_r’
   rc = gethostbyname_r(address, &h, buffer, 8192, &h_errnop);
        ^~~~~~~~~~~~~~~
In file included from /home/wp2018/user/andythebreaker/car_pi/grpc_test/cmake-3.18.0/Utilities/cmcurl/CMake/CurlTests.c:93:0:
/usr/include/netdb.h:177:12: note: declared here
 extern int gethostbyname_r (const char *__restrict __name,
            ^~~~~~~~~~~~~~~
CMakeFiles/cmTC_068a6.dir/build.make:84: recipe for target 'CMakeFiles/cmTC_068a6.dir/CurlTests.c.o' failed
make[1]: *** [CMakeFiles/cmTC_068a6.dir/CurlTests.c.o] Error 1
make[1]: Leaving directory '/home/wp2018/user/andythebreaker/car_pi/grpc_test/cmake-3.18.0/CMakeFiles/CMakeTmp'
Makefile:140: recipe for target 'cmTC_068a6/fast' failed
make: *** [cmTC_068a6/fast] Error 2


Performing Curl Test HAVE_INET_NTOA_R_DECL failed with the following output:
Change Dir: /home/wp2018/user/andythebreaker/car_pi/grpc_test/cmake-3.18.0/CMakeFiles/CMakeTmp

Run Build Command(s):/usr/bin/make cmTC_94528/fast && make  -f CMakeFiles/cmTC_94528.dir/build.make CMakeFiles/cmTC_94528.dir/build
make[1]: Entering directory '/home/wp2018/user/andythebreaker/car_pi/grpc_test/cmake-3.18.0/CMakeFiles/CMakeTmp'
Building C object CMakeFiles/cmTC_94528.dir/CurlTests.c.o
/usr/bin/gcc   -w -DHAVE_INET_NTOA_R_DECL  -DHAVE_STDIO_H -DHAVE_INTTYPES_H -DHAVE_SYS_IOCTL_H -DHAVE_SYS_PARAM_H -DHAVE_SYS_POLL_H -DHAVE_SYS_RESOURCE_H -DHAVE_SYS_SELECT_H -DHAVE_SYS_SOCKET_H -DHAVE_SYS_STAT_H -DHAVE_SYS_TIME_H -DHAVE_SYS_TYPES_H -DHAVE_SYS_UIO_H -DHAVE_SYS_UN_H -DHAVE_SYS_XATTR_H -DHAVE_ALLOCA_H -DHAVE_ARPA_INET_H -DHAVE_ARPA_TFTP_H -DHAVE_ASSERT_H -DHAVE_ERR_H -DHAVE_ERRNO_H -DHAVE_FCNTL_H -DHAVE_IFADDRS_H -DHAVE_LIBGEN_H -DHAVE_LOCALE_H -DHAVE_NET_IF_H -DHAVE_NETDB_H -DHAVE_NETINET_IN_H -DHAVE_NETINET_TCP_H -DHAVE_POLL_H -DHAVE_PWD_H -DHAVE_SETJMP_H -DHAVE_SGTTY_H -DHAVE_SIGNAL_H -DHAVE_STDBOOL_H -DHAVE_STDINT_H -DHAVE_STDIO_H -DHAVE_STDLIB_H -DHAVE_STRING_H -DHAVE_STRINGS_H -DHAVE_STROPTS_H -DHAVE_TERMIO_H -DHAVE_TERMIOS_H -DHAVE_TIME_H -DHAVE_UNISTD_H -DHAVE_UTIME_H -DHAVE_STDDEF_H -DHAVE_DLFCN_H -DHAVE_MALLOC_H -DHAVE_MEMORY_H -DHAVE_NETINET_IF_ETHER_H -DHAVE_STDINT_H -DHAVE_SYS_UTSNAME_H -std=gnu11 -o CMakeFiles/cmTC_94528.dir/CurlTests.c.o -c /home/wp2018/user/andythebreaker/car_pi/grpc_test/cmake-3.18.0/Utilities/cmcurl/CMake/CurlTests.c
/home/wp2018/user/andythebreaker/car_pi/grpc_test/cmake-3.18.0/Utilities/cmcurl/CMake/CurlTests.c: In function ‘main’:
/home/wp2018/user/andythebreaker/car_pi/grpc_test/cmake-3.18.0/Utilities/cmcurl/CMake/CurlTests.c:244:21: error: ‘inet_ntoa_r’ undeclared (first use in this function); did you mean ‘inet_ntoa’?
   func = (func_type)inet_ntoa_r;
                     ^~~~~~~~~~~
                     inet_ntoa
/home/wp2018/user/andythebreaker/car_pi/grpc_test/cmake-3.18.0/Utilities/cmcurl/CMake/CurlTests.c:244:21: note: each undeclared identifier is reported only once for each function it appears in
CMakeFiles/cmTC_94528.dir/build.make:84: recipe for target 'CMakeFiles/cmTC_94528.dir/CurlTests.c.o' failed
make[1]: *** [CMakeFiles/cmTC_94528.dir/CurlTests.c.o] Error 1
make[1]: Leaving directory '/home/wp2018/user/andythebreaker/car_pi/grpc_test/cmake-3.18.0/CMakeFiles/CMakeTmp'
Makefile:140: recipe for target 'cmTC_94528/fast' failed
make: *** [cmTC_94528/fast] Error 2


Performing Curl Test HAVE_INET_NTOA_R_DECL_REENTRANT failed with the following output:
Change Dir: /home/wp2018/user/andythebreaker/car_pi/grpc_test/cmake-3.18.0/CMakeFiles/CMakeTmp

Run Build Command(s):/usr/bin/make cmTC_990ae/fast && make  -f CMakeFiles/cmTC_990ae.dir/build.make CMakeFiles/cmTC_990ae.dir/build
make[1]: Entering directory '/home/wp2018/user/andythebreaker/car_pi/grpc_test/cmake-3.18.0/CMakeFiles/CMakeTmp'
Building C object CMakeFiles/cmTC_990ae.dir/CurlTests.c.o
/usr/bin/gcc   -w -DHAVE_INET_NTOA_R_DECL_REENTRANT  -DHAVE_STDIO_H -DHAVE_INTTYPES_H -DHAVE_SYS_IOCTL_H -DHAVE_SYS_PARAM_H -DHAVE_SYS_POLL_H -DHAVE_SYS_RESOURCE_H -DHAVE_SYS_SELECT_H -DHAVE_SYS_SOCKET_H -DHAVE_SYS_STAT_H -DHAVE_SYS_TIME_H -DHAVE_SYS_TYPES_H -DHAVE_SYS_UIO_H -DHAVE_SYS_UN_H -DHAVE_SYS_XATTR_H -DHAVE_ALLOCA_H -DHAVE_ARPA_INET_H -DHAVE_ARPA_TFTP_H -DHAVE_ASSERT_H -DHAVE_ERR_H -DHAVE_ERRNO_H -DHAVE_FCNTL_H -DHAVE_IFADDRS_H -DHAVE_LIBGEN_H -DHAVE_LOCALE_H -DHAVE_NET_IF_H -DHAVE_NETDB_H -DHAVE_NETINET_IN_H -DHAVE_NETINET_TCP_H -DHAVE_POLL_H -DHAVE_PWD_H -DHAVE_SETJMP_H -DHAVE_SGTTY_H -DHAVE_SIGNAL_H -DHAVE_STDBOOL_H -DHAVE_STDINT_H -DHAVE_STDIO_H -DHAVE_STDLIB_H -DHAVE_STRING_H -DHAVE_STRINGS_H -DHAVE_STROPTS_H -DHAVE_TERMIO_H -DHAVE_TERMIOS_H -DHAVE_TIME_H -DHAVE_UNISTD_H -DHAVE_UTIME_H -DHAVE_STDDEF_H -DHAVE_DLFCN_H -DHAVE_MALLOC_H -DHAVE_MEMORY_H -DHAVE_NETINET_IF_ETHER_H -DHAVE_STDINT_H -DHAVE_SYS_UTSNAME_H -std=gnu11 -o CMakeFiles/cmTC_990ae.dir/CurlTests.c.o -c /home/wp2018/user/andythebreaker/car_pi/grpc_test/cmake-3.18.0/Utilities/cmcurl/CMake/CurlTests.c
/home/wp2018/user/andythebreaker/car_pi/grpc_test/cmake-3.18.0/Utilities/cmcurl/CMake/CurlTests.c: In function ‘main’:
/home/wp2018/user/andythebreaker/car_pi/grpc_test/cmake-3.18.0/Utilities/cmcurl/CMake/CurlTests.c:260:22: error: ‘inet_ntoa_r’ undeclared (first use in this function); did you mean ‘inet_ntoa’?
   func = (func_type)&inet_ntoa_r;
                      ^~~~~~~~~~~
                      inet_ntoa
/home/wp2018/user/andythebreaker/car_pi/grpc_test/cmake-3.18.0/Utilities/cmcurl/CMake/CurlTests.c:260:22: note: each undeclared identifier is reported only once for each function it appears in
CMakeFiles/cmTC_990ae.dir/build.make:84: recipe for target 'CMakeFiles/cmTC_990ae.dir/CurlTests.c.o' failed
make[1]: *** [CMakeFiles/cmTC_990ae.dir/CurlTests.c.o] Error 1
make[1]: Leaving directory '/home/wp2018/user/andythebreaker/car_pi/grpc_test/cmake-3.18.0/CMakeFiles/CMakeTmp'
Makefile:140: recipe for target 'cmTC_990ae/fast' failed
make: *** [cmTC_990ae/fast] Error 2


Performing Curl Test HAVE_GLIBC_STRERROR_R failed with the following output:
Change Dir: /home/wp2018/user/andythebreaker/car_pi/grpc_test/cmake-3.18.0/CMakeFiles/CMakeTmp

Run Build Command(s):/usr/bin/make cmTC_51d0c/fast && make  -f CMakeFiles/cmTC_51d0c.dir/build.make CMakeFiles/cmTC_51d0c.dir/build
make[1]: Entering directory '/home/wp2018/user/andythebreaker/car_pi/grpc_test/cmake-3.18.0/CMakeFiles/CMakeTmp'
Building C object CMakeFiles/cmTC_51d0c.dir/CurlTests.c.o
/usr/bin/gcc   -w -DHAVE_GLIBC_STRERROR_R  -DHAVE_STDIO_H -DHAVE_INTTYPES_H -DHAVE_SYS_IOCTL_H -DHAVE_SYS_PARAM_H -DHAVE_SYS_POLL_H -DHAVE_SYS_RESOURCE_H -DHAVE_SYS_SELECT_H -DHAVE_SYS_SOCKET_H -DHAVE_SYS_STAT_H -DHAVE_SYS_TIME_H -DHAVE_SYS_TYPES_H -DHAVE_SYS_UIO_H -DHAVE_SYS_UN_H -DHAVE_SYS_XATTR_H -DHAVE_ALLOCA_H -DHAVE_ARPA_INET_H -DHAVE_ARPA_TFTP_H -DHAVE_ASSERT_H -DHAVE_ERR_H -DHAVE_ERRNO_H -DHAVE_FCNTL_H -DHAVE_IFADDRS_H -DHAVE_LIBGEN_H -DHAVE_LOCALE_H -DHAVE_NET_IF_H -DHAVE_NETDB_H -DHAVE_NETINET_IN_H -DHAVE_NETINET_TCP_H -DHAVE_POLL_H -DHAVE_PWD_H -DHAVE_SETJMP_H -DHAVE_SGTTY_H -DHAVE_SIGNAL_H -DHAVE_STDBOOL_H -DHAVE_STDINT_H -DHAVE_STDIO_H -DHAVE_STDLIB_H -DHAVE_STRING_H -DHAVE_STRINGS_H -DHAVE_STROPTS_H -DHAVE_TERMIO_H -DHAVE_TERMIOS_H -DHAVE_TIME_H -DHAVE_UNISTD_H -DHAVE_UTIME_H -DHAVE_STDDEF_H -DHAVE_DLFCN_H -DHAVE_MALLOC_H -DHAVE_MEMORY_H -DHAVE_NETINET_IF_ETHER_H -DHAVE_STDINT_H -DHAVE_SYS_UTSNAME_H -std=gnu11 -o CMakeFiles/cmTC_51d0c.dir/CurlTests.c.o -c /home/wp2018/user/andythebreaker/car_pi/grpc_test/cmake-3.18.0/Utilities/cmcurl/CMake/CurlTests.c
/home/wp2018/user/andythebreaker/car_pi/grpc_test/cmake-3.18.0/Utilities/cmcurl/CMake/CurlTests.c: In function ‘main’:
/home/wp2018/user/andythebreaker/car_pi/grpc_test/cmake-3.18.0/Utilities/cmcurl/CMake/CurlTests.c:521:51: error: subscripted value is neither array nor pointer nor vector
   check(strerror_r(EACCES, buffer, sizeof(buffer))[0]);
                                                   ^
CMakeFiles/cmTC_51d0c.dir/build.make:84: recipe for target 'CMakeFiles/cmTC_51d0c.dir/CurlTests.c.o' failed
make[1]: *** [CMakeFiles/cmTC_51d0c.dir/CurlTests.c.o] Error 1
make[1]: Leaving directory '/home/wp2018/user/andythebreaker/car_pi/grpc_test/cmake-3.18.0/CMakeFiles/CMakeTmp'
Makefile:140: recipe for target 'cmTC_51d0c/fast' failed
make: *** [cmTC_51d0c/fast] Error 2


Performing Curl Test HAVE_BUILTIN_AVAILABLE failed with the following output:
Change Dir: /home/wp2018/user/andythebreaker/car_pi/grpc_test/cmake-3.18.0/CMakeFiles/CMakeTmp

Run Build Command(s):/usr/bin/make cmTC_50595/fast && make  -f CMakeFiles/cmTC_50595.dir/build.make CMakeFiles/cmTC_50595.dir/build
make[1]: Entering directory '/home/wp2018/user/andythebreaker/car_pi/grpc_test/cmake-3.18.0/CMakeFiles/CMakeTmp'
Building C object CMakeFiles/cmTC_50595.dir/CurlTests.c.o
/usr/bin/gcc   -w -DHAVE_BUILTIN_AVAILABLE  -DHAVE_STDIO_H -DHAVE_INTTYPES_H -DHAVE_SYS_IOCTL_H -DHAVE_SYS_PARAM_H -DHAVE_SYS_POLL_H -DHAVE_SYS_RESOURCE_H -DHAVE_SYS_SELECT_H -DHAVE_SYS_SOCKET_H -DHAVE_SYS_STAT_H -DHAVE_SYS_TIME_H -DHAVE_SYS_TYPES_H -DHAVE_SYS_UIO_H -DHAVE_SYS_UN_H -DHAVE_SYS_XATTR_H -DHAVE_ALLOCA_H -DHAVE_ARPA_INET_H -DHAVE_ARPA_TFTP_H -DHAVE_ASSERT_H -DHAVE_ERR_H -DHAVE_ERRNO_H -DHAVE_FCNTL_H -DHAVE_IFADDRS_H -DHAVE_LIBGEN_H -DHAVE_LOCALE_H -DHAVE_NET_IF_H -DHAVE_NETDB_H -DHAVE_NETINET_IN_H -DHAVE_NETINET_TCP_H -DHAVE_POLL_H -DHAVE_PWD_H -DHAVE_SETJMP_H -DHAVE_SGTTY_H -DHAVE_SIGNAL_H -DHAVE_STDBOOL_H -DHAVE_STDINT_H -DHAVE_STDIO_H -DHAVE_STDLIB_H -DHAVE_STRING_H -DHAVE_STRINGS_H -DHAVE_STROPTS_H -DHAVE_TERMIO_H -DHAVE_TERMIOS_H -DHAVE_TIME_H -DHAVE_UNISTD_H -DHAVE_UTIME_H -DHAVE_STDDEF_H -DHAVE_DLFCN_H -DHAVE_MALLOC_H -DHAVE_MEMORY_H -DHAVE_NETINET_IF_ETHER_H -DHAVE_STDINT_H -DHAVE_SYS_UTSNAME_H -std=gnu11 -o CMakeFiles/cmTC_50595.dir/CurlTests.c.o -c /home/wp2018/user/andythebreaker/car_pi/grpc_test/cmake-3.18.0/Utilities/cmcurl/CMake/CurlTests.c
/home/wp2018/user/andythebreaker/car_pi/grpc_test/cmake-3.18.0/Utilities/cmcurl/CMake/CurlTests.c: In function ‘main’:
/home/wp2018/user/andythebreaker/car_pi/grpc_test/cmake-3.18.0/Utilities/cmcurl/CMake/CurlTests.c:568:26: error: ‘macOS’ undeclared (first use in this function)
   if(__builtin_available(macOS 10.12, *)) {}
                          ^~~~~
/home/wp2018/user/andythebreaker/car_pi/grpc_test/cmake-3.18.0/Utilities/cmcurl/CMake/CurlTests.c:568:26: note: each undeclared identifier is reported only once for each function it appears in
/home/wp2018/user/andythebreaker/car_pi/grpc_test/cmake-3.18.0/Utilities/cmcurl/CMake/CurlTests.c:568:32: error: expected ‘)’ before numeric constant
   if(__builtin_available(macOS 10.12, *)) {}
                                ^~~~~
CMakeFiles/cmTC_50595.dir/build.make:84: recipe for target 'CMakeFiles/cmTC_50595.dir/CurlTests.c.o' failed
make[1]: *** [CMakeFiles/cmTC_50595.dir/CurlTests.c.o] Error 1
make[1]: Leaving directory '/home/wp2018/user/andythebreaker/car_pi/grpc_test/cmake-3.18.0/CMakeFiles/CMakeTmp'
Makefile:140: recipe for target 'cmTC_50595/fast' failed
make: *** [cmTC_50595/fast] Error 2


Determining if the arc4random_buf exist failed with the following output:
Change Dir: /home/wp2018/user/andythebreaker/car_pi/grpc_test/cmake-3.18.0/CMakeFiles/CMakeTmp

Run Build Command(s):/usr/bin/make cmTC_932ef/fast && make  -f CMakeFiles/cmTC_932ef.dir/build.make CMakeFiles/cmTC_932ef.dir/build
make[1]: Entering directory '/home/wp2018/user/andythebreaker/car_pi/grpc_test/cmake-3.18.0/CMakeFiles/CMakeTmp'
Building C object CMakeFiles/cmTC_932ef.dir/CheckSymbolExists.c.o
/usr/bin/gcc   -w  -std=gnu11 -o CMakeFiles/cmTC_932ef.dir/CheckSymbolExists.c.o -c /home/wp2018/user/andythebreaker/car_pi/grpc_test/cmake-3.18.0/CMakeFiles/CMakeTmp/CheckSymbolExists.c
/home/wp2018/user/andythebreaker/car_pi/grpc_test/cmake-3.18.0/CMakeFiles/CMakeTmp/CheckSymbolExists.c: In function ‘main’:
/home/wp2018/user/andythebreaker/car_pi/grpc_test/cmake-3.18.0/CMakeFiles/CMakeTmp/CheckSymbolExists.c:8:19: error: ‘arc4random_buf’ undeclared (first use in this function); did you mean ‘srandom_r’?
   return ((int*)(&arc4random_buf))[argc];
                   ^~~~~~~~~~~~~~
                   srandom_r
/home/wp2018/user/andythebreaker/car_pi/grpc_test/cmake-3.18.0/CMakeFiles/CMakeTmp/CheckSymbolExists.c:8:19: note: each undeclared identifier is reported only once for each function it appears in
CMakeFiles/cmTC_932ef.dir/build.make:84: recipe for target 'CMakeFiles/cmTC_932ef.dir/CheckSymbolExists.c.o' failed
make[1]: *** [CMakeFiles/cmTC_932ef.dir/CheckSymbolExists.c.o] Error 1
make[1]: Leaving directory '/home/wp2018/user/andythebreaker/car_pi/grpc_test/cmake-3.18.0/CMakeFiles/CMakeTmp'
Makefile:140: recipe for target 'cmTC_932ef/fast' failed
make: *** [cmTC_932ef/fast] Error 2


File /home/wp2018/user/andythebreaker/car_pi/grpc_test/cmake-3.18.0/CMakeFiles/CMakeTmp/CheckSymbolExists.c:
/* */
#include <stdlib.h>

int main(int argc, char** argv)
{
  (void)argv;
#ifndef arc4random_buf
  return ((int*)(&arc4random_buf))[argc];
#else
  (void)argc;
  return 0;
#endif
}
Determining if the arc4random exist failed with the following output:
Change Dir: /home/wp2018/user/andythebreaker/car_pi/grpc_test/cmake-3.18.0/CMakeFiles/CMakeTmp

Run Build Command(s):/usr/bin/make cmTC_2e149/fast && make  -f CMakeFiles/cmTC_2e149.dir/build.make CMakeFiles/cmTC_2e149.dir/build
make[1]: Entering directory '/home/wp2018/user/andythebreaker/car_pi/grpc_test/cmake-3.18.0/CMakeFiles/CMakeTmp'
Building C object CMakeFiles/cmTC_2e149.dir/CheckSymbolExists.c.o
/usr/bin/gcc   -w  -std=gnu11 -o CMakeFiles/cmTC_2e149.dir/CheckSymbolExists.c.o -c /home/wp2018/user/andythebreaker/car_pi/grpc_test/cmake-3.18.0/CMakeFiles/CMakeTmp/CheckSymbolExists.c
/home/wp2018/user/andythebreaker/car_pi/grpc_test/cmake-3.18.0/CMakeFiles/CMakeTmp/CheckSymbolExists.c: In function ‘main’:
/home/wp2018/user/andythebreaker/car_pi/grpc_test/cmake-3.18.0/CMakeFiles/CMakeTmp/CheckSymbolExists.c:8:19: error: ‘arc4random’ undeclared (first use in this function); did you mean ‘srandom’?
   return ((int*)(&arc4random))[argc];
                   ^~~~~~~~~~
                   srandom
/home/wp2018/user/andythebreaker/car_pi/grpc_test/cmake-3.18.0/CMakeFiles/CMakeTmp/CheckSymbolExists.c:8:19: note: each undeclared identifier is reported only once for each function it appears in
CMakeFiles/cmTC_2e149.dir/build.make:84: recipe for target 'CMakeFiles/cmTC_2e149.dir/CheckSymbolExists.c.o' failed
make[1]: *** [CMakeFiles/cmTC_2e149.dir/CheckSymbolExists.c.o] Error 1
make[1]: Leaving directory '/home/wp2018/user/andythebreaker/car_pi/grpc_test/cmake-3.18.0/CMakeFiles/CMakeTmp'
Makefile:140: recipe for target 'cmTC_2e149/fast' failed
make: *** [cmTC_2e149/fast] Error 2


File /home/wp2018/user/andythebreaker/car_pi/grpc_test/cmake-3.18.0/CMakeFiles/CMakeTmp/CheckSymbolExists.c:
/* */
#include <stdlib.h>

int main(int argc, char** argv)
{
  (void)argv;
#ifndef arc4random
  return ((int*)(&arc4random))[argc];
#else
  (void)argc;
  return 0;
#endif
}
Determining if files sys/types.h;ctype.h;copyfile.h exist failed with the following output:
Change Dir: /home/wp2018/user/andythebreaker/car_pi/grpc_test/cmake-3.18.0/CMakeFiles/CMakeTmp

Run Build Command(s):/usr/bin/make cmTC_4c65c/fast && make  -f CMakeFiles/cmTC_4c65c.dir/build.make CMakeFiles/cmTC_4c65c.dir/build
make[1]: Entering directory '/home/wp2018/user/andythebreaker/car_pi/grpc_test/cmake-3.18.0/CMakeFiles/CMakeTmp'
Building C object CMakeFiles/cmTC_4c65c.dir/HAVE_COPYFILE_H.c.o
/usr/bin/gcc   -w  -std=gnu11 -o CMakeFiles/cmTC_4c65c.dir/HAVE_COPYFILE_H.c.o -c /home/wp2018/user/andythebreaker/car_pi/grpc_test/cmake-3.18.0/CMakeFiles/CheckIncludeFiles/HAVE_COPYFILE_H.c
/home/wp2018/user/andythebreaker/car_pi/grpc_test/cmake-3.18.0/CMakeFiles/CheckIncludeFiles/HAVE_COPYFILE_H.c:4:10: fatal error: copyfile.h: No such file or directory
 #include <copyfile.h>
          ^~~~~~~~~~~~
compilation terminated.
CMakeFiles/cmTC_4c65c.dir/build.make:84: recipe for target 'CMakeFiles/cmTC_4c65c.dir/HAVE_COPYFILE_H.c.o' failed
make[1]: *** [CMakeFiles/cmTC_4c65c.dir/HAVE_COPYFILE_H.c.o] Error 1
make[1]: Leaving directory '/home/wp2018/user/andythebreaker/car_pi/grpc_test/cmake-3.18.0/CMakeFiles/CMakeTmp'
Makefile:140: recipe for target 'cmTC_4c65c/fast' failed
make: *** [cmTC_4c65c/fast] Error 2


Source:
/* */
#include <sys/types.h>
#include <ctype.h>
#include <copyfile.h>


int main(void){return 0;}

Determining if files sys/types.h;ctype.h;direct.h exist failed with the following output:
Change Dir: /home/wp2018/user/andythebreaker/car_pi/grpc_test/cmake-3.18.0/CMakeFiles/CMakeTmp

Run Build Command(s):/usr/bin/make cmTC_a040e/fast && make  -f CMakeFiles/cmTC_a040e.dir/build.make CMakeFiles/cmTC_a040e.dir/build
make[1]: Entering directory '/home/wp2018/user/andythebreaker/car_pi/grpc_test/cmake-3.18.0/CMakeFiles/CMakeTmp'
Building C object CMakeFiles/cmTC_a040e.dir/HAVE_DIRECT_H.c.o
/usr/bin/gcc   -w  -std=gnu11 -o CMakeFiles/cmTC_a040e.dir/HAVE_DIRECT_H.c.o -c /home/wp2018/user/andythebreaker/car_pi/grpc_test/cmake-3.18.0/CMakeFiles/CheckIncludeFiles/HAVE_DIRECT_H.c
/home/wp2018/user/andythebreaker/car_pi/grpc_test/cmake-3.18.0/CMakeFiles/CheckIncludeFiles/HAVE_DIRECT_H.c:4:10: fatal error: direct.h: No such file or directory
 #include <direct.h>
          ^~~~~~~~~~
compilation terminated.
CMakeFiles/cmTC_a040e.dir/build.make:84: recipe for target 'CMakeFiles/cmTC_a040e.dir/HAVE_DIRECT_H.c.o' failed
make[1]: *** [CMakeFiles/cmTC_a040e.dir/HAVE_DIRECT_H.c.o] Error 1
make[1]: Leaving directory '/home/wp2018/user/andythebreaker/car_pi/grpc_test/cmake-3.18.0/CMakeFiles/CMakeTmp'
Makefile:140: recipe for target 'cmTC_a040e/fast' failed
make: *** [cmTC_a040e/fast] Error 2


Source:
/* */
#include <sys/types.h>
#include <ctype.h>
#include <direct.h>


int main(void){return 0;}

Determining if files sys/types.h;ctype.h;dlfcn.h;errno.h;ext2fs/ext2_fs.h exist failed with the following output:
Change Dir: /home/wp2018/user/andythebreaker/car_pi/grpc_test/cmake-3.18.0/CMakeFiles/CMakeTmp

Run Build Command(s):/usr/bin/make cmTC_19d44/fast && make  -f CMakeFiles/cmTC_19d44.dir/build.make CMakeFiles/cmTC_19d44.dir/build
make[1]: Entering directory '/home/wp2018/user/andythebreaker/car_pi/grpc_test/cmake-3.18.0/CMakeFiles/CMakeTmp'
Building C object CMakeFiles/cmTC_19d44.dir/HAVE_EXT2FS_EXT2_FS_H.c.o
/usr/bin/gcc   -w  -std=gnu11 -o CMakeFiles/cmTC_19d44.dir/HAVE_EXT2FS_EXT2_FS_H.c.o -c /home/wp2018/user/andythebreaker/car_pi/grpc_test/cmake-3.18.0/CMakeFiles/CheckIncludeFiles/HAVE_EXT2FS_EXT2_FS_H.c
/home/wp2018/user/andythebreaker/car_pi/grpc_test/cmake-3.18.0/CMakeFiles/CheckIncludeFiles/HAVE_EXT2FS_EXT2_FS_H.c:6:10: fatal error: ext2fs/ext2_fs.h: No such file or directory
 #include <ext2fs/ext2_fs.h>
          ^~~~~~~~~~~~~~~~~~
compilation terminated.
CMakeFiles/cmTC_19d44.dir/build.make:84: recipe for target 'CMakeFiles/cmTC_19d44.dir/HAVE_EXT2FS_EXT2_FS_H.c.o' failed
make[1]: *** [CMakeFiles/cmTC_19d44.dir/HAVE_EXT2FS_EXT2_FS_H.c.o] Error 1
make[1]: Leaving directory '/home/wp2018/user/andythebreaker/car_pi/grpc_test/cmake-3.18.0/CMakeFiles/CMakeTmp'
Makefile:140: recipe for target 'cmTC_19d44/fast' failed
make: *** [cmTC_19d44/fast] Error 2


Source:
/* */
#include <sys/types.h>
#include <ctype.h>
#include <dlfcn.h>
#include <errno.h>
#include <ext2fs/ext2_fs.h>


int main(void){return 0;}

Performing C SOURCE FILE Test HAVE_WORKING_EXT2_IOC_GETFLAGS failed with the following output:
Change Dir: /home/wp2018/user/andythebreaker/car_pi/grpc_test/cmake-3.18.0/CMakeFiles/CMakeTmp

Run Build Command(s):/usr/bin/make cmTC_7a426/fast && make  -f CMakeFiles/cmTC_7a426.dir/build.make CMakeFiles/cmTC_7a426.dir/build
make[1]: Entering directory '/home/wp2018/user/andythebreaker/car_pi/grpc_test/cmake-3.18.0/CMakeFiles/CMakeTmp'
Building C object CMakeFiles/cmTC_7a426.dir/src.c.o
/usr/bin/gcc   -w -DHAVE_WORKING_EXT2_IOC_GETFLAGS -std=gnu11 -o CMakeFiles/cmTC_7a426.dir/src.c.o -c /home/wp2018/user/andythebreaker/car_pi/grpc_test/cmake-3.18.0/CMakeFiles/CMakeTmp/src.c
/home/wp2018/user/andythebreaker/car_pi/grpc_test/cmake-3.18.0/CMakeFiles/CMakeTmp/src.c:2:10: fatal error: ext2fs/ext2_fs.h: No such file or directory
 #include <ext2fs/ext2_fs.h>
          ^~~~~~~~~~~~~~~~~~
compilation terminated.
CMakeFiles/cmTC_7a426.dir/build.make:84: recipe for target 'CMakeFiles/cmTC_7a426.dir/src.c.o' failed
make[1]: *** [CMakeFiles/cmTC_7a426.dir/src.c.o] Error 1
make[1]: Leaving directory '/home/wp2018/user/andythebreaker/car_pi/grpc_test/cmake-3.18.0/CMakeFiles/CMakeTmp'
Makefile:140: recipe for target 'cmTC_7a426/fast' failed
make: *** [cmTC_7a426/fast] Error 2


Source file was:
#include <sys/ioctl.h>
#include <ext2fs/ext2_fs.h>
int main(void) { return EXT2_IOC_GETFLAGS; }
Determining if files sys/types.h;ctype.h;dlfcn.h;errno.h;fcntl.h;grp.h;langinfo.h;limits.h;linux/types.h;linux/fiemap.h;linux/fs.h;linux/magic.h;locale.h;membership.h exist failed with the following output:
Change Dir: /home/wp2018/user/andythebreaker/car_pi/grpc_test/cmake-3.18.0/CMakeFiles/CMakeTmp

Run Build Command(s):/usr/bin/make cmTC_7ab8f/fast && make  -f CMakeFiles/cmTC_7ab8f.dir/build.make CMakeFiles/cmTC_7ab8f.dir/build
make[1]: Entering directory '/home/wp2018/user/andythebreaker/car_pi/grpc_test/cmake-3.18.0/CMakeFiles/CMakeTmp'
Building C object CMakeFiles/cmTC_7ab8f.dir/HAVE_MEMBERSHIP_H.c.o
/usr/bin/gcc   -w  -std=gnu11 -o CMakeFiles/cmTC_7ab8f.dir/HAVE_MEMBERSHIP_H.c.o -c /home/wp2018/user/andythebreaker/car_pi/grpc_test/cmake-3.18.0/CMakeFiles/CheckIncludeFiles/HAVE_MEMBERSHIP_H.c
/home/wp2018/user/andythebreaker/car_pi/grpc_test/cmake-3.18.0/CMakeFiles/CheckIncludeFiles/HAVE_MEMBERSHIP_H.c:15:10: fatal error: membership.h: No such file or directory
 #include <membership.h>
          ^~~~~~~~~~~~~~
compilation terminated.
CMakeFiles/cmTC_7ab8f.dir/build.make:84: recipe for target 'CMakeFiles/cmTC_7ab8f.dir/HAVE_MEMBERSHIP_H.c.o' failed
make[1]: *** [CMakeFiles/cmTC_7ab8f.dir/HAVE_MEMBERSHIP_H.c.o] Error 1
make[1]: Leaving directory '/home/wp2018/user/andythebreaker/car_pi/grpc_test/cmake-3.18.0/CMakeFiles/CMakeTmp'
Makefile:140: recipe for target 'cmTC_7ab8f/fast' failed
make: *** [cmTC_7ab8f/fast] Error 2


Source:
/* */
#include <sys/types.h>
#include <ctype.h>
#include <dlfcn.h>
#include <errno.h>
#include <fcntl.h>
#include <grp.h>
#include <langinfo.h>
#include <limits.h>
#include <linux/types.h>
#include <linux/fiemap.h>
#include <linux/fs.h>
#include <linux/magic.h>
#include <locale.h>
#include <membership.h>


int main(void){return 0;}

Determining if files sys/types.h;ctype.h;dlfcn.h;errno.h;fcntl.h;grp.h;langinfo.h;limits.h;linux/types.h;linux/fiemap.h;linux/fs.h;linux/magic.h;locale.h;memory.h;paths.h;poll.h;pthread.h;pwd.h;readpassphrase.h exist failed with the following output:
Change Dir: /home/wp2018/user/andythebreaker/car_pi/grpc_test/cmake-3.18.0/CMakeFiles/CMakeTmp

Run Build Command(s):/usr/bin/make cmTC_7d909/fast && make  -f CMakeFiles/cmTC_7d909.dir/build.make CMakeFiles/cmTC_7d909.dir/build
make[1]: Entering directory '/home/wp2018/user/andythebreaker/car_pi/grpc_test/cmake-3.18.0/CMakeFiles/CMakeTmp'
Building C object CMakeFiles/cmTC_7d909.dir/HAVE_READPASSPHRASE_H.c.o
/usr/bin/gcc   -w  -std=gnu11 -o CMakeFiles/cmTC_7d909.dir/HAVE_READPASSPHRASE_H.c.o -c /home/wp2018/user/andythebreaker/car_pi/grpc_test/cmake-3.18.0/CMakeFiles/CheckIncludeFiles/HAVE_READPASSPHRASE_H.c
/home/wp2018/user/andythebreaker/car_pi/grpc_test/cmake-3.18.0/CMakeFiles/CheckIncludeFiles/HAVE_READPASSPHRASE_H.c:20:10: fatal error: readpassphrase.h: No such file or directory
 #include <readpassphrase.h>
          ^~~~~~~~~~~~~~~~~~
compilation terminated.
CMakeFiles/cmTC_7d909.dir/build.make:84: recipe for target 'CMakeFiles/cmTC_7d909.dir/HAVE_READPASSPHRASE_H.c.o' failed
make[1]: *** [CMakeFiles/cmTC_7d909.dir/HAVE_READPASSPHRASE_H.c.o] Error 1
make[1]: Leaving directory '/home/wp2018/user/andythebreaker/car_pi/grpc_test/cmake-3.18.0/CMakeFiles/CMakeTmp'
Makefile:140: recipe for target 'cmTC_7d909/fast' failed
make: *** [cmTC_7d909/fast] Error 2


Source:
/* */
#include <sys/types.h>
#include <ctype.h>
#include <dlfcn.h>
#include <errno.h>
#include <fcntl.h>
#include <grp.h>
#include <langinfo.h>
#include <limits.h>
#include <linux/types.h>
#include <linux/fiemap.h>
#include <linux/fs.h>
#include <linux/magic.h>
#include <locale.h>
#include <memory.h>
#include <paths.h>
#include <poll.h>
#include <pthread.h>
#include <pwd.h>
#include <readpassphrase.h>


int main(void){return 0;}

Determining if files sys/types.h;ctype.h;dlfcn.h;errno.h;fcntl.h;grp.h;langinfo.h;limits.h;linux/types.h;linux/fiemap.h;linux/fs.h;linux/magic.h;locale.h;memory.h;paths.h;poll.h;pthread.h;pwd.h;regex.h;signal.h;spawn.h;stdarg.h;stdlib.h;string.h;strings.h;sys/acl.h exist failed with the following output:
Change Dir: /home/wp2018/user/andythebreaker/car_pi/grpc_test/cmake-3.18.0/CMakeFiles/CMakeTmp

Run Build Command(s):/usr/bin/make cmTC_67ecf/fast && make  -f CMakeFiles/cmTC_67ecf.dir/build.make CMakeFiles/cmTC_67ecf.dir/build
make[1]: Entering directory '/home/wp2018/user/andythebreaker/car_pi/grpc_test/cmake-3.18.0/CMakeFiles/CMakeTmp'
Building C object CMakeFiles/cmTC_67ecf.dir/HAVE_SYS_ACL_H.c.o
/usr/bin/gcc   -w  -std=gnu11 -o CMakeFiles/cmTC_67ecf.dir/HAVE_SYS_ACL_H.c.o -c /home/wp2018/user/andythebreaker/car_pi/grpc_test/cmake-3.18.0/CMakeFiles/CheckIncludeFiles/HAVE_SYS_ACL_H.c
/home/wp2018/user/andythebreaker/car_pi/grpc_test/cmake-3.18.0/CMakeFiles/CheckIncludeFiles/HAVE_SYS_ACL_H.c:27:10: fatal error: sys/acl.h: No such file or directory
 #include <sys/acl.h>
          ^~~~~~~~~~~
compilation terminated.
CMakeFiles/cmTC_67ecf.dir/build.make:84: recipe for target 'CMakeFiles/cmTC_67ecf.dir/HAVE_SYS_ACL_H.c.o' failed
make[1]: *** [CMakeFiles/cmTC_67ecf.dir/HAVE_SYS_ACL_H.c.o] Error 1
make[1]: Leaving directory '/home/wp2018/user/andythebreaker/car_pi/grpc_test/cmake-3.18.0/CMakeFiles/CMakeTmp'
Makefile:140: recipe for target 'cmTC_67ecf/fast' failed
make: *** [cmTC_67ecf/fast] Error 2


Source:
/* */
#include <sys/types.h>
#include <ctype.h>
#include <dlfcn.h>
#include <errno.h>
#include <fcntl.h>
#include <grp.h>
#include <langinfo.h>
#include <limits.h>
#include <linux/types.h>
#include <linux/fiemap.h>
#include <linux/fs.h>
#include <linux/magic.h>
#include <locale.h>
#include <memory.h>
#include <paths.h>
#include <poll.h>
#include <pthread.h>
#include <pwd.h>
#include <regex.h>
#include <signal.h>
#include <spawn.h>
#include <stdarg.h>
#include <stdlib.h>
#include <string.h>
#include <strings.h>
#include <sys/acl.h>


int main(void){return 0;}

Determining if files sys/types.h;ctype.h;dlfcn.h;errno.h;fcntl.h;grp.h;langinfo.h;limits.h;linux/types.h;linux/fiemap.h;linux/fs.h;linux/magic.h;locale.h;memory.h;paths.h;poll.h;pthread.h;pwd.h;regex.h;signal.h;spawn.h;stdarg.h;stdlib.h;string.h;strings.h;sys/cdefs.h;sys/extattr.h exist failed with the following output:
Change Dir: /home/wp2018/user/andythebreaker/car_pi/grpc_test/cmake-3.18.0/CMakeFiles/CMakeTmp

Run Build Command(s):/usr/bin/make cmTC_8e27f/fast && make  -f CMakeFiles/cmTC_8e27f.dir/build.make CMakeFiles/cmTC_8e27f.dir/build
make[1]: Entering directory '/home/wp2018/user/andythebreaker/car_pi/grpc_test/cmake-3.18.0/CMakeFiles/CMakeTmp'
Building C object CMakeFiles/cmTC_8e27f.dir/HAVE_SYS_EXTATTR_H.c.o
/usr/bin/gcc   -w  -std=gnu11 -o CMakeFiles/cmTC_8e27f.dir/HAVE_SYS_EXTATTR_H.c.o -c /home/wp2018/user/andythebreaker/car_pi/grpc_test/cmake-3.18.0/CMakeFiles/CheckIncludeFiles/HAVE_SYS_EXTATTR_H.c
/home/wp2018/user/andythebreaker/car_pi/grpc_test/cmake-3.18.0/CMakeFiles/CheckIncludeFiles/HAVE_SYS_EXTATTR_H.c:28:10: fatal error: sys/extattr.h: No such file or directory
 #include <sys/extattr.h>
          ^~~~~~~~~~~~~~~
compilation terminated.
CMakeFiles/cmTC_8e27f.dir/build.make:84: recipe for target 'CMakeFiles/cmTC_8e27f.dir/HAVE_SYS_EXTATTR_H.c.o' failed
make[1]: *** [CMakeFiles/cmTC_8e27f.dir/HAVE_SYS_EXTATTR_H.c.o] Error 1
make[1]: Leaving directory '/home/wp2018/user/andythebreaker/car_pi/grpc_test/cmake-3.18.0/CMakeFiles/CMakeTmp'
Makefile:140: recipe for target 'cmTC_8e27f/fast' failed
make: *** [cmTC_8e27f/fast] Error 2


Source:
/* */
#include <sys/types.h>
#include <ctype.h>
#include <dlfcn.h>
#include <errno.h>
#include <fcntl.h>
#include <grp.h>
#include <langinfo.h>
#include <limits.h>
#include <linux/types.h>
#include <linux/fiemap.h>
#include <linux/fs.h>
#include <linux/magic.h>
#include <locale.h>
#include <memory.h>
#include <paths.h>
#include <poll.h>
#include <pthread.h>
#include <pwd.h>
#include <regex.h>
#include <signal.h>
#include <spawn.h>
#include <stdarg.h>
#include <stdlib.h>
#include <string.h>
#include <strings.h>
#include <sys/cdefs.h>
#include <sys/extattr.h>


int main(void){return 0;}

Determining if files sys/types.h;ctype.h;dlfcn.h;errno.h;fcntl.h;grp.h;langinfo.h;limits.h;linux/types.h;linux/fiemap.h;linux/fs.h;linux/magic.h;locale.h;memory.h;paths.h;poll.h;pthread.h;pwd.h;regex.h;signal.h;spawn.h;stdarg.h;stdlib.h;string.h;strings.h;sys/cdefs.h;sys/ioctl.h;sys/mkdev.h exist failed with the following output:
Change Dir: /home/wp2018/user/andythebreaker/car_pi/grpc_test/cmake-3.18.0/CMakeFiles/CMakeTmp

Run Build Command(s):/usr/bin/make cmTC_1ef9f/fast && make  -f CMakeFiles/cmTC_1ef9f.dir/build.make CMakeFiles/cmTC_1ef9f.dir/build
make[1]: Entering directory '/home/wp2018/user/andythebreaker/car_pi/grpc_test/cmake-3.18.0/CMakeFiles/CMakeTmp'
Building C object CMakeFiles/cmTC_1ef9f.dir/HAVE_SYS_MKDEV_H.c.o
/usr/bin/gcc   -w  -std=gnu11 -o CMakeFiles/cmTC_1ef9f.dir/HAVE_SYS_MKDEV_H.c.o -c /home/wp2018/user/andythebreaker/car_pi/grpc_test/cmake-3.18.0/CMakeFiles/CheckIncludeFiles/HAVE_SYS_MKDEV_H.c
/home/wp2018/user/andythebreaker/car_pi/grpc_test/cmake-3.18.0/CMakeFiles/CheckIncludeFiles/HAVE_SYS_MKDEV_H.c:29:10: fatal error: sys/mkdev.h: No such file or directory
 #include <sys/mkdev.h>
          ^~~~~~~~~~~~~
compilation terminated.
CMakeFiles/cmTC_1ef9f.dir/build.make:84: recipe for target 'CMakeFiles/cmTC_1ef9f.dir/HAVE_SYS_MKDEV_H.c.o' failed
make[1]: *** [CMakeFiles/cmTC_1ef9f.dir/HAVE_SYS_MKDEV_H.c.o] Error 1
make[1]: Leaving directory '/home/wp2018/user/andythebreaker/car_pi/grpc_test/cmake-3.18.0/CMakeFiles/CMakeTmp'
Makefile:140: recipe for target 'cmTC_1ef9f/fast' failed
make: *** [cmTC_1ef9f/fast] Error 2


Source:
/* */
#include <sys/types.h>
#include <ctype.h>
#include <dlfcn.h>
#include <errno.h>
#include <fcntl.h>
#include <grp.h>
#include <langinfo.h>
#include <limits.h>
#include <linux/types.h>
#include <linux/fiemap.h>
#include <linux/fs.h>
#include <linux/magic.h>
#include <locale.h>
#include <memory.h>
#include <paths.h>
#include <poll.h>
#include <pthread.h>
#include <pwd.h>
#include <regex.h>
#include <signal.h>
#include <spawn.h>
#include <stdarg.h>
#include <stdlib.h>
#include <string.h>
#include <strings.h>
#include <sys/cdefs.h>
#include <sys/ioctl.h>
#include <sys/mkdev.h>


int main(void){return 0;}

Determining if files sys/types.h;ctype.h;dlfcn.h;errno.h;fcntl.h;grp.h;langinfo.h;limits.h;linux/types.h;linux/fiemap.h;linux/fs.h;linux/magic.h;locale.h;memory.h;paths.h;poll.h;pthread.h;pwd.h;regex.h;signal.h;spawn.h;stdarg.h;stdlib.h;string.h;strings.h;sys/cdefs.h;sys/ioctl.h;sys/mount.h exist failed with the following output:
Change Dir: /home/wp2018/user/andythebreaker/car_pi/grpc_test/cmake-3.18.0/CMakeFiles/CMakeTmp

Run Build Command(s):/usr/bin/make cmTC_f1b6d/fast && make  -f CMakeFiles/cmTC_f1b6d.dir/build.make CMakeFiles/cmTC_f1b6d.dir/build
make[1]: Entering directory '/home/wp2018/user/andythebreaker/car_pi/grpc_test/cmake-3.18.0/CMakeFiles/CMakeTmp'
Building C object CMakeFiles/cmTC_f1b6d.dir/HAVE_SYS_MOUNT_H.c.o
/usr/bin/gcc   -w  -std=gnu11 -o CMakeFiles/cmTC_f1b6d.dir/HAVE_SYS_MOUNT_H.c.o -c /home/wp2018/user/andythebreaker/car_pi/grpc_test/cmake-3.18.0/CMakeFiles/CheckIncludeFiles/HAVE_SYS_MOUNT_H.c
In file included from /home/wp2018/user/andythebreaker/car_pi/grpc_test/cmake-3.18.0/CMakeFiles/CheckIncludeFiles/HAVE_SYS_MOUNT_H.c:12:0:
/usr/include/x86_64-linux-gnu/sys/mount.h:35:3: error: expected identifier before numeric constant
   MS_RDONLY = 1,  /* Mount read-only.  */
   ^
CMakeFiles/cmTC_f1b6d.dir/build.make:84: recipe for target 'CMakeFiles/cmTC_f1b6d.dir/HAVE_SYS_MOUNT_H.c.o' failed
make[1]: *** [CMakeFiles/cmTC_f1b6d.dir/HAVE_SYS_MOUNT_H.c.o] Error 1
make[1]: Leaving directory '/home/wp2018/user/andythebreaker/car_pi/grpc_test/cmake-3.18.0/CMakeFiles/CMakeTmp'
Makefile:140: recipe for target 'cmTC_f1b6d/fast' failed
make: *** [cmTC_f1b6d/fast] Error 2


Source:
/* */
#include <sys/types.h>
#include <ctype.h>
#include <dlfcn.h>
#include <errno.h>
#include <fcntl.h>
#include <grp.h>
#include <langinfo.h>
#include <limits.h>
#include <linux/types.h>
#include <linux/fiemap.h>
#include <linux/fs.h>
#include <linux/magic.h>
#include <locale.h>
#include <memory.h>
#include <paths.h>
#include <poll.h>
#include <pthread.h>
#include <pwd.h>
#include <regex.h>
#include <signal.h>
#include <spawn.h>
#include <stdarg.h>
#include <stdlib.h>
#include <string.h>
#include <strings.h>
#include <sys/cdefs.h>
#include <sys/ioctl.h>
#include <sys/mount.h>


int main(void){return 0;}

Determining if files sys/types.h;ctype.h;dlfcn.h;errno.h;fcntl.h;grp.h;langinfo.h;limits.h;linux/types.h;linux/fiemap.h;linux/fs.h;linux/magic.h;locale.h;memory.h;paths.h;poll.h;pthread.h;pwd.h;regex.h;signal.h;spawn.h;stdarg.h;stdlib.h;string.h;strings.h;sys/cdefs.h;sys/ioctl.h;sys/param.h;sys/poll.h;sys/richacl.h exist failed with the following output:
Change Dir: /home/wp2018/user/andythebreaker/car_pi/grpc_test/cmake-3.18.0/CMakeFiles/CMakeTmp

Run Build Command(s):/usr/bin/make cmTC_d61f2/fast && make  -f CMakeFiles/cmTC_d61f2.dir/build.make CMakeFiles/cmTC_d61f2.dir/build
make[1]: Entering directory '/home/wp2018/user/andythebreaker/car_pi/grpc_test/cmake-3.18.0/CMakeFiles/CMakeTmp'
Building C object CMakeFiles/cmTC_d61f2.dir/HAVE_SYS_RICHACL_H.c.o
/usr/bin/gcc   -w  -std=gnu11 -o CMakeFiles/cmTC_d61f2.dir/HAVE_SYS_RICHACL_H.c.o -c /home/wp2018/user/andythebreaker/car_pi/grpc_test/cmake-3.18.0/CMakeFiles/CheckIncludeFiles/HAVE_SYS_RICHACL_H.c
/home/wp2018/user/andythebreaker/car_pi/grpc_test/cmake-3.18.0/CMakeFiles/CheckIncludeFiles/HAVE_SYS_RICHACL_H.c:31:10: fatal error: sys/richacl.h: No such file or directory
 #include <sys/richacl.h>
          ^~~~~~~~~~~~~~~
compilation terminated.
CMakeFiles/cmTC_d61f2.dir/build.make:84: recipe for target 'CMakeFiles/cmTC_d61f2.dir/HAVE_SYS_RICHACL_H.c.o' failed
make[1]: *** [CMakeFiles/cmTC_d61f2.dir/HAVE_SYS_RICHACL_H.c.o] Error 1
make[1]: Leaving directory '/home/wp2018/user/andythebreaker/car_pi/grpc_test/cmake-3.18.0/CMakeFiles/CMakeTmp'
Makefile:140: recipe for target 'cmTC_d61f2/fast' failed
make: *** [cmTC_d61f2/fast] Error 2


Source:
/* */
#include <sys/types.h>
#include <ctype.h>
#include <dlfcn.h>
#include <errno.h>
#include <fcntl.h>
#include <grp.h>
#include <langinfo.h>
#include <limits.h>
#include <linux/types.h>
#include <linux/fiemap.h>
#include <linux/fs.h>
#include <linux/magic.h>
#include <locale.h>
#include <memory.h>
#include <paths.h>
#include <poll.h>
#include <pthread.h>
#include <pwd.h>
#include <regex.h>
#include <signal.h>
#include <spawn.h>
#include <stdarg.h>
#include <stdlib.h>
#include <string.h>
#include <strings.h>
#include <sys/cdefs.h>
#include <sys/ioctl.h>
#include <sys/param.h>
#include <sys/poll.h>
#include <sys/richacl.h>


int main(void){return 0;}

Determining if files sys/types.h;ctype.h;dlfcn.h;errno.h;fcntl.h;grp.h;langinfo.h;limits.h;linux/types.h;linux/fiemap.h;linux/fs.h;linux/magic.h;locale.h;memory.h;paths.h;poll.h;pthread.h;pwd.h;regex.h;signal.h;spawn.h;stdarg.h;stdlib.h;string.h;strings.h;sys/cdefs.h;sys/ioctl.h;sys/param.h;sys/poll.h;sys/select.h;sys/stat.h;sys/statfs.h;sys/statvfs.h;sys/sysmacros.h;sys/time.h;sys/utsname.h;sys/vfs.h;sys/wait.h;sys/xattr.h;time.h;unistd.h;utime.h;wchar.h;wctype.h;windows.h exist failed with the following output:
Change Dir: /home/wp2018/user/andythebreaker/car_pi/grpc_test/cmake-3.18.0/CMakeFiles/CMakeTmp

Run Build Command(s):/usr/bin/make cmTC_b4d08/fast && make  -f CMakeFiles/cmTC_b4d08.dir/build.make CMakeFiles/cmTC_b4d08.dir/build
make[1]: Entering directory '/home/wp2018/user/andythebreaker/car_pi/grpc_test/cmake-3.18.0/CMakeFiles/CMakeTmp'
Building C object CMakeFiles/cmTC_b4d08.dir/HAVE_WINDOWS_H.c.o
/usr/bin/gcc   -w  -std=gnu11 -o CMakeFiles/cmTC_b4d08.dir/HAVE_WINDOWS_H.c.o -c /home/wp2018/user/andythebreaker/car_pi/grpc_test/cmake-3.18.0/CMakeFiles/CheckIncludeFiles/HAVE_WINDOWS_H.c
/home/wp2018/user/andythebreaker/car_pi/grpc_test/cmake-3.18.0/CMakeFiles/CheckIncludeFiles/HAVE_WINDOWS_H.c:46:10: fatal error: windows.h: No such file or directory
 #include <windows.h>
          ^~~~~~~~~~~
compilation terminated.
CMakeFiles/cmTC_b4d08.dir/build.make:84: recipe for target 'CMakeFiles/cmTC_b4d08.dir/HAVE_WINDOWS_H.c.o' failed
make[1]: *** [CMakeFiles/cmTC_b4d08.dir/HAVE_WINDOWS_H.c.o] Error 1
make[1]: Leaving directory '/home/wp2018/user/andythebreaker/car_pi/grpc_test/cmake-3.18.0/CMakeFiles/CMakeTmp'
Makefile:140: recipe for target 'cmTC_b4d08/fast' failed
make: *** [cmTC_b4d08/fast] Error 2


Source:
/* */
#include <sys/types.h>
#include <ctype.h>
#include <dlfcn.h>
#include <errno.h>
#include <fcntl.h>
#include <grp.h>
#include <langinfo.h>
#include <limits.h>
#include <linux/types.h>
#include <linux/fiemap.h>
#include <linux/fs.h>
#include <linux/magic.h>
#include <locale.h>
#include <memory.h>
#include <paths.h>
#include <poll.h>
#include <pthread.h>
#include <pwd.h>
#include <regex.h>
#include <signal.h>
#include <spawn.h>
#include <stdarg.h>
#include <stdlib.h>
#include <string.h>
#include <strings.h>
#include <sys/cdefs.h>
#include <sys/ioctl.h>
#include <sys/param.h>
#include <sys/poll.h>
#include <sys/select.h>
#include <sys/stat.h>
#include <sys/statfs.h>
#include <sys/statvfs.h>
#include <sys/sysmacros.h>
#include <sys/time.h>
#include <sys/utsname.h>
#include <sys/vfs.h>
#include <sys/wait.h>
#include <sys/xattr.h>
#include <time.h>
#include <unistd.h>
#include <utime.h>
#include <wchar.h>
#include <wctype.h>
#include <windows.h>


int main(void){return 0;}

Determining if files sys/types.h;ctype.h;dlfcn.h;errno.h;fcntl.h;grp.h;langinfo.h;limits.h;linux/types.h;linux/fiemap.h;linux/fs.h;linux/magic.h;locale.h;memory.h;paths.h;poll.h;pthread.h;pwd.h;regex.h;signal.h;spawn.h;stdarg.h;stdlib.h;string.h;strings.h;sys/cdefs.h;sys/ioctl.h;sys/param.h;sys/poll.h;sys/select.h;sys/stat.h;sys/statfs.h;sys/statvfs.h;sys/sysmacros.h;sys/time.h;sys/utsname.h;sys/vfs.h;sys/wait.h;sys/xattr.h;time.h;unistd.h;utime.h;wchar.h;wctype.h;wincrypt.h exist failed with the following output:
Change Dir: /home/wp2018/user/andythebreaker/car_pi/grpc_test/cmake-3.18.0/CMakeFiles/CMakeTmp

Run Build Command(s):/usr/bin/make cmTC_e0e11/fast && make  -f CMakeFiles/cmTC_e0e11.dir/build.make CMakeFiles/cmTC_e0e11.dir/build
make[1]: Entering directory '/home/wp2018/user/andythebreaker/car_pi/grpc_test/cmake-3.18.0/CMakeFiles/CMakeTmp'
Building C object CMakeFiles/cmTC_e0e11.dir/HAVE_WINCRYPT_H.c.o
/usr/bin/gcc   -w  -std=gnu11 -o CMakeFiles/cmTC_e0e11.dir/HAVE_WINCRYPT_H.c.o -c /home/wp2018/user/andythebreaker/car_pi/grpc_test/cmake-3.18.0/CMakeFiles/CheckIncludeFiles/HAVE_WINCRYPT_H.c
/home/wp2018/user/andythebreaker/car_pi/grpc_test/cmake-3.18.0/CMakeFiles/CheckIncludeFiles/HAVE_WINCRYPT_H.c:46:10: fatal error: wincrypt.h: No such file or directory
 #include <wincrypt.h>
          ^~~~~~~~~~~~
compilation terminated.
CMakeFiles/cmTC_e0e11.dir/build.make:84: recipe for target 'CMakeFiles/cmTC_e0e11.dir/HAVE_WINCRYPT_H.c.o' failed
make[1]: *** [CMakeFiles/cmTC_e0e11.dir/HAVE_WINCRYPT_H.c.o] Error 1
make[1]: Leaving directory '/home/wp2018/user/andythebreaker/car_pi/grpc_test/cmake-3.18.0/CMakeFiles/CMakeTmp'
Makefile:140: recipe for target 'cmTC_e0e11/fast' failed
make: *** [cmTC_e0e11/fast] Error 2


Source:
/* */
#include <sys/types.h>
#include <ctype.h>
#include <dlfcn.h>
#include <errno.h>
#include <fcntl.h>
#include <grp.h>
#include <langinfo.h>
#include <limits.h>
#include <linux/types.h>
#include <linux/fiemap.h>
#include <linux/fs.h>
#include <linux/magic.h>
#include <locale.h>
#include <memory.h>
#include <paths.h>
#include <poll.h>
#include <pthread.h>
#include <pwd.h>
#include <regex.h>
#include <signal.h>
#include <spawn.h>
#include <stdarg.h>
#include <stdlib.h>
#include <string.h>
#include <strings.h>
#include <sys/cdefs.h>
#include <sys/ioctl.h>
#include <sys/param.h>
#include <sys/poll.h>
#include <sys/select.h>
#include <sys/stat.h>
#include <sys/statfs.h>
#include <sys/statvfs.h>
#include <sys/sysmacros.h>
#include <sys/time.h>
#include <sys/utsname.h>
#include <sys/vfs.h>
#include <sys/wait.h>
#include <sys/xattr.h>
#include <time.h>
#include <unistd.h>
#include <utime.h>
#include <wchar.h>
#include <wctype.h>
#include <wincrypt.h>


int main(void){return 0;}

Determining if files sys/types.h;ctype.h;dlfcn.h;errno.h;fcntl.h;grp.h;langinfo.h;limits.h;linux/types.h;linux/fiemap.h;linux/fs.h;linux/magic.h;locale.h;memory.h;paths.h;poll.h;pthread.h;pwd.h;regex.h;signal.h;spawn.h;stdarg.h;stdlib.h;string.h;strings.h;sys/cdefs.h;sys/ioctl.h;sys/param.h;sys/poll.h;sys/select.h;sys/stat.h;sys/statfs.h;sys/statvfs.h;sys/sysmacros.h;sys/time.h;sys/utsname.h;sys/vfs.h;sys/wait.h;sys/xattr.h;time.h;unistd.h;utime.h;wchar.h;wctype.h;winioctl.h exist failed with the following output:
Change Dir: /home/wp2018/user/andythebreaker/car_pi/grpc_test/cmake-3.18.0/CMakeFiles/CMakeTmp

Run Build Command(s):/usr/bin/make cmTC_77050/fast && make  -f CMakeFiles/cmTC_77050.dir/build.make CMakeFiles/cmTC_77050.dir/build
make[1]: Entering directory '/home/wp2018/user/andythebreaker/car_pi/grpc_test/cmake-3.18.0/CMakeFiles/CMakeTmp'
Building C object CMakeFiles/cmTC_77050.dir/HAVE_WINIOCTL_H.c.o
/usr/bin/gcc   -w  -std=gnu11 -o CMakeFiles/cmTC_77050.dir/HAVE_WINIOCTL_H.c.o -c /home/wp2018/user/andythebreaker/car_pi/grpc_test/cmake-3.18.0/CMakeFiles/CheckIncludeFiles/HAVE_WINIOCTL_H.c
/home/wp2018/user/andythebreaker/car_pi/grpc_test/cmake-3.18.0/CMakeFiles/CheckIncludeFiles/HAVE_WINIOCTL_H.c:46:10: fatal error: winioctl.h: No such file or directory
 #include <winioctl.h>
          ^~~~~~~~~~~~
compilation terminated.
CMakeFiles/cmTC_77050.dir/build.make:84: recipe for target 'CMakeFiles/cmTC_77050.dir/HAVE_WINIOCTL_H.c.o' failed
make[1]: *** [CMakeFiles/cmTC_77050.dir/HAVE_WINIOCTL_H.c.o] Error 1
make[1]: Leaving directory '/home/wp2018/user/andythebreaker/car_pi/grpc_test/cmake-3.18.0/CMakeFiles/CMakeTmp'
Makefile:140: recipe for target 'cmTC_77050/fast' failed
make: *** [cmTC_77050/fast] Error 2


Source:
/* */
#include <sys/types.h>
#include <ctype.h>
#include <dlfcn.h>
#include <errno.h>
#include <fcntl.h>
#include <grp.h>
#include <langinfo.h>
#include <limits.h>
#include <linux/types.h>
#include <linux/fiemap.h>
#include <linux/fs.h>
#include <linux/magic.h>
#include <locale.h>
#include <memory.h>
#include <paths.h>
#include <poll.h>
#include <pthread.h>
#include <pwd.h>
#include <regex.h>
#include <signal.h>
#include <spawn.h>
#include <stdarg.h>
#include <stdlib.h>
#include <string.h>
#include <strings.h>
#include <sys/cdefs.h>
#include <sys/ioctl.h>
#include <sys/param.h>
#include <sys/poll.h>
#include <sys/select.h>
#include <sys/stat.h>
#include <sys/statfs.h>
#include <sys/statvfs.h>
#include <sys/sysmacros.h>
#include <sys/time.h>
#include <sys/utsname.h>
#include <sys/vfs.h>
#include <sys/wait.h>
#include <sys/xattr.h>
#include <time.h>
#include <unistd.h>
#include <utime.h>
#include <wchar.h>
#include <wctype.h>
#include <winioctl.h>


int main(void){return 0;}

Determining if the function getvfsbyname exists failed with the following output:
Change Dir: /home/wp2018/user/andythebreaker/car_pi/grpc_test/cmake-3.18.0/CMakeFiles/CMakeTmp

Run Build Command(s):/usr/bin/make cmTC_b90bb/fast && make  -f CMakeFiles/cmTC_b90bb.dir/build.make CMakeFiles/cmTC_b90bb.dir/build
make[1]: Entering directory '/home/wp2018/user/andythebreaker/car_pi/grpc_test/cmake-3.18.0/CMakeFiles/CMakeTmp'
Building C object CMakeFiles/cmTC_b90bb.dir/CheckFunctionExists.c.o
/usr/bin/gcc   -w -DCHECK_FUNCTION_EXISTS=getvfsbyname  -fno-builtin -std=gnu11 -o CMakeFiles/cmTC_b90bb.dir/CheckFunctionExists.c.o -c /home/wp2018/user/andythebreaker/car_pi/grpc_test/cmake-3.18.0/Modules/CheckFunctionExists.c
Linking C executable cmTC_b90bb
/home/wp2018/user/andythebreaker/car_pi/grpc_test/cmake-3.18.0/Bootstrap.cmk/cmake -E cmake_link_script CMakeFiles/cmTC_b90bb.dir/link.txt --verbose=1
/usr/bin/gcc  -w -DCHECK_FUNCTION_EXISTS=getvfsbyname  -fno-builtin CMakeFiles/cmTC_b90bb.dir/CheckFunctionExists.c.o -o cmTC_b90bb 
CMakeFiles/cmTC_b90bb.dir/CheckFunctionExists.c.o: In function `main':
CheckFunctionExists.c:(.text+0x10): undefined reference to `getvfsbyname'
collect2: error: ld returned 1 exit status
CMakeFiles/cmTC_b90bb.dir/build.make:105: recipe for target 'cmTC_b90bb' failed
make[1]: *** [cmTC_b90bb] Error 1
make[1]: Leaving directory '/home/wp2018/user/andythebreaker/car_pi/grpc_test/cmake-3.18.0/CMakeFiles/CMakeTmp'
Makefile:140: recipe for target 'cmTC_b90bb/fast' failed
make: *** [cmTC_b90bb/fast] Error 2



Determining if the function lchflags exists failed with the following output:
Change Dir: /home/wp2018/user/andythebreaker/car_pi/grpc_test/cmake-3.18.0/CMakeFiles/CMakeTmp

Run Build Command(s):/usr/bin/make cmTC_711f3/fast && make  -f CMakeFiles/cmTC_711f3.dir/build.make CMakeFiles/cmTC_711f3.dir/build
make[1]: Entering directory '/home/wp2018/user/andythebreaker/car_pi/grpc_test/cmake-3.18.0/CMakeFiles/CMakeTmp'
Building C object CMakeFiles/cmTC_711f3.dir/CheckFunctionExists.c.o
/usr/bin/gcc   -w -DCHECK_FUNCTION_EXISTS=lchflags  -fno-builtin -std=gnu11 -o CMakeFiles/cmTC_711f3.dir/CheckFunctionExists.c.o -c /home/wp2018/user/andythebreaker/car_pi/grpc_test/cmake-3.18.0/Modules/CheckFunctionExists.c
Linking C executable cmTC_711f3
/home/wp2018/user/andythebreaker/car_pi/grpc_test/cmake-3.18.0/Bootstrap.cmk/cmake -E cmake_link_script CMakeFiles/cmTC_711f3.dir/link.txt --verbose=1
/usr/bin/gcc  -w -DCHECK_FUNCTION_EXISTS=lchflags  -fno-builtin CMakeFiles/cmTC_711f3.dir/CheckFunctionExists.c.o -o cmTC_711f3 
CMakeFiles/cmTC_711f3.dir/CheckFunctionExists.c.o: In function `main':
CheckFunctionExists.c:(.text+0x10): undefined reference to `lchflags'
collect2: error: ld returned 1 exit status
CMakeFiles/cmTC_711f3.dir/build.make:105: recipe for target 'cmTC_711f3' failed
make[1]: *** [cmTC_711f3] Error 1
make[1]: Leaving directory '/home/wp2018/user/andythebreaker/car_pi/grpc_test/cmake-3.18.0/CMakeFiles/CMakeTmp'
Makefile:140: recipe for target 'cmTC_711f3/fast' failed
make: *** [cmTC_711f3/fast] Error 2



Determining if the function readpassphrase exists failed with the following output:
Change Dir: /home/wp2018/user/andythebreaker/car_pi/grpc_test/cmake-3.18.0/CMakeFiles/CMakeTmp

Run Build Command(s):/usr/bin/make cmTC_f60a2/fast && make  -f CMakeFiles/cmTC_f60a2.dir/build.make CMakeFiles/cmTC_f60a2.dir/build
make[1]: Entering directory '/home/wp2018/user/andythebreaker/car_pi/grpc_test/cmake-3.18.0/CMakeFiles/CMakeTmp'
Building C object CMakeFiles/cmTC_f60a2.dir/CheckFunctionExists.c.o
/usr/bin/gcc   -w -DCHECK_FUNCTION_EXISTS=readpassphrase  -fno-builtin -std=gnu11 -o CMakeFiles/cmTC_f60a2.dir/CheckFunctionExists.c.o -c /home/wp2018/user/andythebreaker/car_pi/grpc_test/cmake-3.18.0/Modules/CheckFunctionExists.c
Linking C executable cmTC_f60a2
/home/wp2018/user/andythebreaker/car_pi/grpc_test/cmake-3.18.0/Bootstrap.cmk/cmake -E cmake_link_script CMakeFiles/cmTC_f60a2.dir/link.txt --verbose=1
/usr/bin/gcc  -w -DCHECK_FUNCTION_EXISTS=readpassphrase  -fno-builtin CMakeFiles/cmTC_f60a2.dir/CheckFunctionExists.c.o -o cmTC_f60a2 
CMakeFiles/cmTC_f60a2.dir/CheckFunctionExists.c.o: In function `main':
CheckFunctionExists.c:(.text+0x10): undefined reference to `readpassphrase'
collect2: error: ld returned 1 exit status
CMakeFiles/cmTC_f60a2.dir/build.make:105: recipe for target 'cmTC_f60a2' failed
make[1]: *** [cmTC_f60a2] Error 1
make[1]: Leaving directory '/home/wp2018/user/andythebreaker/car_pi/grpc_test/cmake-3.18.0/CMakeFiles/CMakeTmp'
Makefile:140: recipe for target 'cmTC_f60a2/fast' failed
make: *** [cmTC_f60a2/fast] Error 2



Determining if the function strncpy_s exists failed with the following output:
Change Dir: /home/wp2018/user/andythebreaker/car_pi/grpc_test/cmake-3.18.0/CMakeFiles/CMakeTmp

Run Build Command(s):/usr/bin/make cmTC_75b2a/fast && make  -f CMakeFiles/cmTC_75b2a.dir/build.make CMakeFiles/cmTC_75b2a.dir/build
make[1]: Entering directory '/home/wp2018/user/andythebreaker/car_pi/grpc_test/cmake-3.18.0/CMakeFiles/CMakeTmp'
Building C object CMakeFiles/cmTC_75b2a.dir/CheckFunctionExists.c.o
/usr/bin/gcc   -w -DCHECK_FUNCTION_EXISTS=strncpy_s  -fno-builtin -std=gnu11 -o CMakeFiles/cmTC_75b2a.dir/CheckFunctionExists.c.o -c /home/wp2018/user/andythebreaker/car_pi/grpc_test/cmake-3.18.0/Modules/CheckFunctionExists.c
Linking C executable cmTC_75b2a
/home/wp2018/user/andythebreaker/car_pi/grpc_test/cmake-3.18.0/Bootstrap.cmk/cmake -E cmake_link_script CMakeFiles/cmTC_75b2a.dir/link.txt --verbose=1
/usr/bin/gcc  -w -DCHECK_FUNCTION_EXISTS=strncpy_s  -fno-builtin CMakeFiles/cmTC_75b2a.dir/CheckFunctionExists.c.o -o cmTC_75b2a 
CMakeFiles/cmTC_75b2a.dir/CheckFunctionExists.c.o: In function `main':
CheckFunctionExists.c:(.text+0x10): undefined reference to `strncpy_s'
collect2: error: ld returned 1 exit status
CMakeFiles/cmTC_75b2a.dir/build.make:105: recipe for target 'cmTC_75b2a' failed
make[1]: *** [cmTC_75b2a] Error 1
make[1]: Leaving directory '/home/wp2018/user/andythebreaker/car_pi/grpc_test/cmake-3.18.0/CMakeFiles/CMakeTmp'
Makefile:140: recipe for target 'cmTC_75b2a/fast' failed
make: *** [cmTC_75b2a/fast] Error 2



Determining if the function _ctime64_s exists failed with the following output:
Change Dir: /home/wp2018/user/andythebreaker/car_pi/grpc_test/cmake-3.18.0/CMakeFiles/CMakeTmp

Run Build Command(s):/usr/bin/make cmTC_6ed56/fast && make  -f CMakeFiles/cmTC_6ed56.dir/build.make CMakeFiles/cmTC_6ed56.dir/build
make[1]: Entering directory '/home/wp2018/user/andythebreaker/car_pi/grpc_test/cmake-3.18.0/CMakeFiles/CMakeTmp'
Building C object CMakeFiles/cmTC_6ed56.dir/CheckFunctionExists.c.o
/usr/bin/gcc   -w -DCHECK_FUNCTION_EXISTS=_ctime64_s  -fno-builtin -std=gnu11 -o CMakeFiles/cmTC_6ed56.dir/CheckFunctionExists.c.o -c /home/wp2018/user/andythebreaker/car_pi/grpc_test/cmake-3.18.0/Modules/CheckFunctionExists.c
Linking C executable cmTC_6ed56
/home/wp2018/user/andythebreaker/car_pi/grpc_test/cmake-3.18.0/Bootstrap.cmk/cmake -E cmake_link_script CMakeFiles/cmTC_6ed56.dir/link.txt --verbose=1
/usr/bin/gcc  -w -DCHECK_FUNCTION_EXISTS=_ctime64_s  -fno-builtin CMakeFiles/cmTC_6ed56.dir/CheckFunctionExists.c.o -o cmTC_6ed56 
CMakeFiles/cmTC_6ed56.dir/CheckFunctionExists.c.o: In function `main':
CheckFunctionExists.c:(.text+0x10): undefined reference to `_ctime64_s'
collect2: error: ld returned 1 exit status
CMakeFiles/cmTC_6ed56.dir/build.make:105: recipe for target 'cmTC_6ed56' failed
make[1]: *** [cmTC_6ed56] Error 1
make[1]: Leaving directory '/home/wp2018/user/andythebreaker/car_pi/grpc_test/cmake-3.18.0/CMakeFiles/CMakeTmp'
Makefile:140: recipe for target 'cmTC_6ed56/fast' failed
make: *** [cmTC_6ed56/fast] Error 2



Determining if the function _fseeki64 exists failed with the following output:
Change Dir: /home/wp2018/user/andythebreaker/car_pi/grpc_test/cmake-3.18.0/CMakeFiles/CMakeTmp

Run Build Command(s):/usr/bin/make cmTC_d1393/fast && make  -f CMakeFiles/cmTC_d1393.dir/build.make CMakeFiles/cmTC_d1393.dir/build
make[1]: Entering directory '/home/wp2018/user/andythebreaker/car_pi/grpc_test/cmake-3.18.0/CMakeFiles/CMakeTmp'
Building C object CMakeFiles/cmTC_d1393.dir/CheckFunctionExists.c.o
/usr/bin/gcc   -w -DCHECK_FUNCTION_EXISTS=_fseeki64  -fno-builtin -std=gnu11 -o CMakeFiles/cmTC_d1393.dir/CheckFunctionExists.c.o -c /home/wp2018/user/andythebreaker/car_pi/grpc_test/cmake-3.18.0/Modules/CheckFunctionExists.c
Linking C executable cmTC_d1393
/home/wp2018/user/andythebreaker/car_pi/grpc_test/cmake-3.18.0/Bootstrap.cmk/cmake -E cmake_link_script CMakeFiles/cmTC_d1393.dir/link.txt --verbose=1
/usr/bin/gcc  -w -DCHECK_FUNCTION_EXISTS=_fseeki64  -fno-builtin CMakeFiles/cmTC_d1393.dir/CheckFunctionExists.c.o -o cmTC_d1393 
CMakeFiles/cmTC_d1393.dir/CheckFunctionExists.c.o: In function `main':
CheckFunctionExists.c:(.text+0x10): undefined reference to `_fseeki64'
collect2: error: ld returned 1 exit status
CMakeFiles/cmTC_d1393.dir/build.make:105: recipe for target 'cmTC_d1393' failed
make[1]: *** [cmTC_d1393] Error 1
make[1]: Leaving directory '/home/wp2018/user/andythebreaker/car_pi/grpc_test/cmake-3.18.0/CMakeFiles/CMakeTmp'
Makefile:140: recipe for target 'cmTC_d1393/fast' failed
make: *** [cmTC_d1393/fast] Error 2



Determining if the function _get_timezone exists failed with the following output:
Change Dir: /home/wp2018/user/andythebreaker/car_pi/grpc_test/cmake-3.18.0/CMakeFiles/CMakeTmp

Run Build Command(s):/usr/bin/make cmTC_05d02/fast && make  -f CMakeFiles/cmTC_05d02.dir/build.make CMakeFiles/cmTC_05d02.dir/build
make[1]: Entering directory '/home/wp2018/user/andythebreaker/car_pi/grpc_test/cmake-3.18.0/CMakeFiles/CMakeTmp'
Building C object CMakeFiles/cmTC_05d02.dir/CheckFunctionExists.c.o
/usr/bin/gcc   -w -DCHECK_FUNCTION_EXISTS=_get_timezone  -fno-builtin -std=gnu11 -o CMakeFiles/cmTC_05d02.dir/CheckFunctionExists.c.o -c /home/wp2018/user/andythebreaker/car_pi/grpc_test/cmake-3.18.0/Modules/CheckFunctionExists.c
Linking C executable cmTC_05d02
/home/wp2018/user/andythebreaker/car_pi/grpc_test/cmake-3.18.0/Bootstrap.cmk/cmake -E cmake_link_script CMakeFiles/cmTC_05d02.dir/link.txt --verbose=1
/usr/bin/gcc  -w -DCHECK_FUNCTION_EXISTS=_get_timezone  -fno-builtin CMakeFiles/cmTC_05d02.dir/CheckFunctionExists.c.o -o cmTC_05d02 
CMakeFiles/cmTC_05d02.dir/CheckFunctionExists.c.o: In function `main':
CheckFunctionExists.c:(.text+0x10): undefined reference to `_get_timezone'
collect2: error: ld returned 1 exit status
CMakeFiles/cmTC_05d02.dir/build.make:105: recipe for target 'cmTC_05d02' failed
make[1]: *** [cmTC_05d02] Error 1
make[1]: Leaving directory '/home/wp2018/user/andythebreaker/car_pi/grpc_test/cmake-3.18.0/CMakeFiles/CMakeTmp'
Makefile:140: recipe for target 'cmTC_05d02/fast' failed
make: *** [cmTC_05d02/fast] Error 2



Determining if the function _gmtime64_s exists failed with the following output:
Change Dir: /home/wp2018/user/andythebreaker/car_pi/grpc_test/cmake-3.18.0/CMakeFiles/CMakeTmp

Run Build Command(s):/usr/bin/make cmTC_f4e0b/fast && make  -f CMakeFiles/cmTC_f4e0b.dir/build.make CMakeFiles/cmTC_f4e0b.dir/build
make[1]: Entering directory '/home/wp2018/user/andythebreaker/car_pi/grpc_test/cmake-3.18.0/CMakeFiles/CMakeTmp'
Building C object CMakeFiles/cmTC_f4e0b.dir/CheckFunctionExists.c.o
/usr/bin/gcc   -w -DCHECK_FUNCTION_EXISTS=_gmtime64_s  -fno-builtin -std=gnu11 -o CMakeFiles/cmTC_f4e0b.dir/CheckFunctionExists.c.o -c /home/wp2018/user/andythebreaker/car_pi/grpc_test/cmake-3.18.0/Modules/CheckFunctionExists.c
Linking C executable cmTC_f4e0b
/home/wp2018/user/andythebreaker/car_pi/grpc_test/cmake-3.18.0/Bootstrap.cmk/cmake -E cmake_link_script CMakeFiles/cmTC_f4e0b.dir/link.txt --verbose=1
/usr/bin/gcc  -w -DCHECK_FUNCTION_EXISTS=_gmtime64_s  -fno-builtin CMakeFiles/cmTC_f4e0b.dir/CheckFunctionExists.c.o -o cmTC_f4e0b 
CMakeFiles/cmTC_f4e0b.dir/CheckFunctionExists.c.o: In function `main':
CheckFunctionExists.c:(.text+0x10): undefined reference to `_gmtime64_s'
collect2: error: ld returned 1 exit status
CMakeFiles/cmTC_f4e0b.dir/build.make:105: recipe for target 'cmTC_f4e0b' failed
make[1]: *** [cmTC_f4e0b] Error 1
make[1]: Leaving directory '/home/wp2018/user/andythebreaker/car_pi/grpc_test/cmake-3.18.0/CMakeFiles/CMakeTmp'
Makefile:140: recipe for target 'cmTC_f4e0b/fast' failed
make: *** [cmTC_f4e0b/fast] Error 2



Determining if the function _localtime64_s exists failed with the following output:
Change Dir: /home/wp2018/user/andythebreaker/car_pi/grpc_test/cmake-3.18.0/CMakeFiles/CMakeTmp

Run Build Command(s):/usr/bin/make cmTC_58369/fast && make  -f CMakeFiles/cmTC_58369.dir/build.make CMakeFiles/cmTC_58369.dir/build
make[1]: Entering directory '/home/wp2018/user/andythebreaker/car_pi/grpc_test/cmake-3.18.0/CMakeFiles/CMakeTmp'
Building C object CMakeFiles/cmTC_58369.dir/CheckFunctionExists.c.o
/usr/bin/gcc   -w -DCHECK_FUNCTION_EXISTS=_localtime64_s  -fno-builtin -std=gnu11 -o CMakeFiles/cmTC_58369.dir/CheckFunctionExists.c.o -c /home/wp2018/user/andythebreaker/car_pi/grpc_test/cmake-3.18.0/Modules/CheckFunctionExists.c
Linking C executable cmTC_58369
/home/wp2018/user/andythebreaker/car_pi/grpc_test/cmake-3.18.0/Bootstrap.cmk/cmake -E cmake_link_script CMakeFiles/cmTC_58369.dir/link.txt --verbose=1
/usr/bin/gcc  -w -DCHECK_FUNCTION_EXISTS=_localtime64_s  -fno-builtin CMakeFiles/cmTC_58369.dir/CheckFunctionExists.c.o -o cmTC_58369 
CMakeFiles/cmTC_58369.dir/CheckFunctionExists.c.o: In function `main':
CheckFunctionExists.c:(.text+0x10): undefined reference to `_localtime64_s'
collect2: error: ld returned 1 exit status
CMakeFiles/cmTC_58369.dir/build.make:105: recipe for target 'cmTC_58369' failed
make[1]: *** [cmTC_58369] Error 1
make[1]: Leaving directory '/home/wp2018/user/andythebreaker/car_pi/grpc_test/cmake-3.18.0/CMakeFiles/CMakeTmp'
Makefile:140: recipe for target 'cmTC_58369/fast' failed
make: *** [cmTC_58369/fast] Error 2



Determining if the function _mkgmtime64 exists failed with the following output:
Change Dir: /home/wp2018/user/andythebreaker/car_pi/grpc_test/cmake-3.18.0/CMakeFiles/CMakeTmp

Run Build Command(s):/usr/bin/make cmTC_39908/fast && make  -f CMakeFiles/cmTC_39908.dir/build.make CMakeFiles/cmTC_39908.dir/build
make[1]: Entering directory '/home/wp2018/user/andythebreaker/car_pi/grpc_test/cmake-3.18.0/CMakeFiles/CMakeTmp'
Building C object CMakeFiles/cmTC_39908.dir/CheckFunctionExists.c.o
/usr/bin/gcc   -w -DCHECK_FUNCTION_EXISTS=_mkgmtime64  -fno-builtin -std=gnu11 -o CMakeFiles/cmTC_39908.dir/CheckFunctionExists.c.o -c /home/wp2018/user/andythebreaker/car_pi/grpc_test/cmake-3.18.0/Modules/CheckFunctionExists.c
Linking C executable cmTC_39908
/home/wp2018/user/andythebreaker/car_pi/grpc_test/cmake-3.18.0/Bootstrap.cmk/cmake -E cmake_link_script CMakeFiles/cmTC_39908.dir/link.txt --verbose=1
/usr/bin/gcc  -w -DCHECK_FUNCTION_EXISTS=_mkgmtime64  -fno-builtin CMakeFiles/cmTC_39908.dir/CheckFunctionExists.c.o -o cmTC_39908 
CMakeFiles/cmTC_39908.dir/CheckFunctionExists.c.o: In function `main':
CheckFunctionExists.c:(.text+0x10): undefined reference to `_mkgmtime64'
collect2: error: ld returned 1 exit status
CMakeFiles/cmTC_39908.dir/build.make:105: recipe for target 'cmTC_39908' failed
make[1]: *** [cmTC_39908] Error 1
make[1]: Leaving directory '/home/wp2018/user/andythebreaker/car_pi/grpc_test/cmake-3.18.0/CMakeFiles/CMakeTmp'
Makefile:140: recipe for target 'cmTC_39908/fast' failed
make: *** [cmTC_39908/fast] Error 2



Determining if the function cygwin_conv_path exists failed with the following output:
Change Dir: /home/wp2018/user/andythebreaker/car_pi/grpc_test/cmake-3.18.0/CMakeFiles/CMakeTmp

Run Build Command(s):/usr/bin/make cmTC_801e9/fast && make  -f CMakeFiles/cmTC_801e9.dir/build.make CMakeFiles/cmTC_801e9.dir/build
make[1]: Entering directory '/home/wp2018/user/andythebreaker/car_pi/grpc_test/cmake-3.18.0/CMakeFiles/CMakeTmp'
Building C object CMakeFiles/cmTC_801e9.dir/CheckFunctionExists.c.o
/usr/bin/gcc   -w -DCHECK_FUNCTION_EXISTS=cygwin_conv_path  -fno-builtin -std=gnu11 -o CMakeFiles/cmTC_801e9.dir/CheckFunctionExists.c.o -c /home/wp2018/user/andythebreaker/car_pi/grpc_test/cmake-3.18.0/Modules/CheckFunctionExists.c
Linking C executable cmTC_801e9
/home/wp2018/user/andythebreaker/car_pi/grpc_test/cmake-3.18.0/Bootstrap.cmk/cmake -E cmake_link_script CMakeFiles/cmTC_801e9.dir/link.txt --verbose=1
/usr/bin/gcc  -w -DCHECK_FUNCTION_EXISTS=cygwin_conv_path  -fno-builtin CMakeFiles/cmTC_801e9.dir/CheckFunctionExists.c.o -o cmTC_801e9 
CMakeFiles/cmTC_801e9.dir/CheckFunctionExists.c.o: In function `main':
CheckFunctionExists.c:(.text+0x10): undefined reference to `cygwin_conv_path'
collect2: error: ld returned 1 exit status
CMakeFiles/cmTC_801e9.dir/build.make:105: recipe for target 'cmTC_801e9' failed
make[1]: *** [cmTC_801e9] Error 1
make[1]: Leaving directory '/home/wp2018/user/andythebreaker/car_pi/grpc_test/cmake-3.18.0/CMakeFiles/CMakeTmp'
Makefile:140: recipe for target 'cmTC_801e9/fast' failed
make: *** [cmTC_801e9/fast] Error 2



Performing C SOURCE FILE Test HAVE_STRUCT_VFSCONF failed with the following output:
Change Dir: /home/wp2018/user/andythebreaker/car_pi/grpc_test/cmake-3.18.0/CMakeFiles/CMakeTmp

Run Build Command(s):/usr/bin/make cmTC_629e5/fast && make  -f CMakeFiles/cmTC_629e5.dir/build.make CMakeFiles/cmTC_629e5.dir/build
make[1]: Entering directory '/home/wp2018/user/andythebreaker/car_pi/grpc_test/cmake-3.18.0/CMakeFiles/CMakeTmp'
Building C object CMakeFiles/cmTC_629e5.dir/src.c.o
/usr/bin/gcc   -w -DHAVE_STRUCT_VFSCONF -std=gnu11 -o CMakeFiles/cmTC_629e5.dir/src.c.o -c /home/wp2018/user/andythebreaker/car_pi/grpc_test/cmake-3.18.0/CMakeFiles/CMakeTmp/src.c
/home/wp2018/user/andythebreaker/car_pi/grpc_test/cmake-3.18.0/CMakeFiles/CMakeTmp/src.c: In function ‘main’:
/home/wp2018/user/andythebreaker/car_pi/grpc_test/cmake-3.18.0/CMakeFiles/CMakeTmp/src.c:3:33: error: storage size of ‘v’ isn’t known
 int main(void) { struct vfsconf v; return sizeof(v);}
                                 ^
CMakeFiles/cmTC_629e5.dir/build.make:84: recipe for target 'CMakeFiles/cmTC_629e5.dir/src.c.o' failed
make[1]: *** [CMakeFiles/cmTC_629e5.dir/src.c.o] Error 1
make[1]: Leaving directory '/home/wp2018/user/andythebreaker/car_pi/grpc_test/cmake-3.18.0/CMakeFiles/CMakeTmp'
Makefile:140: recipe for target 'cmTC_629e5/fast' failed
make: *** [cmTC_629e5/fast] Error 2


Source file was:
#include <sys/types.h>
#include <sys/mount.h>
int main(void) { struct vfsconf v; return sizeof(v);}
Performing C SOURCE FILE Test HAVE_STRUCT_XVFSCONF failed with the following output:
Change Dir: /home/wp2018/user/andythebreaker/car_pi/grpc_test/cmake-3.18.0/CMakeFiles/CMakeTmp

Run Build Command(s):/usr/bin/make cmTC_92f60/fast && make  -f CMakeFiles/cmTC_92f60.dir/build.make CMakeFiles/cmTC_92f60.dir/build
make[1]: Entering directory '/home/wp2018/user/andythebreaker/car_pi/grpc_test/cmake-3.18.0/CMakeFiles/CMakeTmp'
Building C object CMakeFiles/cmTC_92f60.dir/src.c.o
/usr/bin/gcc   -w -DHAVE_STRUCT_XVFSCONF -std=gnu11 -o CMakeFiles/cmTC_92f60.dir/src.c.o -c /home/wp2018/user/andythebreaker/car_pi/grpc_test/cmake-3.18.0/CMakeFiles/CMakeTmp/src.c
/home/wp2018/user/andythebreaker/car_pi/grpc_test/cmake-3.18.0/CMakeFiles/CMakeTmp/src.c: In function ‘main’:
/home/wp2018/user/andythebreaker/car_pi/grpc_test/cmake-3.18.0/CMakeFiles/CMakeTmp/src.c:3:34: error: storage size of ‘v’ isn’t known
 int main(void) { struct xvfsconf v; return sizeof(v);}
                                  ^
CMakeFiles/cmTC_92f60.dir/build.make:84: recipe for target 'CMakeFiles/cmTC_92f60.dir/src.c.o' failed
make[1]: *** [CMakeFiles/cmTC_92f60.dir/src.c.o] Error 1
make[1]: Leaving directory '/home/wp2018/user/andythebreaker/car_pi/grpc_test/cmake-3.18.0/CMakeFiles/CMakeTmp'
Makefile:140: recipe for target 'cmTC_92f60/fast' failed
make: *** [cmTC_92f60/fast] Error 2


Source file was:
#include <sys/types.h>
#include <sys/mount.h>
int main(void) { struct xvfsconf v; return sizeof(v);}
Performing C SOURCE FILE Test MAJOR_IN_MKDEV failed with the following output:
Change Dir: /home/wp2018/user/andythebreaker/car_pi/grpc_test/cmake-3.18.0/CMakeFiles/CMakeTmp

Run Build Command(s):/usr/bin/make cmTC_0a3ce/fast && make  -f CMakeFiles/cmTC_0a3ce.dir/build.make CMakeFiles/cmTC_0a3ce.dir/build
make[1]: Entering directory '/home/wp2018/user/andythebreaker/car_pi/grpc_test/cmake-3.18.0/CMakeFiles/CMakeTmp'
Building C object CMakeFiles/cmTC_0a3ce.dir/src.c.o
/usr/bin/gcc   -w -DMAJOR_IN_MKDEV -std=gnu11 -o CMakeFiles/cmTC_0a3ce.dir/src.c.o -c /home/wp2018/user/andythebreaker/car_pi/grpc_test/cmake-3.18.0/CMakeFiles/CMakeTmp/src.c
/home/wp2018/user/andythebreaker/car_pi/grpc_test/cmake-3.18.0/CMakeFiles/CMakeTmp/src.c:1:10: fatal error: sys/mkdev.h: No such file or directory
 #include <sys/mkdev.h>
          ^~~~~~~~~~~~~
compilation terminated.
CMakeFiles/cmTC_0a3ce.dir/build.make:84: recipe for target 'CMakeFiles/cmTC_0a3ce.dir/src.c.o' failed
make[1]: *** [CMakeFiles/cmTC_0a3ce.dir/src.c.o] Error 1
make[1]: Leaving directory '/home/wp2018/user/andythebreaker/car_pi/grpc_test/cmake-3.18.0/CMakeFiles/CMakeTmp'
Makefile:140: recipe for target 'cmTC_0a3ce/fast' failed
make: *** [cmTC_0a3ce/fast] Error 2


Source file was:
#include <sys/mkdev.h>
int main() { return major(256); }
Performing C SOURCE FILE Test HAVE_LZMA_STREAM_ENCODER_MT failed with the following output:
Change Dir: /home/wp2018/user/andythebreaker/car_pi/grpc_test/cmake-3.18.0/CMakeFiles/CMakeTmp

Run Build Command(s):/usr/bin/make cmTC_2a079/fast && make  -f CMakeFiles/cmTC_2a079.dir/build.make CMakeFiles/cmTC_2a079.dir/build
make[1]: Entering directory '/home/wp2018/user/andythebreaker/car_pi/grpc_test/cmake-3.18.0/CMakeFiles/CMakeTmp'
Building C object CMakeFiles/cmTC_2a079.dir/src.c.o
/usr/bin/gcc   -w -DHAVE_LZMA_STREAM_ENCODER_MT -std=gnu11 -o CMakeFiles/cmTC_2a079.dir/src.c.o -c /home/wp2018/user/andythebreaker/car_pi/grpc_test/cmake-3.18.0/CMakeFiles/CMakeTmp/src.c
/home/wp2018/user/andythebreaker/car_pi/grpc_test/cmake-3.18.0/CMakeFiles/CMakeTmp/src.c:1:10: fatal error: lzma.h: No such file or directory
 #include <lzma.h>
          ^~~~~~~~
compilation terminated.
CMakeFiles/cmTC_2a079.dir/build.make:84: recipe for target 'CMakeFiles/cmTC_2a079.dir/src.c.o' failed
make[1]: *** [CMakeFiles/cmTC_2a079.dir/src.c.o] Error 1
make[1]: Leaving directory '/home/wp2018/user/andythebreaker/car_pi/grpc_test/cmake-3.18.0/CMakeFiles/CMakeTmp'
Makefile:140: recipe for target 'cmTC_2a079/fast' failed
make: *** [cmTC_2a079/fast] Error 2


Source file was:
#include <lzma.h>
#if LZMA_VERSION < 50020000
#error unsupported
#endif
int main(void){lzma_stream_encoder_mt(0, 0); return 0;}
Determining if the EFTYPE exist failed with the following output:
Change Dir: /home/wp2018/user/andythebreaker/car_pi/grpc_test/cmake-3.18.0/CMakeFiles/CMakeTmp

Run Build Command(s):/usr/bin/make cmTC_7a3e9/fast && make  -f CMakeFiles/cmTC_7a3e9.dir/build.make CMakeFiles/cmTC_7a3e9.dir/build
make[1]: Entering directory '/home/wp2018/user/andythebreaker/car_pi/grpc_test/cmake-3.18.0/CMakeFiles/CMakeTmp'
Building C object CMakeFiles/cmTC_7a3e9.dir/CheckSymbolExists.c.o
/usr/bin/gcc   -w  -std=gnu11 -o CMakeFiles/cmTC_7a3e9.dir/CheckSymbolExists.c.o -c /home/wp2018/user/andythebreaker/car_pi/grpc_test/cmake-3.18.0/CMakeFiles/CMakeTmp/CheckSymbolExists.c
/home/wp2018/user/andythebreaker/car_pi/grpc_test/cmake-3.18.0/CMakeFiles/CMakeTmp/CheckSymbolExists.c: In function ‘main’:
/home/wp2018/user/andythebreaker/car_pi/grpc_test/cmake-3.18.0/CMakeFiles/CMakeTmp/CheckSymbolExists.c:8:19: error: ‘EFTYPE’ undeclared (first use in this function); did you mean ‘ESPIPE’?
   return ((int*)(&EFTYPE))[argc];
                   ^~~~~~
                   ESPIPE
/home/wp2018/user/andythebreaker/car_pi/grpc_test/cmake-3.18.0/CMakeFiles/CMakeTmp/CheckSymbolExists.c:8:19: note: each undeclared identifier is reported only once for each function it appears in
CMakeFiles/cmTC_7a3e9.dir/build.make:84: recipe for target 'CMakeFiles/cmTC_7a3e9.dir/CheckSymbolExists.c.o' failed
make[1]: *** [CMakeFiles/cmTC_7a3e9.dir/CheckSymbolExists.c.o] Error 1
make[1]: Leaving directory '/home/wp2018/user/andythebreaker/car_pi/grpc_test/cmake-3.18.0/CMakeFiles/CMakeTmp'
Makefile:140: recipe for target 'cmTC_7a3e9/fast' failed
make: *** [cmTC_7a3e9/fast] Error 2


File /home/wp2018/user/andythebreaker/car_pi/grpc_test/cmake-3.18.0/CMakeFiles/CMakeTmp/CheckSymbolExists.c:
/* */
#include <errno.h>

int main(int argc, char** argv)
{
  (void)argv;
#ifndef EFTYPE
  return ((int*)(&EFTYPE))[argc];
#else
  (void)argc;
  return 0;
#endif
}
Determining if the D_MD_ORDER exist failed with the following output:
Change Dir: /home/wp2018/user/andythebreaker/car_pi/grpc_test/cmake-3.18.0/CMakeFiles/CMakeTmp

Run Build Command(s):/usr/bin/make cmTC_3e5fa/fast && make  -f CMakeFiles/cmTC_3e5fa.dir/build.make CMakeFiles/cmTC_3e5fa.dir/build
make[1]: Entering directory '/home/wp2018/user/andythebreaker/car_pi/grpc_test/cmake-3.18.0/CMakeFiles/CMakeTmp'
Building C object CMakeFiles/cmTC_3e5fa.dir/CheckSymbolExists.c.o
/usr/bin/gcc   -w  -std=gnu11 -o CMakeFiles/cmTC_3e5fa.dir/CheckSymbolExists.c.o -c /home/wp2018/user/andythebreaker/car_pi/grpc_test/cmake-3.18.0/CMakeFiles/CMakeTmp/CheckSymbolExists.c
/home/wp2018/user/andythebreaker/car_pi/grpc_test/cmake-3.18.0/CMakeFiles/CMakeTmp/CheckSymbolExists.c: In function ‘main’:
/home/wp2018/user/andythebreaker/car_pi/grpc_test/cmake-3.18.0/CMakeFiles/CMakeTmp/CheckSymbolExists.c:8:19: error: ‘D_MD_ORDER’ undeclared (first use in this function)
   return ((int*)(&D_MD_ORDER))[argc];
                   ^~~~~~~~~~
/home/wp2018/user/andythebreaker/car_pi/grpc_test/cmake-3.18.0/CMakeFiles/CMakeTmp/CheckSymbolExists.c:8:19: note: each undeclared identifier is reported only once for each function it appears in
CMakeFiles/cmTC_3e5fa.dir/build.make:84: recipe for target 'CMakeFiles/cmTC_3e5fa.dir/CheckSymbolExists.c.o' failed
make[1]: *** [CMakeFiles/cmTC_3e5fa.dir/CheckSymbolExists.c.o] Error 1
make[1]: Leaving directory '/home/wp2018/user/andythebreaker/car_pi/grpc_test/cmake-3.18.0/CMakeFiles/CMakeTmp'
Makefile:140: recipe for target 'cmTC_3e5fa/fast' failed
make: *** [cmTC_3e5fa/fast] Error 2


File /home/wp2018/user/andythebreaker/car_pi/grpc_test/cmake-3.18.0/CMakeFiles/CMakeTmp/CheckSymbolExists.c:
/* */
#include <langinfo.h>

int main(int argc, char** argv)
{
  (void)argv;
#ifndef D_MD_ORDER
  return ((int*)(&D_MD_ORDER))[argc];
#else
  (void)argc;
  return 0;
#endif
}
Performing C SOURCE FILE Test HAVE_STRUCT_TM___TM_GMTOFF failed with the following output:
Change Dir: /home/wp2018/user/andythebreaker/car_pi/grpc_test/cmake-3.18.0/CMakeFiles/CMakeTmp

Run Build Command(s):/usr/bin/make cmTC_a3e0f/fast && make  -f CMakeFiles/cmTC_a3e0f.dir/build.make CMakeFiles/cmTC_a3e0f.dir/build
make[1]: Entering directory '/home/wp2018/user/andythebreaker/car_pi/grpc_test/cmake-3.18.0/CMakeFiles/CMakeTmp'
Building C object CMakeFiles/cmTC_a3e0f.dir/src.c.o
/usr/bin/gcc   -w -DHAVE_STRUCT_TM___TM_GMTOFF -std=gnu11 -o CMakeFiles/cmTC_a3e0f.dir/src.c.o -c /home/wp2018/user/andythebreaker/car_pi/grpc_test/cmake-3.18.0/CMakeFiles/CMakeTmp/src.c
/home/wp2018/user/andythebreaker/car_pi/grpc_test/cmake-3.18.0/CMakeFiles/CMakeTmp/src.c: In function ‘main’:
/home/wp2018/user/andythebreaker/car_pi/grpc_test/cmake-3.18.0/CMakeFiles/CMakeTmp/src.c:6:34: error: ‘struct tm’ has no member named ‘__tm_gmtoff’; did you mean ‘tm_gmtoff’?
   (void)sizeof(((struct tm *)0)->__tm_gmtoff);
                                  ^~~~~~~~~~~
                                  tm_gmtoff
CMakeFiles/cmTC_a3e0f.dir/build.make:84: recipe for target 'CMakeFiles/cmTC_a3e0f.dir/src.c.o' failed
make[1]: *** [CMakeFiles/cmTC_a3e0f.dir/src.c.o] Error 1
make[1]: Leaving directory '/home/wp2018/user/andythebreaker/car_pi/grpc_test/cmake-3.18.0/CMakeFiles/CMakeTmp'
Makefile:140: recipe for target 'cmTC_a3e0f/fast' failed
make: *** [cmTC_a3e0f/fast] Error 2


Source file was:

#include <time.h>

int main()
{
  (void)sizeof(((struct tm *)0)->__tm_gmtoff);
  return 0;
}

Performing C SOURCE FILE Test HAVE_STRUCT_STATFS_F_NAMEMAX failed with the following output:
Change Dir: /home/wp2018/user/andythebreaker/car_pi/grpc_test/cmake-3.18.0/CMakeFiles/CMakeTmp

Run Build Command(s):/usr/bin/make cmTC_ec792/fast && make  -f CMakeFiles/cmTC_ec792.dir/build.make CMakeFiles/cmTC_ec792.dir/build
make[1]: Entering directory '/home/wp2018/user/andythebreaker/car_pi/grpc_test/cmake-3.18.0/CMakeFiles/CMakeTmp'
Building C object CMakeFiles/cmTC_ec792.dir/src.c.o
/usr/bin/gcc   -w -DHAVE_STRUCT_STATFS_F_NAMEMAX -std=gnu11 -o CMakeFiles/cmTC_ec792.dir/src.c.o -c /home/wp2018/user/andythebreaker/car_pi/grpc_test/cmake-3.18.0/CMakeFiles/CMakeTmp/src.c
/home/wp2018/user/andythebreaker/car_pi/grpc_test/cmake-3.18.0/CMakeFiles/CMakeTmp/src.c: In function ‘main’:
/home/wp2018/user/andythebreaker/car_pi/grpc_test/cmake-3.18.0/CMakeFiles/CMakeTmp/src.c:7:36: error: dereferencing pointer to incomplete type ‘struct statfs’
   (void)sizeof(((struct statfs *)0)->f_namemax);
                                    ^~
CMakeFiles/cmTC_ec792.dir/build.make:84: recipe for target 'CMakeFiles/cmTC_ec792.dir/src.c.o' failed
make[1]: *** [CMakeFiles/cmTC_ec792.dir/src.c.o] Error 1
make[1]: Leaving directory '/home/wp2018/user/andythebreaker/car_pi/grpc_test/cmake-3.18.0/CMakeFiles/CMakeTmp'
Makefile:140: recipe for target 'cmTC_ec792/fast' failed
make: *** [cmTC_ec792/fast] Error 2


Source file was:

#include <sys/param.h>
#include <sys/mount.h>

int main()
{
  (void)sizeof(((struct statfs *)0)->f_namemax);
  return 0;
}

Performing C SOURCE FILE Test HAVE_STRUCT_STAT_ST_BIRTHTIME failed with the following output:
Change Dir: /home/wp2018/user/andythebreaker/car_pi/grpc_test/cmake-3.18.0/CMakeFiles/CMakeTmp

Run Build Command(s):/usr/bin/make cmTC_62498/fast && make  -f CMakeFiles/cmTC_62498.dir/build.make CMakeFiles/cmTC_62498.dir/build
make[1]: Entering directory '/home/wp2018/user/andythebreaker/car_pi/grpc_test/cmake-3.18.0/CMakeFiles/CMakeTmp'
Building C object CMakeFiles/cmTC_62498.dir/src.c.o
/usr/bin/gcc   -w -DHAVE_STRUCT_STAT_ST_BIRTHTIME -std=gnu11 -o CMakeFiles/cmTC_62498.dir/src.c.o -c /home/wp2018/user/andythebreaker/car_pi/grpc_test/cmake-3.18.0/CMakeFiles/CMakeTmp/src.c
/home/wp2018/user/andythebreaker/car_pi/grpc_test/cmake-3.18.0/CMakeFiles/CMakeTmp/src.c: In function ‘main’:
/home/wp2018/user/andythebreaker/car_pi/grpc_test/cmake-3.18.0/CMakeFiles/CMakeTmp/src.c:7:36: error: ‘struct stat’ has no member named ‘st_birthtime’; did you mean ‘st_blksize’?
   (void)sizeof(((struct stat *)0)->st_birthtime);
                                    ^~~~~~~~~~~~
                                    st_blksize
CMakeFiles/cmTC_62498.dir/build.make:84: recipe for target 'CMakeFiles/cmTC_62498.dir/src.c.o' failed
make[1]: *** [CMakeFiles/cmTC_62498.dir/src.c.o] Error 1
make[1]: Leaving directory '/home/wp2018/user/andythebreaker/car_pi/grpc_test/cmake-3.18.0/CMakeFiles/CMakeTmp'
Makefile:140: recipe for target 'cmTC_62498/fast' failed
make: *** [cmTC_62498/fast] Error 2


Source file was:

#include <sys/types.h>
#include <sys/stat.h>

int main()
{
  (void)sizeof(((struct stat *)0)->st_birthtime);
  return 0;
}

Performing C SOURCE FILE Test HAVE_STRUCT_STAT_ST_BIRTHTIMESPEC_TV_NSEC failed with the following output:
Change Dir: /home/wp2018/user/andythebreaker/car_pi/grpc_test/cmake-3.18.0/CMakeFiles/CMakeTmp

Run Build Command(s):/usr/bin/make cmTC_e1424/fast && make  -f CMakeFiles/cmTC_e1424.dir/build.make CMakeFiles/cmTC_e1424.dir/build
make[1]: Entering directory '/home/wp2018/user/andythebreaker/car_pi/grpc_test/cmake-3.18.0/CMakeFiles/CMakeTmp'
Building C object CMakeFiles/cmTC_e1424.dir/src.c.o
/usr/bin/gcc   -w -DHAVE_STRUCT_STAT_ST_BIRTHTIMESPEC_TV_NSEC -std=gnu11 -o CMakeFiles/cmTC_e1424.dir/src.c.o -c /home/wp2018/user/andythebreaker/car_pi/grpc_test/cmake-3.18.0/CMakeFiles/CMakeTmp/src.c
/home/wp2018/user/andythebreaker/car_pi/grpc_test/cmake-3.18.0/CMakeFiles/CMakeTmp/src.c: In function ‘main’:
/home/wp2018/user/andythebreaker/car_pi/grpc_test/cmake-3.18.0/CMakeFiles/CMakeTmp/src.c:7:34: error: ‘struct stat’ has no member named ‘st_birthtimespec’
   (void)sizeof(((struct stat *)0)->st_birthtimespec.tv_nsec);
                                  ^~
CMakeFiles/cmTC_e1424.dir/build.make:84: recipe for target 'CMakeFiles/cmTC_e1424.dir/src.c.o' failed
make[1]: *** [CMakeFiles/cmTC_e1424.dir/src.c.o] Error 1
make[1]: Leaving directory '/home/wp2018/user/andythebreaker/car_pi/grpc_test/cmake-3.18.0/CMakeFiles/CMakeTmp'
Makefile:140: recipe for target 'cmTC_e1424/fast' failed
make: *** [cmTC_e1424/fast] Error 2


Source file was:

#include <sys/types.h>
#include <sys/stat.h>

int main()
{
  (void)sizeof(((struct stat *)0)->st_birthtimespec.tv_nsec);
  return 0;
}

Performing C SOURCE FILE Test HAVE_STRUCT_STAT_ST_MTIMESPEC_TV_NSEC failed with the following output:
Change Dir: /home/wp2018/user/andythebreaker/car_pi/grpc_test/cmake-3.18.0/CMakeFiles/CMakeTmp

Run Build Command(s):/usr/bin/make cmTC_d46a4/fast && make  -f CMakeFiles/cmTC_d46a4.dir/build.make CMakeFiles/cmTC_d46a4.dir/build
make[1]: Entering directory '/home/wp2018/user/andythebreaker/car_pi/grpc_test/cmake-3.18.0/CMakeFiles/CMakeTmp'
Building C object CMakeFiles/cmTC_d46a4.dir/src.c.o
/usr/bin/gcc   -w -DHAVE_STRUCT_STAT_ST_MTIMESPEC_TV_NSEC -std=gnu11 -o CMakeFiles/cmTC_d46a4.dir/src.c.o -c /home/wp2018/user/andythebreaker/car_pi/grpc_test/cmake-3.18.0/CMakeFiles/CMakeTmp/src.c
/home/wp2018/user/andythebreaker/car_pi/grpc_test/cmake-3.18.0/CMakeFiles/CMakeTmp/src.c: In function ‘main’:
/home/wp2018/user/andythebreaker/car_pi/grpc_test/cmake-3.18.0/CMakeFiles/CMakeTmp/src.c:7:36: error: ‘struct stat’ has no member named ‘st_mtimespec’; did you mean ‘st_mtim’?
   (void)sizeof(((struct stat *)0)->st_mtimespec.tv_nsec);
                                    ^~~~~~~~~~~~
                                    st_mtim
CMakeFiles/cmTC_d46a4.dir/build.make:84: recipe for target 'CMakeFiles/cmTC_d46a4.dir/src.c.o' failed
make[1]: *** [CMakeFiles/cmTC_d46a4.dir/src.c.o] Error 1
make[1]: Leaving directory '/home/wp2018/user/andythebreaker/car_pi/grpc_test/cmake-3.18.0/CMakeFiles/CMakeTmp'
Makefile:140: recipe for target 'cmTC_d46a4/fast' failed
make: *** [cmTC_d46a4/fast] Error 2


Source file was:

#include <sys/types.h>
#include <sys/stat.h>

int main()
{
  (void)sizeof(((struct stat *)0)->st_mtimespec.tv_nsec);
  return 0;
}

Performing C SOURCE FILE Test HAVE_STRUCT_STAT_ST_MTIME_N failed with the following output:
Change Dir: /home/wp2018/user/andythebreaker/car_pi/grpc_test/cmake-3.18.0/CMakeFiles/CMakeTmp

Run Build Command(s):/usr/bin/make cmTC_02abe/fast && make  -f CMakeFiles/cmTC_02abe.dir/build.make CMakeFiles/cmTC_02abe.dir/build
make[1]: Entering directory '/home/wp2018/user/andythebreaker/car_pi/grpc_test/cmake-3.18.0/CMakeFiles/CMakeTmp'
Building C object CMakeFiles/cmTC_02abe.dir/src.c.o
/usr/bin/gcc   -w -DHAVE_STRUCT_STAT_ST_MTIME_N -std=gnu11 -o CMakeFiles/cmTC_02abe.dir/src.c.o -c /home/wp2018/user/andythebreaker/car_pi/grpc_test/cmake-3.18.0/CMakeFiles/CMakeTmp/src.c
/home/wp2018/user/andythebreaker/car_pi/grpc_test/cmake-3.18.0/CMakeFiles/CMakeTmp/src.c: In function ‘main’:
/home/wp2018/user/andythebreaker/car_pi/grpc_test/cmake-3.18.0/CMakeFiles/CMakeTmp/src.c:7:36: error: ‘struct stat’ has no member named ‘st_mtime_n’; did you mean ‘st_mtim’?
   (void)sizeof(((struct stat *)0)->st_mtime_n);
                                    ^~~~~~~~~~
                                    st_mtim
CMakeFiles/cmTC_02abe.dir/build.make:84: recipe for target 'CMakeFiles/cmTC_02abe.dir/src.c.o' failed
make[1]: *** [CMakeFiles/cmTC_02abe.dir/src.c.o] Error 1
make[1]: Leaving directory '/home/wp2018/user/andythebreaker/car_pi/grpc_test/cmake-3.18.0/CMakeFiles/CMakeTmp'
Makefile:140: recipe for target 'cmTC_02abe/fast' failed
make: *** [cmTC_02abe/fast] Error 2


Source file was:

#include <sys/types.h>
#include <sys/stat.h>

int main()
{
  (void)sizeof(((struct stat *)0)->st_mtime_n);
  return 0;
}

Performing C SOURCE FILE Test HAVE_STRUCT_STAT_ST_UMTIME failed with the following output:
Change Dir: /home/wp2018/user/andythebreaker/car_pi/grpc_test/cmake-3.18.0/CMakeFiles/CMakeTmp

Run Build Command(s):/usr/bin/make cmTC_31829/fast && make  -f CMakeFiles/cmTC_31829.dir/build.make CMakeFiles/cmTC_31829.dir/build
make[1]: Entering directory '/home/wp2018/user/andythebreaker/car_pi/grpc_test/cmake-3.18.0/CMakeFiles/CMakeTmp'
Building C object CMakeFiles/cmTC_31829.dir/src.c.o
/usr/bin/gcc   -w -DHAVE_STRUCT_STAT_ST_UMTIME -std=gnu11 -o CMakeFiles/cmTC_31829.dir/src.c.o -c /home/wp2018/user/andythebreaker/car_pi/grpc_test/cmake-3.18.0/CMakeFiles/CMakeTmp/src.c
/home/wp2018/user/andythebreaker/car_pi/grpc_test/cmake-3.18.0/CMakeFiles/CMakeTmp/src.c: In function ‘main’:
/home/wp2018/user/andythebreaker/car_pi/grpc_test/cmake-3.18.0/CMakeFiles/CMakeTmp/src.c:7:36: error: ‘struct stat’ has no member named ‘st_umtime’; did you mean ‘st_mtim’?
   (void)sizeof(((struct stat *)0)->st_umtime);
                                    ^~~~~~~~~
                                    st_mtim
CMakeFiles/cmTC_31829.dir/build.make:84: recipe for target 'CMakeFiles/cmTC_31829.dir/src.c.o' failed
make[1]: *** [CMakeFiles/cmTC_31829.dir/src.c.o] Error 1
make[1]: Leaving directory '/home/wp2018/user/andythebreaker/car_pi/grpc_test/cmake-3.18.0/CMakeFiles/CMakeTmp'
Makefile:140: recipe for target 'cmTC_31829/fast' failed
make: *** [cmTC_31829/fast] Error 2


Source file was:

#include <sys/types.h>
#include <sys/stat.h>

int main()
{
  (void)sizeof(((struct stat *)0)->st_umtime);
  return 0;
}

Performing C SOURCE FILE Test HAVE_STRUCT_STAT_ST_MTIME_USEC failed with the following output:
Change Dir: /home/wp2018/user/andythebreaker/car_pi/grpc_test/cmake-3.18.0/CMakeFiles/CMakeTmp

Run Build Command(s):/usr/bin/make cmTC_93eec/fast && make  -f CMakeFiles/cmTC_93eec.dir/build.make CMakeFiles/cmTC_93eec.dir/build
make[1]: Entering directory '/home/wp2018/user/andythebreaker/car_pi/grpc_test/cmake-3.18.0/CMakeFiles/CMakeTmp'
Building C object CMakeFiles/cmTC_93eec.dir/src.c.o
/usr/bin/gcc   -w -DHAVE_STRUCT_STAT_ST_MTIME_USEC -std=gnu11 -o CMakeFiles/cmTC_93eec.dir/src.c.o -c /home/wp2018/user/andythebreaker/car_pi/grpc_test/cmake-3.18.0/CMakeFiles/CMakeTmp/src.c
/home/wp2018/user/andythebreaker/car_pi/grpc_test/cmake-3.18.0/CMakeFiles/CMakeTmp/src.c: In function ‘main’:
/home/wp2018/user/andythebreaker/car_pi/grpc_test/cmake-3.18.0/CMakeFiles/CMakeTmp/src.c:7:36: error: ‘struct stat’ has no member named ‘st_mtime_usec’; did you mean ‘st_mtim’?
   (void)sizeof(((struct stat *)0)->st_mtime_usec);
                                    ^~~~~~~~~~~~~
                                    st_mtim
CMakeFiles/cmTC_93eec.dir/build.make:84: recipe for target 'CMakeFiles/cmTC_93eec.dir/src.c.o' failed
make[1]: *** [CMakeFiles/cmTC_93eec.dir/src.c.o] Error 1
make[1]: Leaving directory '/home/wp2018/user/andythebreaker/car_pi/grpc_test/cmake-3.18.0/CMakeFiles/CMakeTmp'
Makefile:140: recipe for target 'cmTC_93eec/fast' failed
make: *** [cmTC_93eec/fast] Error 2


Source file was:

#include <sys/types.h>
#include <sys/stat.h>

int main()
{
  (void)sizeof(((struct stat *)0)->st_mtime_usec);
  return 0;
}

Performing C SOURCE FILE Test HAVE_STRUCT_STAT_ST_FLAGS failed with the following output:
Change Dir: /home/wp2018/user/andythebreaker/car_pi/grpc_test/cmake-3.18.0/CMakeFiles/CMakeTmp

Run Build Command(s):/usr/bin/make cmTC_a1bdb/fast && make  -f CMakeFiles/cmTC_a1bdb.dir/build.make CMakeFiles/cmTC_a1bdb.dir/build
make[1]: Entering directory '/home/wp2018/user/andythebreaker/car_pi/grpc_test/cmake-3.18.0/CMakeFiles/CMakeTmp'
Building C object CMakeFiles/cmTC_a1bdb.dir/src.c.o
/usr/bin/gcc   -w -DHAVE_STRUCT_STAT_ST_FLAGS -std=gnu11 -o CMakeFiles/cmTC_a1bdb.dir/src.c.o -c /home/wp2018/user/andythebreaker/car_pi/grpc_test/cmake-3.18.0/CMakeFiles/CMakeTmp/src.c
/home/wp2018/user/andythebreaker/car_pi/grpc_test/cmake-3.18.0/CMakeFiles/CMakeTmp/src.c: In function ‘main’:
/home/wp2018/user/andythebreaker/car_pi/grpc_test/cmake-3.18.0/CMakeFiles/CMakeTmp/src.c:7:36: error: ‘struct stat’ has no member named ‘st_flags’; did you mean ‘st_nlink’?
   (void)sizeof(((struct stat *)0)->st_flags);
                                    ^~~~~~~~
                                    st_nlink
CMakeFiles/cmTC_a1bdb.dir/build.make:84: recipe for target 'CMakeFiles/cmTC_a1bdb.dir/src.c.o' failed
make[1]: *** [CMakeFiles/cmTC_a1bdb.dir/src.c.o] Error 1
make[1]: Leaving directory '/home/wp2018/user/andythebreaker/car_pi/grpc_test/cmake-3.18.0/CMakeFiles/CMakeTmp'
Makefile:140: recipe for target 'cmTC_a1bdb/fast' failed
make: *** [cmTC_a1bdb/fast] Error 2


Source file was:

#include <sys/types.h>
#include <sys/stat.h>

int main()
{
  (void)sizeof(((struct stat *)0)->st_flags);
  return 0;
}

Performing C SOURCE FILE Test HAVE_STRUCT_STATVFS_F_IOSIZE failed with the following output:
Change Dir: /home/wp2018/user/andythebreaker/car_pi/grpc_test/cmake-3.18.0/CMakeFiles/CMakeTmp

Run Build Command(s):/usr/bin/make cmTC_f00b9/fast && make  -f CMakeFiles/cmTC_f00b9.dir/build.make CMakeFiles/cmTC_f00b9.dir/build
make[1]: Entering directory '/home/wp2018/user/andythebreaker/car_pi/grpc_test/cmake-3.18.0/CMakeFiles/CMakeTmp'
Building C object CMakeFiles/cmTC_f00b9.dir/src.c.o
/usr/bin/gcc   -w -DHAVE_STRUCT_STATVFS_F_IOSIZE -std=gnu11 -o CMakeFiles/cmTC_f00b9.dir/src.c.o -c /home/wp2018/user/andythebreaker/car_pi/grpc_test/cmake-3.18.0/CMakeFiles/CMakeTmp/src.c
/home/wp2018/user/andythebreaker/car_pi/grpc_test/cmake-3.18.0/CMakeFiles/CMakeTmp/src.c: In function ‘main’:
/home/wp2018/user/andythebreaker/car_pi/grpc_test/cmake-3.18.0/CMakeFiles/CMakeTmp/src.c:7:39: error: ‘struct statvfs’ has no member named ‘f_iosize’; did you mean ‘f_bsize’?
   (void)sizeof(((struct statvfs *)0)->f_iosize);
                                       ^~~~~~~~
                                       f_bsize
CMakeFiles/cmTC_f00b9.dir/build.make:84: recipe for target 'CMakeFiles/cmTC_f00b9.dir/src.c.o' failed
make[1]: *** [CMakeFiles/cmTC_f00b9.dir/src.c.o] Error 1
make[1]: Leaving directory '/home/wp2018/user/andythebreaker/car_pi/grpc_test/cmake-3.18.0/CMakeFiles/CMakeTmp'
Makefile:140: recipe for target 'cmTC_f00b9/fast' failed
make: *** [cmTC_f00b9/fast] Error 2


Source file was:

#include <sys/types.h>
#include <sys/statvfs.h>

int main()
{
  (void)sizeof(((struct statvfs *)0)->f_iosize);
  return 0;
}

Checking for curses support failed with the following output:
Change Dir: /home/wp2018/user/andythebreaker/car_pi/grpc_test/cmake-3.18.0/Source/Checks/Curses-build

Run Build Command(s):/usr/bin/make CheckCurses && make: *** No rule to make target 'CheckCurses'.  Stop.



Looking for a Fortran compiler failed with the following output:
-- The Fortran compiler identification is unknown
CMake Error at CMakeLists.txt:2 (project):
  No CMAKE_Fortran_COMPILER could be found.

  Tell CMake where to find the compiler by setting either the environment
  variable "FC" or the CMake cache entry CMAKE_Fortran_COMPILER to the full
  path to the compiler, or to the compiler name if it is in the PATH.


-- Configuring incomplete, errors occurred!
See also "/home/wp2018/user/andythebreaker/car_pi/grpc_test/cmake-3.18.0/Tests/CMakeFiles/CheckFortran/CMakeFiles/CMakeOutput.log".
See also "/home/wp2018/user/andythebreaker/car_pi/grpc_test/cmake-3.18.0/Tests/CMakeFiles/CheckFortran/CMakeFiles/CMakeError.log".

